[rospy.client][INFO] 2022-05-11 23:28:47,058: init_node, name[/turtlebot3_core], pid[9541]
[xmlrpc][INFO] 2022-05-11 23:28:47,059: XML-RPC server binding to 0.0.0.0:0
[xmlrpc][INFO] 2022-05-11 23:28:47,061: Started XML-RPC server [http://192.168.0.6:35907/]
[rospy.init][INFO] 2022-05-11 23:28:47,061: ROS Slave URI: [http://192.168.0.6:35907/]
[rospy.impl.masterslave][INFO] 2022-05-11 23:28:47,062: _ready: http://192.168.0.6:35907/
[rospy.registration][INFO] 2022-05-11 23:28:47,065: Registering with master node http://192.168.0.4:11311
[xmlrpc][INFO] 2022-05-11 23:28:47,066: xml rpc node: starting XML-RPC server
[rospy.init][INFO] 2022-05-11 23:28:47,163: registered with master
[rospy.rosout][INFO] 2022-05-11 23:28:47,164: initializing /rosout core topic
[rospy.rosout][INFO] 2022-05-11 23:28:47,220: connected to core topic /rosout
[rospy.simtime][INFO] 2022-05-11 23:28:47,231: /use_sim_time is not set, will not subscribe to simulated time [/clock] topic
[rosout][INFO] 2022-05-11 23:28:47,255: ROS Serial Python Node
[rosout][INFO] 2022-05-11 23:28:47,298: Connecting to /dev/ttyACM0 at 115200 baud
[rospy.internal][INFO] 2022-05-11 23:28:47,511: topic[/rosout] adding connection to [/rosout], count 0
[rosout][INFO] 2022-05-11 23:28:49,472: Note: publish buffer size is 1024 bytes
[rosout][INFO] 2022-05-11 23:28:49,474: Setup publisher on sensor_state [turtlebot3_msgs/SensorState]
[rosout][INFO] 2022-05-11 23:28:49,495: Setup publisher on firmware_version [turtlebot3_msgs/VersionInfo]
[rosout][INFO] 2022-05-11 23:28:49,678: Setup publisher on imu [sensor_msgs/Imu]
[rosout][INFO] 2022-05-11 23:28:49,694: Setup publisher on cmd_vel_rc100 [geometry_msgs/Twist]
[rosout][INFO] 2022-05-11 23:28:49,755: Setup publisher on odom [nav_msgs/Odometry]
[rosout][INFO] 2022-05-11 23:28:49,772: Setup publisher on joint_states [sensor_msgs/JointState]
[rosout][INFO] 2022-05-11 23:28:49,788: Setup publisher on battery_state [sensor_msgs/BatteryState]
[rosout][INFO] 2022-05-11 23:28:49,802: Setup publisher on magnetic_field [sensor_msgs/MagneticField]
[rospy.internal][INFO] 2022-05-11 23:28:49,891: topic[/firmware_version] adding connection to [/turtlebot3_diagnostics], count 0
[rospy.internal][INFO] 2022-05-11 23:28:49,895: topic[/sensor_state] adding connection to [/turtlebot3_diagnostics], count 0
[rospy.internal][INFO] 2022-05-11 23:28:50,089: topic[/imu] adding connection to [/turtlebot3_diagnostics], count 0
[rosout][INFO] 2022-05-11 23:28:53,463: Setup publisher on /tf [tf/tfMessage]
[rosout][INFO] 2022-05-11 23:28:53,486: Note: subscribe buffer size is 1024 bytes
[rosout][INFO] 2022-05-11 23:28:53,488: Setup subscriber on cmd_vel [geometry_msgs/Twist]
[rosout][INFO] 2022-05-11 23:28:53,515: Setup subscriber on sound [turtlebot3_msgs/Sound]
[rosout][INFO] 2022-05-11 23:28:53,541: Setup subscriber on motor_power [std_msgs/Bool]
[rosout][INFO] 2022-05-11 23:28:53,564: Setup subscriber on reset [std_msgs/Empty]
[rosout][WARNING] 2022-05-11 23:28:53,579: Failed to get param: timeout expired
[rosout][INFO] 2022-05-11 23:28:53,583: Setup TF on Odometry [odom]
[rosout][INFO] 2022-05-11 23:28:53,587: Setup TF on IMU [imu_link]
[rosout][INFO] 2022-05-11 23:28:53,590: Setup TF on MagneticField [mag_link]
[rosout][INFO] 2022-05-11 23:28:53,594: Setup TF on JointState [base_link]
[rosout][INFO] 2022-05-11 23:28:53,602: --------------------------
[rosout][INFO] 2022-05-11 23:28:53,606: Connected to OpenCR board!
[rosout][INFO] 2022-05-11 23:28:53,609: This core(v1.2.2) is compatible with TB3 Burger
[rosout][INFO] 2022-05-11 23:28:53,613: --------------------------
[rosout][INFO] 2022-05-11 23:28:53,617: Start Calibration of Gyro
[rosout][INFO] 2022-05-11 23:28:56,061: Calibration End
[rosout][INFO] 2022-05-11 23:29:31,025: Send tx stop request
[rospy.core][INFO] 2022-05-11 23:29:31,027: signal_shutdown [atexit]
[rospy.internal][INFO] 2022-05-11 23:29:31,063: topic[/firmware_version] removing connection to /turtlebot3_diagnostics
[rospy.internal][INFO] 2022-05-11 23:29:31,064: topic[/rosout] removing connection to /rosout
[rospy.internal][INFO] 2022-05-11 23:29:31,065: topic[/imu] removing connection to /turtlebot3_diagnostics
[rospy.internal][INFO] 2022-05-11 23:29:31,066: topic[/sensor_state] removing connection to /turtlebot3_diagnostics
[rospy.impl.masterslave][INFO] 2022-05-11 23:29:31,068: atexit
[rospy.client][INFO] 2022-05-11 23:31:28,201: init_node, name[/turtlebot3_core], pid[900]
[xmlrpc][INFO] 2022-05-11 23:31:28,205: XML-RPC server binding to 0.0.0.0:0
[xmlrpc][INFO] 2022-05-11 23:31:28,207: Started XML-RPC server [http://192.168.0.6:35727/]
[rospy.init][INFO] 2022-05-11 23:31:28,208: ROS Slave URI: [http://192.168.0.6:35727/]
[rospy.impl.masterslave][INFO] 2022-05-11 23:31:28,208: _ready: http://192.168.0.6:35727/
[rospy.registration][INFO] 2022-05-11 23:31:28,212: Registering with master node http://192.168.0.4:11311
[xmlrpc][INFO] 2022-05-11 23:31:28,212: xml rpc node: starting XML-RPC server
[rospy.init][INFO] 2022-05-11 23:31:28,309: registered with master
[rospy.rosout][INFO] 2022-05-11 23:31:28,310: initializing /rosout core topic
[rospy.rosout][INFO] 2022-05-11 23:31:28,420: connected to core topic /rosout
[rospy.simtime][INFO] 2022-05-11 23:31:28,432: /use_sim_time is not set, will not subscribe to simulated time [/clock] topic
[rosout][INFO] 2022-05-11 23:31:28,464: ROS Serial Python Node
[rosout][INFO] 2022-05-11 23:31:28,532: Connecting to /dev/ttyACM0 at 115200 baud
[rospy.internal][INFO] 2022-05-11 23:31:28,717: topic[/rosout] adding connection to [/rosout], count 0
[rosout][INFO] 2022-05-11 23:31:30,775: Note: publish buffer size is 1024 bytes
[rosout][INFO] 2022-05-11 23:31:30,780: Setup publisher on sensor_state [turtlebot3_msgs/SensorState]
[rosout][INFO] 2022-05-11 23:31:30,805: Setup publisher on firmware_version [turtlebot3_msgs/VersionInfo]
[rosout][INFO] 2022-05-11 23:31:30,975: Setup publisher on imu [sensor_msgs/Imu]
[rosout][INFO] 2022-05-11 23:31:30,989: Setup publisher on cmd_vel_rc100 [geometry_msgs/Twist]
[rosout][INFO] 2022-05-11 23:31:31,053: Setup publisher on odom [nav_msgs/Odometry]
[rosout][INFO] 2022-05-11 23:31:31,073: Setup publisher on joint_states [sensor_msgs/JointState]
[rosout][INFO] 2022-05-11 23:31:31,089: Setup publisher on battery_state [sensor_msgs/BatteryState]
[rosout][INFO] 2022-05-11 23:31:31,105: Setup publisher on magnetic_field [sensor_msgs/MagneticField]
[rospy.internal][INFO] 2022-05-11 23:31:31,194: topic[/sensor_state] adding connection to [/turtlebot3_diagnostics], count 0
[rospy.internal][INFO] 2022-05-11 23:31:31,197: topic[/firmware_version] adding connection to [/turtlebot3_diagnostics], count 0
[rospy.internal][INFO] 2022-05-11 23:31:31,397: topic[/imu] adding connection to [/turtlebot3_diagnostics], count 0
[rosout][INFO] 2022-05-11 23:31:35,026: Setup publisher on /tf [tf/tfMessage]
[rosout][INFO] 2022-05-11 23:31:35,106: Note: subscribe buffer size is 1024 bytes
[rosout][INFO] 2022-05-11 23:31:35,109: Setup subscriber on cmd_vel [geometry_msgs/Twist]
[rosout][INFO] 2022-05-11 23:31:35,364: Setup subscriber on sound [turtlebot3_msgs/Sound]
[rosout][INFO] 2022-05-11 23:31:35,478: Setup subscriber on motor_power [std_msgs/Bool]
[rosout][INFO] 2022-05-11 23:31:35,583: Setup subscriber on reset [std_msgs/Empty]
[rosout][WARNING] 2022-05-11 23:31:35,606: Failed to get param: timeout expired
[rosout][INFO] 2022-05-11 23:31:35,612: Setup TF on Odometry [odom]
[rosout][INFO] 2022-05-11 23:31:35,619: Setup TF on IMU [imu_link]
[rosout][INFO] 2022-05-11 23:31:35,626: Setup TF on MagneticField [mag_link]
[rosout][INFO] 2022-05-11 23:31:35,632: Setup TF on JointState [base_link]
[rosout][INFO] 2022-05-11 23:31:35,646: --------------------------
[rosout][INFO] 2022-05-11 23:31:35,654: Connected to OpenCR board!
[rosout][INFO] 2022-05-11 23:31:35,660: This core(v1.2.2) is compatible with TB3 Burger
[rosout][INFO] 2022-05-11 23:31:35,668: --------------------------
[rosout][INFO] 2022-05-11 23:31:35,676: Start Calibration of Gyro
[rosout][INFO] 2022-05-11 23:31:37,300: Calibration End
[rosout][INFO] 2022-05-11 23:33:30,876: Send tx stop request
[rospy.core][INFO] 2022-05-11 23:33:30,879: signal_shutdown [atexit]
[rospy.internal][INFO] 2022-05-11 23:33:31,011: topic[/firmware_version] removing connection to /turtlebot3_diagnostics
[rospy.internal][INFO] 2022-05-11 23:33:31,012: topic[/rosout] removing connection to /rosout
[rospy.internal][INFO] 2022-05-11 23:33:31,014: topic[/imu] removing connection to /turtlebot3_diagnostics
[rospy.internal][INFO] 2022-05-11 23:33:31,015: topic[/sensor_state] removing connection to /turtlebot3_diagnostics
[rospy.impl.masterslave][INFO] 2022-05-11 23:33:31,016: atexit
[rospy.client][INFO] 2022-05-11 23:34:27,757: init_node, name[/turtlebot3_core], pid[962]
[xmlrpc][INFO] 2022-05-11 23:34:27,759: XML-RPC server binding to 0.0.0.0:0
[xmlrpc][INFO] 2022-05-11 23:34:27,760: Started XML-RPC server [http://192.168.0.6:39237/]
[rospy.init][INFO] 2022-05-11 23:34:27,761: ROS Slave URI: [http://192.168.0.6:39237/]
[rospy.impl.masterslave][INFO] 2022-05-11 23:34:27,761: _ready: http://192.168.0.6:39237/
[rospy.registration][INFO] 2022-05-11 23:34:27,765: Registering with master node http://192.168.0.4:11311
[xmlrpc][INFO] 2022-05-11 23:34:27,765: xml rpc node: starting XML-RPC server
[rospy.init][INFO] 2022-05-11 23:34:27,862: registered with master
[rospy.rosout][INFO] 2022-05-11 23:34:27,863: initializing /rosout core topic
[rospy.rosout][INFO] 2022-05-11 23:34:27,928: connected to core topic /rosout
[rospy.simtime][INFO] 2022-05-11 23:34:27,940: /use_sim_time is not set, will not subscribe to simulated time [/clock] topic
[rosout][INFO] 2022-05-11 23:34:27,965: ROS Serial Python Node
[rosout][INFO] 2022-05-11 23:34:28,004: Connecting to /dev/ttyACM0 at 115200 baud
[rospy.internal][INFO] 2022-05-11 23:34:28,148: topic[/rosout] adding connection to [/rosout], count 0
[rosout][INFO] 2022-05-11 23:34:30,181: Note: publish buffer size is 1024 bytes
[rosout][INFO] 2022-05-11 23:34:30,184: Setup publisher on sensor_state [turtlebot3_msgs/SensorState]
[rosout][INFO] 2022-05-11 23:34:30,215: Setup publisher on firmware_version [turtlebot3_msgs/VersionInfo]
[rosout][INFO] 2022-05-11 23:34:30,309: Setup publisher on imu [sensor_msgs/Imu]
[rosout][INFO] 2022-05-11 23:34:30,328: Setup publisher on cmd_vel_rc100 [geometry_msgs/Twist]
[rosout][INFO] 2022-05-11 23:34:30,364: Setup publisher on odom [nav_msgs/Odometry]
[rosout][INFO] 2022-05-11 23:34:30,383: Setup publisher on joint_states [sensor_msgs/JointState]
[rosout][INFO] 2022-05-11 23:34:30,399: Setup publisher on battery_state [sensor_msgs/BatteryState]
[rosout][INFO] 2022-05-11 23:34:30,415: Setup publisher on magnetic_field [sensor_msgs/MagneticField]
[rospy.internal][INFO] 2022-05-11 23:34:30,452: topic[/sensor_state] adding connection to [/turtlebot3_diagnostics], count 0
[rospy.internal][INFO] 2022-05-11 23:34:30,629: topic[/firmware_version] adding connection to [/turtlebot3_diagnostics], count 0
[rospy.internal][INFO] 2022-05-11 23:34:30,633: topic[/imu] adding connection to [/turtlebot3_diagnostics], count 0
[rosout][INFO] 2022-05-11 23:34:33,483: Setup publisher on /tf [tf/tfMessage]
[rosout][INFO] 2022-05-11 23:34:33,509: Note: subscribe buffer size is 1024 bytes
[rosout][INFO] 2022-05-11 23:34:33,511: Setup subscriber on cmd_vel [geometry_msgs/Twist]
[rosout][INFO] 2022-05-11 23:34:33,544: Setup subscriber on sound [turtlebot3_msgs/Sound]
[rosout][INFO] 2022-05-11 23:34:33,567: Setup subscriber on motor_power [std_msgs/Bool]
[rosout][INFO] 2022-05-11 23:34:33,589: Setup subscriber on reset [std_msgs/Empty]
[rosout][INFO] 2022-05-11 23:34:33,606: Setup TF on Odometry [odom]
[rosout][INFO] 2022-05-11 23:34:33,611: Setup TF on IMU [imu_link]
[rosout][INFO] 2022-05-11 23:34:33,615: Setup TF on MagneticField [mag_link]
[rosout][INFO] 2022-05-11 23:34:33,619: Setup TF on JointState [base_link]
[rosout][INFO] 2022-05-11 23:34:33,628: --------------------------
[rosout][INFO] 2022-05-11 23:34:33,632: Connected to OpenCR board!
[rosout][INFO] 2022-05-11 23:34:33,636: This core(v1.2.3) is compatible with TB3 Burger
[rosout][INFO] 2022-05-11 23:34:33,640: --------------------------
[rosout][INFO] 2022-05-11 23:34:33,644: Start Calibration of Gyro
[rosout][INFO] 2022-05-11 23:34:36,165: Calibration End
[rospy.internal][INFO] 2022-05-11 23:35:02,113: topic[/joint_states] adding connection to [/robot_state_publisher], count 0
[rospy.internal][INFO] 2022-05-11 23:35:05,561: topic[/tf] adding connection to [/rviz_1652337304993327635], count 0
[rospy.internal][INFO] 2022-05-11 23:35:30,894: topic[/tf] removing connection to /rviz_1652337304993327635
[rospy.internal][INFO] 2022-05-11 23:35:46,169: topic[/joint_states] removing connection to /robot_state_publisher
[rospy.internal][INFO] 2022-05-11 23:35:59,746: topic[/joint_states] adding connection to [/robot_state_publisher], count 0
[rospy.internal][INFO] 2022-05-11 23:35:59,774: topic[/tf] adding connection to [/turtlebot3_slam_gmapping], count 0
[rospy.internal][INFO] 2022-05-11 23:36:00,070: topic[/tf] adding connection to [/rviz], count 1
[rospy.internal][INFO] 2022-05-11 23:36:13,620: topic[/cmd_vel] adding connection to [http://192.168.0.4:36671/], count 0
[rospy.internal][WARNING] 2022-05-11 23:36:31,894: Unknown error initiating TCP/IP socket to 192.168.0.4:34401 (http://192.168.0.4:36671/): Traceback (most recent call last):
  File "/opt/ros/kinetic/lib/python2.7/dist-packages/rospy/impl/tcpros_base.py", line 557, in connect
    self.read_header()
  File "/opt/ros/kinetic/lib/python2.7/dist-packages/rospy/impl/tcpros_base.py", line 650, in read_header
    self._validate_header(read_ros_handshake_header(sock, self.read_buff, self.protocol.buff_size))
  File "/opt/ros/kinetic/lib/python2.7/dist-packages/rosgraph/network.py", line 364, in read_ros_handshake_header
    raise ROSHandshakeException("connection from sender terminated before handshake header received. %s bytes were received. Please check sender for additional details."%b.tell())
ROSHandshakeException: connection from sender terminated before handshake header received. 0 bytes were received. Please check sender for additional details.

[rospy.internal][INFO] 2022-05-11 23:36:31,895: topic[/cmd_vel] removing connection to http://192.168.0.4:36671/
[rospy.internal][INFO] 2022-05-11 23:36:32,940: topic[/tf] removing connection to /turtlebot3_slam_gmapping
[rospy.internal][INFO] 2022-05-11 23:36:32,940: topic[/tf] removing connection to /rviz
[rospy.internal][INFO] 2022-05-11 23:36:32,944: topic[/joint_states] removing connection to /robot_state_publisher
[rosout][INFO] 2022-05-11 23:39:48,611: Send tx stop request
[rospy.core][INFO] 2022-05-11 23:39:48,614: signal_shutdown [atexit]
[rospy.internal][INFO] 2022-05-11 23:39:48,644: topic[/firmware_version] removing connection to /turtlebot3_diagnostics
[rospy.internal][INFO] 2022-05-11 23:39:48,646: topic[/rosout] removing connection to /rosout
[rospy.internal][INFO] 2022-05-11 23:39:48,647: topic[/imu] removing connection to /turtlebot3_diagnostics
[rospy.internal][INFO] 2022-05-11 23:39:48,649: topic[/sensor_state] removing connection to /turtlebot3_diagnostics
[rospy.impl.masterslave][INFO] 2022-05-11 23:39:48,650: atexit
