[rospy.client][INFO] 2023-04-22 14:37:45,624: init_node, name[/turtlebot3_core], pid[4568]
[xmlrpc][INFO] 2023-04-22 14:37:45,626: XML-RPC server binding to 127.0.0.1:0
[xmlrpc][INFO] 2023-04-22 14:37:45,627: Started XML-RPC server [http://localhost:44877/]
[rospy.init][INFO] 2023-04-22 14:37:45,628: ROS Slave URI: [http://localhost:44877/]
[rospy.impl.masterslave][INFO] 2023-04-22 14:37:45,628: _ready: http://localhost:44877/
[rospy.registration][INFO] 2023-04-22 14:37:45,631: Registering with master node http://localhost:11311
[xmlrpc][INFO] 2023-04-22 14:37:45,632: xml rpc node: starting XML-RPC server
[rospy.init][INFO] 2023-04-22 14:37:45,729: registered with master
[rospy.rosout][INFO] 2023-04-22 14:37:45,730: initializing /rosout core topic
[rospy.rosout][INFO] 2023-04-22 14:37:45,739: connected to core topic /rosout
[rospy.simtime][INFO] 2023-04-22 14:37:45,745: /use_sim_time is not set, will not subscribe to simulated time [/clock] topic
[rosout][INFO] 2023-04-22 14:37:45,758: ROS Serial Python Node
[rosout][INFO] 2023-04-22 14:37:45,786: Connecting to /dev/ttyACM0 at 57600 baud
[rospy.internal][INFO] 2023-04-22 14:37:45,986: topic[/rosout] adding connection to [/rosout], count 0
[rosout][INFO] 2023-04-22 14:37:47,926: Note: publish buffer size is 1024 bytes
[rosout][INFO] 2023-04-22 14:37:47,930: Setup publisher on sensor_state [turtlebot3_msgs/SensorState]
[rosout][INFO] 2023-04-22 14:37:47,949: Setup publisher on firmware_version [turtlebot3_msgs/VersionInfo]
[rosout][INFO] 2023-04-22 14:37:48,024: Setup publisher on imu [sensor_msgs/Imu]
[rosout][INFO] 2023-04-22 14:37:48,034: Setup publisher on cmd_vel_rc100 [geometry_msgs/Twist]
[rosout][INFO] 2023-04-22 14:37:48,053: Setup publisher on odom [nav_msgs/Odometry]
[rosout][INFO] 2023-04-22 14:37:48,064: Setup publisher on joint_states [sensor_msgs/JointState]
[rosout][INFO] 2023-04-22 14:37:48,074: Setup publisher on battery_state [sensor_msgs/BatteryState]
[rosout][INFO] 2023-04-22 14:37:48,085: Setup publisher on magnetic_field [sensor_msgs/MagneticField]
[rosout][INFO] 2023-04-22 14:37:50,618: Setup publisher on /tf [tf/tfMessage]
[rosout][INFO] 2023-04-22 14:37:50,633: Note: subscribe buffer size is 1024 bytes
[rosout][INFO] 2023-04-22 14:37:50,635: Setup subscriber on cmd_vel [geometry_msgs/Twist]
[rosout][INFO] 2023-04-22 14:37:50,650: Setup subscriber on sound [turtlebot3_msgs/Sound]
[rosout][INFO] 2023-04-22 14:37:50,664: Setup subscriber on motor_power [std_msgs/Bool]
[rosout][INFO] 2023-04-22 14:37:50,680: Setup subscriber on reset [std_msgs/Empty]
[rosout][INFO] 2023-04-22 14:37:50,989: Setup TF on Odometry [odom]
[rosout][INFO] 2023-04-22 14:37:50,992: Setup TF on IMU [imu_link]
[rosout][INFO] 2023-04-22 14:37:50,996: Setup TF on MagneticField [mag_link]
[rosout][INFO] 2023-04-22 14:37:51,000: Setup TF on JointState [base_link]
[rosout][INFO] 2023-04-22 14:37:51,019: --------------------------
[rosout][INFO] 2023-04-22 14:37:51,022: Connected to OpenCR board!
[rosout][INFO] 2023-04-22 14:37:51,026: This core(v1.2.2) is compatible with TB3 Burger
[rosout][INFO] 2023-04-22 14:37:51,030: --------------------------
[rosout][INFO] 2023-04-22 14:37:51,033: Start Calibration of Gyro
[rosout][INFO] 2023-04-22 14:37:53,555: Calibration End
[rosout][INFO] 2023-04-22 14:37:54,823: Send tx stop request
[rospy.core][INFO] 2023-04-22 14:37:54,826: signal_shutdown [atexit]
[rospy.internal][INFO] 2023-04-22 14:37:54,859: topic[/rosout] removing connection to /rosout
[rospy.impl.masterslave][INFO] 2023-04-22 14:37:54,860: atexit
[rospy.client][INFO] 2023-04-22 14:40:02,447: init_node, name[/turtlebot3_core], pid[5145]
[xmlrpc][INFO] 2023-04-22 14:40:02,449: XML-RPC server binding to 127.0.0.1:0
[xmlrpc][INFO] 2023-04-22 14:40:02,450: Started XML-RPC server [http://localhost:36395/]
[rospy.init][INFO] 2023-04-22 14:40:02,451: ROS Slave URI: [http://localhost:36395/]
[rospy.impl.masterslave][INFO] 2023-04-22 14:40:02,452: _ready: http://localhost:36395/
[rospy.registration][INFO] 2023-04-22 14:40:02,455: Registering with master node http://localhost:11311
[xmlrpc][INFO] 2023-04-22 14:40:02,455: xml rpc node: starting XML-RPC server
[rospy.init][INFO] 2023-04-22 14:40:02,552: registered with master
[rospy.rosout][INFO] 2023-04-22 14:40:02,553: initializing /rosout core topic
[rospy.rosout][INFO] 2023-04-22 14:40:02,562: connected to core topic /rosout
[rospy.simtime][INFO] 2023-04-22 14:40:02,568: /use_sim_time is not set, will not subscribe to simulated time [/clock] topic
[rosout][INFO] 2023-04-22 14:40:02,584: ROS Serial Python Node
[rosout][INFO] 2023-04-22 14:40:02,614: Connecting to /dev/ttyACM0 at 57600 baud
[rospy.internal][INFO] 2023-04-22 14:40:02,916: topic[/rosout] adding connection to [/rosout], count 0
[rosout][INFO] 2023-04-22 14:40:04,761: Note: publish buffer size is 1024 bytes
[rosout][INFO] 2023-04-22 14:40:04,764: Setup publisher on sensor_state [turtlebot3_msgs/SensorState]
[rosout][INFO] 2023-04-22 14:40:04,782: Setup publisher on firmware_version [turtlebot3_msgs/VersionInfo]
[rosout][INFO] 2023-04-22 14:40:04,841: Setup publisher on imu [sensor_msgs/Imu]
[rosout][INFO] 2023-04-22 14:40:04,851: Setup publisher on cmd_vel_rc100 [geometry_msgs/Twist]
[rosout][INFO] 2023-04-22 14:40:04,869: Setup publisher on odom [nav_msgs/Odometry]
[rosout][INFO] 2023-04-22 14:40:04,879: Setup publisher on joint_states [sensor_msgs/JointState]
[rosout][INFO] 2023-04-22 14:40:04,889: Setup publisher on battery_state [sensor_msgs/BatteryState]
[rosout][INFO] 2023-04-22 14:40:04,899: Setup publisher on magnetic_field [sensor_msgs/MagneticField]
[rosout][INFO] 2023-04-22 14:40:07,374: Setup publisher on /tf [tf/tfMessage]
[rosout][INFO] 2023-04-22 14:40:07,390: Note: subscribe buffer size is 1024 bytes
[rosout][INFO] 2023-04-22 14:40:07,392: Setup subscriber on cmd_vel [geometry_msgs/Twist]
[rosout][INFO] 2023-04-22 14:40:07,407: Setup subscriber on sound [turtlebot3_msgs/Sound]
[rosout][INFO] 2023-04-22 14:40:07,422: Setup subscriber on motor_power [std_msgs/Bool]
[rosout][INFO] 2023-04-22 14:40:07,437: Setup subscriber on reset [std_msgs/Empty]
[rosout][INFO] 2023-04-22 14:40:07,826: Setup TF on Odometry [odom]
[rosout][INFO] 2023-04-22 14:40:07,830: Setup TF on IMU [imu_link]
[rosout][INFO] 2023-04-22 14:40:07,833: Setup TF on MagneticField [mag_link]
[rosout][INFO] 2023-04-22 14:40:07,837: Setup TF on JointState [base_link]
[rosout][INFO] 2023-04-22 14:40:07,855: --------------------------
[rosout][INFO] 2023-04-22 14:40:07,859: Connected to OpenCR board!
[rosout][INFO] 2023-04-22 14:40:07,862: This core(v1.2.2) is compatible with TB3 Burger
[rosout][INFO] 2023-04-22 14:40:07,866: --------------------------
[rosout][INFO] 2023-04-22 14:40:07,869: Start Calibration of Gyro
[rosout][INFO] 2023-04-22 14:40:10,390: Calibration End
[rosout][INFO] 2023-04-22 14:40:23,371: Send tx stop request
[rospy.core][INFO] 2023-04-22 14:40:23,374: signal_shutdown [atexit]
[rospy.internal][INFO] 2023-04-22 14:40:23,406: topic[/rosout] removing connection to /rosout
[rospy.impl.masterslave][INFO] 2023-04-22 14:40:23,408: atexit
[rospy.client][INFO] 2023-04-22 14:46:01,385: init_node, name[/turtlebot3_core], pid[5678]
[xmlrpc][INFO] 2023-04-22 14:46:01,386: XML-RPC server binding to 127.0.0.1:0
[xmlrpc][INFO] 2023-04-22 14:46:01,387: Started XML-RPC server [http://localhost:37825/]
[rospy.init][INFO] 2023-04-22 14:46:01,388: ROS Slave URI: [http://localhost:37825/]
[rospy.impl.masterslave][INFO] 2023-04-22 14:46:01,388: _ready: http://localhost:37825/
[rospy.registration][INFO] 2023-04-22 14:46:01,391: Registering with master node http://localhost:11311
[xmlrpc][INFO] 2023-04-22 14:46:01,392: xml rpc node: starting XML-RPC server
[rospy.init][INFO] 2023-04-22 14:46:01,489: registered with master
[rospy.rosout][INFO] 2023-04-22 14:46:01,490: initializing /rosout core topic
[rospy.rosout][INFO] 2023-04-22 14:46:01,500: connected to core topic /rosout
[rospy.simtime][INFO] 2023-04-22 14:46:01,505: /use_sim_time is not set, will not subscribe to simulated time [/clock] topic
[rosout][INFO] 2023-04-22 14:46:01,519: ROS Serial Python Node
[rosout][INFO] 2023-04-22 14:46:01,543: Connecting to /dev/ttyACM0 at 57600 baud
[rospy.internal][INFO] 2023-04-22 14:46:01,765: topic[/rosout] adding connection to [/rosout], count 0
[rosout][INFO] 2023-04-22 14:46:03,680: Note: publish buffer size is 1024 bytes
[rosout][INFO] 2023-04-22 14:46:03,683: Setup publisher on sensor_state [turtlebot3_msgs/SensorState]
[rosout][INFO] 2023-04-22 14:46:03,701: Setup publisher on firmware_version [turtlebot3_msgs/VersionInfo]
[rosout][INFO] 2023-04-22 14:46:03,782: Setup publisher on imu [sensor_msgs/Imu]
[rosout][INFO] 2023-04-22 14:46:03,794: Setup publisher on cmd_vel_rc100 [geometry_msgs/Twist]
[rosout][INFO] 2023-04-22 14:46:03,813: Setup publisher on odom [nav_msgs/Odometry]
[rosout][INFO] 2023-04-22 14:46:03,823: Setup publisher on joint_states [sensor_msgs/JointState]
[rosout][INFO] 2023-04-22 14:46:03,833: Setup publisher on battery_state [sensor_msgs/BatteryState]
[rosout][INFO] 2023-04-22 14:46:03,843: Setup publisher on magnetic_field [sensor_msgs/MagneticField]
[rosout][INFO] 2023-04-22 14:46:06,388: Setup publisher on /tf [tf/tfMessage]
[rosout][INFO] 2023-04-22 14:46:06,403: Note: subscribe buffer size is 1024 bytes
[rosout][INFO] 2023-04-22 14:46:06,405: Setup subscriber on cmd_vel [geometry_msgs/Twist]
[rosout][INFO] 2023-04-22 14:46:06,420: Setup subscriber on sound [turtlebot3_msgs/Sound]
[rosout][INFO] 2023-04-22 14:46:06,434: Setup subscriber on motor_power [std_msgs/Bool]
[rosout][INFO] 2023-04-22 14:46:06,450: Setup subscriber on reset [std_msgs/Empty]
[rosout][INFO] 2023-04-22 14:46:06,744: Setup TF on Odometry [odom]
[rosout][INFO] 2023-04-22 14:46:06,747: Setup TF on IMU [imu_link]
[rosout][INFO] 2023-04-22 14:46:06,751: Setup TF on MagneticField [mag_link]
[rosout][INFO] 2023-04-22 14:46:06,754: Setup TF on JointState [base_link]
[rosout][INFO] 2023-04-22 14:46:06,762: --------------------------
[rosout][INFO] 2023-04-22 14:46:06,765: Connected to OpenCR board!
[rosout][INFO] 2023-04-22 14:46:06,768: This core(v1.2.2) is compatible with TB3 Burger
[rosout][INFO] 2023-04-22 14:46:06,772: --------------------------
[rosout][INFO] 2023-04-22 14:46:06,775: Start Calibration of Gyro
[rosout][INFO] 2023-04-22 14:46:09,305: Calibration End
[rosout][INFO] 2023-04-22 14:56:32,454: Send tx stop request
[rospy.core][INFO] 2023-04-22 14:56:32,459: signal_shutdown [atexit]
[rospy.internal][INFO] 2023-04-22 14:56:32,523: topic[/rosout] removing connection to /rosout
[rospy.impl.masterslave][INFO] 2023-04-22 14:56:32,525: atexit
[rospy.client][INFO] 2023-04-22 14:58:05,679: init_node, name[/turtlebot3_core], pid[6270]
[xmlrpc][INFO] 2023-04-22 14:58:05,680: XML-RPC server binding to 127.0.0.1:0
[xmlrpc][INFO] 2023-04-22 14:58:05,682: Started XML-RPC server [http://localhost:36601/]
[rospy.init][INFO] 2023-04-22 14:58:05,682: ROS Slave URI: [http://localhost:36601/]
[rospy.impl.masterslave][INFO] 2023-04-22 14:58:05,683: _ready: http://localhost:36601/
[rospy.registration][INFO] 2023-04-22 14:58:05,687: Registering with master node http://localhost:11311
[xmlrpc][INFO] 2023-04-22 14:58:05,687: xml rpc node: starting XML-RPC server
[rospy.init][INFO] 2023-04-22 14:58:05,784: registered with master
[rospy.rosout][INFO] 2023-04-22 14:58:05,785: initializing /rosout core topic
[rospy.rosout][INFO] 2023-04-22 14:58:05,794: connected to core topic /rosout
[rospy.simtime][INFO] 2023-04-22 14:58:05,800: /use_sim_time is not set, will not subscribe to simulated time [/clock] topic
[rosout][INFO] 2023-04-22 14:58:05,819: ROS Serial Python Node
[rosout][INFO] 2023-04-22 14:58:05,850: Connecting to /dev/ttyACM0 at 57600 baud
[rospy.internal][INFO] 2023-04-22 14:58:06,017: topic[/rosout] adding connection to [/rosout], count 0
[rosout][INFO] 2023-04-22 14:58:07,987: Note: publish buffer size is 1024 bytes
[rosout][INFO] 2023-04-22 14:58:07,990: Setup publisher on sensor_state [turtlebot3_msgs/SensorState]
[rosout][INFO] 2023-04-22 14:58:08,009: Setup publisher on firmware_version [turtlebot3_msgs/VersionInfo]
[rosout][INFO] 2023-04-22 14:58:08,088: Setup publisher on imu [sensor_msgs/Imu]
[rosout][INFO] 2023-04-22 14:58:08,098: Setup publisher on cmd_vel_rc100 [geometry_msgs/Twist]
[rosout][INFO] 2023-04-22 14:58:08,117: Setup publisher on odom [nav_msgs/Odometry]
[rosout][INFO] 2023-04-22 14:58:08,127: Setup publisher on joint_states [sensor_msgs/JointState]
[rosout][INFO] 2023-04-22 14:58:08,137: Setup publisher on battery_state [sensor_msgs/BatteryState]
[rosout][INFO] 2023-04-22 14:58:08,147: Setup publisher on magnetic_field [sensor_msgs/MagneticField]
[rosout][INFO] 2023-04-22 14:58:10,679: Setup publisher on /tf [tf/tfMessage]
[rosout][INFO] 2023-04-22 14:58:10,694: Note: subscribe buffer size is 1024 bytes
[rosout][INFO] 2023-04-22 14:58:10,696: Setup subscriber on cmd_vel [geometry_msgs/Twist]
[rosout][INFO] 2023-04-22 14:58:10,711: Setup subscriber on sound [turtlebot3_msgs/Sound]
[rosout][INFO] 2023-04-22 14:58:10,726: Setup subscriber on motor_power [std_msgs/Bool]
[rosout][INFO] 2023-04-22 14:58:10,741: Setup subscriber on reset [std_msgs/Empty]
[rosout][INFO] 2023-04-22 14:58:11,053: Setup TF on Odometry [odom]
[rosout][INFO] 2023-04-22 14:58:11,057: Setup TF on IMU [imu_link]
[rosout][INFO] 2023-04-22 14:58:11,062: Setup TF on MagneticField [mag_link]
[rosout][INFO] 2023-04-22 14:58:11,067: Setup TF on JointState [base_link]
[rosout][INFO] 2023-04-22 14:58:11,076: --------------------------
[rosout][INFO] 2023-04-22 14:58:11,081: Connected to OpenCR board!
[rosout][INFO] 2023-04-22 14:58:11,086: This core(v1.2.2) is compatible with TB3 Burger
[rosout][INFO] 2023-04-22 14:58:11,091: --------------------------
[rosout][INFO] 2023-04-22 14:58:11,096: Start Calibration of Gyro
[rosout][INFO] 2023-04-22 14:58:13,614: Calibration End
[rospy.internal][INFO] 2023-04-22 14:58:56,044: topic[/cmd_vel] adding connection to [http://localhost:36119/], count 0
[rospy.internal][WARNING] 2023-04-22 15:01:57,730: Unknown error initiating TCP/IP socket to localhost:45889 (http://localhost:36119/): Traceback (most recent call last):
  File "/opt/ros/kinetic/lib/python2.7/dist-packages/rospy/impl/tcpros_base.py", line 557, in connect
    self.read_header()
  File "/opt/ros/kinetic/lib/python2.7/dist-packages/rospy/impl/tcpros_base.py", line 650, in read_header
    self._validate_header(read_ros_handshake_header(sock, self.read_buff, self.protocol.buff_size))
  File "/opt/ros/kinetic/lib/python2.7/dist-packages/rosgraph/network.py", line 364, in read_ros_handshake_header
    raise ROSHandshakeException("connection from sender terminated before handshake header received. %s bytes were received. Please check sender for additional details."%b.tell())
ROSHandshakeException: connection from sender terminated before handshake header received. 0 bytes were received. Please check sender for additional details.

[rospy.internal][INFO] 2023-04-22 15:01:57,731: topic[/cmd_vel] removing connection to http://localhost:36119/
[rosout][INFO] 2023-04-22 15:02:03,986: Send tx stop request
[rospy.core][INFO] 2023-04-22 15:02:03,989: signal_shutdown [atexit]
[rospy.internal][INFO] 2023-04-22 15:02:04,021: topic[/rosout] removing connection to /rosout
[rospy.impl.masterslave][INFO] 2023-04-22 15:02:04,022: atexit
[rospy.client][INFO] 2023-04-22 15:03:37,824: init_node, name[/turtlebot3_core], pid[6901]
[xmlrpc][INFO] 2023-04-22 15:03:37,825: XML-RPC server binding to 127.0.0.1:0
[xmlrpc][INFO] 2023-04-22 15:03:37,827: Started XML-RPC server [http://localhost:43885/]
[rospy.init][INFO] 2023-04-22 15:03:37,827: ROS Slave URI: [http://localhost:43885/]
[rospy.impl.masterslave][INFO] 2023-04-22 15:03:37,828: _ready: http://localhost:43885/
[rospy.registration][INFO] 2023-04-22 15:03:37,831: Registering with master node http://localhost:11311
[xmlrpc][INFO] 2023-04-22 15:03:37,831: xml rpc node: starting XML-RPC server
[rospy.init][INFO] 2023-04-22 15:03:37,929: registered with master
[rospy.rosout][INFO] 2023-04-22 15:03:37,930: initializing /rosout core topic
[rospy.rosout][INFO] 2023-04-22 15:03:37,939: connected to core topic /rosout
[rospy.simtime][INFO] 2023-04-22 15:03:37,945: /use_sim_time is not set, will not subscribe to simulated time [/clock] topic
[rosout][INFO] 2023-04-22 15:03:37,965: ROS Serial Python Node
[rosout][INFO] 2023-04-22 15:03:37,995: Connecting to /dev/ttyACM0 at 57600 baud
[rospy.internal][INFO] 2023-04-22 15:03:38,214: topic[/rosout] adding connection to [/rosout], count 0
[rosout][INFO] 2023-04-22 15:03:40,133: Note: publish buffer size is 1024 bytes
[rosout][INFO] 2023-04-22 15:03:40,137: Setup publisher on sensor_state [turtlebot3_msgs/SensorState]
[rosout][INFO] 2023-04-22 15:03:40,156: Setup publisher on firmware_version [turtlebot3_msgs/VersionInfo]
[rosout][INFO] 2023-04-22 15:03:40,229: Setup publisher on imu [sensor_msgs/Imu]
[rosout][INFO] 2023-04-22 15:03:40,239: Setup publisher on cmd_vel_rc100 [geometry_msgs/Twist]
[rosout][INFO] 2023-04-22 15:03:40,258: Setup publisher on odom [nav_msgs/Odometry]
[rosout][INFO] 2023-04-22 15:03:40,268: Setup publisher on joint_states [sensor_msgs/JointState]
[rosout][INFO] 2023-04-22 15:03:40,278: Setup publisher on battery_state [sensor_msgs/BatteryState]
[rosout][INFO] 2023-04-22 15:03:40,288: Setup publisher on magnetic_field [sensor_msgs/MagneticField]
[rosout][INFO] 2023-04-22 15:03:42,768: Setup publisher on /tf [tf/tfMessage]
[rosout][INFO] 2023-04-22 15:03:42,784: Note: subscribe buffer size is 1024 bytes
[rosout][INFO] 2023-04-22 15:03:42,786: Setup subscriber on cmd_vel [geometry_msgs/Twist]
[rosout][INFO] 2023-04-22 15:03:42,800: Setup subscriber on sound [turtlebot3_msgs/Sound]
[rosout][INFO] 2023-04-22 15:03:42,816: Setup subscriber on motor_power [std_msgs/Bool]
[rosout][INFO] 2023-04-22 15:03:42,830: Setup subscriber on reset [std_msgs/Empty]
[rosout][INFO] 2023-04-22 15:03:43,198: Setup TF on Odometry [odom]
[rosout][INFO] 2023-04-22 15:03:43,201: Setup TF on IMU [imu_link]
[rosout][INFO] 2023-04-22 15:03:43,205: Setup TF on MagneticField [mag_link]
[rosout][INFO] 2023-04-22 15:03:43,208: Setup TF on JointState [base_link]
[rosout][INFO] 2023-04-22 15:03:43,216: --------------------------
[rosout][INFO] 2023-04-22 15:03:43,219: Connected to OpenCR board!
[rosout][INFO] 2023-04-22 15:03:43,223: This core(v1.2.2) is compatible with TB3 Burger
[rosout][INFO] 2023-04-22 15:03:43,226: --------------------------
[rosout][INFO] 2023-04-22 15:03:43,230: Start Calibration of Gyro
[rosout][INFO] 2023-04-22 15:03:45,759: Calibration End
[rospy.internal][INFO] 2023-04-22 15:06:32,058: topic[/cmd_vel] adding connection to [http://localhost:43617/], count 0
[rosout][INFO] 2023-04-22 15:08:58,747: Send tx stop request
[rospy.core][INFO] 2023-04-22 15:08:58,749: signal_shutdown [atexit]
[rospy.internal][WARNING] 2023-04-22 15:08:58,761: Unknown error initiating TCP/IP socket to localhost:33225 (http://localhost:43617/): Traceback (most recent call last):
  File "/opt/ros/kinetic/lib/python2.7/dist-packages/rospy/impl/tcpros_base.py", line 557, in connect
    self.read_header()
  File "/opt/ros/kinetic/lib/python2.7/dist-packages/rospy/impl/tcpros_base.py", line 650, in read_header
    self._validate_header(read_ros_handshake_header(sock, self.read_buff, self.protocol.buff_size))
  File "/opt/ros/kinetic/lib/python2.7/dist-packages/rosgraph/network.py", line 362, in read_ros_handshake_header
    d = sock.recv(buff_size)
error: [Errno 104] Connection reset by peer

[rospy.internal][INFO] 2023-04-22 15:08:58,761: topic[/cmd_vel] removing connection to http://localhost:43617/
[rospy.internal][INFO] 2023-04-22 15:08:58,796: topic[/rosout] removing connection to /rosout
[rospy.impl.masterslave][INFO] 2023-04-22 15:08:58,798: atexit
[rospy.client][INFO] 2023-04-22 15:17:25,865: init_node, name[/turtlebot3_core], pid[7958]
[xmlrpc][INFO] 2023-04-22 15:17:25,867: XML-RPC server binding to 127.0.0.1:0
[xmlrpc][INFO] 2023-04-22 15:17:25,868: Started XML-RPC server [http://localhost:43263/]
[rospy.init][INFO] 2023-04-22 15:17:25,869: ROS Slave URI: [http://localhost:43263/]
[rospy.impl.masterslave][INFO] 2023-04-22 15:17:25,870: _ready: http://localhost:43263/
[rospy.registration][INFO] 2023-04-22 15:17:25,873: Registering with master node http://localhost:11311
[xmlrpc][INFO] 2023-04-22 15:17:25,874: xml rpc node: starting XML-RPC server
[rospy.init][INFO] 2023-04-22 15:17:25,970: registered with master
[rospy.rosout][INFO] 2023-04-22 15:17:25,971: initializing /rosout core topic
[rospy.rosout][INFO] 2023-04-22 15:17:25,981: connected to core topic /rosout
[rospy.simtime][INFO] 2023-04-22 15:17:25,987: /use_sim_time is not set, will not subscribe to simulated time [/clock] topic
[rosout][INFO] 2023-04-22 15:17:26,008: ROS Serial Python Node
[rosout][INFO] 2023-04-22 15:17:26,035: Connecting to /dev/ttyACM0 at 57600 baud
[rospy.internal][INFO] 2023-04-22 15:17:26,273: topic[/rosout] adding connection to [/rosout], count 0
[rosout][INFO] 2023-04-22 15:17:28,171: Note: publish buffer size is 1024 bytes
[rosout][INFO] 2023-04-22 15:17:28,175: Setup publisher on sensor_state [turtlebot3_msgs/SensorState]
[rosout][INFO] 2023-04-22 15:17:28,193: Setup publisher on firmware_version [turtlebot3_msgs/VersionInfo]
[rosout][INFO] 2023-04-22 15:17:28,262: Setup publisher on imu [sensor_msgs/Imu]
[rosout][INFO] 2023-04-22 15:17:28,272: Setup publisher on cmd_vel_rc100 [geometry_msgs/Twist]
[rosout][INFO] 2023-04-22 15:17:28,291: Setup publisher on odom [nav_msgs/Odometry]
[rosout][INFO] 2023-04-22 15:17:28,301: Setup publisher on joint_states [sensor_msgs/JointState]
[rosout][INFO] 2023-04-22 15:17:28,312: Setup publisher on battery_state [sensor_msgs/BatteryState]
[rosout][INFO] 2023-04-22 15:17:28,322: Setup publisher on magnetic_field [sensor_msgs/MagneticField]
[rosout][INFO] 2023-04-22 15:17:30,823: Setup publisher on /tf [tf/tfMessage]
[rosout][INFO] 2023-04-22 15:17:30,841: Note: subscribe buffer size is 1024 bytes
[rosout][INFO] 2023-04-22 15:17:30,843: Setup subscriber on cmd_vel [geometry_msgs/Twist]
[rosout][INFO] 2023-04-22 15:17:30,859: Setup subscriber on sound [turtlebot3_msgs/Sound]
[rosout][INFO] 2023-04-22 15:17:30,874: Setup subscriber on motor_power [std_msgs/Bool]
[rosout][INFO] 2023-04-22 15:17:30,889: Setup subscriber on reset [std_msgs/Empty]
[rosout][INFO] 2023-04-22 15:17:31,236: Setup TF on Odometry [odom]
[rosout][INFO] 2023-04-22 15:17:31,240: Setup TF on IMU [imu_link]
[rosout][INFO] 2023-04-22 15:17:31,244: Setup TF on MagneticField [mag_link]
[rosout][INFO] 2023-04-22 15:17:31,247: Setup TF on JointState [base_link]
[rosout][INFO] 2023-04-22 15:17:31,255: --------------------------
[rosout][INFO] 2023-04-22 15:17:31,259: Connected to OpenCR board!
[rosout][INFO] 2023-04-22 15:17:31,262: This core(v1.2.2) is compatible with TB3 Burger
[rosout][INFO] 2023-04-22 15:17:31,266: --------------------------
[rosout][INFO] 2023-04-22 15:17:31,270: Start Calibration of Gyro
[rosout][INFO] 2023-04-22 15:17:33,798: Calibration End
[rosout][INFO] 2023-04-22 15:17:48,404: Send tx stop request
[rospy.core][INFO] 2023-04-22 15:17:48,407: signal_shutdown [atexit]
[rospy.internal][INFO] 2023-04-22 15:17:48,440: topic[/rosout] removing connection to /rosout
[rospy.impl.masterslave][INFO] 2023-04-22 15:17:48,442: atexit
[rospy.client][INFO] 2023-04-22 15:18:35,831: init_node, name[/turtlebot3_core], pid[8499]
[xmlrpc][INFO] 2023-04-22 15:18:35,832: XML-RPC server binding to 127.0.0.1:0
[xmlrpc][INFO] 2023-04-22 15:18:35,834: Started XML-RPC server [http://localhost:33715/]
[rospy.init][INFO] 2023-04-22 15:18:35,835: ROS Slave URI: [http://localhost:33715/]
[rospy.impl.masterslave][INFO] 2023-04-22 15:18:35,835: _ready: http://localhost:33715/
[rospy.registration][INFO] 2023-04-22 15:18:35,838: Registering with master node http://localhost:11311
[xmlrpc][INFO] 2023-04-22 15:18:35,839: xml rpc node: starting XML-RPC server
[rospy.init][INFO] 2023-04-22 15:18:35,936: registered with master
[rospy.rosout][INFO] 2023-04-22 15:18:35,937: initializing /rosout core topic
[rospy.rosout][INFO] 2023-04-22 15:18:35,946: connected to core topic /rosout
[rospy.simtime][INFO] 2023-04-22 15:18:35,951: /use_sim_time is not set, will not subscribe to simulated time [/clock] topic
[rosout][INFO] 2023-04-22 15:18:35,969: ROS Serial Python Node
[rosout][INFO] 2023-04-22 15:18:36,002: Connecting to /dev/ttyACM0 at 57600 baud
[rospy.internal][INFO] 2023-04-22 15:18:36,205: topic[/rosout] adding connection to [/rosout], count 0
[rosout][INFO] 2023-04-22 15:18:38,140: Note: publish buffer size is 1024 bytes
[rosout][INFO] 2023-04-22 15:18:38,143: Setup publisher on sensor_state [turtlebot3_msgs/SensorState]
[rosout][INFO] 2023-04-22 15:18:38,161: Setup publisher on firmware_version [turtlebot3_msgs/VersionInfo]
[rosout][INFO] 2023-04-22 15:18:38,241: Setup publisher on imu [sensor_msgs/Imu]
[rosout][INFO] 2023-04-22 15:18:38,254: Setup publisher on cmd_vel_rc100 [geometry_msgs/Twist]
[rosout][INFO] 2023-04-22 15:18:38,273: Setup publisher on odom [nav_msgs/Odometry]
[rosout][INFO] 2023-04-22 15:18:38,282: Setup publisher on joint_states [sensor_msgs/JointState]
[rosout][INFO] 2023-04-22 15:18:38,292: Setup publisher on battery_state [sensor_msgs/BatteryState]
[rosout][INFO] 2023-04-22 15:18:38,302: Setup publisher on magnetic_field [sensor_msgs/MagneticField]
[rosout][INFO] 2023-04-22 15:18:40,853: Setup publisher on /tf [tf/tfMessage]
[rosout][INFO] 2023-04-22 15:18:40,870: Note: subscribe buffer size is 1024 bytes
[rosout][INFO] 2023-04-22 15:18:40,872: Setup subscriber on cmd_vel [geometry_msgs/Twist]
[rosout][INFO] 2023-04-22 15:18:40,886: Setup subscriber on sound [turtlebot3_msgs/Sound]
[rosout][INFO] 2023-04-22 15:18:40,902: Setup subscriber on motor_power [std_msgs/Bool]
[rosout][INFO] 2023-04-22 15:18:40,918: Setup subscriber on reset [std_msgs/Empty]
[rosout][INFO] 2023-04-22 15:18:41,205: Setup TF on Odometry [odom]
[rosout][INFO] 2023-04-22 15:18:41,209: Setup TF on IMU [imu_link]
[rosout][INFO] 2023-04-22 15:18:41,212: Setup TF on MagneticField [mag_link]
[rosout][INFO] 2023-04-22 15:18:41,216: Setup TF on JointState [base_link]
[rosout][INFO] 2023-04-22 15:18:41,223: --------------------------
[rosout][INFO] 2023-04-22 15:18:41,227: Connected to OpenCR board!
[rosout][INFO] 2023-04-22 15:18:41,230: This core(v1.2.2) is compatible with TB3 Burger
[rosout][INFO] 2023-04-22 15:18:41,234: --------------------------
[rosout][INFO] 2023-04-22 15:18:41,237: Start Calibration of Gyro
[rosout][INFO] 2023-04-22 15:18:43,768: Calibration End
[rosout][INFO] 2023-04-22 15:19:33,817: Send tx stop request
[rospy.core][INFO] 2023-04-22 15:19:33,819: signal_shutdown [atexit]
[rospy.internal][INFO] 2023-04-22 15:19:33,852: topic[/rosout] removing connection to /rosout
[rospy.impl.masterslave][INFO] 2023-04-22 15:19:33,854: atexit
[rospy.client][INFO] 2023-04-22 15:21:21,689: init_node, name[/turtlebot3_core], pid[9057]
[xmlrpc][INFO] 2023-04-22 15:21:21,691: XML-RPC server binding to 127.0.0.1:0
[xmlrpc][INFO] 2023-04-22 15:21:21,692: Started XML-RPC server [http://localhost:37231/]
[rospy.init][INFO] 2023-04-22 15:21:21,693: ROS Slave URI: [http://localhost:37231/]
[rospy.impl.masterslave][INFO] 2023-04-22 15:21:21,694: _ready: http://localhost:37231/
[rospy.registration][INFO] 2023-04-22 15:21:21,697: Registering with master node http://localhost:11311
[xmlrpc][INFO] 2023-04-22 15:21:21,697: xml rpc node: starting XML-RPC server
[rospy.init][INFO] 2023-04-22 15:21:21,794: registered with master
[rospy.rosout][INFO] 2023-04-22 15:21:21,795: initializing /rosout core topic
[rospy.rosout][INFO] 2023-04-22 15:21:21,805: connected to core topic /rosout
[rospy.simtime][INFO] 2023-04-22 15:21:21,811: /use_sim_time is not set, will not subscribe to simulated time [/clock] topic
[rosout][INFO] 2023-04-22 15:21:21,825: ROS Serial Python Node
[rosout][INFO] 2023-04-22 15:21:21,857: Connecting to /dev/ttyACM0 at 57600 baud
[rospy.internal][INFO] 2023-04-22 15:21:22,103: topic[/rosout] adding connection to [/rosout], count 0
[rosout][INFO] 2023-04-22 15:21:23,995: Note: publish buffer size is 1024 bytes
[rosout][INFO] 2023-04-22 15:21:23,997: Setup publisher on sensor_state [turtlebot3_msgs/SensorState]
[rosout][INFO] 2023-04-22 15:21:24,015: Setup publisher on firmware_version [turtlebot3_msgs/VersionInfo]
[rosout][INFO] 2023-04-22 15:21:24,091: Setup publisher on imu [sensor_msgs/Imu]
[rosout][INFO] 2023-04-22 15:21:24,101: Setup publisher on cmd_vel_rc100 [geometry_msgs/Twist]
[rosout][INFO] 2023-04-22 15:21:24,119: Setup publisher on odom [nav_msgs/Odometry]
[rosout][INFO] 2023-04-22 15:21:24,129: Setup publisher on joint_states [sensor_msgs/JointState]
[rosout][INFO] 2023-04-22 15:21:24,139: Setup publisher on battery_state [sensor_msgs/BatteryState]
[rosout][INFO] 2023-04-22 15:21:24,149: Setup publisher on magnetic_field [sensor_msgs/MagneticField]
[rosout][INFO] 2023-04-22 15:21:26,674: Setup publisher on /tf [tf/tfMessage]
[rosout][INFO] 2023-04-22 15:21:26,688: Note: subscribe buffer size is 1024 bytes
[rosout][INFO] 2023-04-22 15:21:26,690: Setup subscriber on cmd_vel [geometry_msgs/Twist]
[rosout][INFO] 2023-04-22 15:21:26,705: Setup subscriber on sound [turtlebot3_msgs/Sound]
[rosout][INFO] 2023-04-22 15:21:26,720: Setup subscriber on motor_power [std_msgs/Bool]
[rosout][INFO] 2023-04-22 15:21:26,736: Setup subscriber on reset [std_msgs/Empty]
[rosout][INFO] 2023-04-22 15:21:27,060: Setup TF on Odometry [odom]
[rosout][INFO] 2023-04-22 15:21:27,064: Setup TF on IMU [imu_link]
[rosout][INFO] 2023-04-22 15:21:27,067: Setup TF on MagneticField [mag_link]
[rosout][INFO] 2023-04-22 15:21:27,071: Setup TF on JointState [base_link]
[rosout][INFO] 2023-04-22 15:21:27,079: --------------------------
[rosout][INFO] 2023-04-22 15:21:27,083: Connected to OpenCR board!
[rosout][INFO] 2023-04-22 15:21:27,087: This core(v1.2.2) is compatible with TB3 Burger
[rosout][INFO] 2023-04-22 15:21:27,091: --------------------------
[rosout][INFO] 2023-04-22 15:21:27,094: Start Calibration of Gyro
[rosout][INFO] 2023-04-22 15:21:29,621: Calibration End
[rosout][INFO] 2023-04-22 15:21:35,200: Send tx stop request
[rospy.core][INFO] 2023-04-22 15:21:35,202: signal_shutdown [atexit]
[rospy.internal][INFO] 2023-04-22 15:21:35,242: topic[/rosout] removing connection to /rosout
[rospy.impl.masterslave][INFO] 2023-04-22 15:21:35,244: atexit
[rospy.client][INFO] 2023-04-22 15:21:53,915: init_node, name[/turtlebot3_core], pid[9149]
[xmlrpc][INFO] 2023-04-22 15:21:53,917: XML-RPC server binding to 127.0.0.1:0
[xmlrpc][INFO] 2023-04-22 15:21:53,918: Started XML-RPC server [http://localhost:43263/]
[rospy.init][INFO] 2023-04-22 15:21:53,919: ROS Slave URI: [http://localhost:43263/]
[rospy.impl.masterslave][INFO] 2023-04-22 15:21:53,919: _ready: http://localhost:43263/
[rospy.registration][INFO] 2023-04-22 15:21:53,922: Registering with master node http://localhost:11311
[xmlrpc][INFO] 2023-04-22 15:21:53,923: xml rpc node: starting XML-RPC server
[rospy.init][INFO] 2023-04-22 15:21:54,020: registered with master
[rospy.rosout][INFO] 2023-04-22 15:21:54,021: initializing /rosout core topic
[rospy.rosout][INFO] 2023-04-22 15:21:54,030: connected to core topic /rosout
[rospy.simtime][INFO] 2023-04-22 15:21:54,036: /use_sim_time is not set, will not subscribe to simulated time [/clock] topic
[rosout][INFO] 2023-04-22 15:21:54,052: ROS Serial Python Node
[rosout][INFO] 2023-04-22 15:21:54,090: Connecting to /dev/ttyACM0 at 57600 baud
[rospy.internal][INFO] 2023-04-22 15:21:54,169: topic[/rosout] adding connection to [/rosout], count 0
[rosout][INFO] 2023-04-22 15:21:56,227: Note: publish buffer size is 1024 bytes
[rosout][INFO] 2023-04-22 15:21:56,230: Setup publisher on sensor_state [turtlebot3_msgs/SensorState]
[rosout][INFO] 2023-04-22 15:21:56,248: Setup publisher on firmware_version [turtlebot3_msgs/VersionInfo]
[rosout][INFO] 2023-04-22 15:21:56,324: Setup publisher on imu [sensor_msgs/Imu]
[rosout][INFO] 2023-04-22 15:21:56,334: Setup publisher on cmd_vel_rc100 [geometry_msgs/Twist]
[rosout][INFO] 2023-04-22 15:21:56,353: Setup publisher on odom [nav_msgs/Odometry]
[rosout][INFO] 2023-04-22 15:21:56,363: Setup publisher on joint_states [sensor_msgs/JointState]
[rosout][INFO] 2023-04-22 15:21:56,373: Setup publisher on battery_state [sensor_msgs/BatteryState]
[rosout][INFO] 2023-04-22 15:21:56,383: Setup publisher on magnetic_field [sensor_msgs/MagneticField]
[rosout][INFO] 2023-04-22 15:21:58,986: Setup publisher on /tf [tf/tfMessage]
[rosout][INFO] 2023-04-22 15:21:59,002: Note: subscribe buffer size is 1024 bytes
[rosout][INFO] 2023-04-22 15:21:59,004: Setup subscriber on cmd_vel [geometry_msgs/Twist]
[rosout][INFO] 2023-04-22 15:21:59,021: Setup subscriber on sound [turtlebot3_msgs/Sound]
[rosout][INFO] 2023-04-22 15:21:59,037: Setup subscriber on motor_power [std_msgs/Bool]
[rosout][INFO] 2023-04-22 15:21:59,054: Setup subscriber on reset [std_msgs/Empty]
[rosout][INFO] 2023-04-22 15:21:59,293: Setup TF on Odometry [odom]
[rosout][INFO] 2023-04-22 15:21:59,298: Setup TF on IMU [imu_link]
[rosout][INFO] 2023-04-22 15:21:59,302: Setup TF on MagneticField [mag_link]
[rosout][INFO] 2023-04-22 15:21:59,305: Setup TF on JointState [base_link]
[rosout][INFO] 2023-04-22 15:21:59,325: --------------------------
[rosout][INFO] 2023-04-22 15:21:59,329: Connected to OpenCR board!
[rosout][INFO] 2023-04-22 15:21:59,332: This core(v1.2.2) is compatible with TB3 Burger
[rosout][INFO] 2023-04-22 15:21:59,336: --------------------------
[rosout][INFO] 2023-04-22 15:21:59,340: Start Calibration of Gyro
[rosout][INFO] 2023-04-22 15:22:01,858: Calibration End
[rosout][INFO] 2023-04-22 15:22:45,137: Send tx stop request
[rospy.core][INFO] 2023-04-22 15:22:45,142: signal_shutdown [atexit]
[rospy.internal][INFO] 2023-04-22 15:22:45,212: topic[/rosout] removing connection to /rosout
[rospy.impl.masterslave][INFO] 2023-04-22 15:22:45,213: atexit
[rospy.client][INFO] 2023-04-22 15:25:38,928: init_node, name[/turtlebot3_core], pid[9284]
[xmlrpc][INFO] 2023-04-22 15:25:38,930: XML-RPC server binding to 127.0.0.1:0
[xmlrpc][INFO] 2023-04-22 15:25:38,932: Started XML-RPC server [http://localhost:33175/]
[rospy.init][INFO] 2023-04-22 15:25:38,932: ROS Slave URI: [http://localhost:33175/]
[rospy.impl.masterslave][INFO] 2023-04-22 15:25:38,933: _ready: http://localhost:33175/
[rospy.registration][INFO] 2023-04-22 15:25:38,936: Registering with master node http://localhost:11311
[xmlrpc][INFO] 2023-04-22 15:25:38,937: xml rpc node: starting XML-RPC server
[rospy.init][INFO] 2023-04-22 15:25:39,034: registered with master
[rospy.rosout][INFO] 2023-04-22 15:25:39,035: initializing /rosout core topic
[rospy.rosout][INFO] 2023-04-22 15:25:39,044: connected to core topic /rosout
[rospy.simtime][INFO] 2023-04-22 15:25:39,049: /use_sim_time is not set, will not subscribe to simulated time [/clock] topic
[rosout][INFO] 2023-04-22 15:25:39,069: ROS Serial Python Node
[rosout][INFO] 2023-04-22 15:25:39,098: Connecting to /dev/ttyACM0 at 57600 baud
[rospy.internal][INFO] 2023-04-22 15:25:39,276: topic[/rosout] adding connection to [/rosout], count 0
[rosout][INFO] 2023-04-22 15:25:41,234: Note: publish buffer size is 1024 bytes
[rosout][INFO] 2023-04-22 15:25:41,238: Setup publisher on sensor_state [turtlebot3_msgs/SensorState]
[rosout][INFO] 2023-04-22 15:25:41,257: Setup publisher on firmware_version [turtlebot3_msgs/VersionInfo]
[rosout][INFO] 2023-04-22 15:25:41,335: Setup publisher on imu [sensor_msgs/Imu]
[rosout][INFO] 2023-04-22 15:25:41,345: Setup publisher on cmd_vel_rc100 [geometry_msgs/Twist]
[rosout][INFO] 2023-04-22 15:25:41,365: Setup publisher on odom [nav_msgs/Odometry]
[rosout][INFO] 2023-04-22 15:25:41,375: Setup publisher on joint_states [sensor_msgs/JointState]
[rosout][INFO] 2023-04-22 15:25:41,385: Setup publisher on battery_state [sensor_msgs/BatteryState]
[rosout][INFO] 2023-04-22 15:25:41,395: Setup publisher on magnetic_field [sensor_msgs/MagneticField]
[rosout][INFO] 2023-04-22 15:25:43,977: Setup publisher on /tf [tf/tfMessage]
[rosout][INFO] 2023-04-22 15:25:43,994: Note: subscribe buffer size is 1024 bytes
[rosout][INFO] 2023-04-22 15:25:43,997: Setup subscriber on cmd_vel [geometry_msgs/Twist]
[rosout][INFO] 2023-04-22 15:25:44,011: Setup subscriber on sound [turtlebot3_msgs/Sound]
[rosout][INFO] 2023-04-22 15:25:44,026: Setup subscriber on motor_power [std_msgs/Bool]
[rosout][INFO] 2023-04-22 15:25:44,041: Setup subscriber on reset [std_msgs/Empty]
[rosout][INFO] 2023-04-22 15:25:44,299: Setup TF on Odometry [odom]
[rosout][INFO] 2023-04-22 15:25:44,303: Setup TF on IMU [imu_link]
[rosout][INFO] 2023-04-22 15:25:44,307: Setup TF on MagneticField [mag_link]
[rosout][INFO] 2023-04-22 15:25:44,310: Setup TF on JointState [base_link]
[rosout][INFO] 2023-04-22 15:25:44,318: --------------------------
[rosout][INFO] 2023-04-22 15:25:44,322: Connected to OpenCR board!
[rosout][INFO] 2023-04-22 15:25:44,325: This core(v1.2.2) is compatible with TB3 Burger
[rosout][INFO] 2023-04-22 15:25:44,329: --------------------------
[rosout][INFO] 2023-04-22 15:25:44,333: Start Calibration of Gyro
[rosout][INFO] 2023-04-22 15:25:46,861: Calibration End
[rosout][INFO] 2023-04-22 15:26:13,652: Send tx stop request
[rospy.core][INFO] 2023-04-22 15:26:13,654: signal_shutdown [atexit]
[rospy.internal][INFO] 2023-04-22 15:26:13,686: topic[/rosout] removing connection to /rosout
[rospy.impl.masterslave][INFO] 2023-04-22 15:26:13,688: atexit
[rospy.client][INFO] 2023-04-22 15:27:20,308: init_node, name[/turtlebot3_core], pid[9818]
[xmlrpc][INFO] 2023-04-22 15:27:20,309: XML-RPC server binding to 127.0.0.1:0
[xmlrpc][INFO] 2023-04-22 15:27:20,311: Started XML-RPC server [http://localhost:40719/]
[rospy.init][INFO] 2023-04-22 15:27:20,312: ROS Slave URI: [http://localhost:40719/]
[rospy.impl.masterslave][INFO] 2023-04-22 15:27:20,312: _ready: http://localhost:40719/
[rospy.registration][INFO] 2023-04-22 15:27:20,315: Registering with master node http://localhost:11311
[xmlrpc][INFO] 2023-04-22 15:27:20,316: xml rpc node: starting XML-RPC server
[rospy.init][INFO] 2023-04-22 15:27:20,413: registered with master
[rospy.rosout][INFO] 2023-04-22 15:27:20,414: initializing /rosout core topic
[rospy.rosout][INFO] 2023-04-22 15:27:20,423: connected to core topic /rosout
[rospy.simtime][INFO] 2023-04-22 15:27:20,429: /use_sim_time is not set, will not subscribe to simulated time [/clock] topic
[rosout][INFO] 2023-04-22 15:27:20,450: ROS Serial Python Node
[rosout][INFO] 2023-04-22 15:27:20,482: Connecting to /dev/ttyACM0 at 57600 baud
[rospy.internal][INFO] 2023-04-22 15:27:20,652: topic[/rosout] adding connection to [/rosout], count 0
[rosout][INFO] 2023-04-22 15:27:22,619: Note: publish buffer size is 1024 bytes
[rosout][INFO] 2023-04-22 15:27:22,622: Setup publisher on sensor_state [turtlebot3_msgs/SensorState]
[rosout][INFO] 2023-04-22 15:27:22,640: Setup publisher on firmware_version [turtlebot3_msgs/VersionInfo]
[rosout][INFO] 2023-04-22 15:27:22,720: Setup publisher on imu [sensor_msgs/Imu]
[rosout][INFO] 2023-04-22 15:27:22,732: Setup publisher on cmd_vel_rc100 [geometry_msgs/Twist]
[rosout][INFO] 2023-04-22 15:27:22,751: Setup publisher on odom [nav_msgs/Odometry]
[rosout][INFO] 2023-04-22 15:27:22,761: Setup publisher on joint_states [sensor_msgs/JointState]
[rosout][INFO] 2023-04-22 15:27:22,771: Setup publisher on battery_state [sensor_msgs/BatteryState]
[rosout][INFO] 2023-04-22 15:27:22,780: Setup publisher on magnetic_field [sensor_msgs/MagneticField]
[rosout][INFO] 2023-04-22 15:27:25,330: Setup publisher on /tf [tf/tfMessage]
[rosout][INFO] 2023-04-22 15:27:25,346: Note: subscribe buffer size is 1024 bytes
[rosout][INFO] 2023-04-22 15:27:25,349: Setup subscriber on cmd_vel [geometry_msgs/Twist]
[rosout][INFO] 2023-04-22 15:27:25,366: Setup subscriber on sound [turtlebot3_msgs/Sound]
[rosout][INFO] 2023-04-22 15:27:25,383: Setup subscriber on motor_power [std_msgs/Bool]
[rosout][INFO] 2023-04-22 15:27:25,400: Setup subscriber on reset [std_msgs/Empty]
[rosout][INFO] 2023-04-22 15:27:25,683: Setup TF on Odometry [odom]
[rosout][INFO] 2023-04-22 15:27:25,687: Setup TF on IMU [imu_link]
[rosout][INFO] 2023-04-22 15:27:25,691: Setup TF on MagneticField [mag_link]
[rosout][INFO] 2023-04-22 15:27:25,694: Setup TF on JointState [base_link]
[rosout][INFO] 2023-04-22 15:27:25,713: --------------------------
[rosout][INFO] 2023-04-22 15:27:25,716: Connected to OpenCR board!
[rosout][INFO] 2023-04-22 15:27:25,720: This core(v1.2.2) is compatible with TB3 Burger
[rosout][INFO] 2023-04-22 15:27:25,723: --------------------------
[rosout][INFO] 2023-04-22 15:27:25,727: Start Calibration of Gyro
[rosout][INFO] 2023-04-22 15:27:28,249: Calibration End
[rospy.internal][INFO] 2023-04-22 15:27:30,582: topic[/cmd_vel] adding connection to [http://localhost:42581/], count 0
[rosout][INFO] 2023-04-22 15:30:21,751: Send tx stop request
[rospy.core][INFO] 2023-04-22 15:30:21,758: signal_shutdown [atexit]
[rospy.internal][ERROR] 2023-04-22 15:30:21,777: Unable to initiate TCP/IP socket to localhost:37191 (http://localhost:42581/): Traceback (most recent call last):
  File "/opt/ros/kinetic/lib/python2.7/dist-packages/rospy/impl/tcpros_base.py", line 557, in connect
    self.read_header()
  File "/opt/ros/kinetic/lib/python2.7/dist-packages/rospy/impl/tcpros_base.py", line 650, in read_header
    self._validate_header(read_ros_handshake_header(sock, self.read_buff, self.protocol.buff_size))
  File "/opt/ros/kinetic/lib/python2.7/dist-packages/rospy/impl/tcpros_base.py", line 593, in _validate_header
    raise TransportInitError("remote error reported: %s"%header['error'])
TransportInitError: remote error reported: node shutting down

[rospy.internal][INFO] 2023-04-22 15:30:21,810: topic[/rosout] removing connection to /rosout
[rospy.internal][INFO] 2023-04-22 15:30:21,811: topic[/cmd_vel] removing connection to http://localhost:42581/
[rospy.impl.masterslave][INFO] 2023-04-22 15:30:21,812: atexit
[rospy.client][INFO] 2023-04-22 15:30:54,920: init_node, name[/turtlebot3_core], pid[10248]
[xmlrpc][INFO] 2023-04-22 15:30:54,922: XML-RPC server binding to 127.0.0.1:0
[xmlrpc][INFO] 2023-04-22 15:30:54,924: Started XML-RPC server [http://localhost:46673/]
[rospy.init][INFO] 2023-04-22 15:30:54,925: ROS Slave URI: [http://localhost:46673/]
[rospy.impl.masterslave][INFO] 2023-04-22 15:30:54,925: _ready: http://localhost:46673/
[rospy.registration][INFO] 2023-04-22 15:30:54,928: Registering with master node http://localhost:11311
[xmlrpc][INFO] 2023-04-22 15:30:54,928: xml rpc node: starting XML-RPC server
[rospy.init][INFO] 2023-04-22 15:30:55,026: registered with master
[rospy.rosout][INFO] 2023-04-22 15:30:55,027: initializing /rosout core topic
[rospy.rosout][INFO] 2023-04-22 15:30:55,037: connected to core topic /rosout
[rospy.simtime][INFO] 2023-04-22 15:30:55,042: /use_sim_time is not set, will not subscribe to simulated time [/clock] topic
[rosout][INFO] 2023-04-22 15:30:55,057: ROS Serial Python Node
[rosout][INFO] 2023-04-22 15:30:55,092: Connecting to /dev/ttyACM0 at 57600 baud
[rospy.internal][INFO] 2023-04-22 15:30:55,321: topic[/rosout] adding connection to [/rosout], count 0
[rosout][INFO] 2023-04-22 15:30:57,229: Note: publish buffer size is 1024 bytes
[rosout][INFO] 2023-04-22 15:30:57,233: Setup publisher on sensor_state [turtlebot3_msgs/SensorState]
[rosout][INFO] 2023-04-22 15:30:57,251: Setup publisher on firmware_version [turtlebot3_msgs/VersionInfo]
[rosout][INFO] 2023-04-22 15:30:57,317: Setup publisher on imu [sensor_msgs/Imu]
[rosout][INFO] 2023-04-22 15:30:57,327: Setup publisher on cmd_vel_rc100 [geometry_msgs/Twist]
[rosout][INFO] 2023-04-22 15:30:57,346: Setup publisher on odom [nav_msgs/Odometry]
[rosout][INFO] 2023-04-22 15:30:57,356: Setup publisher on joint_states [sensor_msgs/JointState]
[rosout][INFO] 2023-04-22 15:30:57,366: Setup publisher on battery_state [sensor_msgs/BatteryState]
[rosout][INFO] 2023-04-22 15:30:57,375: Setup publisher on magnetic_field [sensor_msgs/MagneticField]
[rosout][INFO] 2023-04-22 15:30:59,996: Setup publisher on /tf [tf/tfMessage]
[rosout][INFO] 2023-04-22 15:31:00,014: Note: subscribe buffer size is 1024 bytes
[rosout][INFO] 2023-04-22 15:31:00,015: Setup subscriber on cmd_vel [geometry_msgs/Twist]
[rosout][INFO] 2023-04-22 15:31:00,031: Setup subscriber on sound [turtlebot3_msgs/Sound]
[rosout][INFO] 2023-04-22 15:31:00,045: Setup subscriber on motor_power [std_msgs/Bool]
[rosout][INFO] 2023-04-22 15:31:00,061: Setup subscriber on reset [std_msgs/Empty]
[rosout][INFO] 2023-04-22 15:31:00,294: Setup TF on Odometry [odom]
[rosout][INFO] 2023-04-22 15:31:00,298: Setup TF on IMU [imu_link]
[rosout][INFO] 2023-04-22 15:31:00,302: Setup TF on MagneticField [mag_link]
[rosout][INFO] 2023-04-22 15:31:00,305: Setup TF on JointState [base_link]
[rosout][INFO] 2023-04-22 15:31:00,313: --------------------------
[rosout][INFO] 2023-04-22 15:31:00,317: Connected to OpenCR board!
[rosout][INFO] 2023-04-22 15:31:00,320: This core(v1.2.2) is compatible with TB3 Burger
[rosout][INFO] 2023-04-22 15:31:00,324: --------------------------
[rosout][INFO] 2023-04-22 15:31:00,327: Start Calibration of Gyro
[rosout][INFO] 2023-04-22 15:31:02,856: Calibration End
[rosout][INFO] 2023-04-22 15:31:49,229: Send tx stop request
[rospy.core][INFO] 2023-04-22 15:31:49,231: signal_shutdown [atexit]
[rospy.internal][INFO] 2023-04-22 15:31:49,263: topic[/rosout] removing connection to /rosout
[rospy.impl.masterslave][INFO] 2023-04-22 15:31:49,265: atexit
[rospy.client][INFO] 2023-04-22 15:34:02,864: init_node, name[/turtlebot3_core], pid[10812]
[xmlrpc][INFO] 2023-04-22 15:34:02,866: XML-RPC server binding to 127.0.0.1:0
[xmlrpc][INFO] 2023-04-22 15:34:02,867: Started XML-RPC server [http://localhost:41119/]
[rospy.init][INFO] 2023-04-22 15:34:02,868: ROS Slave URI: [http://localhost:41119/]
[rospy.impl.masterslave][INFO] 2023-04-22 15:34:02,868: _ready: http://localhost:41119/
[rospy.registration][INFO] 2023-04-22 15:34:02,871: Registering with master node http://localhost:11311
[xmlrpc][INFO] 2023-04-22 15:34:02,872: xml rpc node: starting XML-RPC server
[rospy.init][INFO] 2023-04-22 15:34:02,969: registered with master
[rospy.rosout][INFO] 2023-04-22 15:34:02,970: initializing /rosout core topic
[rospy.rosout][INFO] 2023-04-22 15:34:02,980: connected to core topic /rosout
[rospy.simtime][INFO] 2023-04-22 15:34:02,986: /use_sim_time is not set, will not subscribe to simulated time [/clock] topic
[rosout][INFO] 2023-04-22 15:34:03,003: ROS Serial Python Node
[rosout][INFO] 2023-04-22 15:34:03,038: Connecting to /dev/ttyACM0 at 57600 baud
[rospy.internal][INFO] 2023-04-22 15:34:03,231: topic[/rosout] adding connection to [/rosout], count 0
[rosout][INFO] 2023-04-22 15:34:05,176: Note: publish buffer size is 1024 bytes
[rosout][INFO] 2023-04-22 15:34:05,179: Setup publisher on sensor_state [turtlebot3_msgs/SensorState]
[rosout][INFO] 2023-04-22 15:34:05,198: Setup publisher on firmware_version [turtlebot3_msgs/VersionInfo]
[rosout][INFO] 2023-04-22 15:34:05,278: Setup publisher on imu [sensor_msgs/Imu]
[rosout][INFO] 2023-04-22 15:34:05,297: Setup publisher on cmd_vel_rc100 [geometry_msgs/Twist]
[rosout][INFO] 2023-04-22 15:34:05,328: Setup publisher on odom [nav_msgs/Odometry]
[rosout][INFO] 2023-04-22 15:34:05,338: Setup publisher on joint_states [sensor_msgs/JointState]
[rosout][INFO] 2023-04-22 15:34:05,349: Setup publisher on battery_state [sensor_msgs/BatteryState]
[rosout][INFO] 2023-04-22 15:34:05,359: Setup publisher on magnetic_field [sensor_msgs/MagneticField]
[rosout][INFO] 2023-04-22 15:34:07,865: Setup publisher on /tf [tf/tfMessage]
[rosout][INFO] 2023-04-22 15:34:07,880: Note: subscribe buffer size is 1024 bytes
[rosout][INFO] 2023-04-22 15:34:07,882: Setup subscriber on cmd_vel [geometry_msgs/Twist]
[rosout][INFO] 2023-04-22 15:34:07,897: Setup subscriber on sound [turtlebot3_msgs/Sound]
[rosout][INFO] 2023-04-22 15:34:07,912: Setup subscriber on motor_power [std_msgs/Bool]
[rosout][INFO] 2023-04-22 15:34:07,929: Setup subscriber on reset [std_msgs/Empty]
[rosout][INFO] 2023-04-22 15:34:08,239: Setup TF on Odometry [odom]
[rosout][INFO] 2023-04-22 15:34:08,243: Setup TF on IMU [imu_link]
[rosout][INFO] 2023-04-22 15:34:08,247: Setup TF on MagneticField [mag_link]
[rosout][INFO] 2023-04-22 15:34:08,250: Setup TF on JointState [base_link]
[rosout][INFO] 2023-04-22 15:34:08,258: --------------------------
[rosout][INFO] 2023-04-22 15:34:08,261: Connected to OpenCR board!
[rosout][INFO] 2023-04-22 15:34:08,265: This core(v1.2.2) is compatible with TB3 Burger
[rosout][INFO] 2023-04-22 15:34:08,269: --------------------------
[rosout][INFO] 2023-04-22 15:34:08,272: Start Calibration of Gyro
[rosout][INFO] 2023-04-22 15:34:10,801: Calibration End
[rospy.internal][INFO] 2023-04-22 15:34:26,628: topic[/cmd_vel] adding connection to [http://localhost:46739/], count 0
[rosout][INFO] 2023-04-22 15:36:04,155: Send tx stop request
[rospy.core][INFO] 2023-04-22 15:36:04,159: signal_shutdown [atexit]
[rospy.internal][WARNING] 2023-04-22 15:36:04,186: Unknown error initiating TCP/IP socket to localhost:40105 (http://localhost:46739/): Traceback (most recent call last):
  File "/opt/ros/kinetic/lib/python2.7/dist-packages/rospy/impl/tcpros_base.py", line 557, in connect
    self.read_header()
  File "/opt/ros/kinetic/lib/python2.7/dist-packages/rospy/impl/tcpros_base.py", line 650, in read_header
    self._validate_header(read_ros_handshake_header(sock, self.read_buff, self.protocol.buff_size))
  File "/opt/ros/kinetic/lib/python2.7/dist-packages/rosgraph/network.py", line 362, in read_ros_handshake_header
    d = sock.recv(buff_size)
error: [Errno 104] Connection reset by peer

[rospy.internal][INFO] 2023-04-22 15:36:04,187: topic[/cmd_vel] removing connection to http://localhost:46739/
[rospy.internal][INFO] 2023-04-22 15:36:04,199: topic[/rosout] removing connection to /rosout
[rospy.impl.masterslave][INFO] 2023-04-22 15:36:04,200: atexit
[rospy.client][INFO] 2023-04-22 15:38:55,259: init_node, name[/turtlebot3_core], pid[11435]
[xmlrpc][INFO] 2023-04-22 15:38:55,260: XML-RPC server binding to 127.0.0.1:0
[xmlrpc][INFO] 2023-04-22 15:38:55,262: Started XML-RPC server [http://localhost:40969/]
[rospy.init][INFO] 2023-04-22 15:38:55,262: ROS Slave URI: [http://localhost:40969/]
[rospy.impl.masterslave][INFO] 2023-04-22 15:38:55,263: _ready: http://localhost:40969/
[rospy.registration][INFO] 2023-04-22 15:38:55,266: Registering with master node http://localhost:11311
[xmlrpc][INFO] 2023-04-22 15:38:55,267: xml rpc node: starting XML-RPC server
[rospy.init][INFO] 2023-04-22 15:38:55,364: registered with master
[rospy.rosout][INFO] 2023-04-22 15:38:55,365: initializing /rosout core topic
[rospy.rosout][INFO] 2023-04-22 15:38:55,374: connected to core topic /rosout
[rospy.simtime][INFO] 2023-04-22 15:38:55,380: /use_sim_time is not set, will not subscribe to simulated time [/clock] topic
[rosout][INFO] 2023-04-22 15:38:55,397: ROS Serial Python Node
[rosout][INFO] 2023-04-22 15:38:55,424: Connecting to /dev/ttyACM0 at 57600 baud
[rospy.internal][INFO] 2023-04-22 15:38:55,673: topic[/rosout] adding connection to [/rosout], count 0
[rosout][INFO] 2023-04-22 15:38:57,560: Note: publish buffer size is 1024 bytes
[rosout][INFO] 2023-04-22 15:38:57,564: Setup publisher on sensor_state [turtlebot3_msgs/SensorState]
[rosout][INFO] 2023-04-22 15:38:57,582: Setup publisher on firmware_version [turtlebot3_msgs/VersionInfo]
[rosout][INFO] 2023-04-22 15:38:57,638: Setup publisher on imu [sensor_msgs/Imu]
[rosout][INFO] 2023-04-22 15:38:57,648: Setup publisher on cmd_vel_rc100 [geometry_msgs/Twist]
[rosout][INFO] 2023-04-22 15:38:57,667: Setup publisher on odom [nav_msgs/Odometry]
[rosout][INFO] 2023-04-22 15:38:57,677: Setup publisher on joint_states [sensor_msgs/JointState]
[rosout][INFO] 2023-04-22 15:38:57,686: Setup publisher on battery_state [sensor_msgs/BatteryState]
[rosout][INFO] 2023-04-22 15:38:57,696: Setup publisher on magnetic_field [sensor_msgs/MagneticField]
[rosout][INFO] 2023-04-22 15:39:00,218: Setup publisher on /tf [tf/tfMessage]
[rosout][INFO] 2023-04-22 15:39:00,234: Note: subscribe buffer size is 1024 bytes
[rosout][INFO] 2023-04-22 15:39:00,235: Setup subscriber on cmd_vel [geometry_msgs/Twist]
[rosout][INFO] 2023-04-22 15:39:00,250: Setup subscriber on sound [turtlebot3_msgs/Sound]
[rosout][INFO] 2023-04-22 15:39:00,265: Setup subscriber on motor_power [std_msgs/Bool]
[rosout][INFO] 2023-04-22 15:39:00,281: Setup subscriber on reset [std_msgs/Empty]
[rosout][INFO] 2023-04-22 15:39:00,624: Setup TF on Odometry [odom]
[rosout][INFO] 2023-04-22 15:39:00,628: Setup TF on IMU [imu_link]
[rosout][INFO] 2023-04-22 15:39:00,632: Setup TF on MagneticField [mag_link]
[rosout][INFO] 2023-04-22 15:39:00,635: Setup TF on JointState [base_link]
[rosout][INFO] 2023-04-22 15:39:00,643: --------------------------
[rosout][INFO] 2023-04-22 15:39:00,646: Connected to OpenCR board!
[rosout][INFO] 2023-04-22 15:39:00,650: This core(v1.2.2) is compatible with TB3 Burger
[rosout][INFO] 2023-04-22 15:39:00,653: --------------------------
[rosout][INFO] 2023-04-22 15:39:00,657: Start Calibration of Gyro
[rosout][INFO] 2023-04-22 15:39:03,185: Calibration End
[rospy.internal][INFO] 2023-04-22 15:39:09,809: topic[/cmd_vel] adding connection to [http://localhost:46219/], count 0
[rosout][INFO] 2023-04-22 15:39:57,186: Send tx stop request
[rospy.core][INFO] 2023-04-22 15:39:57,189: signal_shutdown [atexit]
[rospy.internal][ERROR] 2023-04-22 15:39:57,204: Unable to initiate TCP/IP socket to localhost:35145 (http://localhost:46219/): Traceback (most recent call last):
  File "/opt/ros/kinetic/lib/python2.7/dist-packages/rospy/impl/tcpros_base.py", line 557, in connect
    self.read_header()
  File "/opt/ros/kinetic/lib/python2.7/dist-packages/rospy/impl/tcpros_base.py", line 650, in read_header
    self._validate_header(read_ros_handshake_header(sock, self.read_buff, self.protocol.buff_size))
  File "/opt/ros/kinetic/lib/python2.7/dist-packages/rospy/impl/tcpros_base.py", line 593, in _validate_header
    raise TransportInitError("remote error reported: %s"%header['error'])
TransportInitError: remote error reported: node shutting down

[rospy.internal][INFO] 2023-04-22 15:39:57,224: topic[/rosout] removing connection to /rosout
[rospy.internal][INFO] 2023-04-22 15:39:57,226: topic[/cmd_vel] removing connection to http://localhost:46219/
[rospy.impl.masterslave][INFO] 2023-04-22 15:39:57,226: atexit
[rospy.client][INFO] 2023-04-22 15:50:56,334: init_node, name[/turtlebot3_core], pid[12002]
[xmlrpc][INFO] 2023-04-22 15:50:56,336: XML-RPC server binding to 127.0.0.1:0
[xmlrpc][INFO] 2023-04-22 15:50:56,337: Started XML-RPC server [http://localhost:37667/]
[rospy.init][INFO] 2023-04-22 15:50:56,338: ROS Slave URI: [http://localhost:37667/]
[rospy.impl.masterslave][INFO] 2023-04-22 15:50:56,339: _ready: http://localhost:37667/
[rospy.registration][INFO] 2023-04-22 15:50:56,342: Registering with master node http://localhost:11311
[xmlrpc][INFO] 2023-04-22 15:50:56,342: xml rpc node: starting XML-RPC server
[rospy.init][INFO] 2023-04-22 15:50:56,439: registered with master
[rospy.rosout][INFO] 2023-04-22 15:50:56,440: initializing /rosout core topic
[rospy.rosout][INFO] 2023-04-22 15:50:56,450: connected to core topic /rosout
[rospy.simtime][INFO] 2023-04-22 15:50:56,456: /use_sim_time is not set, will not subscribe to simulated time [/clock] topic
[rosout][INFO] 2023-04-22 15:50:56,473: ROS Serial Python Node
[rosout][INFO] 2023-04-22 15:50:56,501: Connecting to /dev/ttyACM0 at 57600 baud
[rospy.internal][INFO] 2023-04-22 15:50:56,757: topic[/rosout] adding connection to [/rosout], count 0
[rosout][INFO] 2023-04-22 15:50:58,638: Note: publish buffer size is 1024 bytes
[rosout][INFO] 2023-04-22 15:50:58,642: Setup publisher on sensor_state [turtlebot3_msgs/SensorState]
[rosout][INFO] 2023-04-22 15:50:58,660: Setup publisher on firmware_version [turtlebot3_msgs/VersionInfo]
[rosout][INFO] 2023-04-22 15:50:58,732: Setup publisher on imu [sensor_msgs/Imu]
[rosout][INFO] 2023-04-22 15:50:58,742: Setup publisher on cmd_vel_rc100 [geometry_msgs/Twist]
[rosout][INFO] 2023-04-22 15:50:58,761: Setup publisher on odom [nav_msgs/Odometry]
[rosout][INFO] 2023-04-22 15:50:58,771: Setup publisher on joint_states [sensor_msgs/JointState]
[rosout][INFO] 2023-04-22 15:50:58,780: Setup publisher on battery_state [sensor_msgs/BatteryState]
[rosout][INFO] 2023-04-22 15:50:58,790: Setup publisher on magnetic_field [sensor_msgs/MagneticField]
[rosout][INFO] 2023-04-22 15:51:01,326: Setup publisher on /tf [tf/tfMessage]
[rosout][INFO] 2023-04-22 15:51:01,341: Note: subscribe buffer size is 1024 bytes
[rosout][INFO] 2023-04-22 15:51:01,343: Setup subscriber on cmd_vel [geometry_msgs/Twist]
[rosout][INFO] 2023-04-22 15:51:01,358: Setup subscriber on sound [turtlebot3_msgs/Sound]
[rosout][INFO] 2023-04-22 15:51:01,373: Setup subscriber on motor_power [std_msgs/Bool]
[rosout][INFO] 2023-04-22 15:51:01,389: Setup subscriber on reset [std_msgs/Empty]
[rosout][INFO] 2023-04-22 15:51:01,702: Setup TF on Odometry [odom]
[rosout][INFO] 2023-04-22 15:51:01,705: Setup TF on IMU [imu_link]
[rosout][INFO] 2023-04-22 15:51:01,709: Setup TF on MagneticField [mag_link]
[rosout][INFO] 2023-04-22 15:51:01,713: Setup TF on JointState [base_link]
[rosout][INFO] 2023-04-22 15:51:01,720: --------------------------
[rosout][INFO] 2023-04-22 15:51:01,724: Connected to OpenCR board!
[rosout][INFO] 2023-04-22 15:51:01,727: This core(v1.2.2) is compatible with TB3 Burger
[rosout][INFO] 2023-04-22 15:51:01,731: --------------------------
[rosout][INFO] 2023-04-22 15:51:01,734: Start Calibration of Gyro
[rosout][INFO] 2023-04-22 15:51:04,264: Calibration End
[rospy.internal][INFO] 2023-04-22 15:51:17,243: topic[/cmd_vel] adding connection to [http://localhost:41013/], count 0
[rospy.internal][ERROR] 2023-04-22 15:51:43,105: Unable to initiate TCP/IP socket to localhost:40767 (http://localhost:41013/): Traceback (most recent call last):
  File "/opt/ros/kinetic/lib/python2.7/dist-packages/rospy/impl/tcpros_base.py", line 557, in connect
    self.read_header()
  File "/opt/ros/kinetic/lib/python2.7/dist-packages/rospy/impl/tcpros_base.py", line 650, in read_header
    self._validate_header(read_ros_handshake_header(sock, self.read_buff, self.protocol.buff_size))
  File "/opt/ros/kinetic/lib/python2.7/dist-packages/rospy/impl/tcpros_base.py", line 593, in _validate_header
    raise TransportInitError("remote error reported: %s"%header['error'])
TransportInitError: remote error reported: node shutting down

[rospy.internal][WARNING] 2023-04-22 15:51:44,111: Unknown error initiating TCP/IP socket to localhost:40767 (http://localhost:41013/): Traceback (most recent call last):
  File "/opt/ros/kinetic/lib/python2.7/dist-packages/rospy/impl/tcpros_base.py", line 555, in connect
    self.socket.connect((dest_addr, dest_port))
  File "/usr/lib/python2.7/socket.py", line 228, in meth
    return getattr(self._sock,name)(*args)
error: [Errno 111] Connection refused

[rospy.internal][INFO] 2023-04-22 15:51:44,112: topic[/cmd_vel] removing connection to http://localhost:41013/
[rosout][INFO] 2023-04-22 15:51:53,748: Send tx stop request
[rospy.core][INFO] 2023-04-22 15:51:53,750: signal_shutdown [atexit]
[rospy.internal][INFO] 2023-04-22 15:51:53,783: topic[/rosout] removing connection to /rosout
[rospy.impl.masterslave][INFO] 2023-04-22 15:51:53,784: atexit
