[rospy.client][INFO] 2023-05-08 11:15:06,917: init_node, name[/rostopic_1834_1683515706823], pid[1834]
[xmlrpc][INFO] 2023-05-08 11:15:06,919: XML-RPC server binding to 127.0.0.1:0
[xmlrpc][INFO] 2023-05-08 11:15:06,921: Started XML-RPC server [http://localhost:44307/]
[rospy.init][INFO] 2023-05-08 11:15:06,922: ROS Slave URI: [http://localhost:44307/]
[rospy.impl.masterslave][INFO] 2023-05-08 11:15:06,922: _ready: http://localhost:44307/
[rospy.registration][INFO] 2023-05-08 11:15:06,924: Registering with master node http://localhost:11311
[xmlrpc][INFO] 2023-05-08 11:15:06,925: xml rpc node: starting XML-RPC server
[rospy.init][INFO] 2023-05-08 11:15:07,023: registered with master
[rospy.rosout][INFO] 2023-05-08 11:15:07,025: initializing /rosout core topic
[rospy.rosout][INFO] 2023-05-08 11:15:07,034: connected to core topic /rosout
[rospy.simtime][INFO] 2023-05-08 11:15:07,040: /use_sim_time is not set, will not subscribe to simulated time [/clock] topic
[rospy.internal][INFO] 2023-05-08 11:15:07,159: topic[/cmd_vel] adding connection to [http://localhost:34829/], count 0
[rospy.internal][INFO] 2023-05-08 11:15:07,275: topic[/rosout] adding connection to [/rosout], count 0
[rospy.core][INFO] 2023-05-08 11:15:24,644: signal_shutdown [signal-2]
[rospy.internal][INFO] 2023-05-08 11:15:24,657: topic[/rosout] removing connection to /rosout
[rospy.internal][INFO] 2023-05-08 11:15:24,661: topic[/cmd_vel] removing connection to http://localhost:34829/
[rospy.impl.masterslave][INFO] 2023-05-08 11:15:24,662: signal-2
[rospy.internal][WARNING] 2023-05-08 11:15:24,666: Unknown error initiating TCP/IP socket to localhost:38893 (http://localhost:34829/): Traceback (most recent call last):
  File "/opt/ros/kinetic/lib/python2.7/dist-packages/rospy/impl/tcpros_base.py", line 558, in connect
    self.local_endpoint = self.socket.getsockname()
AttributeError: 'NoneType' object has no attribute 'getsockname'

[rospy.core][INFO] 2023-05-08 11:15:24,772: signal_shutdown [atexit]
