[rospy.client][INFO] 2023-04-21 21:55:53,350: init_node, name[/talker_2458_1682085353270], pid[2458]
[xmlrpc][INFO] 2023-04-21 21:55:53,351: XML-RPC server binding to 127.0.0.1:0
[xmlrpc][INFO] 2023-04-21 21:55:53,352: Started XML-RPC server [http://localhost:35177/]
[rospy.init][INFO] 2023-04-21 21:55:53,353: ROS Slave URI: [http://localhost:35177/]
[rospy.impl.masterslave][INFO] 2023-04-21 21:55:53,353: _ready: http://localhost:35177/
[rospy.registration][INFO] 2023-04-21 21:55:53,356: Registering with master node http://localhost:11311
[xmlrpc][INFO] 2023-04-21 21:55:53,357: xml rpc node: starting XML-RPC server
[rospy.registration][INFO] 2023-04-21 21:55:53,357: Registering publisher topic [/chatter] type [std_msgs/String] with master
[rospy.init][INFO] 2023-04-21 21:55:53,454: registered with master
[rospy.rosout][INFO] 2023-04-21 21:55:53,455: initializing /rosout core topic
[rospy.rosout][INFO] 2023-04-21 21:55:53,461: connected to core topic /rosout
[rospy.simtime][INFO] 2023-04-21 21:55:53,467: /use_sim_time is not set, will not subscribe to simulated time [/clock] topic
[rosout][INFO] 2023-04-21 21:55:53,484: hello world 1682085353.48
[rosout][INFO] 2023-04-21 21:55:53,585: hello world 1682085353.59
[rospy.internal][INFO] 2023-04-21 21:55:53,680: topic[/rosout] adding connection to [/rosout], count 0
[rosout][INFO] 2023-04-21 21:55:53,685: hello world 1682085353.69
[rosout][INFO] 2023-04-21 21:55:53,785: hello world 1682085353.79
[rosout][INFO] 2023-04-21 21:55:53,885: hello world 1682085353.89
[rosout][INFO] 2023-04-21 21:55:53,985: hello world 1682085353.99
[rosout][INFO] 2023-04-21 21:55:54,085: hello world 1682085354.09
[rosout][INFO] 2023-04-21 21:55:54,185: hello world 1682085354.19
[rosout][INFO] 2023-04-21 21:55:54,285: hello world 1682085354.29
[rosout][INFO] 2023-04-21 21:55:54,385: hello world 1682085354.39
[rosout][INFO] 2023-04-21 21:55:54,485: hello world 1682085354.49
[rosout][INFO] 2023-04-21 21:55:54,585: hello world 1682085354.59
[rosout][INFO] 2023-04-21 21:55:54,685: hello world 1682085354.69
[rosout][INFO] 2023-04-21 21:55:54,785: hello world 1682085354.79
[rosout][INFO] 2023-04-21 21:55:54,885: hello world 1682085354.89
[rosout][INFO] 2023-04-21 21:55:54,985: hello world 1682085354.99
[rosout][INFO] 2023-04-21 21:55:55,085: hello world 1682085355.09
[rosout][INFO] 2023-04-21 21:55:55,185: hello world 1682085355.19
[rosout][INFO] 2023-04-21 21:55:55,285: hello world 1682085355.29
[rosout][INFO] 2023-04-21 21:55:55,385: hello world 1682085355.39
[rosout][INFO] 2023-04-21 21:55:55,485: hello world 1682085355.49
[rosout][INFO] 2023-04-21 21:55:55,585: hello world 1682085355.59
[rosout][INFO] 2023-04-21 21:55:55,685: hello world 1682085355.69
[rosout][INFO] 2023-04-21 21:55:55,785: hello world 1682085355.79
[rosout][INFO] 2023-04-21 21:55:55,885: hello world 1682085355.89
[rosout][INFO] 2023-04-21 21:55:55,985: hello world 1682085355.99
[rosout][INFO] 2023-04-21 21:55:56,085: hello world 1682085356.09
[rosout][INFO] 2023-04-21 21:55:56,185: hello world 1682085356.19
[rosout][INFO] 2023-04-21 21:55:56,285: hello world 1682085356.29
[rosout][INFO] 2023-04-21 21:55:56,385: hello world 1682085356.39
[rosout][INFO] 2023-04-21 21:55:56,485: hello world 1682085356.49
[rosout][INFO] 2023-04-21 21:55:56,585: hello world 1682085356.59
[rosout][INFO] 2023-04-21 21:55:56,685: hello world 1682085356.69
[rosout][INFO] 2023-04-21 21:55:56,785: hello world 1682085356.79
[rosout][INFO] 2023-04-21 21:55:56,885: hello world 1682085356.89
[rosout][INFO] 2023-04-21 21:55:56,985: hello world 1682085356.99
[rosout][INFO] 2023-04-21 21:55:57,085: hello world 1682085357.09
[rosout][INFO] 2023-04-21 21:55:57,185: hello world 1682085357.19
[rosout][INFO] 2023-04-21 21:55:57,285: hello world 1682085357.29
[rosout][INFO] 2023-04-21 21:55:57,385: hello world 1682085357.39
[rosout][INFO] 2023-04-21 21:55:57,485: hello world 1682085357.49
[rosout][INFO] 2023-04-21 21:55:57,585: hello world 1682085357.59
[rosout][INFO] 2023-04-21 21:55:57,685: hello world 1682085357.69
[rosout][INFO] 2023-04-21 21:55:57,785: hello world 1682085357.79
[rosout][INFO] 2023-04-21 21:55:57,885: hello world 1682085357.89
[rosout][INFO] 2023-04-21 21:55:57,985: hello world 1682085357.99
[rosout][INFO] 2023-04-21 21:55:58,085: hello world 1682085358.09
[rosout][INFO] 2023-04-21 21:55:58,185: hello world 1682085358.19
[rosout][INFO] 2023-04-21 21:55:58,285: hello world 1682085358.29
[rosout][INFO] 2023-04-21 21:55:58,385: hello world 1682085358.39
[rosout][INFO] 2023-04-21 21:55:58,485: hello world 1682085358.49
[rosout][INFO] 2023-04-21 21:55:58,585: hello world 1682085358.59
[rosout][INFO] 2023-04-21 21:55:58,685: hello world 1682085358.69
[rosout][INFO] 2023-04-21 21:55:58,785: hello world 1682085358.79
[rosout][INFO] 2023-04-21 21:55:58,885: hello world 1682085358.89
[rosout][INFO] 2023-04-21 21:55:58,985: hello world 1682085358.99
[rosout][INFO] 2023-04-21 21:55:59,085: hello world 1682085359.09
[rosout][INFO] 2023-04-21 21:55:59,185: hello world 1682085359.19
[rosout][INFO] 2023-04-21 21:55:59,285: hello world 1682085359.29
[rosout][INFO] 2023-04-21 21:55:59,385: hello world 1682085359.39
[rosout][INFO] 2023-04-21 21:55:59,485: hello world 1682085359.49
[rosout][INFO] 2023-04-21 21:55:59,585: hello world 1682085359.59
[rosout][INFO] 2023-04-21 21:55:59,685: hello world 1682085359.69
[rosout][INFO] 2023-04-21 21:55:59,785: hello world 1682085359.79
[rosout][INFO] 2023-04-21 21:55:59,885: hello world 1682085359.89
[rosout][INFO] 2023-04-21 21:55:59,985: hello world 1682085359.99
[rosout][INFO] 2023-04-21 21:56:00,085: hello world 1682085360.09
[rosout][INFO] 2023-04-21 21:56:00,185: hello world 1682085360.19
[rosout][INFO] 2023-04-21 21:56:00,285: hello world 1682085360.29
[rosout][INFO] 2023-04-21 21:56:00,385: hello world 1682085360.39
[rosout][INFO] 2023-04-21 21:56:00,485: hello world 1682085360.49
[rosout][INFO] 2023-04-21 21:56:00,585: hello world 1682085360.59
[rosout][INFO] 2023-04-21 21:56:00,685: hello world 1682085360.69
[rosout][INFO] 2023-04-21 21:56:00,785: hello world 1682085360.79
[rosout][INFO] 2023-04-21 21:56:00,885: hello world 1682085360.89
[rosout][INFO] 2023-04-21 21:56:00,985: hello world 1682085360.99
[rosout][INFO] 2023-04-21 21:56:01,085: hello world 1682085361.09
[rosout][INFO] 2023-04-21 21:56:01,185: hello world 1682085361.19
[rosout][INFO] 2023-04-21 21:56:01,285: hello world 1682085361.29
[rosout][INFO] 2023-04-21 21:56:01,385: hello world 1682085361.39
[rosout][INFO] 2023-04-21 21:56:01,485: hello world 1682085361.49
[rosout][INFO] 2023-04-21 21:56:01,585: hello world 1682085361.59
[rosout][INFO] 2023-04-21 21:56:01,685: hello world 1682085361.69
[rosout][INFO] 2023-04-21 21:56:01,785: hello world 1682085361.79
[rosout][INFO] 2023-04-21 21:56:01,885: hello world 1682085361.89
[rosout][INFO] 2023-04-21 21:56:01,985: hello world 1682085361.99
[rosout][INFO] 2023-04-21 21:56:02,085: hello world 1682085362.09
[rosout][INFO] 2023-04-21 21:56:02,185: hello world 1682085362.19
[rosout][INFO] 2023-04-21 21:56:02,285: hello world 1682085362.29
[rosout][INFO] 2023-04-21 21:56:02,385: hello world 1682085362.39
[rosout][INFO] 2023-04-21 21:56:02,485: hello world 1682085362.49
[rosout][INFO] 2023-04-21 21:56:02,585: hello world 1682085362.59
[rosout][INFO] 2023-04-21 21:56:02,685: hello world 1682085362.69
[rosout][INFO] 2023-04-21 21:56:02,785: hello world 1682085362.79
[rosout][INFO] 2023-04-21 21:56:02,885: hello world 1682085362.89
[rosout][INFO] 2023-04-21 21:56:02,985: hello world 1682085362.99
[rosout][INFO] 2023-04-21 21:56:03,085: hello world 1682085363.09
[rosout][INFO] 2023-04-21 21:56:03,185: hello world 1682085363.19
[rosout][INFO] 2023-04-21 21:56:03,285: hello world 1682085363.29
[rosout][INFO] 2023-04-21 21:56:03,385: hello world 1682085363.39
[rosout][INFO] 2023-04-21 21:56:03,485: hello world 1682085363.49
[rosout][INFO] 2023-04-21 21:56:03,585: hello world 1682085363.59
[rosout][INFO] 2023-04-21 21:56:03,685: hello world 1682085363.69
[rosout][INFO] 2023-04-21 21:56:03,785: hello world 1682085363.79
[rosout][INFO] 2023-04-21 21:56:03,885: hello world 1682085363.89
[rosout][INFO] 2023-04-21 21:56:03,985: hello world 1682085363.99
[rosout][INFO] 2023-04-21 21:56:04,085: hello world 1682085364.09
[rosout][INFO] 2023-04-21 21:56:04,185: hello world 1682085364.19
[rosout][INFO] 2023-04-21 21:56:04,285: hello world 1682085364.29
[rosout][INFO] 2023-04-21 21:56:04,385: hello world 1682085364.39
[rosout][INFO] 2023-04-21 21:56:04,485: hello world 1682085364.49
[rosout][INFO] 2023-04-21 21:56:04,585: hello world 1682085364.59
[rosout][INFO] 2023-04-21 21:56:04,685: hello world 1682085364.69
[rosout][INFO] 2023-04-21 21:56:04,785: hello world 1682085364.79
[rosout][INFO] 2023-04-21 21:56:04,885: hello world 1682085364.89
[rosout][INFO] 2023-04-21 21:56:04,985: hello world 1682085364.99
[rosout][INFO] 2023-04-21 21:56:05,085: hello world 1682085365.09
[rosout][INFO] 2023-04-21 21:56:05,185: hello world 1682085365.19
[rosout][INFO] 2023-04-21 21:56:05,285: hello world 1682085365.29
[rosout][INFO] 2023-04-21 21:56:05,385: hello world 1682085365.39
[rosout][INFO] 2023-04-21 21:56:05,485: hello world 1682085365.49
[rosout][INFO] 2023-04-21 21:56:05,585: hello world 1682085365.59
[rosout][INFO] 2023-04-21 21:56:05,685: hello world 1682085365.69
[rosout][INFO] 2023-04-21 21:56:05,785: hello world 1682085365.79
[rosout][INFO] 2023-04-21 21:56:05,885: hello world 1682085365.89
[rosout][INFO] 2023-04-21 21:56:05,985: hello world 1682085365.99
[rosout][INFO] 2023-04-21 21:56:06,085: hello world 1682085366.09
[rosout][INFO] 2023-04-21 21:56:06,185: hello world 1682085366.19
[rosout][INFO] 2023-04-21 21:56:06,285: hello world 1682085366.29
[rosout][INFO] 2023-04-21 21:56:06,385: hello world 1682085366.39
[rosout][INFO] 2023-04-21 21:56:06,485: hello world 1682085366.49
[rosout][INFO] 2023-04-21 21:56:06,585: hello world 1682085366.59
[rosout][INFO] 2023-04-21 21:56:06,685: hello world 1682085366.69
[rosout][INFO] 2023-04-21 21:56:06,785: hello world 1682085366.79
[rosout][INFO] 2023-04-21 21:56:06,885: hello world 1682085366.89
[rosout][INFO] 2023-04-21 21:56:06,985: hello world 1682085366.99
[rosout][INFO] 2023-04-21 21:56:07,085: hello world 1682085367.09
[rosout][INFO] 2023-04-21 21:56:07,185: hello world 1682085367.19
[rosout][INFO] 2023-04-21 21:56:07,285: hello world 1682085367.29
[rosout][INFO] 2023-04-21 21:56:07,385: hello world 1682085367.39
[rosout][INFO] 2023-04-21 21:56:07,485: hello world 1682085367.49
[rosout][INFO] 2023-04-21 21:56:07,585: hello world 1682085367.59
[rosout][INFO] 2023-04-21 21:56:07,685: hello world 1682085367.69
[rosout][INFO] 2023-04-21 21:56:07,785: hello world 1682085367.79
[rosout][INFO] 2023-04-21 21:56:07,885: hello world 1682085367.89
[rosout][INFO] 2023-04-21 21:56:07,985: hello world 1682085367.99
[rosout][INFO] 2023-04-21 21:56:08,085: hello world 1682085368.09
[rosout][INFO] 2023-04-21 21:56:08,185: hello world 1682085368.19
[rosout][INFO] 2023-04-21 21:56:08,285: hello world 1682085368.29
[rosout][INFO] 2023-04-21 21:56:08,385: hello world 1682085368.39
[rosout][INFO] 2023-04-21 21:56:08,485: hello world 1682085368.49
[rosout][INFO] 2023-04-21 21:56:08,585: hello world 1682085368.59
[rosout][INFO] 2023-04-21 21:56:08,685: hello world 1682085368.69
[rosout][INFO] 2023-04-21 21:56:08,785: hello world 1682085368.79
[rosout][INFO] 2023-04-21 21:56:08,885: hello world 1682085368.89
[rosout][INFO] 2023-04-21 21:56:08,985: hello world 1682085368.99
[rosout][INFO] 2023-04-21 21:56:09,085: hello world 1682085369.09
[rosout][INFO] 2023-04-21 21:56:09,185: hello world 1682085369.19
[rosout][INFO] 2023-04-21 21:56:09,285: hello world 1682085369.29
[rosout][INFO] 2023-04-21 21:56:09,385: hello world 1682085369.39
[rosout][INFO] 2023-04-21 21:56:09,485: hello world 1682085369.49
[rosout][INFO] 2023-04-21 21:56:09,585: hello world 1682085369.59
[rosout][INFO] 2023-04-21 21:56:09,685: hello world 1682085369.69
[rosout][INFO] 2023-04-21 21:56:09,785: hello world 1682085369.79
[rosout][INFO] 2023-04-21 21:56:09,885: hello world 1682085369.89
[rosout][INFO] 2023-04-21 21:56:09,985: hello world 1682085369.99
[rosout][INFO] 2023-04-21 21:56:10,085: hello world 1682085370.09
[rosout][INFO] 2023-04-21 21:56:10,185: hello world 1682085370.19
[rosout][INFO] 2023-04-21 21:56:10,285: hello world 1682085370.29
[rosout][INFO] 2023-04-21 21:56:10,385: hello world 1682085370.39
[rosout][INFO] 2023-04-21 21:56:10,485: hello world 1682085370.49
[rosout][INFO] 2023-04-21 21:56:10,585: hello world 1682085370.59
[rosout][INFO] 2023-04-21 21:56:10,685: hello world 1682085370.69
[rosout][INFO] 2023-04-21 21:56:10,785: hello world 1682085370.79
[rosout][INFO] 2023-04-21 21:56:10,885: hello world 1682085370.89
[rosout][INFO] 2023-04-21 21:56:10,985: hello world 1682085370.99
[rosout][INFO] 2023-04-21 21:56:11,085: hello world 1682085371.09
[rosout][INFO] 2023-04-21 21:56:11,185: hello world 1682085371.19
[rosout][INFO] 2023-04-21 21:56:11,285: hello world 1682085371.29
[rosout][INFO] 2023-04-21 21:56:11,385: hello world 1682085371.39
[rosout][INFO] 2023-04-21 21:56:11,485: hello world 1682085371.49
[rosout][INFO] 2023-04-21 21:56:11,585: hello world 1682085371.59
[rosout][INFO] 2023-04-21 21:56:11,685: hello world 1682085371.69
[rosout][INFO] 2023-04-21 21:56:11,785: hello world 1682085371.79
[rosout][INFO] 2023-04-21 21:56:11,885: hello world 1682085371.89
[rosout][INFO] 2023-04-21 21:56:11,985: hello world 1682085371.99
[rosout][INFO] 2023-04-21 21:56:12,085: hello world 1682085372.09
[rosout][INFO] 2023-04-21 21:56:12,185: hello world 1682085372.19
[rosout][INFO] 2023-04-21 21:56:12,285: hello world 1682085372.29
[rosout][INFO] 2023-04-21 21:56:12,385: hello world 1682085372.39
[rosout][INFO] 2023-04-21 21:56:12,485: hello world 1682085372.49
[rosout][INFO] 2023-04-21 21:56:12,585: hello world 1682085372.59
[rosout][INFO] 2023-04-21 21:56:12,685: hello world 1682085372.69
[rosout][INFO] 2023-04-21 21:56:12,785: hello world 1682085372.79
[rosout][INFO] 2023-04-21 21:56:12,885: hello world 1682085372.89
[rosout][INFO] 2023-04-21 21:56:12,985: hello world 1682085372.99
[rosout][INFO] 2023-04-21 21:56:13,085: hello world 1682085373.09
[rosout][INFO] 2023-04-21 21:56:13,185: hello world 1682085373.19
[rosout][INFO] 2023-04-21 21:56:13,285: hello world 1682085373.29
[rosout][INFO] 2023-04-21 21:56:13,385: hello world 1682085373.39
[rosout][INFO] 2023-04-21 21:56:13,485: hello world 1682085373.49
[rosout][INFO] 2023-04-21 21:56:13,585: hello world 1682085373.59
[rosout][INFO] 2023-04-21 21:56:13,685: hello world 1682085373.69
[rosout][INFO] 2023-04-21 21:56:13,785: hello world 1682085373.79
[rosout][INFO] 2023-04-21 21:56:13,885: hello world 1682085373.89
[rosout][INFO] 2023-04-21 21:56:13,985: hello world 1682085373.99
[rosout][INFO] 2023-04-21 21:56:14,085: hello world 1682085374.09
[rosout][INFO] 2023-04-21 21:56:14,185: hello world 1682085374.19
[rosout][INFO] 2023-04-21 21:56:14,285: hello world 1682085374.29
[rosout][INFO] 2023-04-21 21:56:14,385: hello world 1682085374.39
[rosout][INFO] 2023-04-21 21:56:14,485: hello world 1682085374.49
[rosout][INFO] 2023-04-21 21:56:14,585: hello world 1682085374.59
[rosout][INFO] 2023-04-21 21:56:14,685: hello world 1682085374.69
[rosout][INFO] 2023-04-21 21:56:14,785: hello world 1682085374.79
[rosout][INFO] 2023-04-21 21:56:14,885: hello world 1682085374.89
[rosout][INFO] 2023-04-21 21:56:14,985: hello world 1682085374.99
[rosout][INFO] 2023-04-21 21:56:15,085: hello world 1682085375.09
[rosout][INFO] 2023-04-21 21:56:15,185: hello world 1682085375.19
[rosout][INFO] 2023-04-21 21:56:15,285: hello world 1682085375.29
[rosout][INFO] 2023-04-21 21:56:15,385: hello world 1682085375.39
[rosout][INFO] 2023-04-21 21:56:15,485: hello world 1682085375.49
[rosout][INFO] 2023-04-21 21:56:15,585: hello world 1682085375.59
[rosout][INFO] 2023-04-21 21:56:15,685: hello world 1682085375.69
[rosout][INFO] 2023-04-21 21:56:15,785: hello world 1682085375.79
[rosout][INFO] 2023-04-21 21:56:15,885: hello world 1682085375.89
[rosout][INFO] 2023-04-21 21:56:15,985: hello world 1682085375.99
[rosout][INFO] 2023-04-21 21:56:16,085: hello world 1682085376.09
[rosout][INFO] 2023-04-21 21:56:16,185: hello world 1682085376.19
[rosout][INFO] 2023-04-21 21:56:16,285: hello world 1682085376.29
[rosout][INFO] 2023-04-21 21:56:16,385: hello world 1682085376.39
[rosout][INFO] 2023-04-21 21:56:16,485: hello world 1682085376.49
[rosout][INFO] 2023-04-21 21:56:16,585: hello world 1682085376.59
[rosout][INFO] 2023-04-21 21:56:16,685: hello world 1682085376.69
[rosout][INFO] 2023-04-21 21:56:16,785: hello world 1682085376.79
[rosout][INFO] 2023-04-21 21:56:16,885: hello world 1682085376.89
[rosout][INFO] 2023-04-21 21:56:16,985: hello world 1682085376.99
[rosout][INFO] 2023-04-21 21:56:17,085: hello world 1682085377.09
[rosout][INFO] 2023-04-21 21:56:17,185: hello world 1682085377.19
[rosout][INFO] 2023-04-21 21:56:17,285: hello world 1682085377.29
[rosout][INFO] 2023-04-21 21:56:17,385: hello world 1682085377.39
[rosout][INFO] 2023-04-21 21:56:17,485: hello world 1682085377.49
[rosout][INFO] 2023-04-21 21:56:17,585: hello world 1682085377.59
[rosout][INFO] 2023-04-21 21:56:17,685: hello world 1682085377.69
[rosout][INFO] 2023-04-21 21:56:17,785: hello world 1682085377.79
[rosout][INFO] 2023-04-21 21:56:17,885: hello world 1682085377.89
[rosout][INFO] 2023-04-21 21:56:17,985: hello world 1682085377.99
[rosout][INFO] 2023-04-21 21:56:18,085: hello world 1682085378.09
[rosout][INFO] 2023-04-21 21:56:18,185: hello world 1682085378.19
[rosout][INFO] 2023-04-21 21:56:18,285: hello world 1682085378.29
[rosout][INFO] 2023-04-21 21:56:18,385: hello world 1682085378.39
[rosout][INFO] 2023-04-21 21:56:18,485: hello world 1682085378.49
[rosout][INFO] 2023-04-21 21:56:18,585: hello world 1682085378.59
[rosout][INFO] 2023-04-21 21:56:18,685: hello world 1682085378.69
[rosout][INFO] 2023-04-21 21:56:18,785: hello world 1682085378.79
[rosout][INFO] 2023-04-21 21:56:18,885: hello world 1682085378.89
[rosout][INFO] 2023-04-21 21:56:18,985: hello world 1682085378.99
[rosout][INFO] 2023-04-21 21:56:19,085: hello world 1682085379.09
[rosout][INFO] 2023-04-21 21:56:19,185: hello world 1682085379.19
[rosout][INFO] 2023-04-21 21:56:19,285: hello world 1682085379.29
[rosout][INFO] 2023-04-21 21:56:19,385: hello world 1682085379.39
[rosout][INFO] 2023-04-21 21:56:19,485: hello world 1682085379.49
[rosout][INFO] 2023-04-21 21:56:19,585: hello world 1682085379.59
[rosout][INFO] 2023-04-21 21:56:19,685: hello world 1682085379.69
[rosout][INFO] 2023-04-21 21:56:19,785: hello world 1682085379.79
[rosout][INFO] 2023-04-21 21:56:19,885: hello world 1682085379.89
[rosout][INFO] 2023-04-21 21:56:19,985: hello world 1682085379.99
[rosout][INFO] 2023-04-21 21:56:20,085: hello world 1682085380.09
[rosout][INFO] 2023-04-21 21:56:20,185: hello world 1682085380.19
[rosout][INFO] 2023-04-21 21:56:20,285: hello world 1682085380.29
[rosout][INFO] 2023-04-21 21:56:20,385: hello world 1682085380.39
[rosout][INFO] 2023-04-21 21:56:20,485: hello world 1682085380.49
[rosout][INFO] 2023-04-21 21:56:20,585: hello world 1682085380.59
[rosout][INFO] 2023-04-21 21:56:20,685: hello world 1682085380.69
[rosout][INFO] 2023-04-21 21:56:20,785: hello world 1682085380.79
[rosout][INFO] 2023-04-21 21:56:20,885: hello world 1682085380.89
[rosout][INFO] 2023-04-21 21:56:20,985: hello world 1682085380.99
[rosout][INFO] 2023-04-21 21:56:21,085: hello world 1682085381.09
[rosout][INFO] 2023-04-21 21:56:21,185: hello world 1682085381.19
[rosout][INFO] 2023-04-21 21:56:21,285: hello world 1682085381.29
[rosout][INFO] 2023-04-21 21:56:21,385: hello world 1682085381.39
[rosout][INFO] 2023-04-21 21:56:21,485: hello world 1682085381.49
[rosout][INFO] 2023-04-21 21:56:21,585: hello world 1682085381.59
[rosout][INFO] 2023-04-21 21:56:21,685: hello world 1682085381.69
[rosout][INFO] 2023-04-21 21:56:21,785: hello world 1682085381.79
[rosout][INFO] 2023-04-21 21:56:21,885: hello world 1682085381.89
[rosout][INFO] 2023-04-21 21:56:21,985: hello world 1682085381.99
[rosout][INFO] 2023-04-21 21:56:22,085: hello world 1682085382.09
[rosout][INFO] 2023-04-21 21:56:22,185: hello world 1682085382.19
[rosout][INFO] 2023-04-21 21:56:22,285: hello world 1682085382.29
[rosout][INFO] 2023-04-21 21:56:22,385: hello world 1682085382.39
[rosout][INFO] 2023-04-21 21:56:22,485: hello world 1682085382.49
[rosout][INFO] 2023-04-21 21:56:22,585: hello world 1682085382.59
[rosout][INFO] 2023-04-21 21:56:22,685: hello world 1682085382.69
[rosout][INFO] 2023-04-21 21:56:22,785: hello world 1682085382.79
[rosout][INFO] 2023-04-21 21:56:22,885: hello world 1682085382.89
[rosout][INFO] 2023-04-21 21:56:22,985: hello world 1682085382.99
[rosout][INFO] 2023-04-21 21:56:23,085: hello world 1682085383.09
[rosout][INFO] 2023-04-21 21:56:23,185: hello world 1682085383.19
[rosout][INFO] 2023-04-21 21:56:23,285: hello world 1682085383.29
[rosout][INFO] 2023-04-21 21:56:23,385: hello world 1682085383.39
[rosout][INFO] 2023-04-21 21:56:23,485: hello world 1682085383.49
[rosout][INFO] 2023-04-21 21:56:23,585: hello world 1682085383.59
[rosout][INFO] 2023-04-21 21:56:23,685: hello world 1682085383.69
[rosout][INFO] 2023-04-21 21:56:23,785: hello world 1682085383.79
[rosout][INFO] 2023-04-21 21:56:23,885: hello world 1682085383.89
[rosout][INFO] 2023-04-21 21:56:23,985: hello world 1682085383.99
[rosout][INFO] 2023-04-21 21:56:24,085: hello world 1682085384.09
[rosout][INFO] 2023-04-21 21:56:24,185: hello world 1682085384.19
[rosout][INFO] 2023-04-21 21:56:24,285: hello world 1682085384.29
[rosout][INFO] 2023-04-21 21:56:24,385: hello world 1682085384.39
[rosout][INFO] 2023-04-21 21:56:24,485: hello world 1682085384.49
[rosout][INFO] 2023-04-21 21:56:24,585: hello world 1682085384.59
[rosout][INFO] 2023-04-21 21:56:24,685: hello world 1682085384.69
[rosout][INFO] 2023-04-21 21:56:24,785: hello world 1682085384.79
[rosout][INFO] 2023-04-21 21:56:24,885: hello world 1682085384.89
[rosout][INFO] 2023-04-21 21:56:24,985: hello world 1682085384.99
[rosout][INFO] 2023-04-21 21:56:25,085: hello world 1682085385.09
[rosout][INFO] 2023-04-21 21:56:25,185: hello world 1682085385.19
[rosout][INFO] 2023-04-21 21:56:25,285: hello world 1682085385.29
[rosout][INFO] 2023-04-21 21:56:25,385: hello world 1682085385.39
[rosout][INFO] 2023-04-21 21:56:25,485: hello world 1682085385.49
[rosout][INFO] 2023-04-21 21:56:25,585: hello world 1682085385.59
[rosout][INFO] 2023-04-21 21:56:25,685: hello world 1682085385.69
[rosout][INFO] 2023-04-21 21:56:25,785: hello world 1682085385.79
[rosout][INFO] 2023-04-21 21:56:25,885: hello world 1682085385.89
[rosout][INFO] 2023-04-21 21:56:25,985: hello world 1682085385.99
[rosout][INFO] 2023-04-21 21:56:26,085: hello world 1682085386.09
[rosout][INFO] 2023-04-21 21:56:26,185: hello world 1682085386.19
[rosout][INFO] 2023-04-21 21:56:26,285: hello world 1682085386.29
[rosout][INFO] 2023-04-21 21:56:26,385: hello world 1682085386.39
[rosout][INFO] 2023-04-21 21:56:26,485: hello world 1682085386.49
[rosout][INFO] 2023-04-21 21:56:26,585: hello world 1682085386.59
[rosout][INFO] 2023-04-21 21:56:26,685: hello world 1682085386.69
[rosout][INFO] 2023-04-21 21:56:26,785: hello world 1682085386.79
[rosout][INFO] 2023-04-21 21:56:26,885: hello world 1682085386.89
[rosout][INFO] 2023-04-21 21:56:26,985: hello world 1682085386.99
[rosout][INFO] 2023-04-21 21:56:27,085: hello world 1682085387.09
[rosout][INFO] 2023-04-21 21:56:27,185: hello world 1682085387.19
[rosout][INFO] 2023-04-21 21:56:27,285: hello world 1682085387.29
[rosout][INFO] 2023-04-21 21:56:27,385: hello world 1682085387.39
[rosout][INFO] 2023-04-21 21:56:27,485: hello world 1682085387.49
[rosout][INFO] 2023-04-21 21:56:27,585: hello world 1682085387.59
[rosout][INFO] 2023-04-21 21:56:27,685: hello world 1682085387.69
[rosout][INFO] 2023-04-21 21:56:27,785: hello world 1682085387.79
[rosout][INFO] 2023-04-21 21:56:27,885: hello world 1682085387.89
[rosout][INFO] 2023-04-21 21:56:27,985: hello world 1682085387.99
[rosout][INFO] 2023-04-21 21:56:28,085: hello world 1682085388.09
[rosout][INFO] 2023-04-21 21:56:28,185: hello world 1682085388.19
[rosout][INFO] 2023-04-21 21:56:28,285: hello world 1682085388.29
[rosout][INFO] 2023-04-21 21:56:28,385: hello world 1682085388.39
[rosout][INFO] 2023-04-21 21:56:28,485: hello world 1682085388.49
[rosout][INFO] 2023-04-21 21:56:28,585: hello world 1682085388.59
[rosout][INFO] 2023-04-21 21:56:28,685: hello world 1682085388.69
[rosout][INFO] 2023-04-21 21:56:28,785: hello world 1682085388.79
[rosout][INFO] 2023-04-21 21:56:28,885: hello world 1682085388.89
[rosout][INFO] 2023-04-21 21:56:28,985: hello world 1682085388.99
[rosout][INFO] 2023-04-21 21:56:29,085: hello world 1682085389.09
[rosout][INFO] 2023-04-21 21:56:29,185: hello world 1682085389.19
[rosout][INFO] 2023-04-21 21:56:29,285: hello world 1682085389.29
[rosout][INFO] 2023-04-21 21:56:29,385: hello world 1682085389.39
[rosout][INFO] 2023-04-21 21:56:29,485: hello world 1682085389.49
[rosout][INFO] 2023-04-21 21:56:29,585: hello world 1682085389.59
[rosout][INFO] 2023-04-21 21:56:29,685: hello world 1682085389.69
[rosout][INFO] 2023-04-21 21:56:29,785: hello world 1682085389.79
[rosout][INFO] 2023-04-21 21:56:29,885: hello world 1682085389.89
[rosout][INFO] 2023-04-21 21:56:29,985: hello world 1682085389.99
[rosout][INFO] 2023-04-21 21:56:30,085: hello world 1682085390.09
[rosout][INFO] 2023-04-21 21:56:30,185: hello world 1682085390.19
[rosout][INFO] 2023-04-21 21:56:30,285: hello world 1682085390.29
[rosout][INFO] 2023-04-21 21:56:30,385: hello world 1682085390.39
[rosout][INFO] 2023-04-21 21:56:30,485: hello world 1682085390.49
[rosout][INFO] 2023-04-21 21:56:30,585: hello world 1682085390.59
[rosout][INFO] 2023-04-21 21:56:30,685: hello world 1682085390.69
[rosout][INFO] 2023-04-21 21:56:30,785: hello world 1682085390.79
[rosout][INFO] 2023-04-21 21:56:30,885: hello world 1682085390.89
[rosout][INFO] 2023-04-21 21:56:30,985: hello world 1682085390.99
[rosout][INFO] 2023-04-21 21:56:31,085: hello world 1682085391.09
[rosout][INFO] 2023-04-21 21:56:31,185: hello world 1682085391.19
[rosout][INFO] 2023-04-21 21:56:31,285: hello world 1682085391.29
[rosout][INFO] 2023-04-21 21:56:31,385: hello world 1682085391.39
[rosout][INFO] 2023-04-21 21:56:31,485: hello world 1682085391.49
[rosout][INFO] 2023-04-21 21:56:31,585: hello world 1682085391.59
[rospy.core][INFO] 2023-04-21 21:56:31,628: signal_shutdown [signal-2]
[rospy.internal][INFO] 2023-04-21 21:56:31,660: topic[/rosout] removing connection to /rosout
[rospy.impl.masterslave][INFO] 2023-04-21 21:56:31,662: signal-2
[rospy.core][INFO] 2023-04-21 21:56:31,771: signal_shutdown [atexit]
