[rospy.client][INFO] 2023-04-21 21:58:52,354: init_node, name[/talker1], pid[2546]
[xmlrpc][INFO] 2023-04-21 21:58:52,356: XML-RPC server binding to 127.0.0.1:0
[xmlrpc][INFO] 2023-04-21 21:58:52,357: Started XML-RPC server [http://localhost:42265/]
[rospy.init][INFO] 2023-04-21 21:58:52,358: ROS Slave URI: [http://localhost:42265/]
[rospy.impl.masterslave][INFO] 2023-04-21 21:58:52,358: _ready: http://localhost:42265/
[rospy.registration][INFO] 2023-04-21 21:58:52,361: Registering with master node http://localhost:11311
[xmlrpc][INFO] 2023-04-21 21:58:52,361: xml rpc node: starting XML-RPC server
[rospy.registration][INFO] 2023-04-21 21:58:52,362: Registering publisher topic [/chatter] type [std_msgs/String] with master
[rospy.init][INFO] 2023-04-21 21:58:52,459: registered with master
[rospy.rosout][INFO] 2023-04-21 21:58:52,460: initializing /rosout core topic
[rospy.rosout][INFO] 2023-04-21 21:58:52,466: connected to core topic /rosout
[rospy.simtime][INFO] 2023-04-21 21:58:52,471: /use_sim_time is not set, will not subscribe to simulated time [/clock] topic
[rosout][INFO] 2023-04-21 21:58:52,485: hello world 1682085532.49
[rosout][INFO] 2023-04-21 21:58:52,585: hello world 1682085532.59
[rosout][INFO] 2023-04-21 21:58:52,685: hello world 1682085532.69
[rospy.internal][INFO] 2023-04-21 21:58:52,723: topic[/rosout] adding connection to [/rosout], count 0
[rosout][INFO] 2023-04-21 21:58:52,785: hello world 1682085532.79
[rosout][INFO] 2023-04-21 21:58:52,885: hello world 1682085532.89
[rosout][INFO] 2023-04-21 21:58:52,985: hello world 1682085532.99
[rosout][INFO] 2023-04-21 21:58:53,085: hello world 1682085533.09
[rosout][INFO] 2023-04-21 21:58:53,185: hello world 1682085533.19
[rosout][INFO] 2023-04-21 21:58:53,285: hello world 1682085533.29
[rosout][INFO] 2023-04-21 21:58:53,385: hello world 1682085533.39
[rosout][INFO] 2023-04-21 21:58:53,485: hello world 1682085533.49
[rosout][INFO] 2023-04-21 21:58:53,585: hello world 1682085533.59
[rosout][INFO] 2023-04-21 21:58:53,685: hello world 1682085533.69
[rosout][INFO] 2023-04-21 21:58:53,786: hello world 1682085533.79
[rosout][INFO] 2023-04-21 21:58:53,885: hello world 1682085533.89
[rosout][INFO] 2023-04-21 21:58:53,985: hello world 1682085533.99
[rosout][INFO] 2023-04-21 21:58:54,085: hello world 1682085534.09
[rosout][INFO] 2023-04-21 21:58:54,185: hello world 1682085534.19
[rosout][INFO] 2023-04-21 21:58:54,285: hello world 1682085534.29
[rosout][INFO] 2023-04-21 21:58:54,385: hello world 1682085534.39
[rosout][INFO] 2023-04-21 21:58:54,485: hello world 1682085534.49
[rosout][INFO] 2023-04-21 21:58:54,585: hello world 1682085534.59
[rosout][INFO] 2023-04-21 21:58:54,685: hello world 1682085534.69
[rosout][INFO] 2023-04-21 21:58:54,785: hello world 1682085534.79
[rosout][INFO] 2023-04-21 21:58:54,885: hello world 1682085534.89
[rosout][INFO] 2023-04-21 21:58:54,985: hello world 1682085534.99
[rosout][INFO] 2023-04-21 21:58:55,085: hello world 1682085535.09
[rosout][INFO] 2023-04-21 21:58:55,185: hello world 1682085535.19
[rosout][INFO] 2023-04-21 21:58:55,285: hello world 1682085535.29
[rosout][INFO] 2023-04-21 21:58:55,385: hello world 1682085535.39
[rosout][INFO] 2023-04-21 21:58:55,485: hello world 1682085535.49
[rosout][INFO] 2023-04-21 21:58:55,585: hello world 1682085535.59
[rosout][INFO] 2023-04-21 21:58:55,685: hello world 1682085535.69
[rosout][INFO] 2023-04-21 21:58:55,785: hello world 1682085535.79
[rosout][INFO] 2023-04-21 21:58:55,885: hello world 1682085535.89
[rosout][INFO] 2023-04-21 21:58:55,985: hello world 1682085535.99
[rosout][INFO] 2023-04-21 21:58:56,085: hello world 1682085536.09
[rosout][INFO] 2023-04-21 21:58:56,185: hello world 1682085536.19
[rosout][INFO] 2023-04-21 21:58:56,285: hello world 1682085536.29
[rosout][INFO] 2023-04-21 21:58:56,385: hello world 1682085536.39
[rosout][INFO] 2023-04-21 21:58:56,485: hello world 1682085536.49
[rosout][INFO] 2023-04-21 21:58:56,585: hello world 1682085536.59
[rosout][INFO] 2023-04-21 21:58:56,685: hello world 1682085536.69
[rosout][INFO] 2023-04-21 21:58:56,785: hello world 1682085536.79
[rosout][INFO] 2023-04-21 21:58:56,885: hello world 1682085536.89
[rosout][INFO] 2023-04-21 21:58:56,985: hello world 1682085536.99
[rosout][INFO] 2023-04-21 21:58:57,085: hello world 1682085537.09
[rosout][INFO] 2023-04-21 21:58:57,185: hello world 1682085537.19
[rosout][INFO] 2023-04-21 21:58:57,285: hello world 1682085537.29
[rosout][INFO] 2023-04-21 21:58:57,385: hello world 1682085537.39
[rosout][INFO] 2023-04-21 21:58:57,485: hello world 1682085537.49
[rosout][INFO] 2023-04-21 21:58:57,585: hello world 1682085537.59
[rosout][INFO] 2023-04-21 21:58:57,685: hello world 1682085537.69
[rosout][INFO] 2023-04-21 21:58:57,785: hello world 1682085537.79
[rosout][INFO] 2023-04-21 21:58:57,885: hello world 1682085537.89
[rosout][INFO] 2023-04-21 21:58:57,985: hello world 1682085537.99
[rosout][INFO] 2023-04-21 21:58:58,085: hello world 1682085538.09
[rosout][INFO] 2023-04-21 21:58:58,185: hello world 1682085538.19
[rosout][INFO] 2023-04-21 21:58:58,285: hello world 1682085538.29
[rosout][INFO] 2023-04-21 21:58:58,385: hello world 1682085538.39
[rosout][INFO] 2023-04-21 21:58:58,485: hello world 1682085538.49
[rosout][INFO] 2023-04-21 21:58:58,585: hello world 1682085538.59
[rosout][INFO] 2023-04-21 21:58:58,685: hello world 1682085538.69
[rosout][INFO] 2023-04-21 21:58:58,785: hello world 1682085538.79
[rosout][INFO] 2023-04-21 21:58:58,885: hello world 1682085538.89
[rosout][INFO] 2023-04-21 21:58:58,985: hello world 1682085538.99
[rosout][INFO] 2023-04-21 21:58:59,085: hello world 1682085539.09
[rosout][INFO] 2023-04-21 21:58:59,185: hello world 1682085539.19
[rosout][INFO] 2023-04-21 21:58:59,285: hello world 1682085539.29
[rosout][INFO] 2023-04-21 21:58:59,385: hello world 1682085539.39
[rosout][INFO] 2023-04-21 21:58:59,485: hello world 1682085539.49
[rosout][INFO] 2023-04-21 21:58:59,585: hello world 1682085539.59
[rosout][INFO] 2023-04-21 21:58:59,685: hello world 1682085539.69
[rosout][INFO] 2023-04-21 21:58:59,785: hello world 1682085539.79
[rosout][INFO] 2023-04-21 21:58:59,885: hello world 1682085539.89
[rosout][INFO] 2023-04-21 21:58:59,985: hello world 1682085539.99
[rosout][INFO] 2023-04-21 21:59:00,085: hello world 1682085540.09
[rosout][INFO] 2023-04-21 21:59:00,185: hello world 1682085540.19
[rosout][INFO] 2023-04-21 21:59:00,285: hello world 1682085540.29
[rosout][INFO] 2023-04-21 21:59:00,385: hello world 1682085540.39
[rosout][INFO] 2023-04-21 21:59:00,485: hello world 1682085540.49
[rosout][INFO] 2023-04-21 21:59:00,585: hello world 1682085540.59
[rosout][INFO] 2023-04-21 21:59:00,685: hello world 1682085540.69
[rosout][INFO] 2023-04-21 21:59:00,785: hello world 1682085540.79
[rosout][INFO] 2023-04-21 21:59:00,885: hello world 1682085540.89
[rosout][INFO] 2023-04-21 21:59:00,985: hello world 1682085540.99
[rosout][INFO] 2023-04-21 21:59:01,085: hello world 1682085541.09
[rosout][INFO] 2023-04-21 21:59:01,185: hello world 1682085541.19
[rosout][INFO] 2023-04-21 21:59:01,285: hello world 1682085541.29
[rospy.core][INFO] 2023-04-21 21:59:01,320: signal_shutdown [signal-2]
[rospy.internal][INFO] 2023-04-21 21:59:01,344: topic[/rosout] removing connection to /rosout
[rospy.impl.masterslave][INFO] 2023-04-21 21:59:01,352: signal-2
[rospy.core][INFO] 2023-04-21 21:59:01,969: signal_shutdown [atexit]
