[rospy.client][INFO] 2023-04-21 21:45:42,440: init_node, name[/talker_2263_1682084742360], pid[2263]
[xmlrpc][INFO] 2023-04-21 21:45:42,442: XML-RPC server binding to 127.0.0.1:0
[xmlrpc][INFO] 2023-04-21 21:45:42,443: Started XML-RPC server [http://localhost:42375/]
[rospy.init][INFO] 2023-04-21 21:45:42,444: ROS Slave URI: [http://localhost:42375/]
[rospy.impl.masterslave][INFO] 2023-04-21 21:45:42,444: _ready: http://localhost:42375/
[rospy.registration][INFO] 2023-04-21 21:45:42,447: Registering with master node http://localhost:11311
[xmlrpc][INFO] 2023-04-21 21:45:42,447: xml rpc node: starting XML-RPC server
[rospy.registration][INFO] 2023-04-21 21:45:42,448: Registering publisher topic [/chatter] type [std_msgs/String] with master
[rospy.init][INFO] 2023-04-21 21:45:42,545: registered with master
[rospy.rosout][INFO] 2023-04-21 21:45:42,545: initializing /rosout core topic
[rospy.rosout][INFO] 2023-04-21 21:45:42,552: connected to core topic /rosout
[rospy.simtime][INFO] 2023-04-21 21:45:42,558: /use_sim_time is not set, will not subscribe to simulated time [/clock] topic
[rosout][INFO] 2023-04-21 21:45:42,571: hello world 1682084742.57
[rosout][INFO] 2023-04-21 21:45:42,671: hello world 1682084742.67
[rosout][INFO] 2023-04-21 21:45:42,771: hello world 1682084742.77
[rospy.internal][INFO] 2023-04-21 21:45:42,858: topic[/rosout] adding connection to [/rosout], count 0
[rosout][INFO] 2023-04-21 21:45:42,871: hello world 1682084742.87
[rosout][INFO] 2023-04-21 21:45:42,971: hello world 1682084742.97
[rosout][INFO] 2023-04-21 21:45:43,071: hello world 1682084743.07
[rosout][INFO] 2023-04-21 21:45:43,171: hello world 1682084743.17
[rosout][INFO] 2023-04-21 21:45:43,271: hello world 1682084743.27
[rosout][INFO] 2023-04-21 21:45:43,372: hello world 1682084743.37
[rosout][INFO] 2023-04-21 21:45:43,472: hello world 1682084743.47
[rosout][INFO] 2023-04-21 21:45:43,572: hello world 1682084743.57
[rosout][INFO] 2023-04-21 21:45:43,672: hello world 1682084743.67
[rosout][INFO] 2023-04-21 21:45:43,772: hello world 1682084743.77
[rosout][INFO] 2023-04-21 21:45:43,872: hello world 1682084743.87
[rosout][INFO] 2023-04-21 21:45:43,972: hello world 1682084743.97
[rosout][INFO] 2023-04-21 21:45:44,072: hello world 1682084744.07
[rosout][INFO] 2023-04-21 21:45:44,172: hello world 1682084744.17
[rosout][INFO] 2023-04-21 21:45:44,272: hello world 1682084744.27
[rosout][INFO] 2023-04-21 21:45:44,372: hello world 1682084744.37
[rosout][INFO] 2023-04-21 21:45:44,472: hello world 1682084744.47
[rosout][INFO] 2023-04-21 21:45:44,572: hello world 1682084744.57
[rosout][INFO] 2023-04-21 21:45:44,672: hello world 1682084744.67
[rosout][INFO] 2023-04-21 21:45:44,772: hello world 1682084744.77
[rosout][INFO] 2023-04-21 21:45:44,872: hello world 1682084744.87
[rosout][INFO] 2023-04-21 21:45:44,972: hello world 1682084744.97
[rosout][INFO] 2023-04-21 21:45:45,072: hello world 1682084745.07
[rosout][INFO] 2023-04-21 21:45:45,172: hello world 1682084745.17
[rosout][INFO] 2023-04-21 21:45:45,272: hello world 1682084745.27
[rosout][INFO] 2023-04-21 21:45:45,372: hello world 1682084745.37
[rosout][INFO] 2023-04-21 21:45:45,472: hello world 1682084745.47
[rosout][INFO] 2023-04-21 21:45:45,572: hello world 1682084745.57
[rosout][INFO] 2023-04-21 21:45:45,672: hello world 1682084745.67
[rosout][INFO] 2023-04-21 21:45:45,772: hello world 1682084745.77
[rosout][INFO] 2023-04-21 21:45:45,872: hello world 1682084745.87
[rosout][INFO] 2023-04-21 21:45:45,972: hello world 1682084745.97
[rosout][INFO] 2023-04-21 21:45:46,072: hello world 1682084746.07
[rosout][INFO] 2023-04-21 21:45:46,172: hello world 1682084746.17
[rosout][INFO] 2023-04-21 21:45:46,272: hello world 1682084746.27
[rosout][INFO] 2023-04-21 21:45:46,372: hello world 1682084746.37
[rosout][INFO] 2023-04-21 21:45:46,472: hello world 1682084746.47
[rosout][INFO] 2023-04-21 21:45:46,572: hello world 1682084746.57
[rosout][INFO] 2023-04-21 21:45:46,672: hello world 1682084746.67
[rosout][INFO] 2023-04-21 21:45:46,772: hello world 1682084746.77
[rosout][INFO] 2023-04-21 21:45:46,872: hello world 1682084746.87
[rosout][INFO] 2023-04-21 21:45:46,972: hello world 1682084746.97
[rosout][INFO] 2023-04-21 21:45:47,072: hello world 1682084747.07
[rosout][INFO] 2023-04-21 21:45:47,172: hello world 1682084747.17
[rosout][INFO] 2023-04-21 21:45:47,272: hello world 1682084747.27
[rosout][INFO] 2023-04-21 21:45:47,372: hello world 1682084747.37
[rosout][INFO] 2023-04-21 21:45:47,472: hello world 1682084747.47
[rosout][INFO] 2023-04-21 21:45:47,572: hello world 1682084747.57
[rosout][INFO] 2023-04-21 21:45:47,672: hello world 1682084747.67
[rosout][INFO] 2023-04-21 21:45:47,772: hello world 1682084747.77
[rosout][INFO] 2023-04-21 21:45:47,872: hello world 1682084747.87
[rosout][INFO] 2023-04-21 21:45:47,972: hello world 1682084747.97
[rosout][INFO] 2023-04-21 21:45:48,072: hello world 1682084748.07
[rosout][INFO] 2023-04-21 21:45:48,172: hello world 1682084748.17
[rosout][INFO] 2023-04-21 21:45:48,272: hello world 1682084748.27
[rosout][INFO] 2023-04-21 21:45:48,372: hello world 1682084748.37
[rosout][INFO] 2023-04-21 21:45:48,472: hello world 1682084748.47
[rosout][INFO] 2023-04-21 21:45:48,572: hello world 1682084748.57
[rosout][INFO] 2023-04-21 21:45:48,672: hello world 1682084748.67
[rosout][INFO] 2023-04-21 21:45:48,772: hello world 1682084748.77
[rosout][INFO] 2023-04-21 21:45:48,872: hello world 1682084748.87
[rosout][INFO] 2023-04-21 21:45:48,972: hello world 1682084748.97
[rosout][INFO] 2023-04-21 21:45:49,072: hello world 1682084749.07
[rosout][INFO] 2023-04-21 21:45:49,172: hello world 1682084749.17
[rosout][INFO] 2023-04-21 21:45:49,272: hello world 1682084749.27
[rosout][INFO] 2023-04-21 21:45:49,372: hello world 1682084749.37
[rosout][INFO] 2023-04-21 21:45:49,472: hello world 1682084749.47
[rosout][INFO] 2023-04-21 21:45:49,572: hello world 1682084749.57
[rosout][INFO] 2023-04-21 21:45:49,672: hello world 1682084749.67
[rosout][INFO] 2023-04-21 21:45:49,772: hello world 1682084749.77
[rosout][INFO] 2023-04-21 21:45:49,872: hello world 1682084749.87
[rosout][INFO] 2023-04-21 21:45:49,972: hello world 1682084749.97
[rosout][INFO] 2023-04-21 21:45:50,072: hello world 1682084750.07
[rosout][INFO] 2023-04-21 21:45:50,172: hello world 1682084750.17
[rosout][INFO] 2023-04-21 21:45:50,272: hello world 1682084750.27
[rosout][INFO] 2023-04-21 21:45:50,372: hello world 1682084750.37
[rosout][INFO] 2023-04-21 21:45:50,472: hello world 1682084750.47
[rosout][INFO] 2023-04-21 21:45:50,572: hello world 1682084750.57
[rosout][INFO] 2023-04-21 21:45:50,672: hello world 1682084750.67
[rosout][INFO] 2023-04-21 21:45:50,772: hello world 1682084750.77
[rosout][INFO] 2023-04-21 21:45:50,872: hello world 1682084750.87
[rosout][INFO] 2023-04-21 21:45:50,972: hello world 1682084750.97
[rosout][INFO] 2023-04-21 21:45:51,072: hello world 1682084751.07
[rosout][INFO] 2023-04-21 21:45:51,172: hello world 1682084751.17
[rosout][INFO] 2023-04-21 21:45:51,272: hello world 1682084751.27
[rosout][INFO] 2023-04-21 21:45:51,372: hello world 1682084751.37
[rosout][INFO] 2023-04-21 21:45:51,472: hello world 1682084751.47
[rosout][INFO] 2023-04-21 21:45:51,572: hello world 1682084751.57
[rosout][INFO] 2023-04-21 21:45:51,672: hello world 1682084751.67
[rosout][INFO] 2023-04-21 21:45:51,773: hello world 1682084751.77
[rosout][INFO] 2023-04-21 21:45:51,872: hello world 1682084751.87
[rosout][INFO] 2023-04-21 21:45:51,972: hello world 1682084751.97
[rosout][INFO] 2023-04-21 21:45:52,072: hello world 1682084752.07
[rosout][INFO] 2023-04-21 21:45:52,172: hello world 1682084752.17
[rosout][INFO] 2023-04-21 21:45:52,272: hello world 1682084752.27
[rosout][INFO] 2023-04-21 21:45:52,372: hello world 1682084752.37
[rosout][INFO] 2023-04-21 21:45:52,472: hello world 1682084752.47
[rosout][INFO] 2023-04-21 21:45:52,572: hello world 1682084752.57
[rosout][INFO] 2023-04-21 21:45:52,672: hello world 1682084752.67
[rosout][INFO] 2023-04-21 21:45:52,772: hello world 1682084752.77
[rosout][INFO] 2023-04-21 21:45:52,872: hello world 1682084752.87
[rosout][INFO] 2023-04-21 21:45:52,972: hello world 1682084752.97
[rosout][INFO] 2023-04-21 21:45:53,072: hello world 1682084753.07
[rosout][INFO] 2023-04-21 21:45:53,172: hello world 1682084753.17
[rosout][INFO] 2023-04-21 21:45:53,272: hello world 1682084753.27
[rosout][INFO] 2023-04-21 21:45:53,372: hello world 1682084753.37
[rosout][INFO] 2023-04-21 21:45:53,472: hello world 1682084753.47
[rosout][INFO] 2023-04-21 21:45:53,572: hello world 1682084753.57
[rosout][INFO] 2023-04-21 21:45:53,672: hello world 1682084753.67
[rosout][INFO] 2023-04-21 21:45:53,772: hello world 1682084753.77
[rosout][INFO] 2023-04-21 21:45:53,872: hello world 1682084753.87
[rosout][INFO] 2023-04-21 21:45:53,972: hello world 1682084753.97
[rosout][INFO] 2023-04-21 21:45:54,072: hello world 1682084754.07
[rosout][INFO] 2023-04-21 21:45:54,172: hello world 1682084754.17
[rosout][INFO] 2023-04-21 21:45:54,272: hello world 1682084754.27
[rosout][INFO] 2023-04-21 21:45:54,372: hello world 1682084754.37
[rosout][INFO] 2023-04-21 21:45:54,472: hello world 1682084754.47
[rosout][INFO] 2023-04-21 21:45:54,572: hello world 1682084754.57
[rosout][INFO] 2023-04-21 21:45:54,672: hello world 1682084754.67
[rosout][INFO] 2023-04-21 21:45:54,772: hello world 1682084754.77
[rosout][INFO] 2023-04-21 21:45:54,872: hello world 1682084754.87
[rosout][INFO] 2023-04-21 21:45:54,972: hello world 1682084754.97
[rosout][INFO] 2023-04-21 21:45:55,072: hello world 1682084755.07
[rosout][INFO] 2023-04-21 21:45:55,172: hello world 1682084755.17
[rosout][INFO] 2023-04-21 21:45:55,272: hello world 1682084755.27
[rosout][INFO] 2023-04-21 21:45:55,372: hello world 1682084755.37
[rosout][INFO] 2023-04-21 21:45:55,472: hello world 1682084755.47
[rosout][INFO] 2023-04-21 21:45:55,572: hello world 1682084755.57
[rosout][INFO] 2023-04-21 21:45:55,672: hello world 1682084755.67
[rosout][INFO] 2023-04-21 21:45:55,772: hello world 1682084755.77
[rosout][INFO] 2023-04-21 21:45:55,872: hello world 1682084755.87
[rosout][INFO] 2023-04-21 21:45:55,972: hello world 1682084755.97
[rosout][INFO] 2023-04-21 21:45:56,072: hello world 1682084756.07
[rosout][INFO] 2023-04-21 21:45:56,172: hello world 1682084756.17
[rosout][INFO] 2023-04-21 21:45:56,272: hello world 1682084756.27
[rosout][INFO] 2023-04-21 21:45:56,372: hello world 1682084756.37
[rosout][INFO] 2023-04-21 21:45:56,472: hello world 1682084756.47
[rosout][INFO] 2023-04-21 21:45:56,572: hello world 1682084756.57
[rosout][INFO] 2023-04-21 21:45:56,672: hello world 1682084756.67
[rosout][INFO] 2023-04-21 21:45:56,772: hello world 1682084756.77
[rosout][INFO] 2023-04-21 21:45:56,872: hello world 1682084756.87
[rosout][INFO] 2023-04-21 21:45:56,972: hello world 1682084756.97
[rosout][INFO] 2023-04-21 21:45:57,072: hello world 1682084757.07
[rosout][INFO] 2023-04-21 21:45:57,172: hello world 1682084757.17
[rosout][INFO] 2023-04-21 21:45:57,272: hello world 1682084757.27
[rosout][INFO] 2023-04-21 21:45:57,372: hello world 1682084757.37
[rosout][INFO] 2023-04-21 21:45:57,472: hello world 1682084757.47
[rosout][INFO] 2023-04-21 21:45:57,572: hello world 1682084757.57
[rosout][INFO] 2023-04-21 21:45:57,672: hello world 1682084757.67
[rosout][INFO] 2023-04-21 21:45:57,772: hello world 1682084757.77
[rosout][INFO] 2023-04-21 21:45:57,872: hello world 1682084757.87
[rosout][INFO] 2023-04-21 21:45:57,972: hello world 1682084757.97
[rosout][INFO] 2023-04-21 21:45:58,072: hello world 1682084758.07
[rosout][INFO] 2023-04-21 21:45:58,172: hello world 1682084758.17
[rosout][INFO] 2023-04-21 21:45:58,272: hello world 1682084758.27
[rosout][INFO] 2023-04-21 21:45:58,372: hello world 1682084758.37
[rosout][INFO] 2023-04-21 21:45:58,472: hello world 1682084758.47
[rosout][INFO] 2023-04-21 21:45:58,572: hello world 1682084758.57
[rosout][INFO] 2023-04-21 21:45:58,672: hello world 1682084758.67
[rosout][INFO] 2023-04-21 21:45:58,772: hello world 1682084758.77
[rosout][INFO] 2023-04-21 21:45:58,872: hello world 1682084758.87
[rosout][INFO] 2023-04-21 21:45:58,972: hello world 1682084758.97
[rosout][INFO] 2023-04-21 21:45:59,072: hello world 1682084759.07
[rosout][INFO] 2023-04-21 21:45:59,172: hello world 1682084759.17
[rosout][INFO] 2023-04-21 21:45:59,272: hello world 1682084759.27
[rosout][INFO] 2023-04-21 21:45:59,372: hello world 1682084759.37
[rosout][INFO] 2023-04-21 21:45:59,471: hello world 1682084759.47
[rosout][INFO] 2023-04-21 21:45:59,571: hello world 1682084759.57
[rosout][INFO] 2023-04-21 21:45:59,671: hello world 1682084759.67
[rosout][INFO] 2023-04-21 21:45:59,771: hello world 1682084759.77
[rosout][INFO] 2023-04-21 21:45:59,871: hello world 1682084759.87
[rosout][INFO] 2023-04-21 21:45:59,971: hello world 1682084759.97
[rosout][INFO] 2023-04-21 21:46:00,072: hello world 1682084760.07
[rosout][INFO] 2023-04-21 21:46:00,171: hello world 1682084760.17
[rosout][INFO] 2023-04-21 21:46:00,271: hello world 1682084760.27
[rosout][INFO] 2023-04-21 21:46:00,371: hello world 1682084760.37
[rosout][INFO] 2023-04-21 21:46:00,471: hello world 1682084760.47
[rosout][INFO] 2023-04-21 21:46:00,571: hello world 1682084760.57
[rosout][INFO] 2023-04-21 21:46:00,671: hello world 1682084760.67
[rosout][INFO] 2023-04-21 21:46:00,771: hello world 1682084760.77
[rosout][INFO] 2023-04-21 21:46:00,871: hello world 1682084760.87
[rosout][INFO] 2023-04-21 21:46:00,972: hello world 1682084760.97
[rosout][INFO] 2023-04-21 21:46:01,072: hello world 1682084761.07
[rosout][INFO] 2023-04-21 21:46:01,172: hello world 1682084761.17
[rosout][INFO] 2023-04-21 21:46:01,272: hello world 1682084761.27
[rosout][INFO] 2023-04-21 21:46:01,372: hello world 1682084761.37
[rosout][INFO] 2023-04-21 21:46:01,472: hello world 1682084761.47
[rosout][INFO] 2023-04-21 21:46:01,572: hello world 1682084761.57
[rosout][INFO] 2023-04-21 21:46:01,672: hello world 1682084761.67
[rosout][INFO] 2023-04-21 21:46:01,772: hello world 1682084761.77
[rosout][INFO] 2023-04-21 21:46:01,872: hello world 1682084761.87
[rosout][INFO] 2023-04-21 21:46:01,972: hello world 1682084761.97
[rosout][INFO] 2023-04-21 21:46:02,072: hello world 1682084762.07
[rosout][INFO] 2023-04-21 21:46:02,172: hello world 1682084762.17
[rosout][INFO] 2023-04-21 21:46:02,272: hello world 1682084762.27
[rosout][INFO] 2023-04-21 21:46:02,372: hello world 1682084762.37
[rosout][INFO] 2023-04-21 21:46:02,472: hello world 1682084762.47
[rosout][INFO] 2023-04-21 21:46:02,572: hello world 1682084762.57
[rosout][INFO] 2023-04-21 21:46:02,672: hello world 1682084762.67
[rosout][INFO] 2023-04-21 21:46:02,772: hello world 1682084762.77
[rosout][INFO] 2023-04-21 21:46:02,872: hello world 1682084762.87
[rosout][INFO] 2023-04-21 21:46:02,971: hello world 1682084762.97
[rosout][INFO] 2023-04-21 21:46:03,071: hello world 1682084763.07
[rosout][INFO] 2023-04-21 21:46:03,171: hello world 1682084763.17
[rosout][INFO] 2023-04-21 21:46:03,271: hello world 1682084763.27
[rosout][INFO] 2023-04-21 21:46:03,371: hello world 1682084763.37
[rosout][INFO] 2023-04-21 21:46:03,471: hello world 1682084763.47
[rosout][INFO] 2023-04-21 21:46:03,571: hello world 1682084763.57
[rosout][INFO] 2023-04-21 21:46:03,672: hello world 1682084763.67
[rosout][INFO] 2023-04-21 21:46:03,772: hello world 1682084763.77
[rosout][INFO] 2023-04-21 21:46:03,872: hello world 1682084763.87
[rosout][INFO] 2023-04-21 21:46:03,972: hello world 1682084763.97
[rosout][INFO] 2023-04-21 21:46:04,072: hello world 1682084764.07
[rosout][INFO] 2023-04-21 21:46:04,172: hello world 1682084764.17
[rosout][INFO] 2023-04-21 21:46:04,272: hello world 1682084764.27
[rosout][INFO] 2023-04-21 21:46:04,372: hello world 1682084764.37
[rosout][INFO] 2023-04-21 21:46:04,472: hello world 1682084764.47
[rosout][INFO] 2023-04-21 21:46:04,572: hello world 1682084764.57
[rosout][INFO] 2023-04-21 21:46:04,672: hello world 1682084764.67
[rosout][INFO] 2023-04-21 21:46:04,772: hello world 1682084764.77
[rosout][INFO] 2023-04-21 21:46:04,872: hello world 1682084764.87
[rosout][INFO] 2023-04-21 21:46:04,972: hello world 1682084764.97
[rosout][INFO] 2023-04-21 21:46:05,072: hello world 1682084765.07
[rosout][INFO] 2023-04-21 21:46:05,172: hello world 1682084765.17
[rosout][INFO] 2023-04-21 21:46:05,272: hello world 1682084765.27
[rosout][INFO] 2023-04-21 21:46:05,372: hello world 1682084765.37
[rosout][INFO] 2023-04-21 21:46:05,472: hello world 1682084765.47
[rosout][INFO] 2023-04-21 21:46:05,572: hello world 1682084765.57
[rosout][INFO] 2023-04-21 21:46:05,672: hello world 1682084765.67
[rosout][INFO] 2023-04-21 21:46:05,772: hello world 1682084765.77
[rosout][INFO] 2023-04-21 21:46:05,872: hello world 1682084765.87
[rosout][INFO] 2023-04-21 21:46:05,972: hello world 1682084765.97
[rosout][INFO] 2023-04-21 21:46:06,072: hello world 1682084766.07
[rosout][INFO] 2023-04-21 21:46:06,172: hello world 1682084766.17
[rosout][INFO] 2023-04-21 21:46:06,272: hello world 1682084766.27
[rosout][INFO] 2023-04-21 21:46:06,372: hello world 1682084766.37
[rosout][INFO] 2023-04-21 21:46:06,472: hello world 1682084766.47
[rosout][INFO] 2023-04-21 21:46:06,572: hello world 1682084766.57
[rosout][INFO] 2023-04-21 21:46:06,672: hello world 1682084766.67
[rosout][INFO] 2023-04-21 21:46:06,772: hello world 1682084766.77
[rosout][INFO] 2023-04-21 21:46:06,872: hello world 1682084766.87
[rosout][INFO] 2023-04-21 21:46:06,972: hello world 1682084766.97
[rosout][INFO] 2023-04-21 21:46:07,072: hello world 1682084767.07
[rosout][INFO] 2023-04-21 21:46:07,172: hello world 1682084767.17
[rosout][INFO] 2023-04-21 21:46:07,272: hello world 1682084767.27
[rosout][INFO] 2023-04-21 21:46:07,372: hello world 1682084767.37
[rosout][INFO] 2023-04-21 21:46:07,472: hello world 1682084767.47
[rosout][INFO] 2023-04-21 21:46:07,572: hello world 1682084767.57
[rosout][INFO] 2023-04-21 21:46:07,672: hello world 1682084767.67
[rosout][INFO] 2023-04-21 21:46:07,772: hello world 1682084767.77
[rosout][INFO] 2023-04-21 21:46:07,872: hello world 1682084767.87
[rosout][INFO] 2023-04-21 21:46:07,972: hello world 1682084767.97
[rosout][INFO] 2023-04-21 21:46:08,072: hello world 1682084768.07
[rosout][INFO] 2023-04-21 21:46:08,172: hello world 1682084768.17
[rosout][INFO] 2023-04-21 21:46:08,272: hello world 1682084768.27
[rosout][INFO] 2023-04-21 21:46:08,372: hello world 1682084768.37
[rosout][INFO] 2023-04-21 21:46:08,472: hello world 1682084768.47
[rosout][INFO] 2023-04-21 21:46:08,572: hello world 1682084768.57
[rosout][INFO] 2023-04-21 21:46:08,672: hello world 1682084768.67
[rosout][INFO] 2023-04-21 21:46:08,772: hello world 1682084768.77
[rosout][INFO] 2023-04-21 21:46:08,872: hello world 1682084768.87
[rosout][INFO] 2023-04-21 21:46:08,972: hello world 1682084768.97
[rosout][INFO] 2023-04-21 21:46:09,072: hello world 1682084769.07
[rosout][INFO] 2023-04-21 21:46:09,172: hello world 1682084769.17
[rosout][INFO] 2023-04-21 21:46:09,272: hello world 1682084769.27
[rosout][INFO] 2023-04-21 21:46:09,372: hello world 1682084769.37
[rosout][INFO] 2023-04-21 21:46:09,472: hello world 1682084769.47
[rosout][INFO] 2023-04-21 21:46:09,572: hello world 1682084769.57
[rosout][INFO] 2023-04-21 21:46:09,672: hello world 1682084769.67
[rosout][INFO] 2023-04-21 21:46:09,772: hello world 1682084769.77
[rosout][INFO] 2023-04-21 21:46:09,872: hello world 1682084769.87
[rosout][INFO] 2023-04-21 21:46:09,972: hello world 1682084769.97
[rosout][INFO] 2023-04-21 21:46:10,072: hello world 1682084770.07
[rosout][INFO] 2023-04-21 21:46:10,172: hello world 1682084770.17
[rosout][INFO] 2023-04-21 21:46:10,272: hello world 1682084770.27
[rosout][INFO] 2023-04-21 21:46:10,372: hello world 1682084770.37
[rosout][INFO] 2023-04-21 21:46:10,472: hello world 1682084770.47
[rosout][INFO] 2023-04-21 21:46:10,572: hello world 1682084770.57
[rosout][INFO] 2023-04-21 21:46:10,672: hello world 1682084770.67
[rosout][INFO] 2023-04-21 21:46:10,772: hello world 1682084770.77
[rosout][INFO] 2023-04-21 21:46:10,872: hello world 1682084770.87
[rosout][INFO] 2023-04-21 21:46:10,972: hello world 1682084770.97
[rosout][INFO] 2023-04-21 21:46:11,072: hello world 1682084771.07
[rosout][INFO] 2023-04-21 21:46:11,172: hello world 1682084771.17
[rosout][INFO] 2023-04-21 21:46:11,272: hello world 1682084771.27
[rosout][INFO] 2023-04-21 21:46:11,372: hello world 1682084771.37
[rospy.core][INFO] 2023-04-21 21:46:11,447: signal_shutdown [signal-2]
[rospy.internal][INFO] 2023-04-21 21:46:11,473: topic[/rosout] removing connection to /rosout
[rospy.impl.masterslave][INFO] 2023-04-21 21:46:11,475: signal-2
[rospy.core][INFO] 2023-04-21 21:46:12,092: signal_shutdown [atexit]
