[rospy.client][INFO] 2023-04-21 21:57:21,727: init_node, name[/talker_2490_1682085441646], pid[2490]
[xmlrpc][INFO] 2023-04-21 21:57:21,729: XML-RPC server binding to 127.0.0.1:0
[xmlrpc][INFO] 2023-04-21 21:57:21,730: Started XML-RPC server [http://localhost:35779/]
[rospy.init][INFO] 2023-04-21 21:57:21,731: ROS Slave URI: [http://localhost:35779/]
[rospy.impl.masterslave][INFO] 2023-04-21 21:57:21,731: _ready: http://localhost:35779/
[rospy.registration][INFO] 2023-04-21 21:57:21,734: Registering with master node http://localhost:11311
[xmlrpc][INFO] 2023-04-21 21:57:21,734: xml rpc node: starting XML-RPC server
[rospy.registration][INFO] 2023-04-21 21:57:21,735: Registering publisher topic [/chatter] type [std_msgs/String] with master
[rospy.init][INFO] 2023-04-21 21:57:21,832: registered with master
[rospy.rosout][INFO] 2023-04-21 21:57:21,833: initializing /rosout core topic
[rospy.rosout][INFO] 2023-04-21 21:57:21,841: connected to core topic /rosout
[rospy.simtime][INFO] 2023-04-21 21:57:21,849: /use_sim_time is not set, will not subscribe to simulated time [/clock] topic
[rosout][INFO] 2023-04-21 21:57:21,862: hello world 1682085441.86
[rosout][INFO] 2023-04-21 21:57:21,962: hello world 1682085441.96
[rospy.internal][INFO] 2023-04-21 21:57:22,046: topic[/rosout] adding connection to [/rosout], count 0
[rosout][INFO] 2023-04-21 21:57:22,062: hello world 1682085442.06
[rosout][INFO] 2023-04-21 21:57:22,162: hello world 1682085442.16
[rosout][INFO] 2023-04-21 21:57:22,262: hello world 1682085442.26
[rosout][INFO] 2023-04-21 21:57:22,362: hello world 1682085442.36
[rosout][INFO] 2023-04-21 21:57:22,462: hello world 1682085442.46
[rosout][INFO] 2023-04-21 21:57:22,562: hello world 1682085442.56
[rosout][INFO] 2023-04-21 21:57:22,662: hello world 1682085442.66
[rosout][INFO] 2023-04-21 21:57:22,762: hello world 1682085442.76
[rosout][INFO] 2023-04-21 21:57:22,862: hello world 1682085442.86
[rosout][INFO] 2023-04-21 21:57:22,962: hello world 1682085442.96
[rosout][INFO] 2023-04-21 21:57:23,062: hello world 1682085443.06
[rosout][INFO] 2023-04-21 21:57:23,162: hello world 1682085443.16
[rosout][INFO] 2023-04-21 21:57:23,262: hello world 1682085443.26
[rosout][INFO] 2023-04-21 21:57:23,362: hello world 1682085443.36
[rosout][INFO] 2023-04-21 21:57:23,462: hello world 1682085443.46
[rosout][INFO] 2023-04-21 21:57:23,562: hello world 1682085443.56
[rosout][INFO] 2023-04-21 21:57:23,662: hello world 1682085443.66
[rosout][INFO] 2023-04-21 21:57:23,762: hello world 1682085443.76
[rosout][INFO] 2023-04-21 21:57:23,862: hello world 1682085443.86
[rosout][INFO] 2023-04-21 21:57:23,962: hello world 1682085443.96
[rosout][INFO] 2023-04-21 21:57:24,062: hello world 1682085444.06
[rosout][INFO] 2023-04-21 21:57:24,163: hello world 1682085444.16
[rosout][INFO] 2023-04-21 21:57:24,263: hello world 1682085444.26
[rosout][INFO] 2023-04-21 21:57:24,363: hello world 1682085444.36
[rosout][INFO] 2023-04-21 21:57:24,463: hello world 1682085444.46
[rosout][INFO] 2023-04-21 21:57:24,562: hello world 1682085444.56
[rosout][INFO] 2023-04-21 21:57:24,662: hello world 1682085444.66
[rosout][INFO] 2023-04-21 21:57:24,762: hello world 1682085444.76
[rosout][INFO] 2023-04-21 21:57:24,862: hello world 1682085444.86
[rosout][INFO] 2023-04-21 21:57:24,962: hello world 1682085444.96
[rosout][INFO] 2023-04-21 21:57:25,062: hello world 1682085445.06
[rosout][INFO] 2023-04-21 21:57:25,162: hello world 1682085445.16
[rosout][INFO] 2023-04-21 21:57:25,262: hello world 1682085445.26
[rosout][INFO] 2023-04-21 21:57:25,362: hello world 1682085445.36
[rosout][INFO] 2023-04-21 21:57:25,462: hello world 1682085445.46
[rosout][INFO] 2023-04-21 21:57:25,562: hello world 1682085445.56
[rosout][INFO] 2023-04-21 21:57:25,662: hello world 1682085445.66
[rosout][INFO] 2023-04-21 21:57:25,762: hello world 1682085445.76
[rosout][INFO] 2023-04-21 21:57:25,863: hello world 1682085445.86
[rosout][INFO] 2023-04-21 21:57:25,963: hello world 1682085445.96
[rosout][INFO] 2023-04-21 21:57:26,063: hello world 1682085446.06
[rosout][INFO] 2023-04-21 21:57:26,163: hello world 1682085446.16
[rosout][INFO] 2023-04-21 21:57:26,263: hello world 1682085446.26
[rosout][INFO] 2023-04-21 21:57:26,363: hello world 1682085446.36
[rosout][INFO] 2023-04-21 21:57:26,463: hello world 1682085446.46
[rosout][INFO] 2023-04-21 21:57:26,563: hello world 1682085446.56
[rosout][INFO] 2023-04-21 21:57:26,663: hello world 1682085446.66
[rosout][INFO] 2023-04-21 21:57:26,763: hello world 1682085446.76
[rosout][INFO] 2023-04-21 21:57:26,863: hello world 1682085446.86
[rosout][INFO] 2023-04-21 21:57:26,963: hello world 1682085446.96
[rosout][INFO] 2023-04-21 21:57:27,063: hello world 1682085447.06
[rosout][INFO] 2023-04-21 21:57:27,163: hello world 1682085447.16
[rosout][INFO] 2023-04-21 21:57:27,263: hello world 1682085447.26
[rosout][INFO] 2023-04-21 21:57:27,363: hello world 1682085447.36
[rosout][INFO] 2023-04-21 21:57:27,463: hello world 1682085447.46
[rosout][INFO] 2023-04-21 21:57:27,563: hello world 1682085447.56
[rosout][INFO] 2023-04-21 21:57:27,663: hello world 1682085447.66
[rosout][INFO] 2023-04-21 21:57:27,763: hello world 1682085447.76
[rosout][INFO] 2023-04-21 21:57:27,863: hello world 1682085447.86
[rosout][INFO] 2023-04-21 21:57:27,963: hello world 1682085447.96
[rosout][INFO] 2023-04-21 21:57:28,063: hello world 1682085448.06
[rosout][INFO] 2023-04-21 21:57:28,163: hello world 1682085448.16
[rosout][INFO] 2023-04-21 21:57:28,263: hello world 1682085448.26
[rosout][INFO] 2023-04-21 21:57:28,363: hello world 1682085448.36
[rosout][INFO] 2023-04-21 21:57:28,463: hello world 1682085448.46
[rosout][INFO] 2023-04-21 21:57:28,563: hello world 1682085448.56
[rosout][INFO] 2023-04-21 21:57:28,663: hello world 1682085448.66
[rosout][INFO] 2023-04-21 21:57:28,763: hello world 1682085448.76
[rosout][INFO] 2023-04-21 21:57:28,863: hello world 1682085448.86
[rosout][INFO] 2023-04-21 21:57:28,963: hello world 1682085448.96
[rosout][INFO] 2023-04-21 21:57:29,063: hello world 1682085449.06
[rosout][INFO] 2023-04-21 21:57:29,163: hello world 1682085449.16
[rosout][INFO] 2023-04-21 21:57:29,263: hello world 1682085449.26
[rosout][INFO] 2023-04-21 21:57:29,363: hello world 1682085449.36
[rosout][INFO] 2023-04-21 21:57:29,463: hello world 1682085449.46
[rosout][INFO] 2023-04-21 21:57:29,563: hello world 1682085449.56
[rosout][INFO] 2023-04-21 21:57:29,663: hello world 1682085449.66
[rosout][INFO] 2023-04-21 21:57:29,763: hello world 1682085449.76
[rosout][INFO] 2023-04-21 21:57:29,863: hello world 1682085449.86
[rosout][INFO] 2023-04-21 21:57:29,963: hello world 1682085449.96
[rosout][INFO] 2023-04-21 21:57:30,063: hello world 1682085450.06
[rosout][INFO] 2023-04-21 21:57:30,163: hello world 1682085450.16
[rosout][INFO] 2023-04-21 21:57:30,263: hello world 1682085450.26
[rosout][INFO] 2023-04-21 21:57:30,363: hello world 1682085450.36
[rosout][INFO] 2023-04-21 21:57:30,463: hello world 1682085450.46
[rosout][INFO] 2023-04-21 21:57:30,563: hello world 1682085450.56
[rosout][INFO] 2023-04-21 21:57:30,663: hello world 1682085450.66
[rosout][INFO] 2023-04-21 21:57:30,763: hello world 1682085450.76
[rosout][INFO] 2023-04-21 21:57:30,863: hello world 1682085450.86
[rosout][INFO] 2023-04-21 21:57:30,963: hello world 1682085450.96
[rosout][INFO] 2023-04-21 21:57:31,063: hello world 1682085451.06
[rosout][INFO] 2023-04-21 21:57:31,163: hello world 1682085451.16
[rosout][INFO] 2023-04-21 21:57:31,263: hello world 1682085451.26
[rosout][INFO] 2023-04-21 21:57:31,363: hello world 1682085451.36
[rosout][INFO] 2023-04-21 21:57:31,463: hello world 1682085451.46
[rosout][INFO] 2023-04-21 21:57:31,563: hello world 1682085451.56
[rosout][INFO] 2023-04-21 21:57:31,663: hello world 1682085451.66
[rosout][INFO] 2023-04-21 21:57:31,763: hello world 1682085451.76
[rosout][INFO] 2023-04-21 21:57:31,863: hello world 1682085451.86
[rosout][INFO] 2023-04-21 21:57:31,963: hello world 1682085451.96
[rosout][INFO] 2023-04-21 21:57:32,063: hello world 1682085452.06
[rosout][INFO] 2023-04-21 21:57:32,163: hello world 1682085452.16
[rosout][INFO] 2023-04-21 21:57:32,263: hello world 1682085452.26
[rosout][INFO] 2023-04-21 21:57:32,363: hello world 1682085452.36
[rosout][INFO] 2023-04-21 21:57:32,463: hello world 1682085452.46
[rosout][INFO] 2023-04-21 21:57:32,563: hello world 1682085452.56
[rosout][INFO] 2023-04-21 21:57:32,663: hello world 1682085452.66
[rosout][INFO] 2023-04-21 21:57:32,763: hello world 1682085452.76
[rosout][INFO] 2023-04-21 21:57:32,863: hello world 1682085452.86
[rosout][INFO] 2023-04-21 21:57:32,963: hello world 1682085452.96
[rosout][INFO] 2023-04-21 21:57:33,063: hello world 1682085453.06
[rosout][INFO] 2023-04-21 21:57:33,163: hello world 1682085453.16
[rosout][INFO] 2023-04-21 21:57:33,263: hello world 1682085453.26
[rosout][INFO] 2023-04-21 21:57:33,363: hello world 1682085453.36
[rosout][INFO] 2023-04-21 21:57:33,463: hello world 1682085453.46
[rosout][INFO] 2023-04-21 21:57:33,563: hello world 1682085453.56
[rosout][INFO] 2023-04-21 21:57:33,663: hello world 1682085453.66
[rosout][INFO] 2023-04-21 21:57:33,763: hello world 1682085453.76
[rosout][INFO] 2023-04-21 21:57:33,863: hello world 1682085453.86
[rosout][INFO] 2023-04-21 21:57:33,963: hello world 1682085453.96
[rosout][INFO] 2023-04-21 21:57:34,063: hello world 1682085454.06
[rosout][INFO] 2023-04-21 21:57:34,163: hello world 1682085454.16
[rosout][INFO] 2023-04-21 21:57:34,263: hello world 1682085454.26
[rosout][INFO] 2023-04-21 21:57:34,363: hello world 1682085454.36
[rosout][INFO] 2023-04-21 21:57:34,463: hello world 1682085454.46
[rosout][INFO] 2023-04-21 21:57:34,563: hello world 1682085454.56
[rosout][INFO] 2023-04-21 21:57:34,663: hello world 1682085454.66
[rosout][INFO] 2023-04-21 21:57:34,763: hello world 1682085454.76
[rosout][INFO] 2023-04-21 21:57:34,863: hello world 1682085454.86
[rosout][INFO] 2023-04-21 21:57:34,963: hello world 1682085454.96
[rosout][INFO] 2023-04-21 21:57:35,063: hello world 1682085455.06
[rosout][INFO] 2023-04-21 21:57:35,163: hello world 1682085455.16
[rosout][INFO] 2023-04-21 21:57:35,263: hello world 1682085455.26
[rosout][INFO] 2023-04-21 21:57:35,363: hello world 1682085455.36
[rosout][INFO] 2023-04-21 21:57:35,463: hello world 1682085455.46
[rosout][INFO] 2023-04-21 21:57:35,563: hello world 1682085455.56
[rosout][INFO] 2023-04-21 21:57:35,663: hello world 1682085455.66
[rosout][INFO] 2023-04-21 21:57:35,763: hello world 1682085455.76
[rosout][INFO] 2023-04-21 21:57:35,863: hello world 1682085455.86
[rosout][INFO] 2023-04-21 21:57:35,963: hello world 1682085455.96
[rosout][INFO] 2023-04-21 21:57:36,063: hello world 1682085456.06
[rosout][INFO] 2023-04-21 21:57:36,163: hello world 1682085456.16
[rosout][INFO] 2023-04-21 21:57:36,263: hello world 1682085456.26
[rosout][INFO] 2023-04-21 21:57:36,363: hello world 1682085456.36
[rosout][INFO] 2023-04-21 21:57:36,463: hello world 1682085456.46
[rosout][INFO] 2023-04-21 21:57:36,563: hello world 1682085456.56
[rosout][INFO] 2023-04-21 21:57:36,663: hello world 1682085456.66
[rosout][INFO] 2023-04-21 21:57:36,763: hello world 1682085456.76
[rosout][INFO] 2023-04-21 21:57:36,863: hello world 1682085456.86
[rosout][INFO] 2023-04-21 21:57:36,963: hello world 1682085456.96
[rosout][INFO] 2023-04-21 21:57:37,063: hello world 1682085457.06
[rosout][INFO] 2023-04-21 21:57:37,163: hello world 1682085457.16
[rosout][INFO] 2023-04-21 21:57:37,263: hello world 1682085457.26
[rosout][INFO] 2023-04-21 21:57:37,363: hello world 1682085457.36
[rosout][INFO] 2023-04-21 21:57:37,463: hello world 1682085457.46
[rosout][INFO] 2023-04-21 21:57:37,563: hello world 1682085457.56
[rosout][INFO] 2023-04-21 21:57:37,663: hello world 1682085457.66
[rosout][INFO] 2023-04-21 21:57:37,763: hello world 1682085457.76
[rosout][INFO] 2023-04-21 21:57:37,862: hello world 1682085457.86
[rosout][INFO] 2023-04-21 21:57:37,963: hello world 1682085457.96
[rosout][INFO] 2023-04-21 21:57:38,063: hello world 1682085458.06
[rosout][INFO] 2023-04-21 21:57:38,162: hello world 1682085458.16
[rosout][INFO] 2023-04-21 21:57:38,262: hello world 1682085458.26
[rosout][INFO] 2023-04-21 21:57:38,362: hello world 1682085458.36
[rosout][INFO] 2023-04-21 21:57:38,462: hello world 1682085458.46
[rosout][INFO] 2023-04-21 21:57:38,562: hello world 1682085458.56
[rosout][INFO] 2023-04-21 21:57:38,662: hello world 1682085458.66
[rosout][INFO] 2023-04-21 21:57:38,762: hello world 1682085458.76
[rosout][INFO] 2023-04-21 21:57:38,862: hello world 1682085458.86
[rosout][INFO] 2023-04-21 21:57:38,962: hello world 1682085458.96
[rosout][INFO] 2023-04-21 21:57:39,062: hello world 1682085459.06
[rosout][INFO] 2023-04-21 21:57:39,162: hello world 1682085459.16
[rosout][INFO] 2023-04-21 21:57:39,263: hello world 1682085459.26
[rosout][INFO] 2023-04-21 21:57:39,363: hello world 1682085459.36
[rosout][INFO] 2023-04-21 21:57:39,463: hello world 1682085459.46
[rosout][INFO] 2023-04-21 21:57:39,563: hello world 1682085459.56
[rosout][INFO] 2023-04-21 21:57:39,663: hello world 1682085459.66
[rosout][INFO] 2023-04-21 21:57:39,763: hello world 1682085459.76
[rosout][INFO] 2023-04-21 21:57:39,863: hello world 1682085459.86
[rosout][INFO] 2023-04-21 21:57:39,963: hello world 1682085459.96
[rosout][INFO] 2023-04-21 21:57:40,063: hello world 1682085460.06
[rosout][INFO] 2023-04-21 21:57:40,163: hello world 1682085460.16
[rosout][INFO] 2023-04-21 21:57:40,263: hello world 1682085460.26
[rosout][INFO] 2023-04-21 21:57:40,363: hello world 1682085460.36
[rosout][INFO] 2023-04-21 21:57:40,463: hello world 1682085460.46
[rosout][INFO] 2023-04-21 21:57:40,563: hello world 1682085460.56
[rosout][INFO] 2023-04-21 21:57:40,663: hello world 1682085460.66
[rosout][INFO] 2023-04-21 21:57:40,763: hello world 1682085460.76
[rosout][INFO] 2023-04-21 21:57:40,863: hello world 1682085460.86
[rosout][INFO] 2023-04-21 21:57:40,963: hello world 1682085460.96
[rosout][INFO] 2023-04-21 21:57:41,063: hello world 1682085461.06
[rosout][INFO] 2023-04-21 21:57:41,163: hello world 1682085461.16
[rosout][INFO] 2023-04-21 21:57:41,263: hello world 1682085461.26
[rosout][INFO] 2023-04-21 21:57:41,363: hello world 1682085461.36
[rosout][INFO] 2023-04-21 21:57:41,463: hello world 1682085461.46
[rosout][INFO] 2023-04-21 21:57:41,563: hello world 1682085461.56
[rosout][INFO] 2023-04-21 21:57:41,663: hello world 1682085461.66
[rosout][INFO] 2023-04-21 21:57:41,763: hello world 1682085461.76
[rosout][INFO] 2023-04-21 21:57:41,863: hello world 1682085461.86
[rosout][INFO] 2023-04-21 21:57:41,963: hello world 1682085461.96
[rosout][INFO] 2023-04-21 21:57:42,063: hello world 1682085462.06
[rosout][INFO] 2023-04-21 21:57:42,163: hello world 1682085462.16
[rosout][INFO] 2023-04-21 21:57:42,263: hello world 1682085462.26
[rosout][INFO] 2023-04-21 21:57:42,363: hello world 1682085462.36
[rosout][INFO] 2023-04-21 21:57:42,463: hello world 1682085462.46
[rosout][INFO] 2023-04-21 21:57:42,563: hello world 1682085462.56
[rosout][INFO] 2023-04-21 21:57:42,663: hello world 1682085462.66
[rosout][INFO] 2023-04-21 21:57:42,763: hello world 1682085462.76
[rosout][INFO] 2023-04-21 21:57:42,863: hello world 1682085462.86
[rosout][INFO] 2023-04-21 21:57:42,963: hello world 1682085462.96
[rosout][INFO] 2023-04-21 21:57:43,063: hello world 1682085463.06
[rosout][INFO] 2023-04-21 21:57:43,163: hello world 1682085463.16
[rosout][INFO] 2023-04-21 21:57:43,263: hello world 1682085463.26
[rosout][INFO] 2023-04-21 21:57:43,363: hello world 1682085463.36
[rosout][INFO] 2023-04-21 21:57:43,463: hello world 1682085463.46
[rosout][INFO] 2023-04-21 21:57:43,563: hello world 1682085463.56
[rosout][INFO] 2023-04-21 21:57:43,663: hello world 1682085463.66
[rosout][INFO] 2023-04-21 21:57:43,763: hello world 1682085463.76
[rosout][INFO] 2023-04-21 21:57:43,863: hello world 1682085463.86
[rosout][INFO] 2023-04-21 21:57:43,963: hello world 1682085463.96
[rosout][INFO] 2023-04-21 21:57:44,063: hello world 1682085464.06
[rosout][INFO] 2023-04-21 21:57:44,163: hello world 1682085464.16
[rosout][INFO] 2023-04-21 21:57:44,263: hello world 1682085464.26
[rosout][INFO] 2023-04-21 21:57:44,363: hello world 1682085464.36
[rosout][INFO] 2023-04-21 21:57:44,463: hello world 1682085464.46
[rosout][INFO] 2023-04-21 21:57:44,563: hello world 1682085464.56
[rosout][INFO] 2023-04-21 21:57:44,663: hello world 1682085464.66
[rosout][INFO] 2023-04-21 21:57:44,763: hello world 1682085464.76
[rosout][INFO] 2023-04-21 21:57:44,863: hello world 1682085464.86
[rosout][INFO] 2023-04-21 21:57:44,963: hello world 1682085464.96
[rosout][INFO] 2023-04-21 21:57:45,063: hello world 1682085465.06
[rosout][INFO] 2023-04-21 21:57:45,163: hello world 1682085465.16
[rosout][INFO] 2023-04-21 21:57:45,263: hello world 1682085465.26
[rosout][INFO] 2023-04-21 21:57:45,363: hello world 1682085465.36
[rosout][INFO] 2023-04-21 21:57:45,463: hello world 1682085465.46
[rosout][INFO] 2023-04-21 21:57:45,563: hello world 1682085465.56
[rosout][INFO] 2023-04-21 21:57:45,663: hello world 1682085465.66
[rosout][INFO] 2023-04-21 21:57:45,763: hello world 1682085465.76
[rosout][INFO] 2023-04-21 21:57:45,863: hello world 1682085465.86
[rosout][INFO] 2023-04-21 21:57:45,965: hello world 1682085465.97
[rosout][INFO] 2023-04-21 21:57:46,063: hello world 1682085466.06
[rosout][INFO] 2023-04-21 21:57:46,163: hello world 1682085466.16
[rosout][INFO] 2023-04-21 21:57:46,263: hello world 1682085466.26
[rosout][INFO] 2023-04-21 21:57:46,363: hello world 1682085466.36
[rosout][INFO] 2023-04-21 21:57:46,462: hello world 1682085466.46
[rosout][INFO] 2023-04-21 21:57:46,562: hello world 1682085466.56
[rosout][INFO] 2023-04-21 21:57:46,662: hello world 1682085466.66
[rosout][INFO] 2023-04-21 21:57:46,762: hello world 1682085466.76
[rosout][INFO] 2023-04-21 21:57:46,862: hello world 1682085466.86
[rosout][INFO] 2023-04-21 21:57:46,962: hello world 1682085466.96
[rosout][INFO] 2023-04-21 21:57:47,062: hello world 1682085467.06
[rosout][INFO] 2023-04-21 21:57:47,162: hello world 1682085467.16
[rosout][INFO] 2023-04-21 21:57:47,262: hello world 1682085467.26
[rosout][INFO] 2023-04-21 21:57:47,362: hello world 1682085467.36
[rosout][INFO] 2023-04-21 21:57:47,462: hello world 1682085467.46
[rosout][INFO] 2023-04-21 21:57:47,562: hello world 1682085467.56
[rosout][INFO] 2023-04-21 21:57:47,663: hello world 1682085467.66
[rosout][INFO] 2023-04-21 21:57:47,763: hello world 1682085467.76
[rosout][INFO] 2023-04-21 21:57:47,863: hello world 1682085467.86
[rosout][INFO] 2023-04-21 21:57:47,963: hello world 1682085467.96
[rosout][INFO] 2023-04-21 21:57:48,062: hello world 1682085468.06
[rosout][INFO] 2023-04-21 21:57:48,163: hello world 1682085468.16
[rosout][INFO] 2023-04-21 21:57:48,262: hello world 1682085468.26
[rosout][INFO] 2023-04-21 21:57:48,362: hello world 1682085468.36
[rosout][INFO] 2023-04-21 21:57:48,462: hello world 1682085468.46
[rosout][INFO] 2023-04-21 21:57:48,562: hello world 1682085468.56
[rosout][INFO] 2023-04-21 21:57:48,662: hello world 1682085468.66
[rosout][INFO] 2023-04-21 21:57:48,762: hello world 1682085468.76
[rosout][INFO] 2023-04-21 21:57:48,862: hello world 1682085468.86
[rosout][INFO] 2023-04-21 21:57:48,962: hello world 1682085468.96
[rosout][INFO] 2023-04-21 21:57:49,062: hello world 1682085469.06
[rosout][INFO] 2023-04-21 21:57:49,162: hello world 1682085469.16
[rosout][INFO] 2023-04-21 21:57:49,262: hello world 1682085469.26
[rosout][INFO] 2023-04-21 21:57:49,363: hello world 1682085469.36
[rosout][INFO] 2023-04-21 21:57:49,463: hello world 1682085469.46
[rosout][INFO] 2023-04-21 21:57:49,563: hello world 1682085469.56
[rosout][INFO] 2023-04-21 21:57:49,663: hello world 1682085469.66
[rosout][INFO] 2023-04-21 21:57:49,763: hello world 1682085469.76
[rosout][INFO] 2023-04-21 21:57:49,863: hello world 1682085469.86
[rosout][INFO] 2023-04-21 21:57:49,963: hello world 1682085469.96
[rosout][INFO] 2023-04-21 21:57:50,063: hello world 1682085470.06
[rosout][INFO] 2023-04-21 21:57:50,163: hello world 1682085470.16
[rosout][INFO] 2023-04-21 21:57:50,263: hello world 1682085470.26
[rosout][INFO] 2023-04-21 21:57:50,363: hello world 1682085470.36
[rosout][INFO] 2023-04-21 21:57:50,463: hello world 1682085470.46
[rosout][INFO] 2023-04-21 21:57:50,563: hello world 1682085470.56
[rosout][INFO] 2023-04-21 21:57:50,663: hello world 1682085470.66
[rosout][INFO] 2023-04-21 21:57:50,763: hello world 1682085470.76
[rosout][INFO] 2023-04-21 21:57:50,863: hello world 1682085470.86
[rosout][INFO] 2023-04-21 21:57:50,963: hello world 1682085470.96
[rosout][INFO] 2023-04-21 21:57:51,063: hello world 1682085471.06
[rosout][INFO] 2023-04-21 21:57:51,163: hello world 1682085471.16
[rosout][INFO] 2023-04-21 21:57:51,263: hello world 1682085471.26
[rosout][INFO] 2023-04-21 21:57:51,363: hello world 1682085471.36
[rosout][INFO] 2023-04-21 21:57:51,463: hello world 1682085471.46
[rosout][INFO] 2023-04-21 21:57:51,563: hello world 1682085471.56
[rosout][INFO] 2023-04-21 21:57:51,663: hello world 1682085471.66
[rosout][INFO] 2023-04-21 21:57:51,763: hello world 1682085471.76
[rosout][INFO] 2023-04-21 21:57:51,863: hello world 1682085471.86
[rosout][INFO] 2023-04-21 21:57:51,963: hello world 1682085471.96
[rosout][INFO] 2023-04-21 21:57:52,063: hello world 1682085472.06
[rosout][INFO] 2023-04-21 21:57:52,163: hello world 1682085472.16
[rosout][INFO] 2023-04-21 21:57:52,263: hello world 1682085472.26
[rosout][INFO] 2023-04-21 21:57:52,363: hello world 1682085472.36
[rosout][INFO] 2023-04-21 21:57:52,463: hello world 1682085472.46
[rosout][INFO] 2023-04-21 21:57:52,563: hello world 1682085472.56
[rosout][INFO] 2023-04-21 21:57:52,663: hello world 1682085472.66
[rosout][INFO] 2023-04-21 21:57:52,763: hello world 1682085472.76
[rosout][INFO] 2023-04-21 21:57:52,863: hello world 1682085472.86
[rosout][INFO] 2023-04-21 21:57:52,963: hello world 1682085472.96
[rosout][INFO] 2023-04-21 21:57:53,063: hello world 1682085473.06
[rosout][INFO] 2023-04-21 21:57:53,163: hello world 1682085473.16
[rosout][INFO] 2023-04-21 21:57:53,263: hello world 1682085473.26
[rosout][INFO] 2023-04-21 21:57:53,363: hello world 1682085473.36
[rosout][INFO] 2023-04-21 21:57:53,463: hello world 1682085473.46
[rosout][INFO] 2023-04-21 21:57:53,563: hello world 1682085473.56
[rosout][INFO] 2023-04-21 21:57:53,663: hello world 1682085473.66
[rosout][INFO] 2023-04-21 21:57:53,763: hello world 1682085473.76
[rosout][INFO] 2023-04-21 21:57:53,863: hello world 1682085473.86
[rosout][INFO] 2023-04-21 21:57:53,963: hello world 1682085473.96
[rosout][INFO] 2023-04-21 21:57:54,063: hello world 1682085474.06
[rosout][INFO] 2023-04-21 21:57:54,163: hello world 1682085474.16
[rosout][INFO] 2023-04-21 21:57:54,263: hello world 1682085474.26
[rosout][INFO] 2023-04-21 21:57:54,363: hello world 1682085474.36
[rosout][INFO] 2023-04-21 21:57:54,463: hello world 1682085474.46
[rosout][INFO] 2023-04-21 21:57:54,563: hello world 1682085474.56
[rosout][INFO] 2023-04-21 21:57:54,663: hello world 1682085474.66
[rosout][INFO] 2023-04-21 21:57:54,763: hello world 1682085474.76
[rosout][INFO] 2023-04-21 21:57:54,863: hello world 1682085474.86
[rosout][INFO] 2023-04-21 21:57:54,963: hello world 1682085474.96
[rosout][INFO] 2023-04-21 21:57:55,063: hello world 1682085475.06
[rosout][INFO] 2023-04-21 21:57:55,163: hello world 1682085475.16
[rosout][INFO] 2023-04-21 21:57:55,263: hello world 1682085475.26
[rosout][INFO] 2023-04-21 21:57:55,363: hello world 1682085475.36
[rosout][INFO] 2023-04-21 21:57:55,463: hello world 1682085475.46
[rosout][INFO] 2023-04-21 21:57:55,563: hello world 1682085475.56
[rosout][INFO] 2023-04-21 21:57:55,663: hello world 1682085475.66
[rosout][INFO] 2023-04-21 21:57:55,763: hello world 1682085475.76
[rosout][INFO] 2023-04-21 21:57:55,863: hello world 1682085475.86
[rosout][INFO] 2023-04-21 21:57:55,963: hello world 1682085475.96
[rosout][INFO] 2023-04-21 21:57:56,063: hello world 1682085476.06
[rosout][INFO] 2023-04-21 21:57:56,163: hello world 1682085476.16
[rosout][INFO] 2023-04-21 21:57:56,263: hello world 1682085476.26
[rosout][INFO] 2023-04-21 21:57:56,363: hello world 1682085476.36
[rosout][INFO] 2023-04-21 21:57:56,463: hello world 1682085476.46
[rosout][INFO] 2023-04-21 21:57:56,563: hello world 1682085476.56
[rosout][INFO] 2023-04-21 21:57:56,663: hello world 1682085476.66
[rosout][INFO] 2023-04-21 21:57:56,763: hello world 1682085476.76
[rosout][INFO] 2023-04-21 21:57:56,863: hello world 1682085476.86
[rosout][INFO] 2023-04-21 21:57:56,963: hello world 1682085476.96
[rosout][INFO] 2023-04-21 21:57:57,063: hello world 1682085477.06
[rosout][INFO] 2023-04-21 21:57:57,163: hello world 1682085477.16
[rosout][INFO] 2023-04-21 21:57:57,263: hello world 1682085477.26
[rosout][INFO] 2023-04-21 21:57:57,363: hello world 1682085477.36
[rosout][INFO] 2023-04-21 21:57:57,463: hello world 1682085477.46
[rosout][INFO] 2023-04-21 21:57:57,563: hello world 1682085477.56
[rosout][INFO] 2023-04-21 21:57:57,663: hello world 1682085477.66
[rosout][INFO] 2023-04-21 21:57:57,763: hello world 1682085477.76
[rosout][INFO] 2023-04-21 21:57:57,863: hello world 1682085477.86
[rosout][INFO] 2023-04-21 21:57:57,963: hello world 1682085477.96
[rosout][INFO] 2023-04-21 21:57:58,063: hello world 1682085478.06
[rosout][INFO] 2023-04-21 21:57:58,163: hello world 1682085478.16
[rosout][INFO] 2023-04-21 21:57:58,263: hello world 1682085478.26
[rosout][INFO] 2023-04-21 21:57:58,363: hello world 1682085478.36
[rosout][INFO] 2023-04-21 21:57:58,463: hello world 1682085478.46
[rosout][INFO] 2023-04-21 21:57:58,563: hello world 1682085478.56
[rosout][INFO] 2023-04-21 21:57:58,663: hello world 1682085478.66
[rosout][INFO] 2023-04-21 21:57:58,763: hello world 1682085478.76
[rosout][INFO] 2023-04-21 21:57:58,863: hello world 1682085478.86
[rosout][INFO] 2023-04-21 21:57:58,963: hello world 1682085478.96
[rosout][INFO] 2023-04-21 21:57:59,063: hello world 1682085479.06
[rosout][INFO] 2023-04-21 21:57:59,163: hello world 1682085479.16
[rosout][INFO] 2023-04-21 21:57:59,263: hello world 1682085479.26
[rosout][INFO] 2023-04-21 21:57:59,363: hello world 1682085479.36
[rosout][INFO] 2023-04-21 21:57:59,463: hello world 1682085479.46
[rosout][INFO] 2023-04-21 21:57:59,563: hello world 1682085479.56
[rosout][INFO] 2023-04-21 21:57:59,663: hello world 1682085479.66
[rosout][INFO] 2023-04-21 21:57:59,763: hello world 1682085479.76
[rosout][INFO] 2023-04-21 21:57:59,863: hello world 1682085479.86
[rosout][INFO] 2023-04-21 21:57:59,963: hello world 1682085479.96
[rosout][INFO] 2023-04-21 21:58:00,063: hello world 1682085480.06
[rosout][INFO] 2023-04-21 21:58:00,163: hello world 1682085480.16
[rosout][INFO] 2023-04-21 21:58:00,263: hello world 1682085480.26
[rosout][INFO] 2023-04-21 21:58:00,363: hello world 1682085480.36
[rosout][INFO] 2023-04-21 21:58:00,463: hello world 1682085480.46
[rosout][INFO] 2023-04-21 21:58:00,563: hello world 1682085480.56
[rosout][INFO] 2023-04-21 21:58:00,663: hello world 1682085480.66
[rosout][INFO] 2023-04-21 21:58:00,763: hello world 1682085480.76
[rosout][INFO] 2023-04-21 21:58:00,863: hello world 1682085480.86
[rosout][INFO] 2023-04-21 21:58:00,963: hello world 1682085480.96
[rosout][INFO] 2023-04-21 21:58:01,063: hello world 1682085481.06
[rosout][INFO] 2023-04-21 21:58:01,163: hello world 1682085481.16
[rosout][INFO] 2023-04-21 21:58:01,263: hello world 1682085481.26
[rosout][INFO] 2023-04-21 21:58:01,363: hello world 1682085481.36
[rosout][INFO] 2023-04-21 21:58:01,463: hello world 1682085481.46
[rosout][INFO] 2023-04-21 21:58:01,563: hello world 1682085481.56
[rosout][INFO] 2023-04-21 21:58:01,663: hello world 1682085481.66
[rosout][INFO] 2023-04-21 21:58:01,763: hello world 1682085481.76
[rosout][INFO] 2023-04-21 21:58:01,863: hello world 1682085481.86
[rosout][INFO] 2023-04-21 21:58:01,963: hello world 1682085481.96
[rosout][INFO] 2023-04-21 21:58:02,063: hello world 1682085482.06
[rosout][INFO] 2023-04-21 21:58:02,163: hello world 1682085482.16
[rosout][INFO] 2023-04-21 21:58:02,263: hello world 1682085482.26
[rosout][INFO] 2023-04-21 21:58:02,363: hello world 1682085482.36
[rosout][INFO] 2023-04-21 21:58:02,463: hello world 1682085482.46
[rosout][INFO] 2023-04-21 21:58:02,563: hello world 1682085482.56
[rosout][INFO] 2023-04-21 21:58:02,663: hello world 1682085482.66
[rosout][INFO] 2023-04-21 21:58:02,763: hello world 1682085482.76
[rosout][INFO] 2023-04-21 21:58:02,863: hello world 1682085482.86
[rosout][INFO] 2023-04-21 21:58:02,963: hello world 1682085482.96
[rosout][INFO] 2023-04-21 21:58:03,063: hello world 1682085483.06
[rosout][INFO] 2023-04-21 21:58:03,163: hello world 1682085483.16
[rosout][INFO] 2023-04-21 21:58:03,263: hello world 1682085483.26
[rosout][INFO] 2023-04-21 21:58:03,363: hello world 1682085483.36
[rosout][INFO] 2023-04-21 21:58:03,463: hello world 1682085483.46
[rosout][INFO] 2023-04-21 21:58:03,563: hello world 1682085483.56
[rosout][INFO] 2023-04-21 21:58:03,663: hello world 1682085483.66
[rosout][INFO] 2023-04-21 21:58:03,763: hello world 1682085483.76
[rosout][INFO] 2023-04-21 21:58:03,863: hello world 1682085483.86
[rosout][INFO] 2023-04-21 21:58:03,963: hello world 1682085483.96
[rosout][INFO] 2023-04-21 21:58:04,063: hello world 1682085484.06
[rosout][INFO] 2023-04-21 21:58:04,163: hello world 1682085484.16
[rosout][INFO] 2023-04-21 21:58:04,263: hello world 1682085484.26
[rosout][INFO] 2023-04-21 21:58:04,363: hello world 1682085484.36
[rosout][INFO] 2023-04-21 21:58:04,463: hello world 1682085484.46
[rosout][INFO] 2023-04-21 21:58:04,563: hello world 1682085484.56
[rosout][INFO] 2023-04-21 21:58:04,663: hello world 1682085484.66
[rosout][INFO] 2023-04-21 21:58:04,763: hello world 1682085484.76
[rosout][INFO] 2023-04-21 21:58:04,863: hello world 1682085484.86
[rosout][INFO] 2023-04-21 21:58:04,963: hello world 1682085484.96
[rosout][INFO] 2023-04-21 21:58:05,063: hello world 1682085485.06
[rosout][INFO] 2023-04-21 21:58:05,163: hello world 1682085485.16
[rosout][INFO] 2023-04-21 21:58:05,263: hello world 1682085485.26
[rosout][INFO] 2023-04-21 21:58:05,363: hello world 1682085485.36
[rosout][INFO] 2023-04-21 21:58:05,463: hello world 1682085485.46
[rosout][INFO] 2023-04-21 21:58:05,563: hello world 1682085485.56
[rosout][INFO] 2023-04-21 21:58:05,663: hello world 1682085485.66
[rosout][INFO] 2023-04-21 21:58:05,763: hello world 1682085485.76
[rosout][INFO] 2023-04-21 21:58:05,863: hello world 1682085485.86
[rosout][INFO] 2023-04-21 21:58:05,963: hello world 1682085485.96
[rosout][INFO] 2023-04-21 21:58:06,063: hello world 1682085486.06
[rosout][INFO] 2023-04-21 21:58:06,163: hello world 1682085486.16
[rosout][INFO] 2023-04-21 21:58:06,263: hello world 1682085486.26
[rosout][INFO] 2023-04-21 21:58:06,363: hello world 1682085486.36
[rosout][INFO] 2023-04-21 21:58:06,463: hello world 1682085486.46
[rosout][INFO] 2023-04-21 21:58:06,563: hello world 1682085486.56
[rosout][INFO] 2023-04-21 21:58:06,663: hello world 1682085486.66
[rosout][INFO] 2023-04-21 21:58:06,763: hello world 1682085486.76
[rosout][INFO] 2023-04-21 21:58:06,863: hello world 1682085486.86
[rosout][INFO] 2023-04-21 21:58:06,963: hello world 1682085486.96
[rosout][INFO] 2023-04-21 21:58:07,063: hello world 1682085487.06
[rosout][INFO] 2023-04-21 21:58:07,163: hello world 1682085487.16
[rosout][INFO] 2023-04-21 21:58:07,263: hello world 1682085487.26
[rosout][INFO] 2023-04-21 21:58:07,363: hello world 1682085487.36
[rosout][INFO] 2023-04-21 21:58:07,463: hello world 1682085487.46
[rosout][INFO] 2023-04-21 21:58:07,563: hello world 1682085487.56
[rosout][INFO] 2023-04-21 21:58:07,663: hello world 1682085487.66
[rosout][INFO] 2023-04-21 21:58:07,763: hello world 1682085487.76
[rosout][INFO] 2023-04-21 21:58:07,862: hello world 1682085487.86
[rosout][INFO] 2023-04-21 21:58:07,962: hello world 1682085487.96
[rosout][INFO] 2023-04-21 21:58:08,062: hello world 1682085488.06
[rosout][INFO] 2023-04-21 21:58:08,162: hello world 1682085488.16
[rosout][INFO] 2023-04-21 21:58:08,262: hello world 1682085488.26
[rosout][INFO] 2023-04-21 21:58:08,362: hello world 1682085488.36
[rosout][INFO] 2023-04-21 21:58:08,462: hello world 1682085488.46
[rosout][INFO] 2023-04-21 21:58:08,562: hello world 1682085488.56
[rosout][INFO] 2023-04-21 21:58:08,662: hello world 1682085488.66
[rosout][INFO] 2023-04-21 21:58:08,762: hello world 1682085488.76
[rosout][INFO] 2023-04-21 21:58:08,862: hello world 1682085488.86
[rosout][INFO] 2023-04-21 21:58:08,962: hello world 1682085488.96
[rosout][INFO] 2023-04-21 21:58:09,062: hello world 1682085489.06
[rosout][INFO] 2023-04-21 21:58:09,163: hello world 1682085489.16
[rosout][INFO] 2023-04-21 21:58:09,263: hello world 1682085489.26
[rosout][INFO] 2023-04-21 21:58:09,363: hello world 1682085489.36
[rosout][INFO] 2023-04-21 21:58:09,463: hello world 1682085489.46
[rosout][INFO] 2023-04-21 21:58:09,563: hello world 1682085489.56
[rosout][INFO] 2023-04-21 21:58:09,663: hello world 1682085489.66
[rosout][INFO] 2023-04-21 21:58:09,763: hello world 1682085489.76
[rosout][INFO] 2023-04-21 21:58:09,863: hello world 1682085489.86
[rosout][INFO] 2023-04-21 21:58:09,963: hello world 1682085489.96
[rosout][INFO] 2023-04-21 21:58:10,063: hello world 1682085490.06
[rosout][INFO] 2023-04-21 21:58:10,163: hello world 1682085490.16
[rosout][INFO] 2023-04-21 21:58:10,263: hello world 1682085490.26
[rosout][INFO] 2023-04-21 21:58:10,363: hello world 1682085490.36
[rosout][INFO] 2023-04-21 21:58:10,463: hello world 1682085490.46
[rosout][INFO] 2023-04-21 21:58:10,563: hello world 1682085490.56
[rosout][INFO] 2023-04-21 21:58:10,663: hello world 1682085490.66
[rosout][INFO] 2023-04-21 21:58:10,763: hello world 1682085490.76
[rosout][INFO] 2023-04-21 21:58:10,863: hello world 1682085490.86
[rosout][INFO] 2023-04-21 21:58:10,963: hello world 1682085490.96
[rosout][INFO] 2023-04-21 21:58:11,063: hello world 1682085491.06
[rosout][INFO] 2023-04-21 21:58:11,163: hello world 1682085491.16
[rosout][INFO] 2023-04-21 21:58:11,263: hello world 1682085491.26
[rosout][INFO] 2023-04-21 21:58:11,363: hello world 1682085491.36
[rosout][INFO] 2023-04-21 21:58:11,463: hello world 1682085491.46
[rosout][INFO] 2023-04-21 21:58:11,563: hello world 1682085491.56
[rosout][INFO] 2023-04-21 21:58:11,663: hello world 1682085491.66
[rosout][INFO] 2023-04-21 21:58:11,763: hello world 1682085491.76
[rosout][INFO] 2023-04-21 21:58:11,863: hello world 1682085491.86
[rosout][INFO] 2023-04-21 21:58:11,963: hello world 1682085491.96
[rosout][INFO] 2023-04-21 21:58:12,063: hello world 1682085492.06
[rosout][INFO] 2023-04-21 21:58:12,163: hello world 1682085492.16
[rosout][INFO] 2023-04-21 21:58:12,263: hello world 1682085492.26
[rosout][INFO] 2023-04-21 21:58:12,363: hello world 1682085492.36
[rosout][INFO] 2023-04-21 21:58:12,463: hello world 1682085492.46
[rosout][INFO] 2023-04-21 21:58:12,563: hello world 1682085492.56
[rosout][INFO] 2023-04-21 21:58:12,663: hello world 1682085492.66
[rosout][INFO] 2023-04-21 21:58:12,763: hello world 1682085492.76
[rosout][INFO] 2023-04-21 21:58:12,863: hello world 1682085492.86
[rosout][INFO] 2023-04-21 21:58:12,963: hello world 1682085492.96
[rosout][INFO] 2023-04-21 21:58:13,063: hello world 1682085493.06
[rosout][INFO] 2023-04-21 21:58:13,163: hello world 1682085493.16
[rosout][INFO] 2023-04-21 21:58:13,263: hello world 1682085493.26
[rosout][INFO] 2023-04-21 21:58:13,363: hello world 1682085493.36
[rosout][INFO] 2023-04-21 21:58:13,463: hello world 1682085493.46
[rosout][INFO] 2023-04-21 21:58:13,563: hello world 1682085493.56
[rosout][INFO] 2023-04-21 21:58:13,663: hello world 1682085493.66
[rosout][INFO] 2023-04-21 21:58:13,763: hello world 1682085493.76
[rosout][INFO] 2023-04-21 21:58:13,863: hello world 1682085493.86
[rosout][INFO] 2023-04-21 21:58:13,963: hello world 1682085493.96
[rosout][INFO] 2023-04-21 21:58:14,063: hello world 1682085494.06
[rosout][INFO] 2023-04-21 21:58:14,163: hello world 1682085494.16
[rosout][INFO] 2023-04-21 21:58:14,263: hello world 1682085494.26
[rosout][INFO] 2023-04-21 21:58:14,363: hello world 1682085494.36
[rosout][INFO] 2023-04-21 21:58:14,463: hello world 1682085494.46
[rosout][INFO] 2023-04-21 21:58:14,563: hello world 1682085494.56
[rosout][INFO] 2023-04-21 21:58:14,663: hello world 1682085494.66
[rosout][INFO] 2023-04-21 21:58:14,763: hello world 1682085494.76
[rosout][INFO] 2023-04-21 21:58:14,863: hello world 1682085494.86
[rosout][INFO] 2023-04-21 21:58:14,963: hello world 1682085494.96
[rosout][INFO] 2023-04-21 21:58:15,063: hello world 1682085495.06
[rosout][INFO] 2023-04-21 21:58:15,163: hello world 1682085495.16
[rosout][INFO] 2023-04-21 21:58:15,263: hello world 1682085495.26
[rosout][INFO] 2023-04-21 21:58:15,363: hello world 1682085495.36
[rosout][INFO] 2023-04-21 21:58:15,463: hello world 1682085495.46
[rosout][INFO] 2023-04-21 21:58:15,563: hello world 1682085495.56
[rosout][INFO] 2023-04-21 21:58:15,663: hello world 1682085495.66
[rosout][INFO] 2023-04-21 21:58:15,763: hello world 1682085495.76
[rosout][INFO] 2023-04-21 21:58:15,863: hello world 1682085495.86
[rosout][INFO] 2023-04-21 21:58:15,963: hello world 1682085495.96
[rosout][INFO] 2023-04-21 21:58:16,063: hello world 1682085496.06
[rosout][INFO] 2023-04-21 21:58:16,163: hello world 1682085496.16
[rosout][INFO] 2023-04-21 21:58:16,263: hello world 1682085496.26
[rosout][INFO] 2023-04-21 21:58:16,363: hello world 1682085496.36
[rosout][INFO] 2023-04-21 21:58:16,463: hello world 1682085496.46
[rosout][INFO] 2023-04-21 21:58:16,563: hello world 1682085496.56
[rosout][INFO] 2023-04-21 21:58:16,663: hello world 1682085496.66
[rosout][INFO] 2023-04-21 21:58:16,763: hello world 1682085496.76
[rosout][INFO] 2023-04-21 21:58:16,863: hello world 1682085496.86
[rosout][INFO] 2023-04-21 21:58:16,963: hello world 1682085496.96
[rosout][INFO] 2023-04-21 21:58:17,063: hello world 1682085497.06
[rosout][INFO] 2023-04-21 21:58:17,163: hello world 1682085497.16
[rosout][INFO] 2023-04-21 21:58:17,263: hello world 1682085497.26
[rosout][INFO] 2023-04-21 21:58:17,363: hello world 1682085497.36
[rosout][INFO] 2023-04-21 21:58:17,463: hello world 1682085497.46
[rosout][INFO] 2023-04-21 21:58:17,563: hello world 1682085497.56
[rosout][INFO] 2023-04-21 21:58:17,663: hello world 1682085497.66
[rosout][INFO] 2023-04-21 21:58:17,763: hello world 1682085497.76
[rosout][INFO] 2023-04-21 21:58:17,863: hello world 1682085497.86
[rosout][INFO] 2023-04-21 21:58:17,963: hello world 1682085497.96
[rosout][INFO] 2023-04-21 21:58:18,063: hello world 1682085498.06
[rosout][INFO] 2023-04-21 21:58:18,163: hello world 1682085498.16
[rosout][INFO] 2023-04-21 21:58:18,263: hello world 1682085498.26
[rosout][INFO] 2023-04-21 21:58:18,363: hello world 1682085498.36
[rosout][INFO] 2023-04-21 21:58:18,463: hello world 1682085498.46
[rosout][INFO] 2023-04-21 21:58:18,563: hello world 1682085498.56
[rosout][INFO] 2023-04-21 21:58:18,663: hello world 1682085498.66
[rosout][INFO] 2023-04-21 21:58:18,763: hello world 1682085498.76
[rosout][INFO] 2023-04-21 21:58:18,863: hello world 1682085498.86
[rosout][INFO] 2023-04-21 21:58:18,963: hello world 1682085498.96
[rosout][INFO] 2023-04-21 21:58:19,063: hello world 1682085499.06
[rosout][INFO] 2023-04-21 21:58:19,163: hello world 1682085499.16
[rosout][INFO] 2023-04-21 21:58:19,263: hello world 1682085499.26
[rosout][INFO] 2023-04-21 21:58:19,363: hello world 1682085499.36
[rosout][INFO] 2023-04-21 21:58:19,463: hello world 1682085499.46
[rosout][INFO] 2023-04-21 21:58:19,563: hello world 1682085499.56
[rosout][INFO] 2023-04-21 21:58:19,663: hello world 1682085499.66
[rosout][INFO] 2023-04-21 21:58:19,763: hello world 1682085499.76
[rosout][INFO] 2023-04-21 21:58:19,863: hello world 1682085499.86
[rosout][INFO] 2023-04-21 21:58:19,963: hello world 1682085499.96
[rosout][INFO] 2023-04-21 21:58:20,063: hello world 1682085500.06
[rosout][INFO] 2023-04-21 21:58:20,163: hello world 1682085500.16
[rosout][INFO] 2023-04-21 21:58:20,263: hello world 1682085500.26
[rosout][INFO] 2023-04-21 21:58:20,363: hello world 1682085500.36
[rosout][INFO] 2023-04-21 21:58:20,463: hello world 1682085500.46
[rosout][INFO] 2023-04-21 21:58:20,563: hello world 1682085500.56
[rosout][INFO] 2023-04-21 21:58:20,663: hello world 1682085500.66
[rosout][INFO] 2023-04-21 21:58:20,763: hello world 1682085500.76
[rosout][INFO] 2023-04-21 21:58:20,863: hello world 1682085500.86
[rosout][INFO] 2023-04-21 21:58:20,963: hello world 1682085500.96
[rosout][INFO] 2023-04-21 21:58:21,063: hello world 1682085501.06
[rosout][INFO] 2023-04-21 21:58:21,163: hello world 1682085501.16
[rosout][INFO] 2023-04-21 21:58:21,263: hello world 1682085501.26
[rosout][INFO] 2023-04-21 21:58:21,363: hello world 1682085501.36
[rosout][INFO] 2023-04-21 21:58:21,463: hello world 1682085501.46
[rosout][INFO] 2023-04-21 21:58:21,563: hello world 1682085501.56
[rosout][INFO] 2023-04-21 21:58:21,663: hello world 1682085501.66
[rosout][INFO] 2023-04-21 21:58:21,763: hello world 1682085501.76
[rosout][INFO] 2023-04-21 21:58:21,863: hello world 1682085501.86
[rosout][INFO] 2023-04-21 21:58:21,963: hello world 1682085501.96
[rosout][INFO] 2023-04-21 21:58:22,063: hello world 1682085502.06
[rosout][INFO] 2023-04-21 21:58:22,163: hello world 1682085502.16
[rosout][INFO] 2023-04-21 21:58:22,263: hello world 1682085502.26
[rosout][INFO] 2023-04-21 21:58:22,363: hello world 1682085502.36
[rosout][INFO] 2023-04-21 21:58:22,463: hello world 1682085502.46
[rosout][INFO] 2023-04-21 21:58:22,563: hello world 1682085502.56
[rosout][INFO] 2023-04-21 21:58:22,663: hello world 1682085502.66
[rosout][INFO] 2023-04-21 21:58:22,763: hello world 1682085502.76
[rosout][INFO] 2023-04-21 21:58:22,863: hello world 1682085502.86
[rosout][INFO] 2023-04-21 21:58:22,963: hello world 1682085502.96
[rosout][INFO] 2023-04-21 21:58:23,063: hello world 1682085503.06
[rosout][INFO] 2023-04-21 21:58:23,163: hello world 1682085503.16
[rosout][INFO] 2023-04-21 21:58:23,263: hello world 1682085503.26
[rosout][INFO] 2023-04-21 21:58:23,363: hello world 1682085503.36
[rosout][INFO] 2023-04-21 21:58:23,463: hello world 1682085503.46
[rosout][INFO] 2023-04-21 21:58:23,563: hello world 1682085503.56
[rosout][INFO] 2023-04-21 21:58:23,663: hello world 1682085503.66
[rosout][INFO] 2023-04-21 21:58:23,763: hello world 1682085503.76
[rosout][INFO] 2023-04-21 21:58:23,863: hello world 1682085503.86
[rosout][INFO] 2023-04-21 21:58:23,963: hello world 1682085503.96
[rosout][INFO] 2023-04-21 21:58:24,063: hello world 1682085504.06
[rosout][INFO] 2023-04-21 21:58:24,163: hello world 1682085504.16
[rosout][INFO] 2023-04-21 21:58:24,263: hello world 1682085504.26
[rosout][INFO] 2023-04-21 21:58:24,363: hello world 1682085504.36
[rosout][INFO] 2023-04-21 21:58:24,463: hello world 1682085504.46
[rosout][INFO] 2023-04-21 21:58:24,563: hello world 1682085504.56
[rosout][INFO] 2023-04-21 21:58:24,663: hello world 1682085504.66
[rosout][INFO] 2023-04-21 21:58:24,763: hello world 1682085504.76
[rosout][INFO] 2023-04-21 21:58:24,863: hello world 1682085504.86
[rosout][INFO] 2023-04-21 21:58:24,963: hello world 1682085504.96
[rosout][INFO] 2023-04-21 21:58:25,063: hello world 1682085505.06
[rosout][INFO] 2023-04-21 21:58:25,163: hello world 1682085505.16
[rosout][INFO] 2023-04-21 21:58:25,263: hello world 1682085505.26
[rospy.core][INFO] 2023-04-21 21:58:25,322: signal_shutdown [signal-2]
[rospy.internal][INFO] 2023-04-21 21:58:25,347: topic[/rosout] removing connection to /rosout
[rospy.impl.masterslave][INFO] 2023-04-21 21:58:25,349: signal-2
[rospy.core][INFO] 2023-04-21 21:58:25,966: signal_shutdown [atexit]
