[rospy.client][INFO] 2023-04-22 09:45:53,997: init_node, name[/turtlebot3_core], pid[1057]
[xmlrpc][INFO] 2023-04-22 09:45:53,999: XML-RPC server binding to 127.0.0.1:0
[xmlrpc][INFO] 2023-04-22 09:45:54,000: Started XML-RPC server [http://localhost:33287/]
[rospy.init][INFO] 2023-04-22 09:45:54,001: ROS Slave URI: [http://localhost:33287/]
[rospy.impl.masterslave][INFO] 2023-04-22 09:45:54,001: _ready: http://localhost:33287/
[rospy.registration][INFO] 2023-04-22 09:45:54,004: Registering with master node http://localhost:11311
[xmlrpc][INFO] 2023-04-22 09:45:54,005: xml rpc node: starting XML-RPC server
[rospy.init][INFO] 2023-04-22 09:45:54,102: registered with master
[rospy.rosout][INFO] 2023-04-22 09:45:54,112: initializing /rosout core topic
[rospy.rosout][INFO] 2023-04-22 09:45:54,119: connected to core topic /rosout
[rospy.simtime][INFO] 2023-04-22 09:45:54,124: /use_sim_time is not set, will not subscribe to simulated time [/clock] topic
[rosout][INFO] 2023-04-22 09:45:54,138: ROS Serial Python Node
[rosout][INFO] 2023-04-22 09:45:54,167: Connecting to /dev/ttyACM0 at 57600 baud
[rospy.internal][INFO] 2023-04-22 09:45:54,353: topic[/rosout] adding connection to [/rosout], count 0
[rosout][INFO] 2023-04-22 09:45:56,321: Note: publish buffer size is 1024 bytes
[rosout][INFO] 2023-04-22 09:45:56,325: Setup publisher on sensor_state [turtlebot3_msgs/SensorState]
[rosout][INFO] 2023-04-22 09:45:56,344: Setup publisher on firmware_version [turtlebot3_msgs/VersionInfo]
[rosout][INFO] 2023-04-22 09:45:56,492: Setup publisher on imu [sensor_msgs/Imu]
[rosout][INFO] 2023-04-22 09:45:56,502: Setup publisher on cmd_vel_rc100 [geometry_msgs/Twist]
[rosout][INFO] 2023-04-22 09:45:56,551: Setup publisher on odom [nav_msgs/Odometry]
[rosout][INFO] 2023-04-22 09:45:56,562: Setup publisher on joint_states [sensor_msgs/JointState]
[rosout][INFO] 2023-04-22 09:45:56,572: Setup publisher on battery_state [sensor_msgs/BatteryState]
[rosout][INFO] 2023-04-22 09:45:56,582: Setup publisher on magnetic_field [sensor_msgs/MagneticField]
[rosout][INFO] 2023-04-22 09:46:00,531: Setup publisher on /tf [tf/tfMessage]
[rosout][INFO] 2023-04-22 09:46:00,546: Note: subscribe buffer size is 1024 bytes
[rosout][INFO] 2023-04-22 09:46:00,548: Setup subscriber on cmd_vel [geometry_msgs/Twist]
[rosout][INFO] 2023-04-22 09:46:00,564: Setup subscriber on sound [turtlebot3_msgs/Sound]
[rosout][INFO] 2023-04-22 09:46:00,580: Setup subscriber on motor_power [std_msgs/Bool]
[rosout][INFO] 2023-04-22 09:46:00,595: Setup subscriber on reset [std_msgs/Empty]
[rosout][ERROR] 2023-04-22 09:46:00,604: Parameter ~tf_prefix does not exist
[rosout][WARNING] 2023-04-22 09:46:00,610: Failed to get param: timeout expired
[rosout][INFO] 2023-04-22 09:46:00,614: Setup TF on Odometry [odom]
[rosout][INFO] 2023-04-22 09:46:00,618: Setup TF on IMU [imu_link]
[rosout][INFO] 2023-04-22 09:46:00,621: Setup TF on MagneticField [mag_link]
[rosout][INFO] 2023-04-22 09:46:00,625: Setup TF on JointState [base_link]
[rosout][INFO] 2023-04-22 09:46:00,633: --------------------------
[rosout][INFO] 2023-04-22 09:46:00,637: Connected to OpenCR board!
[rosout][INFO] 2023-04-22 09:46:00,640: This core(v1.2.2) is compatible with TB3 Burger
[rosout][INFO] 2023-04-22 09:46:00,645: --------------------------
[rosout][INFO] 2023-04-22 09:46:00,649: Start Calibration of Gyro
[rosout][INFO] 2023-04-22 09:46:02,925: Calibration End
[rospy.internal][INFO] 2023-04-22 09:57:29,548: topic[/cmd_vel] adding connection to [http://localhost:44805/], count 0
[rospy.internal][WARNING] 2023-04-22 09:57:35,418: Unknown error initiating TCP/IP socket to localhost:35909 (http://localhost:44805/): Traceback (most recent call last):
  File "/opt/ros/kinetic/lib/python2.7/dist-packages/rospy/impl/tcpros_base.py", line 557, in connect
    self.read_header()
  File "/opt/ros/kinetic/lib/python2.7/dist-packages/rospy/impl/tcpros_base.py", line 650, in read_header
    self._validate_header(read_ros_handshake_header(sock, self.read_buff, self.protocol.buff_size))
  File "/opt/ros/kinetic/lib/python2.7/dist-packages/rosgraph/network.py", line 364, in read_ros_handshake_header
    raise ROSHandshakeException("connection from sender terminated before handshake header received. %s bytes were received. Please check sender for additional details."%b.tell())
ROSHandshakeException: connection from sender terminated before handshake header received. 0 bytes were received. Please check sender for additional details.

[rospy.internal][INFO] 2023-04-22 09:57:35,419: topic[/cmd_vel] removing connection to http://localhost:44805/
[rospy.internal][INFO] 2023-04-22 09:57:45,389: topic[/cmd_vel] adding connection to [http://localhost:35993/], count 0
[rospy.internal][WARNING] 2023-04-22 09:57:50,680: Unknown error initiating TCP/IP socket to localhost:45819 (http://localhost:35993/): Traceback (most recent call last):
  File "/opt/ros/kinetic/lib/python2.7/dist-packages/rospy/impl/tcpros_base.py", line 557, in connect
    self.read_header()
  File "/opt/ros/kinetic/lib/python2.7/dist-packages/rospy/impl/tcpros_base.py", line 650, in read_header
    self._validate_header(read_ros_handshake_header(sock, self.read_buff, self.protocol.buff_size))
  File "/opt/ros/kinetic/lib/python2.7/dist-packages/rosgraph/network.py", line 364, in read_ros_handshake_header
    raise ROSHandshakeException("connection from sender terminated before handshake header received. %s bytes were received. Please check sender for additional details."%b.tell())
ROSHandshakeException: connection from sender terminated before handshake header received. 0 bytes were received. Please check sender for additional details.

[rospy.internal][INFO] 2023-04-22 09:57:50,681: topic[/cmd_vel] removing connection to http://localhost:35993/
[rospy.internal][INFO] 2023-04-22 09:57:55,518: topic[/cmd_vel] adding connection to [http://localhost:37905/], count 0
[rospy.internal][WARNING] 2023-04-22 09:57:57,486: Unknown error initiating TCP/IP socket to localhost:42533 (http://localhost:37905/): Traceback (most recent call last):
  File "/opt/ros/kinetic/lib/python2.7/dist-packages/rospy/impl/tcpros_base.py", line 557, in connect
    self.read_header()
  File "/opt/ros/kinetic/lib/python2.7/dist-packages/rospy/impl/tcpros_base.py", line 650, in read_header
    self._validate_header(read_ros_handshake_header(sock, self.read_buff, self.protocol.buff_size))
  File "/opt/ros/kinetic/lib/python2.7/dist-packages/rosgraph/network.py", line 364, in read_ros_handshake_header
    raise ROSHandshakeException("connection from sender terminated before handshake header received. %s bytes were received. Please check sender for additional details."%b.tell())
ROSHandshakeException: connection from sender terminated before handshake header received. 0 bytes were received. Please check sender for additional details.

[rospy.internal][INFO] 2023-04-22 09:57:57,488: topic[/cmd_vel] removing connection to http://localhost:37905/
[rospy.internal][INFO] 2023-04-22 09:58:01,891: topic[/cmd_vel] adding connection to [http://localhost:33525/], count 0
[rospy.internal][WARNING] 2023-04-22 09:58:05,695: Unknown error initiating TCP/IP socket to localhost:36149 (http://localhost:33525/): Traceback (most recent call last):
  File "/opt/ros/kinetic/lib/python2.7/dist-packages/rospy/impl/tcpros_base.py", line 557, in connect
    self.read_header()
  File "/opt/ros/kinetic/lib/python2.7/dist-packages/rospy/impl/tcpros_base.py", line 650, in read_header
    self._validate_header(read_ros_handshake_header(sock, self.read_buff, self.protocol.buff_size))
  File "/opt/ros/kinetic/lib/python2.7/dist-packages/rosgraph/network.py", line 364, in read_ros_handshake_header
    raise ROSHandshakeException("connection from sender terminated before handshake header received. %s bytes were received. Please check sender for additional details."%b.tell())
ROSHandshakeException: connection from sender terminated before handshake header received. 0 bytes were received. Please check sender for additional details.

[rospy.internal][INFO] 2023-04-22 09:58:05,696: topic[/cmd_vel] removing connection to http://localhost:33525/
[rospy.internal][INFO] 2023-04-22 09:58:13,527: topic[/cmd_vel] adding connection to [http://localhost:45053/], count 0
[rospy.internal][WARNING] 2023-04-22 09:58:16,782: Unknown error initiating TCP/IP socket to localhost:34321 (http://localhost:45053/): Traceback (most recent call last):
  File "/opt/ros/kinetic/lib/python2.7/dist-packages/rospy/impl/tcpros_base.py", line 557, in connect
    self.read_header()
  File "/opt/ros/kinetic/lib/python2.7/dist-packages/rospy/impl/tcpros_base.py", line 650, in read_header
    self._validate_header(read_ros_handshake_header(sock, self.read_buff, self.protocol.buff_size))
  File "/opt/ros/kinetic/lib/python2.7/dist-packages/rosgraph/network.py", line 364, in read_ros_handshake_header
    raise ROSHandshakeException("connection from sender terminated before handshake header received. %s bytes were received. Please check sender for additional details."%b.tell())
ROSHandshakeException: connection from sender terminated before handshake header received. 0 bytes were received. Please check sender for additional details.

[rospy.internal][INFO] 2023-04-22 09:58:16,783: topic[/cmd_vel] removing connection to http://localhost:45053/
[rospy.internal][INFO] 2023-04-22 09:58:29,666: topic[/cmd_vel] adding connection to [http://localhost:43275/], count 0
[rospy.internal][WARNING] 2023-04-22 09:58:32,166: Unknown error initiating TCP/IP socket to localhost:36573 (http://localhost:43275/): Traceback (most recent call last):
  File "/opt/ros/kinetic/lib/python2.7/dist-packages/rospy/impl/tcpros_base.py", line 557, in connect
    self.read_header()
  File "/opt/ros/kinetic/lib/python2.7/dist-packages/rospy/impl/tcpros_base.py", line 650, in read_header
    self._validate_header(read_ros_handshake_header(sock, self.read_buff, self.protocol.buff_size))
  File "/opt/ros/kinetic/lib/python2.7/dist-packages/rosgraph/network.py", line 364, in read_ros_handshake_header
    raise ROSHandshakeException("connection from sender terminated before handshake header received. %s bytes were received. Please check sender for additional details."%b.tell())
ROSHandshakeException: connection from sender terminated before handshake header received. 0 bytes were received. Please check sender for additional details.

[rospy.internal][INFO] 2023-04-22 09:58:32,167: topic[/cmd_vel] removing connection to http://localhost:43275/
[rospy.internal][INFO] 2023-04-22 09:58:37,176: topic[/cmd_vel] adding connection to [http://localhost:42209/], count 0
[rospy.internal][WARNING] 2023-04-22 09:58:40,450: Unknown error initiating TCP/IP socket to localhost:40869 (http://localhost:42209/): Traceback (most recent call last):
  File "/opt/ros/kinetic/lib/python2.7/dist-packages/rospy/impl/tcpros_base.py", line 557, in connect
    self.read_header()
  File "/opt/ros/kinetic/lib/python2.7/dist-packages/rospy/impl/tcpros_base.py", line 650, in read_header
    self._validate_header(read_ros_handshake_header(sock, self.read_buff, self.protocol.buff_size))
  File "/opt/ros/kinetic/lib/python2.7/dist-packages/rosgraph/network.py", line 362, in read_ros_handshake_header
    d = sock.recv(buff_size)
error: [Errno 104] Connection reset by peer

[rospy.internal][INFO] 2023-04-22 09:58:40,452: topic[/cmd_vel] removing connection to http://localhost:42209/
[rospy.internal][INFO] 2023-04-22 09:59:56,214: topic[/cmd_vel] adding connection to [http://localhost:37853/], count 0
[rospy.internal][WARNING] 2023-04-22 09:59:59,240: Unknown error initiating TCP/IP socket to localhost:34453 (http://localhost:37853/): Traceback (most recent call last):
  File "/opt/ros/kinetic/lib/python2.7/dist-packages/rospy/impl/tcpros_base.py", line 557, in connect
    self.read_header()
  File "/opt/ros/kinetic/lib/python2.7/dist-packages/rospy/impl/tcpros_base.py", line 650, in read_header
    self._validate_header(read_ros_handshake_header(sock, self.read_buff, self.protocol.buff_size))
  File "/opt/ros/kinetic/lib/python2.7/dist-packages/rosgraph/network.py", line 364, in read_ros_handshake_header
    raise ROSHandshakeException("connection from sender terminated before handshake header received. %s bytes were received. Please check sender for additional details."%b.tell())
ROSHandshakeException: connection from sender terminated before handshake header received. 0 bytes were received. Please check sender for additional details.

[rospy.internal][INFO] 2023-04-22 09:59:59,242: topic[/cmd_vel] removing connection to http://localhost:37853/
[rospy.internal][INFO] 2023-04-22 10:00:05,347: topic[/cmd_vel] adding connection to [http://localhost:32885/], count 0
[rospy.internal][WARNING] 2023-04-22 10:00:07,799: Unknown error initiating TCP/IP socket to localhost:43303 (http://localhost:32885/): Traceback (most recent call last):
  File "/opt/ros/kinetic/lib/python2.7/dist-packages/rospy/impl/tcpros_base.py", line 557, in connect
    self.read_header()
  File "/opt/ros/kinetic/lib/python2.7/dist-packages/rospy/impl/tcpros_base.py", line 650, in read_header
    self._validate_header(read_ros_handshake_header(sock, self.read_buff, self.protocol.buff_size))
  File "/opt/ros/kinetic/lib/python2.7/dist-packages/rosgraph/network.py", line 364, in read_ros_handshake_header
    raise ROSHandshakeException("connection from sender terminated before handshake header received. %s bytes were received. Please check sender for additional details."%b.tell())
ROSHandshakeException: connection from sender terminated before handshake header received. 0 bytes were received. Please check sender for additional details.

[rospy.internal][INFO] 2023-04-22 10:00:07,800: topic[/cmd_vel] removing connection to http://localhost:32885/
[rospy.internal][INFO] 2023-04-22 10:00:17,681: topic[/cmd_vel] adding connection to [http://localhost:37411/], count 0
[rospy.internal][ERROR] 2023-04-22 10:00:20,999: Unable to initiate TCP/IP socket to localhost:38145 (http://localhost:37411/): Traceback (most recent call last):
  File "/opt/ros/kinetic/lib/python2.7/dist-packages/rospy/impl/tcpros_base.py", line 557, in connect
    self.read_header()
  File "/opt/ros/kinetic/lib/python2.7/dist-packages/rospy/impl/tcpros_base.py", line 650, in read_header
    self._validate_header(read_ros_handshake_header(sock, self.read_buff, self.protocol.buff_size))
  File "/opt/ros/kinetic/lib/python2.7/dist-packages/rospy/impl/tcpros_base.py", line 593, in _validate_header
    raise TransportInitError("remote error reported: %s"%header['error'])
TransportInitError: remote error reported: node shutting down

[rospy.internal][WARNING] 2023-04-22 10:00:22,006: Unknown error initiating TCP/IP socket to localhost:38145 (http://localhost:37411/): Traceback (most recent call last):
  File "/opt/ros/kinetic/lib/python2.7/dist-packages/rospy/impl/tcpros_base.py", line 555, in connect
    self.socket.connect((dest_addr, dest_port))
  File "/usr/lib/python2.7/socket.py", line 228, in meth
    return getattr(self._sock,name)(*args)
error: [Errno 111] Connection refused

[rospy.internal][INFO] 2023-04-22 10:00:22,007: topic[/cmd_vel] removing connection to http://localhost:37411/
[rospy.internal][INFO] 2023-04-22 10:00:27,667: topic[/cmd_vel] adding connection to [http://localhost:45393/], count 0
[rospy.internal][WARNING] 2023-04-22 10:00:29,887: Unknown error initiating TCP/IP socket to localhost:44673 (http://localhost:45393/): Traceback (most recent call last):
  File "/opt/ros/kinetic/lib/python2.7/dist-packages/rospy/impl/tcpros_base.py", line 557, in connect
    self.read_header()
  File "/opt/ros/kinetic/lib/python2.7/dist-packages/rospy/impl/tcpros_base.py", line 650, in read_header
    self._validate_header(read_ros_handshake_header(sock, self.read_buff, self.protocol.buff_size))
  File "/opt/ros/kinetic/lib/python2.7/dist-packages/rosgraph/network.py", line 362, in read_ros_handshake_header
    d = sock.recv(buff_size)
error: [Errno 104] Connection reset by peer

[rospy.internal][INFO] 2023-04-22 10:00:29,889: topic[/cmd_vel] removing connection to http://localhost:45393/
[rospy.internal][INFO] 2023-04-22 10:00:33,681: topic[/cmd_vel] adding connection to [http://localhost:42695/], count 0
[rospy.internal][WARNING] 2023-04-22 10:00:37,324: Unknown error initiating TCP/IP socket to localhost:46645 (http://localhost:42695/): Traceback (most recent call last):
  File "/opt/ros/kinetic/lib/python2.7/dist-packages/rospy/impl/tcpros_base.py", line 557, in connect
    self.read_header()
  File "/opt/ros/kinetic/lib/python2.7/dist-packages/rospy/impl/tcpros_base.py", line 650, in read_header
    self._validate_header(read_ros_handshake_header(sock, self.read_buff, self.protocol.buff_size))
  File "/opt/ros/kinetic/lib/python2.7/dist-packages/rosgraph/network.py", line 364, in read_ros_handshake_header
    raise ROSHandshakeException("connection from sender terminated before handshake header received. %s bytes were received. Please check sender for additional details."%b.tell())
ROSHandshakeException: connection from sender terminated before handshake header received. 0 bytes were received. Please check sender for additional details.

[rospy.internal][INFO] 2023-04-22 10:00:37,325: topic[/cmd_vel] removing connection to http://localhost:42695/
[rospy.internal][INFO] 2023-04-22 10:00:42,513: topic[/cmd_vel] adding connection to [http://localhost:32771/], count 0
[rospy.internal][WARNING] 2023-04-22 10:00:48,412: Unknown error initiating TCP/IP socket to localhost:35229 (http://localhost:32771/): Traceback (most recent call last):
  File "/opt/ros/kinetic/lib/python2.7/dist-packages/rospy/impl/tcpros_base.py", line 557, in connect
    self.read_header()
  File "/opt/ros/kinetic/lib/python2.7/dist-packages/rospy/impl/tcpros_base.py", line 650, in read_header
    self._validate_header(read_ros_handshake_header(sock, self.read_buff, self.protocol.buff_size))
  File "/opt/ros/kinetic/lib/python2.7/dist-packages/rosgraph/network.py", line 364, in read_ros_handshake_header
    raise ROSHandshakeException("connection from sender terminated before handshake header received. %s bytes were received. Please check sender for additional details."%b.tell())
ROSHandshakeException: connection from sender terminated before handshake header received. 0 bytes were received. Please check sender for additional details.

[rospy.internal][INFO] 2023-04-22 10:00:48,413: topic[/cmd_vel] removing connection to http://localhost:32771/
[rospy.internal][INFO] 2023-04-22 10:00:58,752: topic[/cmd_vel] adding connection to [http://localhost:46533/], count 0
[rospy.internal][WARNING] 2023-04-22 10:01:02,331: Unknown error initiating TCP/IP socket to localhost:33297 (http://localhost:46533/): Traceback (most recent call last):
  File "/opt/ros/kinetic/lib/python2.7/dist-packages/rospy/impl/tcpros_base.py", line 557, in connect
    self.read_header()
  File "/opt/ros/kinetic/lib/python2.7/dist-packages/rospy/impl/tcpros_base.py", line 650, in read_header
    self._validate_header(read_ros_handshake_header(sock, self.read_buff, self.protocol.buff_size))
  File "/opt/ros/kinetic/lib/python2.7/dist-packages/rosgraph/network.py", line 364, in read_ros_handshake_header
    raise ROSHandshakeException("connection from sender terminated before handshake header received. %s bytes were received. Please check sender for additional details."%b.tell())
ROSHandshakeException: connection from sender terminated before handshake header received. 0 bytes were received. Please check sender for additional details.

[rospy.internal][INFO] 2023-04-22 10:01:02,331: topic[/cmd_vel] removing connection to http://localhost:46533/
[rospy.internal][INFO] 2023-04-22 10:01:09,485: topic[/cmd_vel] adding connection to [http://localhost:35569/], count 0
[rospy.internal][WARNING] 2023-04-22 10:01:12,429: Unknown error initiating TCP/IP socket to localhost:44091 (http://localhost:35569/): Traceback (most recent call last):
  File "/opt/ros/kinetic/lib/python2.7/dist-packages/rospy/impl/tcpros_base.py", line 557, in connect
    self.read_header()
  File "/opt/ros/kinetic/lib/python2.7/dist-packages/rospy/impl/tcpros_base.py", line 650, in read_header
    self._validate_header(read_ros_handshake_header(sock, self.read_buff, self.protocol.buff_size))
  File "/opt/ros/kinetic/lib/python2.7/dist-packages/rosgraph/network.py", line 362, in read_ros_handshake_header
    d = sock.recv(buff_size)
error: [Errno 104] Connection reset by peer

[rospy.internal][INFO] 2023-04-22 10:01:12,430: topic[/cmd_vel] removing connection to http://localhost:35569/
[rospy.internal][INFO] 2023-04-22 10:01:16,310: topic[/cmd_vel] adding connection to [http://localhost:45761/], count 0
[rospy.internal][WARNING] 2023-04-22 10:01:20,634: Unknown error initiating TCP/IP socket to localhost:37205 (http://localhost:45761/): Traceback (most recent call last):
  File "/opt/ros/kinetic/lib/python2.7/dist-packages/rospy/impl/tcpros_base.py", line 557, in connect
    self.read_header()
  File "/opt/ros/kinetic/lib/python2.7/dist-packages/rospy/impl/tcpros_base.py", line 650, in read_header
    self._validate_header(read_ros_handshake_header(sock, self.read_buff, self.protocol.buff_size))
  File "/opt/ros/kinetic/lib/python2.7/dist-packages/rosgraph/network.py", line 364, in read_ros_handshake_header
    raise ROSHandshakeException("connection from sender terminated before handshake header received. %s bytes were received. Please check sender for additional details."%b.tell())
ROSHandshakeException: connection from sender terminated before handshake header received. 0 bytes were received. Please check sender for additional details.

[rospy.internal][INFO] 2023-04-22 10:01:20,635: topic[/cmd_vel] removing connection to http://localhost:45761/
[rospy.internal][INFO] 2023-04-22 10:01:31,499: topic[/cmd_vel] adding connection to [http://localhost:43217/], count 0
[rospy.internal][WARNING] 2023-04-22 10:01:33,769: Unknown error initiating TCP/IP socket to localhost:46177 (http://localhost:43217/): Traceback (most recent call last):
  File "/opt/ros/kinetic/lib/python2.7/dist-packages/rospy/impl/tcpros_base.py", line 557, in connect
    self.read_header()
  File "/opt/ros/kinetic/lib/python2.7/dist-packages/rospy/impl/tcpros_base.py", line 650, in read_header
    self._validate_header(read_ros_handshake_header(sock, self.read_buff, self.protocol.buff_size))
  File "/opt/ros/kinetic/lib/python2.7/dist-packages/rosgraph/network.py", line 364, in read_ros_handshake_header
    raise ROSHandshakeException("connection from sender terminated before handshake header received. %s bytes were received. Please check sender for additional details."%b.tell())
ROSHandshakeException: connection from sender terminated before handshake header received. 0 bytes were received. Please check sender for additional details.

[rospy.internal][INFO] 2023-04-22 10:01:33,770: topic[/cmd_vel] removing connection to http://localhost:43217/
[rospy.internal][INFO] 2023-04-22 10:01:42,434: topic[/cmd_vel] adding connection to [http://localhost:45619/], count 0
[rospy.internal][ERROR] 2023-04-22 10:01:43,332: Unable to initiate TCP/IP socket to localhost:40995 (http://localhost:45619/): Traceback (most recent call last):
  File "/opt/ros/kinetic/lib/python2.7/dist-packages/rospy/impl/tcpros_base.py", line 557, in connect
    self.read_header()
  File "/opt/ros/kinetic/lib/python2.7/dist-packages/rospy/impl/tcpros_base.py", line 650, in read_header
    self._validate_header(read_ros_handshake_header(sock, self.read_buff, self.protocol.buff_size))
  File "/opt/ros/kinetic/lib/python2.7/dist-packages/rospy/impl/tcpros_base.py", line 593, in _validate_header
    raise TransportInitError("remote error reported: %s"%header['error'])
TransportInitError: remote error reported: node shutting down

[rospy.internal][WARNING] 2023-04-22 10:01:44,336: Unknown error initiating TCP/IP socket to localhost:40995 (http://localhost:45619/): Traceback (most recent call last):
  File "/opt/ros/kinetic/lib/python2.7/dist-packages/rospy/impl/tcpros_base.py", line 555, in connect
    self.socket.connect((dest_addr, dest_port))
  File "/usr/lib/python2.7/socket.py", line 228, in meth
    return getattr(self._sock,name)(*args)
error: [Errno 111] Connection refused

[rospy.internal][INFO] 2023-04-22 10:01:44,337: topic[/cmd_vel] removing connection to http://localhost:45619/
[rosout][INFO] 2023-04-22 10:02:03,317: Send tx stop request
[rospy.core][INFO] 2023-04-22 10:02:03,319: signal_shutdown [atexit]
[rospy.internal][INFO] 2023-04-22 10:02:03,351: topic[/rosout] removing connection to /rosout
[rospy.impl.masterslave][INFO] 2023-04-22 10:02:03,353: atexit
[rospy.client][INFO] 2023-04-22 10:02:57,259: init_node, name[/turtlebot3_core], pid[1572]
[xmlrpc][INFO] 2023-04-22 10:02:57,261: XML-RPC server binding to 127.0.0.1:0
[xmlrpc][INFO] 2023-04-22 10:02:57,262: Started XML-RPC server [http://localhost:34445/]
[rospy.init][INFO] 2023-04-22 10:02:57,263: ROS Slave URI: [http://localhost:34445/]
[rospy.impl.masterslave][INFO] 2023-04-22 10:02:57,264: _ready: http://localhost:34445/
[rospy.registration][INFO] 2023-04-22 10:02:57,266: Registering with master node http://localhost:11311
[xmlrpc][INFO] 2023-04-22 10:02:57,267: xml rpc node: starting XML-RPC server
[rospy.init][INFO] 2023-04-22 10:02:57,364: registered with master
[rospy.rosout][INFO] 2023-04-22 10:02:57,374: initializing /rosout core topic
[rospy.rosout][INFO] 2023-04-22 10:02:57,381: connected to core topic /rosout
[rospy.simtime][INFO] 2023-04-22 10:02:57,386: /use_sim_time is not set, will not subscribe to simulated time [/clock] topic
[rosout][INFO] 2023-04-22 10:02:57,399: ROS Serial Python Node
[rosout][INFO] 2023-04-22 10:02:57,424: Connecting to /dev/ttyACM0 at 57600 baud
[rospy.internal][INFO] 2023-04-22 10:02:57,658: topic[/rosout] adding connection to [/rosout], count 0
[rosout][INFO] 2023-04-22 10:02:59,562: Note: publish buffer size is 1024 bytes
[rosout][INFO] 2023-04-22 10:02:59,566: Setup publisher on sensor_state [turtlebot3_msgs/SensorState]
[rosout][INFO] 2023-04-22 10:02:59,585: Setup publisher on firmware_version [turtlebot3_msgs/VersionInfo]
[rosout][INFO] 2023-04-22 10:02:59,657: Setup publisher on imu [sensor_msgs/Imu]
[rosout][INFO] 2023-04-22 10:02:59,667: Setup publisher on cmd_vel_rc100 [geometry_msgs/Twist]
[rosout][INFO] 2023-04-22 10:02:59,686: Setup publisher on odom [nav_msgs/Odometry]
[rosout][INFO] 2023-04-22 10:02:59,695: Setup publisher on joint_states [sensor_msgs/JointState]
[rosout][INFO] 2023-04-22 10:02:59,705: Setup publisher on battery_state [sensor_msgs/BatteryState]
[rosout][INFO] 2023-04-22 10:02:59,715: Setup publisher on magnetic_field [sensor_msgs/MagneticField]
[rosout][INFO] 2023-04-22 10:03:02,200: Setup publisher on /tf [tf/tfMessage]
[rosout][INFO] 2023-04-22 10:03:02,214: Note: subscribe buffer size is 1024 bytes
[rosout][INFO] 2023-04-22 10:03:02,216: Setup subscriber on cmd_vel [geometry_msgs/Twist]
[rosout][INFO] 2023-04-22 10:03:02,232: Setup subscriber on sound [turtlebot3_msgs/Sound]
[rosout][INFO] 2023-04-22 10:03:02,246: Setup subscriber on motor_power [std_msgs/Bool]
[rosout][INFO] 2023-04-22 10:03:02,261: Setup subscriber on reset [std_msgs/Empty]
[rosout][ERROR] 2023-04-22 10:03:02,620: Parameter ~tf_prefix does not exist
[rosout][WARNING] 2023-04-22 10:03:03,618: Failed to get param: timeout expired
[rosout][INFO] 2023-04-22 10:03:03,625: Setup TF on Odometry [odom]
[rosout][INFO] 2023-04-22 10:03:03,631: Setup TF on IMU [imu_link]
[rosout][INFO] 2023-04-22 10:03:03,637: Setup TF on MagneticField [mag_link]
[rosout][INFO] 2023-04-22 10:03:03,644: Setup TF on JointState [base_link]
[rosout][INFO] 2023-04-22 10:03:03,674: --------------------------
[rosout][INFO] 2023-04-22 10:03:03,681: Connected to OpenCR board!
[rosout][INFO] 2023-04-22 10:03:03,685: This core(v1.2.2) is compatible with TB3 Burger
[rosout][INFO] 2023-04-22 10:03:03,688: --------------------------
[rosout][INFO] 2023-04-22 10:03:03,692: Start Calibration of Gyro
[rosout][INFO] 2023-04-22 10:03:06,184: Calibration End
[rosout][INFO] 2023-04-22 10:03:12,352: Send tx stop request
[rospy.core][INFO] 2023-04-22 10:03:12,354: signal_shutdown [atexit]
[rospy.internal][INFO] 2023-04-22 10:03:12,386: topic[/rosout] removing connection to /rosout
[rospy.impl.masterslave][INFO] 2023-04-22 10:03:12,387: atexit
[rospy.client][INFO] 2023-04-22 10:03:33,301: init_node, name[/turtlebot3_core], pid[1620]
[xmlrpc][INFO] 2023-04-22 10:03:33,302: XML-RPC server binding to 127.0.0.1:0
[xmlrpc][INFO] 2023-04-22 10:03:33,304: Started XML-RPC server [http://localhost:34281/]
[rospy.init][INFO] 2023-04-22 10:03:33,304: ROS Slave URI: [http://localhost:34281/]
[rospy.impl.masterslave][INFO] 2023-04-22 10:03:33,305: _ready: http://localhost:34281/
[xmlrpc][INFO] 2023-04-22 10:03:33,308: xml rpc node: starting XML-RPC server
[rospy.registration][INFO] 2023-04-22 10:03:33,308: Registering with master node http://localhost:11311
[rospy.init][INFO] 2023-04-22 10:03:33,405: registered with master
[rospy.rosout][INFO] 2023-04-22 10:03:33,416: initializing /rosout core topic
[rospy.rosout][INFO] 2023-04-22 10:03:33,423: connected to core topic /rosout
[rospy.simtime][INFO] 2023-04-22 10:03:33,428: /use_sim_time is not set, will not subscribe to simulated time [/clock] topic
[rosout][INFO] 2023-04-22 10:03:33,442: ROS Serial Python Node
[rosout][INFO] 2023-04-22 10:03:33,467: Connecting to /dev/ttyACM0 at 57600 baud
[rospy.internal][INFO] 2023-04-22 10:03:33,727: topic[/rosout] adding connection to [/rosout], count 0
[rosout][INFO] 2023-04-22 10:03:35,605: Note: publish buffer size is 1024 bytes
[rosout][INFO] 2023-04-22 10:03:35,609: Setup publisher on sensor_state [turtlebot3_msgs/SensorState]
[rosout][INFO] 2023-04-22 10:03:35,630: Setup publisher on firmware_version [turtlebot3_msgs/VersionInfo]
[rosout][INFO] 2023-04-22 10:03:35,710: Setup publisher on imu [sensor_msgs/Imu]
[rosout][INFO] 2023-04-22 10:03:35,720: Setup publisher on cmd_vel_rc100 [geometry_msgs/Twist]
[rosout][INFO] 2023-04-22 10:03:35,740: Setup publisher on odom [nav_msgs/Odometry]
[rosout][INFO] 2023-04-22 10:03:35,751: Setup publisher on joint_states [sensor_msgs/JointState]
[rosout][INFO] 2023-04-22 10:03:35,761: Setup publisher on battery_state [sensor_msgs/BatteryState]
[rosout][INFO] 2023-04-22 10:03:35,772: Setup publisher on magnetic_field [sensor_msgs/MagneticField]
[rosout][INFO] 2023-04-22 10:03:38,291: Setup publisher on /tf [tf/tfMessage]
[rosout][INFO] 2023-04-22 10:03:38,306: Note: subscribe buffer size is 1024 bytes
[rosout][INFO] 2023-04-22 10:03:38,308: Setup subscriber on cmd_vel [geometry_msgs/Twist]
[rosout][INFO] 2023-04-22 10:03:38,323: Setup subscriber on sound [turtlebot3_msgs/Sound]
[rosout][INFO] 2023-04-22 10:03:38,340: Setup subscriber on motor_power [std_msgs/Bool]
[rosout][INFO] 2023-04-22 10:03:38,355: Setup subscriber on reset [std_msgs/Empty]
[rosout][ERROR] 2023-04-22 10:03:38,666: Parameter ~tf_prefix does not exist
[rosout][WARNING] 2023-04-22 10:03:39,664: Failed to get param: timeout expired
[rosout][INFO] 2023-04-22 10:03:39,672: Setup TF on Odometry [odom]
[rosout][INFO] 2023-04-22 10:03:39,679: Setup TF on IMU [imu_link]
[rosout][INFO] 2023-04-22 10:03:39,686: Setup TF on MagneticField [mag_link]
[rosout][INFO] 2023-04-22 10:03:39,693: Setup TF on JointState [base_link]
[rosout][INFO] 2023-04-22 10:03:39,724: --------------------------
[rosout][INFO] 2023-04-22 10:03:39,732: Connected to OpenCR board!
[rosout][INFO] 2023-04-22 10:03:39,739: This core(v1.2.2) is compatible with TB3 Burger
[rosout][INFO] 2023-04-22 10:03:39,745: --------------------------
[rosout][INFO] 2023-04-22 10:03:39,749: Start Calibration of Gyro
[rosout][INFO] 2023-04-22 10:03:42,228: Calibration End
[rosout][INFO] 2023-04-22 10:03:43,723: Send tx stop request
[rospy.core][INFO] 2023-04-22 10:03:43,725: signal_shutdown [atexit]
[rospy.internal][INFO] 2023-04-22 10:03:43,757: topic[/rosout] removing connection to /rosout
[rospy.impl.masterslave][INFO] 2023-04-22 10:03:43,759: atexit
[rospy.client][INFO] 2023-04-22 10:03:50,365: init_node, name[/turtlebot3_core], pid[1667]
[xmlrpc][INFO] 2023-04-22 10:03:50,367: XML-RPC server binding to 127.0.0.1:0
[xmlrpc][INFO] 2023-04-22 10:03:50,368: Started XML-RPC server [http://localhost:46593/]
[rospy.init][INFO] 2023-04-22 10:03:50,369: ROS Slave URI: [http://localhost:46593/]
[rospy.impl.masterslave][INFO] 2023-04-22 10:03:50,369: _ready: http://localhost:46593/
[rospy.registration][INFO] 2023-04-22 10:03:50,372: Registering with master node http://localhost:11311
[xmlrpc][INFO] 2023-04-22 10:03:50,372: xml rpc node: starting XML-RPC server
[rospy.init][INFO] 2023-04-22 10:03:50,470: registered with master
[rospy.rosout][INFO] 2023-04-22 10:03:50,486: initializing /rosout core topic
[rospy.rosout][INFO] 2023-04-22 10:03:50,492: connected to core topic /rosout
[rospy.simtime][INFO] 2023-04-22 10:03:50,498: /use_sim_time is not set, will not subscribe to simulated time [/clock] topic
[rosout][INFO] 2023-04-22 10:03:50,511: ROS Serial Python Node
[rosout][INFO] 2023-04-22 10:03:50,536: Connecting to /dev/ttyACM0 at 57600 baud
[rospy.internal][INFO] 2023-04-22 10:03:50,761: topic[/rosout] adding connection to [/rosout], count 0
[rosout][INFO] 2023-04-22 10:03:52,674: Note: publish buffer size is 1024 bytes
[rosout][INFO] 2023-04-22 10:03:52,677: Setup publisher on sensor_state [turtlebot3_msgs/SensorState]
[rosout][INFO] 2023-04-22 10:03:52,696: Setup publisher on firmware_version [turtlebot3_msgs/VersionInfo]
[rosout][INFO] 2023-04-22 10:03:52,768: Setup publisher on imu [sensor_msgs/Imu]
[rosout][INFO] 2023-04-22 10:03:52,778: Setup publisher on cmd_vel_rc100 [geometry_msgs/Twist]
[rosout][INFO] 2023-04-22 10:03:52,797: Setup publisher on odom [nav_msgs/Odometry]
[rosout][INFO] 2023-04-22 10:03:52,807: Setup publisher on joint_states [sensor_msgs/JointState]
[rosout][INFO] 2023-04-22 10:03:52,817: Setup publisher on battery_state [sensor_msgs/BatteryState]
[rosout][INFO] 2023-04-22 10:03:52,827: Setup publisher on magnetic_field [sensor_msgs/MagneticField]
[rosout][INFO] 2023-04-22 10:03:55,303: Setup publisher on /tf [tf/tfMessage]
[rosout][INFO] 2023-04-22 10:03:55,318: Note: subscribe buffer size is 1024 bytes
[rosout][INFO] 2023-04-22 10:03:55,319: Setup subscriber on cmd_vel [geometry_msgs/Twist]
[rosout][INFO] 2023-04-22 10:03:55,335: Setup subscriber on sound [turtlebot3_msgs/Sound]
[rosout][INFO] 2023-04-22 10:03:55,349: Setup subscriber on motor_power [std_msgs/Bool]
[rosout][INFO] 2023-04-22 10:03:55,365: Setup subscriber on reset [std_msgs/Empty]
[rosout][INFO] 2023-04-22 10:03:55,738: Setup TF on Odometry [\0/odom]
[rosout][INFO] 2023-04-22 10:03:55,741: Setup TF on IMU [\0/imu_link]
[rosout][INFO] 2023-04-22 10:03:55,745: Setup TF on MagneticField [\0/mag_link]
[rosout][INFO] 2023-04-22 10:03:55,748: Setup TF on JointState [\0/base_link]
[rosout][INFO] 2023-04-22 10:03:55,767: --------------------------
[rosout][INFO] 2023-04-22 10:03:55,771: Connected to OpenCR board!
[rosout][INFO] 2023-04-22 10:03:55,774: This core(v1.2.2) is compatible with TB3 Burger
[rosout][INFO] 2023-04-22 10:03:55,778: --------------------------
[rosout][INFO] 2023-04-22 10:03:55,781: Start Calibration of Gyro
[rosout][INFO] 2023-04-22 10:03:58,302: Calibration End
[rosout][INFO] 2023-04-22 10:04:05,811: Send tx stop request
[rospy.core][INFO] 2023-04-22 10:04:05,813: signal_shutdown [atexit]
[rospy.internal][INFO] 2023-04-22 10:04:05,845: topic[/rosout] removing connection to /rosout
[rospy.impl.masterslave][INFO] 2023-04-22 10:04:05,846: atexit
[rospy.client][INFO] 2023-04-22 10:07:32,102: init_node, name[/turtlebot3_core], pid[1716]
[xmlrpc][INFO] 2023-04-22 10:07:32,104: XML-RPC server binding to 127.0.0.1:0
[xmlrpc][INFO] 2023-04-22 10:07:32,105: Started XML-RPC server [http://localhost:41935/]
[rospy.init][INFO] 2023-04-22 10:07:32,106: ROS Slave URI: [http://localhost:41935/]
[rospy.impl.masterslave][INFO] 2023-04-22 10:07:32,106: _ready: http://localhost:41935/
[rospy.registration][INFO] 2023-04-22 10:07:32,109: Registering with master node http://localhost:11311
[xmlrpc][INFO] 2023-04-22 10:07:32,109: xml rpc node: starting XML-RPC server
[rospy.init][INFO] 2023-04-22 10:07:32,207: registered with master
[rospy.rosout][INFO] 2023-04-22 10:07:32,217: initializing /rosout core topic
[rospy.rosout][INFO] 2023-04-22 10:07:32,224: connected to core topic /rosout
[rospy.simtime][INFO] 2023-04-22 10:07:32,229: /use_sim_time is not set, will not subscribe to simulated time [/clock] topic
[rosout][INFO] 2023-04-22 10:07:32,242: ROS Serial Python Node
[rosout][INFO] 2023-04-22 10:07:32,267: Connecting to /dev/ttyACM0 at 57600 baud
[rospy.internal][INFO] 2023-04-22 10:07:32,476: topic[/rosout] adding connection to [/rosout], count 0
[rosout][INFO] 2023-04-22 10:07:34,405: Note: publish buffer size is 1024 bytes
[rosout][INFO] 2023-04-22 10:07:34,409: Setup publisher on sensor_state [turtlebot3_msgs/SensorState]
[rosout][INFO] 2023-04-22 10:07:34,427: Setup publisher on firmware_version [turtlebot3_msgs/VersionInfo]
[rosout][INFO] 2023-04-22 10:07:34,506: Setup publisher on imu [sensor_msgs/Imu]
[rosout][INFO] 2023-04-22 10:07:34,520: Setup publisher on cmd_vel_rc100 [geometry_msgs/Twist]
[rosout][INFO] 2023-04-22 10:07:34,538: Setup publisher on odom [nav_msgs/Odometry]
[rosout][INFO] 2023-04-22 10:07:34,549: Setup publisher on joint_states [sensor_msgs/JointState]
[rosout][INFO] 2023-04-22 10:07:34,559: Setup publisher on battery_state [sensor_msgs/BatteryState]
[rosout][INFO] 2023-04-22 10:07:34,568: Setup publisher on magnetic_field [sensor_msgs/MagneticField]
[rosout][INFO] 2023-04-22 10:07:37,047: Setup publisher on /tf [tf/tfMessage]
[rosout][INFO] 2023-04-22 10:07:37,062: Note: subscribe buffer size is 1024 bytes
[rosout][INFO] 2023-04-22 10:07:37,064: Setup subscriber on cmd_vel [geometry_msgs/Twist]
[rosout][INFO] 2023-04-22 10:07:37,079: Setup subscriber on sound [turtlebot3_msgs/Sound]
[rosout][INFO] 2023-04-22 10:07:37,094: Setup subscriber on motor_power [std_msgs/Bool]
[rosout][INFO] 2023-04-22 10:07:37,109: Setup subscriber on reset [std_msgs/Empty]
[rosout][INFO] 2023-04-22 10:07:37,471: Setup TF on Odometry [\0/odom]
[rosout][INFO] 2023-04-22 10:07:37,476: Setup TF on IMU [\0/imu_link]
[rosout][INFO] 2023-04-22 10:07:37,480: Setup TF on MagneticField [\0/mag_link]
[rosout][INFO] 2023-04-22 10:07:37,485: Setup TF on JointState [\0/base_link]
[rosout][INFO] 2023-04-22 10:07:37,493: --------------------------
[rosout][INFO] 2023-04-22 10:07:37,498: Connected to OpenCR board!
[rosout][INFO] 2023-04-22 10:07:37,502: This core(v1.2.2) is compatible with TB3 Burger
[rosout][INFO] 2023-04-22 10:07:37,506: --------------------------
[rosout][INFO] 2023-04-22 10:07:37,510: Start Calibration of Gyro
[rosout][INFO] 2023-04-22 10:07:40,034: Calibration End
[rosout][INFO] 2023-04-22 10:07:46,712: Send tx stop request
[rospy.core][INFO] 2023-04-22 10:07:46,714: signal_shutdown [atexit]
[rospy.internal][INFO] 2023-04-22 10:07:46,749: topic[/rosout] removing connection to /rosout
[rospy.impl.masterslave][INFO] 2023-04-22 10:07:46,750: atexit
[rospy.client][INFO] 2023-04-22 10:07:56,157: init_node, name[/turtlebot3_core], pid[1762]
[xmlrpc][INFO] 2023-04-22 10:07:56,159: XML-RPC server binding to 127.0.0.1:0
[xmlrpc][INFO] 2023-04-22 10:07:56,160: Started XML-RPC server [http://localhost:36957/]
[rospy.init][INFO] 2023-04-22 10:07:56,160: ROS Slave URI: [http://localhost:36957/]
[rospy.impl.masterslave][INFO] 2023-04-22 10:07:56,161: _ready: http://localhost:36957/
[rospy.registration][INFO] 2023-04-22 10:07:56,164: Registering with master node http://localhost:11311
[xmlrpc][INFO] 2023-04-22 10:07:56,164: xml rpc node: starting XML-RPC server
[rospy.init][INFO] 2023-04-22 10:07:56,261: registered with master
[rospy.rosout][INFO] 2023-04-22 10:07:56,277: initializing /rosout core topic
[rospy.rosout][INFO] 2023-04-22 10:07:56,284: connected to core topic /rosout
[rospy.simtime][INFO] 2023-04-22 10:07:56,289: /use_sim_time is not set, will not subscribe to simulated time [/clock] topic
[rosout][INFO] 2023-04-22 10:07:56,303: ROS Serial Python Node
[rosout][INFO] 2023-04-22 10:07:56,330: Connecting to /dev/ttyACM0 at 57600 baud
[rospy.internal][INFO] 2023-04-22 10:07:56,521: topic[/rosout] adding connection to [/rosout], count 0
[rosout][INFO] 2023-04-22 10:07:58,464: Note: publish buffer size is 1024 bytes
[rosout][INFO] 2023-04-22 10:07:58,467: Setup publisher on sensor_state [turtlebot3_msgs/SensorState]
[rosout][INFO] 2023-04-22 10:07:58,485: Setup publisher on firmware_version [turtlebot3_msgs/VersionInfo]
[rosout][INFO] 2023-04-22 10:07:58,540: Setup publisher on imu [sensor_msgs/Imu]
[rosout][INFO] 2023-04-22 10:07:58,550: Setup publisher on cmd_vel_rc100 [geometry_msgs/Twist]
[rosout][INFO] 2023-04-22 10:07:58,569: Setup publisher on odom [nav_msgs/Odometry]
[rosout][INFO] 2023-04-22 10:07:58,579: Setup publisher on joint_states [sensor_msgs/JointState]
[rosout][INFO] 2023-04-22 10:07:58,588: Setup publisher on battery_state [sensor_msgs/BatteryState]
[rosout][INFO] 2023-04-22 10:07:58,598: Setup publisher on magnetic_field [sensor_msgs/MagneticField]
[rosout][INFO] 2023-04-22 10:08:01,085: Setup publisher on /tf [tf/tfMessage]
[rosout][INFO] 2023-04-22 10:08:01,100: Note: subscribe buffer size is 1024 bytes
[rosout][INFO] 2023-04-22 10:08:01,102: Setup subscriber on cmd_vel [geometry_msgs/Twist]
[rosout][INFO] 2023-04-22 10:08:01,117: Setup subscriber on sound [turtlebot3_msgs/Sound]
[rosout][INFO] 2023-04-22 10:08:01,133: Setup subscriber on motor_power [std_msgs/Bool]
[rosout][INFO] 2023-04-22 10:08:01,148: Setup subscriber on reset [std_msgs/Empty]
[rosout][INFO] 2023-04-22 10:08:01,531: Setup TF on Odometry [\0/odom]
[rosout][INFO] 2023-04-22 10:08:01,535: Setup TF on IMU [\0/imu_link]
[rosout][INFO] 2023-04-22 10:08:01,538: Setup TF on MagneticField [\0/mag_link]
[rosout][INFO] 2023-04-22 10:08:01,542: Setup TF on JointState [\0/base_link]
[rosout][INFO] 2023-04-22 10:08:01,560: --------------------------
[rosout][INFO] 2023-04-22 10:08:01,564: Connected to OpenCR board!
[rosout][INFO] 2023-04-22 10:08:01,567: This core(v1.2.2) is compatible with TB3 Burger
[rosout][INFO] 2023-04-22 10:08:01,571: --------------------------
[rosout][INFO] 2023-04-22 10:08:01,574: Start Calibration of Gyro
[rosout][INFO] 2023-04-22 10:08:04,096: Calibration End
[rosout][INFO] 2023-04-22 10:08:06,828: Send tx stop request
[rospy.core][INFO] 2023-04-22 10:08:06,830: signal_shutdown [atexit]
[rospy.internal][INFO] 2023-04-22 10:08:06,861: topic[/rosout] removing connection to /rosout
[rospy.impl.masterslave][INFO] 2023-04-22 10:08:06,863: atexit
[rospy.client][INFO] 2023-04-22 10:08:14,869: init_node, name[/turtlebot3_core], pid[1809]
[xmlrpc][INFO] 2023-04-22 10:08:14,871: XML-RPC server binding to 127.0.0.1:0
[xmlrpc][INFO] 2023-04-22 10:08:14,872: Started XML-RPC server [http://localhost:41221/]
[rospy.init][INFO] 2023-04-22 10:08:14,872: ROS Slave URI: [http://localhost:41221/]
[rospy.impl.masterslave][INFO] 2023-04-22 10:08:14,873: _ready: http://localhost:41221/
[rospy.registration][INFO] 2023-04-22 10:08:14,876: Registering with master node http://localhost:11311
[xmlrpc][INFO] 2023-04-22 10:08:14,876: xml rpc node: starting XML-RPC server
[rospy.init][INFO] 2023-04-22 10:08:14,974: registered with master
[rospy.core][INFO] 2023-04-22 10:08:14,989: signal_shutdown [atexit]
[rospy.impl.masterslave][INFO] 2023-04-22 10:08:14,997: atexit
[rospy.client][INFO] 2023-04-22 10:08:25,413: init_node, name[/turtlebot3_core], pid[1822]
[xmlrpc][INFO] 2023-04-22 10:08:25,414: XML-RPC server binding to 127.0.0.1:0
[xmlrpc][INFO] 2023-04-22 10:08:25,416: Started XML-RPC server [http://localhost:34921/]
[rospy.init][INFO] 2023-04-22 10:08:25,416: ROS Slave URI: [http://localhost:34921/]
[rospy.impl.masterslave][INFO] 2023-04-22 10:08:25,417: _ready: http://localhost:34921/
[rospy.registration][INFO] 2023-04-22 10:08:25,419: Registering with master node http://localhost:11311
[xmlrpc][INFO] 2023-04-22 10:08:25,420: xml rpc node: starting XML-RPC server
[rospy.init][INFO] 2023-04-22 10:08:25,517: registered with master
[rospy.core][INFO] 2023-04-22 10:08:25,525: signal_shutdown [atexit]
[rospy.impl.masterslave][INFO] 2023-04-22 10:08:25,532: atexit
[rospy.client][INFO] 2023-04-22 10:08:34,889: init_node, name[/turtlebot3_core], pid[1835]
[xmlrpc][INFO] 2023-04-22 10:08:34,890: XML-RPC server binding to 127.0.0.1:0
[xmlrpc][INFO] 2023-04-22 10:08:34,892: Started XML-RPC server [http://localhost:33073/]
[rospy.init][INFO] 2023-04-22 10:08:34,892: ROS Slave URI: [http://localhost:33073/]
[rospy.impl.masterslave][INFO] 2023-04-22 10:08:34,893: _ready: http://localhost:33073/
[rospy.registration][INFO] 2023-04-22 10:08:34,896: Registering with master node http://localhost:11311
[xmlrpc][INFO] 2023-04-22 10:08:34,896: xml rpc node: starting XML-RPC server
[rospy.init][INFO] 2023-04-22 10:08:34,993: registered with master
[rospy.rosout][INFO] 2023-04-22 10:08:35,009: initializing /rosout core topic
[rospy.rosout][INFO] 2023-04-22 10:08:35,016: connected to core topic /rosout
[rospy.simtime][INFO] 2023-04-22 10:08:35,021: /use_sim_time is not set, will not subscribe to simulated time [/clock] topic
[rosout][INFO] 2023-04-22 10:08:35,035: ROS Serial Python Node
[rosout][INFO] 2023-04-22 10:08:35,059: Connecting to /dev/ttyACM0 at 57600 baud
[rospy.internal][INFO] 2023-04-22 10:08:35,294: topic[/rosout] adding connection to [/rosout], count 0
[rosout][INFO] 2023-04-22 10:08:37,196: Note: publish buffer size is 1024 bytes
[rosout][INFO] 2023-04-22 10:08:37,199: Setup publisher on sensor_state [turtlebot3_msgs/SensorState]
[rosout][INFO] 2023-04-22 10:08:37,217: Setup publisher on firmware_version [turtlebot3_msgs/VersionInfo]
[rosout][INFO] 2023-04-22 10:08:37,295: Setup publisher on imu [sensor_msgs/Imu]
[rosout][INFO] 2023-04-22 10:08:37,314: Setup publisher on cmd_vel_rc100 [geometry_msgs/Twist]
[rosout][INFO] 2023-04-22 10:08:37,336: Setup publisher on odom [nav_msgs/Odometry]
[rosout][INFO] 2023-04-22 10:08:37,346: Setup publisher on joint_states [sensor_msgs/JointState]
[rosout][INFO] 2023-04-22 10:08:37,356: Setup publisher on battery_state [sensor_msgs/BatteryState]
[rosout][INFO] 2023-04-22 10:08:37,366: Setup publisher on magnetic_field [sensor_msgs/MagneticField]
[rosout][INFO] 2023-04-22 10:08:39,846: Setup publisher on /tf [tf/tfMessage]
[rosout][INFO] 2023-04-22 10:08:39,864: Note: subscribe buffer size is 1024 bytes
[rosout][INFO] 2023-04-22 10:08:39,866: Setup subscriber on cmd_vel [geometry_msgs/Twist]
[rosout][INFO] 2023-04-22 10:08:39,881: Setup subscriber on sound [turtlebot3_msgs/Sound]
[rosout][INFO] 2023-04-22 10:08:39,895: Setup subscriber on motor_power [std_msgs/Bool]
[rosout][INFO] 2023-04-22 10:08:39,911: Setup subscriber on reset [std_msgs/Empty]
[rosout][INFO] 2023-04-22 10:08:40,260: Setup TF on Odometry [word/odom]
[rosout][INFO] 2023-04-22 10:08:40,264: Setup TF on IMU [word/imu_link]
[rosout][INFO] 2023-04-22 10:08:40,267: Setup TF on MagneticField [word/mag_link]
[rosout][INFO] 2023-04-22 10:08:40,271: Setup TF on JointState [word/base_link]
[rosout][INFO] 2023-04-22 10:08:40,289: --------------------------
[rosout][INFO] 2023-04-22 10:08:40,293: Connected to OpenCR board!
[rosout][INFO] 2023-04-22 10:08:40,296: This core(v1.2.2) is compatible with TB3 Burger
[rosout][INFO] 2023-04-22 10:08:40,300: --------------------------
[rosout][INFO] 2023-04-22 10:08:40,303: Start Calibration of Gyro
[rosout][INFO] 2023-04-22 10:08:42,824: Calibration End
[rosout][INFO] 2023-04-22 10:08:47,992: Send tx stop request
[rospy.core][INFO] 2023-04-22 10:08:47,995: signal_shutdown [atexit]
[rospy.internal][INFO] 2023-04-22 10:08:48,027: topic[/rosout] removing connection to /rosout
[rospy.impl.masterslave][INFO] 2023-04-22 10:08:48,029: atexit
[rospy.client][INFO] 2023-04-22 10:08:56,939: init_node, name[/turtlebot3_core], pid[1882]
[xmlrpc][INFO] 2023-04-22 10:08:56,941: XML-RPC server binding to 127.0.0.1:0
[xmlrpc][INFO] 2023-04-22 10:08:56,942: Started XML-RPC server [http://localhost:32957/]
[rospy.init][INFO] 2023-04-22 10:08:56,943: ROS Slave URI: [http://localhost:32957/]
[rospy.impl.masterslave][INFO] 2023-04-22 10:08:56,943: _ready: http://localhost:32957/
[rospy.registration][INFO] 2023-04-22 10:08:56,946: Registering with master node http://localhost:11311
[xmlrpc][INFO] 2023-04-22 10:08:56,946: xml rpc node: starting XML-RPC server
[rospy.init][INFO] 2023-04-22 10:08:57,044: registered with master
[rospy.rosout][INFO] 2023-04-22 10:08:57,054: initializing /rosout core topic
[rospy.rosout][INFO] 2023-04-22 10:08:57,061: connected to core topic /rosout
[rospy.simtime][INFO] 2023-04-22 10:08:57,067: /use_sim_time is not set, will not subscribe to simulated time [/clock] topic
[rosout][INFO] 2023-04-22 10:08:57,080: ROS Serial Python Node
[rosout][INFO] 2023-04-22 10:08:57,105: Connecting to /dev/ttyACM0 at 57600 baud
[rospy.internal][INFO] 2023-04-22 10:08:57,337: topic[/rosout] adding connection to [/rosout], count 0
[rosout][INFO] 2023-04-22 10:08:59,241: Note: publish buffer size is 1024 bytes
[rosout][INFO] 2023-04-22 10:08:59,244: Setup publisher on sensor_state [turtlebot3_msgs/SensorState]
[rosout][INFO] 2023-04-22 10:08:59,263: Setup publisher on firmware_version [turtlebot3_msgs/VersionInfo]
[rosout][INFO] 2023-04-22 10:08:59,343: Setup publisher on imu [sensor_msgs/Imu]
[rosout][INFO] 2023-04-22 10:08:59,360: Setup publisher on cmd_vel_rc100 [geometry_msgs/Twist]
[rosout][INFO] 2023-04-22 10:08:59,378: Setup publisher on odom [nav_msgs/Odometry]
[rosout][INFO] 2023-04-22 10:08:59,388: Setup publisher on joint_states [sensor_msgs/JointState]
[rosout][INFO] 2023-04-22 10:08:59,398: Setup publisher on battery_state [sensor_msgs/BatteryState]
[rosout][INFO] 2023-04-22 10:08:59,408: Setup publisher on magnetic_field [sensor_msgs/MagneticField]
[rosout][INFO] 2023-04-22 10:09:01,889: Setup publisher on /tf [tf/tfMessage]
[rosout][INFO] 2023-04-22 10:09:01,904: Note: subscribe buffer size is 1024 bytes
[rosout][INFO] 2023-04-22 10:09:01,906: Setup subscriber on cmd_vel [geometry_msgs/Twist]
[rosout][INFO] 2023-04-22 10:09:01,921: Setup subscriber on sound [turtlebot3_msgs/Sound]
[rosout][INFO] 2023-04-22 10:09:01,935: Setup subscriber on motor_power [std_msgs/Bool]
[rosout][INFO] 2023-04-22 10:09:01,951: Setup subscriber on reset [std_msgs/Empty]
[rosout][INFO] 2023-04-22 10:09:02,306: Setup TF on Odometry [word/odom]
[rosout][INFO] 2023-04-22 10:09:02,310: Setup TF on IMU [word/imu_link]
[rosout][INFO] 2023-04-22 10:09:02,314: Setup TF on MagneticField [word/mag_link]
[rosout][INFO] 2023-04-22 10:09:02,317: Setup TF on JointState [word/base_link]
[rosout][INFO] 2023-04-22 10:09:02,324: --------------------------
[rosout][INFO] 2023-04-22 10:09:02,328: Connected to OpenCR board!
[rosout][INFO] 2023-04-22 10:09:02,331: This core(v1.2.2) is compatible with TB3 Burger
[rosout][INFO] 2023-04-22 10:09:02,335: --------------------------
[rosout][INFO] 2023-04-22 10:09:02,338: Start Calibration of Gyro
[rosout][INFO] 2023-04-22 10:09:04,868: Calibration End
[rosout][INFO] 2023-04-22 10:09:16,555: Send tx stop request
[rospy.core][INFO] 2023-04-22 10:09:16,557: signal_shutdown [atexit]
[rospy.internal][INFO] 2023-04-22 10:09:16,589: topic[/rosout] removing connection to /rosout
[rospy.impl.masterslave][INFO] 2023-04-22 10:09:16,591: atexit
[rospy.client][INFO] 2023-04-22 10:09:26,834: init_node, name[/turtlebot3_core], pid[1929]
[xmlrpc][INFO] 2023-04-22 10:09:26,836: XML-RPC server binding to 127.0.0.1:0
[xmlrpc][INFO] 2023-04-22 10:09:26,837: Started XML-RPC server [http://localhost:42285/]
[rospy.init][INFO] 2023-04-22 10:09:26,838: ROS Slave URI: [http://localhost:42285/]
[rospy.impl.masterslave][INFO] 2023-04-22 10:09:26,838: _ready: http://localhost:42285/
[rospy.registration][INFO] 2023-04-22 10:09:26,841: Registering with master node http://localhost:11311
[xmlrpc][INFO] 2023-04-22 10:09:26,841: xml rpc node: starting XML-RPC server
[rospy.init][INFO] 2023-04-22 10:09:26,939: registered with master
[rospy.rosout][INFO] 2023-04-22 10:09:26,955: initializing /rosout core topic
[rospy.rosout][INFO] 2023-04-22 10:09:26,961: connected to core topic /rosout
[rospy.simtime][INFO] 2023-04-22 10:09:26,967: /use_sim_time is not set, will not subscribe to simulated time [/clock] topic
[rosout][INFO] 2023-04-22 10:09:26,980: ROS Serial Python Node
[rosout][INFO] 2023-04-22 10:09:27,006: Connecting to /dev/ttyACM0 at 115200 baud
[rospy.internal][INFO] 2023-04-22 10:09:27,192: topic[/rosout] adding connection to [/rosout], count 0
[rosout][INFO] 2023-04-22 10:09:29,144: Note: publish buffer size is 1024 bytes
[rosout][INFO] 2023-04-22 10:09:29,147: Setup publisher on sensor_state [turtlebot3_msgs/SensorState]
[rosout][INFO] 2023-04-22 10:09:29,165: Setup publisher on firmware_version [turtlebot3_msgs/VersionInfo]
[rosout][INFO] 2023-04-22 10:09:29,238: Setup publisher on imu [sensor_msgs/Imu]
[rosout][INFO] 2023-04-22 10:09:29,248: Setup publisher on cmd_vel_rc100 [geometry_msgs/Twist]
[rosout][INFO] 2023-04-22 10:09:29,267: Setup publisher on odom [nav_msgs/Odometry]
[rosout][INFO] 2023-04-22 10:09:29,277: Setup publisher on joint_states [sensor_msgs/JointState]
[rosout][INFO] 2023-04-22 10:09:29,286: Setup publisher on battery_state [sensor_msgs/BatteryState]
[rosout][INFO] 2023-04-22 10:09:29,296: Setup publisher on magnetic_field [sensor_msgs/MagneticField]
[rosout][INFO] 2023-04-22 10:09:31,729: Setup publisher on /tf [tf/tfMessage]
[rosout][INFO] 2023-04-22 10:09:31,744: Note: subscribe buffer size is 1024 bytes
[rosout][INFO] 2023-04-22 10:09:31,745: Setup subscriber on cmd_vel [geometry_msgs/Twist]
[rosout][INFO] 2023-04-22 10:09:31,761: Setup subscriber on sound [turtlebot3_msgs/Sound]
[rosout][INFO] 2023-04-22 10:09:31,776: Setup subscriber on motor_power [std_msgs/Bool]
[rosout][INFO] 2023-04-22 10:09:31,791: Setup subscriber on reset [std_msgs/Empty]
[rosout][INFO] 2023-04-22 10:09:32,209: Setup TF on Odometry [word/odom]
[rosout][INFO] 2023-04-22 10:09:32,215: Setup TF on IMU [word/imu_link]
[rosout][INFO] 2023-04-22 10:09:32,219: Setup TF on MagneticField [word/mag_link]
[rosout][INFO] 2023-04-22 10:09:32,223: Setup TF on JointState [word/base_link]
[rosout][INFO] 2023-04-22 10:09:32,230: --------------------------
[rosout][INFO] 2023-04-22 10:09:32,234: Connected to OpenCR board!
[rosout][INFO] 2023-04-22 10:09:32,238: This core(v1.2.2) is compatible with TB3 Burger
[rosout][INFO] 2023-04-22 10:09:32,241: --------------------------
[rosout][INFO] 2023-04-22 10:09:32,245: Start Calibration of Gyro
[rosout][INFO] 2023-04-22 10:09:34,771: Calibration End
[rosout][INFO] 2023-04-22 10:12:01,380: Send tx stop request
[rospy.core][INFO] 2023-04-22 10:12:01,383: signal_shutdown [atexit]
[rospy.internal][INFO] 2023-04-22 10:12:01,415: topic[/rosout] removing connection to /rosout
[rospy.impl.masterslave][INFO] 2023-04-22 10:12:01,417: atexit
[rospy.client][INFO] 2023-04-22 11:17:15,959: init_node, name[/turtlebot3_core], pid[2653]
[xmlrpc][INFO] 2023-04-22 11:17:15,961: XML-RPC server binding to 127.0.0.1:0
[xmlrpc][INFO] 2023-04-22 11:17:15,962: Started XML-RPC server [http://localhost:33931/]
[rospy.init][INFO] 2023-04-22 11:17:15,963: ROS Slave URI: [http://localhost:33931/]
[rospy.impl.masterslave][INFO] 2023-04-22 11:17:15,963: _ready: http://localhost:33931/
[rospy.registration][INFO] 2023-04-22 11:17:15,966: Registering with master node http://localhost:11311
[xmlrpc][INFO] 2023-04-22 11:17:15,967: xml rpc node: starting XML-RPC server
[rospy.init][INFO] 2023-04-22 11:17:16,064: registered with master
[rospy.rosout][INFO] 2023-04-22 11:17:16,081: initializing /rosout core topic
[rospy.rosout][INFO] 2023-04-22 11:17:16,087: connected to core topic /rosout
[rospy.simtime][INFO] 2023-04-22 11:17:16,093: /use_sim_time is not set, will not subscribe to simulated time [/clock] topic
[rosout][INFO] 2023-04-22 11:17:16,106: ROS Serial Python Node
[rosout][INFO] 2023-04-22 11:17:16,132: Connecting to /dev/ttyACM0 at 115200 baud
[rospy.internal][INFO] 2023-04-22 11:17:16,349: topic[/rosout] adding connection to [/rosout], count 0
[rosout][INFO] 2023-04-22 11:17:18,272: Note: publish buffer size is 1024 bytes
[rosout][INFO] 2023-04-22 11:17:18,275: Setup publisher on sensor_state [turtlebot3_msgs/SensorState]
[rosout][INFO] 2023-04-22 11:17:18,293: Setup publisher on firmware_version [turtlebot3_msgs/VersionInfo]
[rosout][INFO] 2023-04-22 11:17:18,358: Setup publisher on imu [sensor_msgs/Imu]
[rosout][INFO] 2023-04-22 11:17:18,368: Setup publisher on cmd_vel_rc100 [geometry_msgs/Twist]
[rosout][INFO] 2023-04-22 11:17:18,387: Setup publisher on odom [nav_msgs/Odometry]
[rosout][INFO] 2023-04-22 11:17:18,397: Setup publisher on joint_states [sensor_msgs/JointState]
[rosout][INFO] 2023-04-22 11:17:18,407: Setup publisher on battery_state [sensor_msgs/BatteryState]
[rosout][INFO] 2023-04-22 11:17:18,416: Setup publisher on magnetic_field [sensor_msgs/MagneticField]
[rosout][INFO] 2023-04-22 11:17:20,950: Setup publisher on /tf [tf/tfMessage]
[rosout][INFO] 2023-04-22 11:17:20,965: Note: subscribe buffer size is 1024 bytes
[rosout][INFO] 2023-04-22 11:17:20,966: Setup subscriber on cmd_vel [geometry_msgs/Twist]
[rosout][INFO] 2023-04-22 11:17:20,982: Setup subscriber on sound [turtlebot3_msgs/Sound]
[rosout][INFO] 2023-04-22 11:17:20,996: Setup subscriber on motor_power [std_msgs/Bool]
[rosout][INFO] 2023-04-22 11:17:21,012: Setup subscriber on reset [std_msgs/Empty]
[rosout][ERROR] 2023-04-22 11:17:21,333: Parameter ~tf_prefix does not exist
[rosout][WARNING] 2023-04-22 11:17:22,329: Failed to get param: timeout expired
[rosout][INFO] 2023-04-22 11:17:22,336: Setup TF on Odometry [word/odom]
[rosout][INFO] 2023-04-22 11:17:22,342: Setup TF on IMU [word/imu_link]
[rosout][INFO] 2023-04-22 11:17:22,348: Setup TF on MagneticField [word/mag_link]
[rosout][INFO] 2023-04-22 11:17:22,354: Setup TF on JointState [word/base_link]
[rosout][INFO] 2023-04-22 11:17:22,366: --------------------------
[rosout][INFO] 2023-04-22 11:17:22,372: Connected to OpenCR board!
[rosout][INFO] 2023-04-22 11:17:22,378: This core(v1.2.2) is compatible with TB3 Burger
[rosout][INFO] 2023-04-22 11:17:22,384: --------------------------
[rosout][INFO] 2023-04-22 11:17:22,389: Start Calibration of Gyro
[rosout][INFO] 2023-04-22 11:17:24,892: Calibration End
[rospy.internal][INFO] 2023-04-22 11:18:02,445: topic[/cmd_vel] adding connection to [http://localhost:32933/], count 0
[rospy.internal][ERROR] 2023-04-22 11:18:05,694: Unable to initiate TCP/IP socket to localhost:43873 (http://localhost:32933/): Traceback (most recent call last):
  File "/opt/ros/kinetic/lib/python2.7/dist-packages/rospy/impl/tcpros_base.py", line 557, in connect
    self.read_header()
  File "/opt/ros/kinetic/lib/python2.7/dist-packages/rospy/impl/tcpros_base.py", line 650, in read_header
    self._validate_header(read_ros_handshake_header(sock, self.read_buff, self.protocol.buff_size))
  File "/opt/ros/kinetic/lib/python2.7/dist-packages/rospy/impl/tcpros_base.py", line 593, in _validate_header
    raise TransportInitError("remote error reported: %s"%header['error'])
TransportInitError: remote error reported: node shutting down

[rospy.internal][WARNING] 2023-04-22 11:18:06,698: Unknown error initiating TCP/IP socket to localhost:43873 (http://localhost:32933/): Traceback (most recent call last):
  File "/opt/ros/kinetic/lib/python2.7/dist-packages/rospy/impl/tcpros_base.py", line 555, in connect
    self.socket.connect((dest_addr, dest_port))
  File "/usr/lib/python2.7/socket.py", line 228, in meth
    return getattr(self._sock,name)(*args)
error: [Errno 111] Connection refused

[rospy.internal][INFO] 2023-04-22 11:18:06,699: topic[/cmd_vel] removing connection to http://localhost:32933/
[rospy.internal][INFO] 2023-04-22 11:18:10,270: topic[/cmd_vel] adding connection to [http://localhost:39325/], count 0
[rospy.internal][WARNING] 2023-04-22 11:18:13,704: Unknown error initiating TCP/IP socket to localhost:46711 (http://localhost:39325/): Traceback (most recent call last):
  File "/opt/ros/kinetic/lib/python2.7/dist-packages/rospy/impl/tcpros_base.py", line 557, in connect
    self.read_header()
  File "/opt/ros/kinetic/lib/python2.7/dist-packages/rospy/impl/tcpros_base.py", line 650, in read_header
    self._validate_header(read_ros_handshake_header(sock, self.read_buff, self.protocol.buff_size))
  File "/opt/ros/kinetic/lib/python2.7/dist-packages/rosgraph/network.py", line 364, in read_ros_handshake_header
    raise ROSHandshakeException("connection from sender terminated before handshake header received. %s bytes were received. Please check sender for additional details."%b.tell())
ROSHandshakeException: connection from sender terminated before handshake header received. 0 bytes were received. Please check sender for additional details.

[rospy.internal][INFO] 2023-04-22 11:18:13,706: topic[/cmd_vel] removing connection to http://localhost:39325/
[rospy.internal][INFO] 2023-04-22 11:18:18,497: topic[/cmd_vel] adding connection to [http://localhost:36377/], count 0
[rospy.internal][WARNING] 2023-04-22 11:18:20,991: Unknown error initiating TCP/IP socket to localhost:36065 (http://localhost:36377/): Traceback (most recent call last):
  File "/opt/ros/kinetic/lib/python2.7/dist-packages/rospy/impl/tcpros_base.py", line 557, in connect
    self.read_header()
  File "/opt/ros/kinetic/lib/python2.7/dist-packages/rospy/impl/tcpros_base.py", line 650, in read_header
    self._validate_header(read_ros_handshake_header(sock, self.read_buff, self.protocol.buff_size))
  File "/opt/ros/kinetic/lib/python2.7/dist-packages/rosgraph/network.py", line 364, in read_ros_handshake_header
    raise ROSHandshakeException("connection from sender terminated before handshake header received. %s bytes were received. Please check sender for additional details."%b.tell())
ROSHandshakeException: connection from sender terminated before handshake header received. 0 bytes were received. Please check sender for additional details.

[rospy.internal][INFO] 2023-04-22 11:18:20,992: topic[/cmd_vel] removing connection to http://localhost:36377/
[rospy.internal][INFO] 2023-04-22 11:18:31,128: topic[/cmd_vel] adding connection to [http://localhost:40495/], count 0
[rospy.internal][WARNING] 2023-04-22 11:18:32,208: Unknown error initiating TCP/IP socket to localhost:35955 (http://localhost:40495/): Traceback (most recent call last):
  File "/opt/ros/kinetic/lib/python2.7/dist-packages/rospy/impl/tcpros_base.py", line 557, in connect
    self.read_header()
  File "/opt/ros/kinetic/lib/python2.7/dist-packages/rospy/impl/tcpros_base.py", line 650, in read_header
    self._validate_header(read_ros_handshake_header(sock, self.read_buff, self.protocol.buff_size))
  File "/opt/ros/kinetic/lib/python2.7/dist-packages/rosgraph/network.py", line 364, in read_ros_handshake_header
    raise ROSHandshakeException("connection from sender terminated before handshake header received. %s bytes were received. Please check sender for additional details."%b.tell())
ROSHandshakeException: connection from sender terminated before handshake header received. 0 bytes were received. Please check sender for additional details.

[rospy.internal][INFO] 2023-04-22 11:18:32,209: topic[/cmd_vel] removing connection to http://localhost:40495/
[rospy.internal][INFO] 2023-04-22 11:18:49,269: topic[/cmd_vel] adding connection to [http://localhost:45121/], count 0
[rospy.internal][WARNING] 2023-04-22 11:18:52,230: Unknown error initiating TCP/IP socket to localhost:39657 (http://localhost:45121/): Traceback (most recent call last):
  File "/opt/ros/kinetic/lib/python2.7/dist-packages/rospy/impl/tcpros_base.py", line 557, in connect
    self.read_header()
  File "/opt/ros/kinetic/lib/python2.7/dist-packages/rospy/impl/tcpros_base.py", line 650, in read_header
    self._validate_header(read_ros_handshake_header(sock, self.read_buff, self.protocol.buff_size))
  File "/opt/ros/kinetic/lib/python2.7/dist-packages/rosgraph/network.py", line 364, in read_ros_handshake_header
    raise ROSHandshakeException("connection from sender terminated before handshake header received. %s bytes were received. Please check sender for additional details."%b.tell())
ROSHandshakeException: connection from sender terminated before handshake header received. 0 bytes were received. Please check sender for additional details.

[rospy.internal][INFO] 2023-04-22 11:18:52,232: topic[/cmd_vel] removing connection to http://localhost:45121/
[rospy.internal][INFO] 2023-04-22 11:19:00,955: topic[/cmd_vel] adding connection to [http://localhost:38189/], count 0
[rospy.internal][ERROR] 2023-04-22 11:19:03,925: Unable to initiate TCP/IP socket to localhost:44315 (http://localhost:38189/): Traceback (most recent call last):
  File "/opt/ros/kinetic/lib/python2.7/dist-packages/rospy/impl/tcpros_base.py", line 557, in connect
    self.read_header()
  File "/opt/ros/kinetic/lib/python2.7/dist-packages/rospy/impl/tcpros_base.py", line 650, in read_header
    self._validate_header(read_ros_handshake_header(sock, self.read_buff, self.protocol.buff_size))
  File "/opt/ros/kinetic/lib/python2.7/dist-packages/rospy/impl/tcpros_base.py", line 593, in _validate_header
    raise TransportInitError("remote error reported: %s"%header['error'])
TransportInitError: remote error reported: node shutting down

[rospy.internal][WARNING] 2023-04-22 11:19:04,928: Unknown error initiating TCP/IP socket to localhost:44315 (http://localhost:38189/): Traceback (most recent call last):
  File "/opt/ros/kinetic/lib/python2.7/dist-packages/rospy/impl/tcpros_base.py", line 555, in connect
    self.socket.connect((dest_addr, dest_port))
  File "/usr/lib/python2.7/socket.py", line 228, in meth
    return getattr(self._sock,name)(*args)
error: [Errno 111] Connection refused

[rospy.internal][INFO] 2023-04-22 11:19:04,929: topic[/cmd_vel] removing connection to http://localhost:38189/
[rospy.internal][INFO] 2023-04-22 11:19:08,780: topic[/cmd_vel] adding connection to [http://localhost:38347/], count 0
[rospy.internal][WARNING] 2023-04-22 11:19:11,771: Unknown error initiating TCP/IP socket to localhost:40407 (http://localhost:38347/): Traceback (most recent call last):
  File "/opt/ros/kinetic/lib/python2.7/dist-packages/rospy/impl/tcpros_base.py", line 557, in connect
    self.read_header()
  File "/opt/ros/kinetic/lib/python2.7/dist-packages/rospy/impl/tcpros_base.py", line 650, in read_header
    self._validate_header(read_ros_handshake_header(sock, self.read_buff, self.protocol.buff_size))
  File "/opt/ros/kinetic/lib/python2.7/dist-packages/rosgraph/network.py", line 364, in read_ros_handshake_header
    raise ROSHandshakeException("connection from sender terminated before handshake header received. %s bytes were received. Please check sender for additional details."%b.tell())
ROSHandshakeException: connection from sender terminated before handshake header received. 0 bytes were received. Please check sender for additional details.

[rospy.internal][INFO] 2023-04-22 11:19:11,773: topic[/cmd_vel] removing connection to http://localhost:38347/
[rospy.internal][INFO] 2023-04-22 11:19:16,407: topic[/cmd_vel] adding connection to [http://localhost:33663/], count 0
[rospy.internal][WARNING] 2023-04-22 11:19:19,359: Unknown error initiating TCP/IP socket to localhost:43583 (http://localhost:33663/): Traceback (most recent call last):
  File "/opt/ros/kinetic/lib/python2.7/dist-packages/rospy/impl/tcpros_base.py", line 557, in connect
    self.read_header()
  File "/opt/ros/kinetic/lib/python2.7/dist-packages/rospy/impl/tcpros_base.py", line 650, in read_header
    self._validate_header(read_ros_handshake_header(sock, self.read_buff, self.protocol.buff_size))
  File "/opt/ros/kinetic/lib/python2.7/dist-packages/rosgraph/network.py", line 362, in read_ros_handshake_header
    d = sock.recv(buff_size)
error: [Errno 104] Connection reset by peer

[rospy.internal][INFO] 2023-04-22 11:19:19,360: topic[/cmd_vel] removing connection to http://localhost:33663/
[rospy.internal][INFO] 2023-04-22 11:19:23,532: topic[/cmd_vel] adding connection to [http://localhost:37073/], count 0
[rospy.internal][WARNING] 2023-04-22 11:19:26,514: Unknown error initiating TCP/IP socket to localhost:34745 (http://localhost:37073/): Traceback (most recent call last):
  File "/opt/ros/kinetic/lib/python2.7/dist-packages/rospy/impl/tcpros_base.py", line 557, in connect
    self.read_header()
  File "/opt/ros/kinetic/lib/python2.7/dist-packages/rospy/impl/tcpros_base.py", line 650, in read_header
    self._validate_header(read_ros_handshake_header(sock, self.read_buff, self.protocol.buff_size))
  File "/opt/ros/kinetic/lib/python2.7/dist-packages/rosgraph/network.py", line 362, in read_ros_handshake_header
    d = sock.recv(buff_size)
error: [Errno 104] Connection reset by peer

[rospy.internal][INFO] 2023-04-22 11:19:26,516: topic[/cmd_vel] removing connection to http://localhost:37073/
[rospy.internal][INFO] 2023-04-22 11:19:31,259: topic[/cmd_vel] adding connection to [http://localhost:40189/], count 0
[rospy.internal][WARNING] 2023-04-22 11:19:34,156: Unknown error initiating TCP/IP socket to localhost:41293 (http://localhost:40189/): Traceback (most recent call last):
  File "/opt/ros/kinetic/lib/python2.7/dist-packages/rospy/impl/tcpros_base.py", line 557, in connect
    self.read_header()
  File "/opt/ros/kinetic/lib/python2.7/dist-packages/rospy/impl/tcpros_base.py", line 650, in read_header
    self._validate_header(read_ros_handshake_header(sock, self.read_buff, self.protocol.buff_size))
  File "/opt/ros/kinetic/lib/python2.7/dist-packages/rosgraph/network.py", line 364, in read_ros_handshake_header
    raise ROSHandshakeException("connection from sender terminated before handshake header received. %s bytes were received. Please check sender for additional details."%b.tell())
ROSHandshakeException: connection from sender terminated before handshake header received. 0 bytes were received. Please check sender for additional details.

[rospy.internal][INFO] 2023-04-22 11:19:34,157: topic[/cmd_vel] removing connection to http://localhost:40189/
[rosout][INFO] 2023-04-22 11:19:37,630: Send tx stop request
[rospy.core][INFO] 2023-04-22 11:19:37,633: signal_shutdown [atexit]
[rospy.internal][INFO] 2023-04-22 11:19:37,665: topic[/rosout] removing connection to /rosout
[rospy.impl.masterslave][INFO] 2023-04-22 11:19:37,666: atexit
