[rospy.client][INFO] 2023-05-03 09:40:30,062: init_node, name[/op_receiver], pid[1350]
[xmlrpc][INFO] 2023-05-03 09:40:30,063: XML-RPC server binding to 127.0.0.1:0
[xmlrpc][INFO] 2023-05-03 09:40:30,065: Started XML-RPC server [http://localhost:41667/]
[rospy.init][INFO] 2023-05-03 09:40:30,066: ROS Slave URI: [http://localhost:41667/]
[rospy.impl.masterslave][INFO] 2023-05-03 09:40:30,066: _ready: http://localhost:41667/
[rospy.registration][INFO] 2023-05-03 09:40:30,069: Registering with master node http://localhost:11311
[xmlrpc][INFO] 2023-05-03 09:40:30,070: xml rpc node: starting XML-RPC server
[rospy.init][INFO] 2023-05-03 09:40:30,167: registered with master
[rospy.rosout][INFO] 2023-05-03 09:40:30,168: initializing /rosout core topic
[rospy.rosout][INFO] 2023-05-03 09:40:30,183: connected to core topic /rosout
[rospy.simtime][INFO] 2023-05-03 09:40:30,190: /use_sim_time is not set, will not subscribe to simulated time [/clock] topic
[rospy.internal][INFO] 2023-05-03 09:40:30,467: topic[/rosout] adding connection to [/rosout], count 0
[rospy.internal][INFO] 2023-05-03 09:40:39,312: topic[/cmd_vel] adding connection to [/turtlebot3_core], count 0
[rospy.core][INFO] 2023-05-03 09:40:53,091: signal_shutdown [signal-2]
[rospy.internal][INFO] 2023-05-03 09:40:53,119: topic[/rosout] removing connection to /rosout
[rospy.internal][INFO] 2023-05-03 09:40:53,120: topic[/cmd_vel] removing connection to /turtlebot3_core
[rospy.impl.masterslave][INFO] 2023-05-03 09:40:53,121: signal-2
[rospy.core][WARNING] 2023-05-03 09:40:53,738: add_shutdown_hook called after shutdown
[rospy.core][INFO] 2023-05-03 09:40:53,739: signal_shutdown [atexit]
[rospy.client][INFO] 2023-05-03 09:41:59,529: init_node, name[/op_receiver], pid[1538]
[xmlrpc][INFO] 2023-05-03 09:41:59,530: XML-RPC server binding to 127.0.0.1:0
[xmlrpc][INFO] 2023-05-03 09:41:59,532: Started XML-RPC server [http://localhost:37675/]
[rospy.init][INFO] 2023-05-03 09:41:59,532: ROS Slave URI: [http://localhost:37675/]
[rospy.impl.masterslave][INFO] 2023-05-03 09:41:59,533: _ready: http://localhost:37675/
[rospy.registration][INFO] 2023-05-03 09:41:59,535: Registering with master node http://localhost:11311
[xmlrpc][INFO] 2023-05-03 09:41:59,536: xml rpc node: starting XML-RPC server
[rospy.init][INFO] 2023-05-03 09:41:59,633: registered with master
[rospy.rosout][INFO] 2023-05-03 09:41:59,635: initializing /rosout core topic
[rospy.rosout][INFO] 2023-05-03 09:41:59,647: connected to core topic /rosout
[rospy.simtime][INFO] 2023-05-03 09:41:59,656: /use_sim_time is not set, will not subscribe to simulated time [/clock] topic
[rospy.internal][INFO] 2023-05-03 09:41:59,768: topic[/rosout] adding connection to [/rosout], count 0
[rospy.internal][INFO] 2023-05-03 09:42:04,505: topic[/cmd_vel] adding connection to [/turtlebot3_core], count 0
[rospy.core][INFO] 2023-05-03 09:42:09,944: signal_shutdown [signal-2]
[rospy.internal][INFO] 2023-05-03 09:42:09,960: topic[/rosout] removing connection to /rosout
[rospy.internal][INFO] 2023-05-03 09:42:09,961: topic[/cmd_vel] removing connection to /turtlebot3_core
[rospy.impl.masterslave][INFO] 2023-05-03 09:42:09,963: signal-2
[rospy.core][WARNING] 2023-05-03 09:42:10,064: add_shutdown_hook called after shutdown
[rospy.core][INFO] 2023-05-03 09:42:10,065: signal_shutdown [atexit]
