[rosmaster.main][INFO] 2023-05-03 16:09:59,204: initialization complete, waiting for shutdown
[rosmaster.main][INFO] 2023-05-03 16:09:59,204: Starting ROS Master Node
[xmlrpc][INFO] 2023-05-03 16:09:59,207: XML-RPC server binding to 127.0.0.1:11311
[rosmaster.master][INFO] 2023-05-03 16:09:59,209: Master initialized: port[11311], uri[http://localhost:11311/]
[xmlrpc][INFO] 2023-05-03 16:09:59,208: Started XML-RPC server [http://localhost:11311/]
[xmlrpc][INFO] 2023-05-03 16:09:59,210: xml rpc node: starting XML-RPC server
[rosmaster.master][INFO] 2023-05-03 16:09:59,271: +PARAM [/run_id] by /roslaunch
[rosmaster.master][INFO] 2023-05-03 16:09:59,277: +PARAM [/roslaunch/uris/host_localhost__46549] by /roslaunch
[rosmaster.master][INFO] 2023-05-03 16:09:59,517: +PARAM [/rosversion] by /roslaunch
[rosmaster.master][INFO] 2023-05-03 16:09:59,518: +PARAM [/rosdistro] by /roslaunch
[rosmaster.master][INFO] 2023-05-03 16:10:01,111: +SERVICE [/rosout/get_loggers] /rosout http://localhost:33499/
[rosmaster.master][INFO] 2023-05-03 16:10:01,119: +SERVICE [/rosout/set_logger_level] /rosout http://localhost:33499/
[rosmaster.master][INFO] 2023-05-03 16:10:01,133: +PUB [/rosout_agg] /rosout http://localhost:33499/
[rosmaster.master][INFO] 2023-05-03 16:10:01,218: +SUB [/rosout] /rosout http://localhost:33499/
[rosmaster.master][INFO] 2023-05-03 16:11:31,770: +PARAM [/roslaunch/uris/host_localhost__34399] by /roslaunch
[rosmaster.master][INFO] 2023-05-03 16:11:31,783: +PARAM [/rosversion] by /roslaunch
[rosmaster.master][INFO] 2023-05-03 16:11:31,783: +PARAM [/rosdistro] by /roslaunch
[rosmaster.master][INFO] 2023-05-03 16:11:31,784: +PARAM [/turtlebot3_core/port] by /roslaunch
[rosmaster.master][INFO] 2023-05-03 16:11:31,784: +PARAM [/turtlebot3_core/tf_prefix] by /roslaunch
[rosmaster.master][INFO] 2023-05-03 16:11:33,296: +PUB [/rosout] /turtlebot3_core http://localhost:42553/
[rosmaster.master][INFO] 2023-05-03 16:11:33,310: +SERVICE [/turtlebot3_core/get_loggers] /turtlebot3_core http://localhost:42553/
[rosmaster.master][INFO] 2023-05-03 16:11:33,316: +SERVICE [/turtlebot3_core/set_logger_level] /turtlebot3_core http://localhost:42553/
[rosmaster.master][INFO] 2023-05-03 16:11:33,348: +PUB [/diagnostics] /turtlebot3_core http://localhost:42553/
[rosmaster.master][INFO] 2023-05-03 16:11:33,365: +PUB [/rosout] /op_receiver http://localhost:34309/
[rosmaster.master][INFO] 2023-05-03 16:11:33,372: publisherUpdate[/rosout] -> http://localhost:33499/ ['http://localhost:42553/']
[rosmaster.master][INFO] 2023-05-03 16:11:33,379: publisherUpdate[/rosout] -> http://localhost:33499/ ['http://localhost:42553/']: sec=0.01, result=[1, '', 0]
[rosmaster.master][INFO] 2023-05-03 16:11:33,380: publisherUpdate[/rosout] -> http://localhost:33499/ ['http://localhost:42553/', 'http://localhost:34309/']
[rosmaster.master][INFO] 2023-05-03 16:11:33,383: publisherUpdate[/rosout] -> http://localhost:33499/ ['http://localhost:42553/', 'http://localhost:34309/']: sec=0.00, result=[1, '', 0]
[rosmaster.master][INFO] 2023-05-03 16:11:33,387: +SERVICE [/op_receiver/get_loggers] /op_receiver http://localhost:34309/
[rosmaster.master][INFO] 2023-05-03 16:11:33,393: +SERVICE [/op_receiver/set_logger_level] /op_receiver http://localhost:34309/
[rosmaster.master][INFO] 2023-05-03 16:11:33,399: +PUB [/cmd_vel] /op_receiver http://localhost:34309/
[rosmaster.master][INFO] 2023-05-03 16:11:35,485: +PUB [/sensor_state] /turtlebot3_core http://localhost:42553/
[rosmaster.master][INFO] 2023-05-03 16:11:35,509: +PUB [/firmware_version] /turtlebot3_core http://localhost:42553/
[rosmaster.master][INFO] 2023-05-03 16:11:35,754: +PUB [/imu] /turtlebot3_core http://localhost:42553/
[rosmaster.master][INFO] 2023-05-03 16:11:35,774: +PUB [/cmd_vel_rc100] /turtlebot3_core http://localhost:42553/
[rosmaster.master][INFO] 2023-05-03 16:11:35,914: +PUB [/odom] /turtlebot3_core http://localhost:42553/
[rosmaster.master][INFO] 2023-05-03 16:11:35,934: +PUB [/joint_states] /turtlebot3_core http://localhost:42553/
[rosmaster.master][INFO] 2023-05-03 16:11:35,954: +PUB [/battery_state] /turtlebot3_core http://localhost:42553/
[rosmaster.master][INFO] 2023-05-03 16:11:35,974: +PUB [/magnetic_field] /turtlebot3_core http://localhost:42553/
[rosmaster.master][INFO] 2023-05-03 16:11:42,461: +PUB [/tf] /turtlebot3_core http://localhost:42553/
[rosmaster.master][INFO] 2023-05-03 16:11:42,477: +SUB [/cmd_vel] /turtlebot3_core http://localhost:42553/
[rosmaster.master][INFO] 2023-05-03 16:11:42,506: +SUB [/sound] /turtlebot3_core http://localhost:42553/
[rosmaster.master][INFO] 2023-05-03 16:11:42,522: +SUB [/motor_power] /turtlebot3_core http://localhost:42553/
[rosmaster.master][INFO] 2023-05-03 16:11:42,537: +SUB [/reset] /turtlebot3_core http://localhost:42553/
[rosmaster.master][INFO] 2023-05-03 16:13:20,259: -PUB [/rosout] /op_receiver http://localhost:34309/
[rosmaster.master][INFO] 2023-05-03 16:13:20,260: -PUB [/cmd_vel] /op_receiver http://localhost:34309/
[rosmaster.master][INFO] 2023-05-03 16:13:20,261: -SERVICE [/op_receiver/set_logger_level] /op_receiver rosrpc://localhost:45477
[rosmaster.master][INFO] 2023-05-03 16:13:20,262: publisherUpdate[/rosout] -> http://localhost:33499/ ['http://localhost:42553/']
[rosmaster.master][INFO] 2023-05-03 16:13:20,262: publisherUpdate[/cmd_vel] -> http://localhost:42553/ []
[rosmaster.master][INFO] 2023-05-03 16:13:20,266: publisherUpdate[/rosout] -> http://localhost:33499/ ['http://localhost:42553/']: sec=0.00, result=[1, '', 0]
[rosmaster.master][INFO] 2023-05-03 16:13:20,262: -SERVICE [/op_receiver/get_loggers] /op_receiver rosrpc://localhost:45477
[rosmaster.master][INFO] 2023-05-03 16:13:20,278: -SUB [/sound] /turtlebot3_core http://localhost:42553/
[rosmaster.master][INFO] 2023-05-03 16:13:20,280: publisherUpdate[/cmd_vel] -> http://localhost:42553/ []: sec=0.02, result=[1, '', 0]
[rosmaster.master][INFO] 2023-05-03 16:13:20,285: -SUB [/motor_power] /turtlebot3_core http://localhost:42553/
[rosmaster.master][INFO] 2023-05-03 16:13:20,286: -SUB [/cmd_vel] /turtlebot3_core http://localhost:42553/
[rosmaster.master][INFO] 2023-05-03 16:13:20,286: -SUB [/reset] /turtlebot3_core http://localhost:42553/
[rosmaster.master][INFO] 2023-05-03 16:13:20,287: -PUB [/firmware_version] /turtlebot3_core http://localhost:42553/
[rosmaster.master][INFO] 2023-05-03 16:13:20,287: -PUB [/battery_state] /turtlebot3_core http://localhost:42553/
[rosmaster.master][INFO] 2023-05-03 16:13:20,288: -PUB [/joint_states] /turtlebot3_core http://localhost:42553/
[rosmaster.master][INFO] 2023-05-03 16:13:20,289: -PUB [/rosout] /turtlebot3_core http://localhost:42553/
[rosmaster.master][INFO] 2023-05-03 16:13:20,289: -PUB [/tf] /turtlebot3_core http://localhost:42553/
[rosmaster.master][INFO] 2023-05-03 16:13:20,290: -PUB [/cmd_vel_rc100] /turtlebot3_core http://localhost:42553/
[rosmaster.master][INFO] 2023-05-03 16:13:20,290: -PUB [/imu] /turtlebot3_core http://localhost:42553/
[rosmaster.master][INFO] 2023-05-03 16:13:20,291: -PUB [/odom] /turtlebot3_core http://localhost:42553/
[rosmaster.master][INFO] 2023-05-03 16:13:20,292: -PUB [/diagnostics] /turtlebot3_core http://localhost:42553/
[rosmaster.master][INFO] 2023-05-03 16:13:20,293: -PUB [/sensor_state] /turtlebot3_core http://localhost:42553/
[rosmaster.master][INFO] 2023-05-03 16:13:20,293: -PUB [/magnetic_field] /turtlebot3_core http://localhost:42553/
[rosmaster.master][INFO] 2023-05-03 16:13:20,294: -SERVICE [/turtlebot3_core/set_logger_level] /turtlebot3_core rosrpc://localhost:33781
[rosmaster.master][INFO] 2023-05-03 16:13:20,294: -SERVICE [/turtlebot3_core/get_loggers] /turtlebot3_core rosrpc://localhost:33781
[rosmaster.master][INFO] 2023-05-03 16:13:20,363: publisherUpdate[/rosout] -> http://localhost:33499/ []
[rosmaster.master][INFO] 2023-05-03 16:13:20,365: publisherUpdate[/rosout] -> http://localhost:33499/ []: sec=0.00, result=[1, '', 0]
[rosmaster.master][INFO] 2023-05-03 16:13:48,711: -PUB [/rosout_agg] /rosout http://localhost:33499/
[rosmaster.master][INFO] 2023-05-03 16:13:48,716: -SUB [/rosout] /rosout http://localhost:33499/
[rosmaster.master][INFO] 2023-05-03 16:13:48,719: -SERVICE [/rosout/get_loggers] /rosout rosrpc://localhost:34857
[rosmaster.master][INFO] 2023-05-03 16:13:48,723: -SERVICE [/rosout/set_logger_level] /rosout rosrpc://localhost:34857
[rosmaster.main][INFO] 2023-05-03 16:13:48,944: keyboard interrupt, will exit
[rosmaster.main][INFO] 2023-05-03 16:13:48,944: stopping master...
[rospy.core][INFO] 2023-05-03 16:13:48,945: signal_shutdown [atexit]
