

1683101401.128175243  Node Startup
1683101493.344832897 INFO [serial_node.py:86(<module>) [topics: /rosout] Connecting to /dev/ttyACM0 at 57600 baud
1683101495.492820978 INFO [SerialClient.py:520(setPublishSize) [topics: /diagnostics, /rosout, /sensor_state] Note: publish buffer size is 1024 bytes
1683101495.497102975 INFO [SerialClient.py:536(setupPublisher) [topics: /diagnostics, /rosout, /sensor_state] Setup publisher on sensor_state [turtlebot3_msgs/SensorState]
1683101495.517122030 INFO [SerialClient.py:536(setupPublisher) [topics: /firmware_version, /diagnostics, /rosout, /sensor_state] Setup publisher on firmware_version [turtlebot3_msgs/VersionInfo]
1683101495.761492013 INFO [SerialClient.py:536(setupPublisher) [topics: /firmware_version, /diagnostics, /imu, /rosout, /sensor_state] Setup publisher on imu [sensor_msgs/Imu]
1683101495.781500101 INFO [SerialClient.py:536(setupPublisher) [topics: /cmd_vel_rc100, /imu, /firmware_version, /diagnostics, /rosout, /sensor_state] Setup publisher on cmd_vel_rc100 [geometry_msgs/Twist]
1683101495.921256065 INFO [SerialClient.py:536(setupPublisher) [topics: /cmd_vel_rc100, /imu, /odom, /firmware_version, /diagnostics, /rosout, /sensor_state] Setup publisher on odom [nav_msgs/Odometry]
1683101495.941207885 INFO [SerialClient.py:536(setupPublisher) [topics: /firmware_version, /joint_states, /rosout, /cmd_vel_rc100, /imu, /odom, /diagnostics, /sensor_state] Setup publisher on joint_states [sensor_msgs/JointState]
1683101495.961071014 INFO [SerialClient.py:536(setupPublisher) [topics: /firmware_version, /battery_state, /joint_states, /rosout, /cmd_vel_rc100, /imu, /odom, /diagnostics, /sensor_state] Setup publisher on battery_state [sensor_msgs/BatteryState]
1683101495.980811119 INFO [SerialClient.py:536(setupPublisher) [topics: /firmware_version, /battery_state, /joint_states, /rosout, /cmd_vel_rc100, /imu, /odom, /diagnostics, /sensor_state, /magnetic_field] Setup publisher on magnetic_field [sensor_msgs/MagneticField]
1683101502.465522050 INFO [SerialClient.py:536(setupPublisher) [topics: /firmware_version, /battery_state, /joint_states, /rosout, /tf, /cmd_vel_rc100, /imu, /odom, /diagnostics, /sensor_state, /magnetic_field] Setup publisher on /tf [tf/tfMessage]
1683101502.480880975 INFO [SerialClient.py:525(setSubscribeSize) [topics: /firmware_version, /battery_state, /joint_states, /rosout, /tf, /cmd_vel_rc100, /imu, /odom, /diagnostics, /cmd_vel, /sensor_state, /magnetic_field] Note: subscribe buffer size is 1024 bytes
1683101502.485996007 INFO [SerialClient.py:549(setupSubscriber) [topics: /firmware_version, /battery_state, /joint_states, /rosout, /tf, /cmd_vel_rc100, /imu, /odom, /diagnostics, /cmd_vel, /sensor_state, /magnetic_field] Setup subscriber on cmd_vel [geometry_msgs/Twist]
1683101502.510344982 INFO [SerialClient.py:549(setupSubscriber) [topics: /firmware_version, /battery_state, /joint_states, /rosout, /imu, /tf, /cmd_vel_rc100, /sound, /odom, /diagnostics, /cmd_vel, /sensor_state, /magnetic_field] Setup subscriber on sound [turtlebot3_msgs/Sound]
1683101502.526074886 INFO [SerialClient.py:549(setupSubscriber) [topics: /firmware_version, /rosout, /battery_state, /joint_states, /motor_power, /imu, /tf, /cmd_vel_rc100, /sound, /odom, /diagnostics, /cmd_vel, /sensor_state, /magnetic_field] Setup subscriber on motor_power [std_msgs/Bool]
1683101502.541341066 INFO [SerialClient.py:549(setupSubscriber) [topics: /firmware_version, /rosout, /battery_state, /joint_states, /motor_power, /imu, /tf, /cmd_vel_rc100, /sound, /odom, /reset, /diagnostics, /cmd_vel, /sensor_state, /magnetic_field] Setup subscriber on reset [std_msgs/Empty]
1683101502.554574012 WARN [SerialClient.py:689(handleLoggingRequest) [topics: /firmware_version, /rosout, /battery_state, /joint_states, /motor_power, /imu, /tf, /cmd_vel_rc100, /sound, /odom, /reset, /diagnostics, /cmd_vel, /sensor_state, /magnetic_field] Failed to get param: timeout expired
1683101502.558727025 INFO [SerialClient.py:687(handleLoggingRequest) [topics: /firmware_version, /rosout, /battery_state, /joint_states, /motor_power, /imu, /tf, /cmd_vel_rc100, /sound, /odom, /reset, /diagnostics, /cmd_vel, /sensor_state, /magnetic_field] Setup TF on Odometry [odom]
1683101502.563028097 INFO [SerialClient.py:687(handleLoggingRequest) [topics: /firmware_version, /rosout, /battery_state, /joint_states, /motor_power, /imu, /tf, /cmd_vel_rc100, /sound, /odom, /reset, /diagnostics, /cmd_vel, /sensor_state, /magnetic_field] Setup TF on IMU [imu_link]
1683101502.567486047 INFO [SerialClient.py:687(handleLoggingRequest) [topics: /firmware_version, /rosout, /battery_state, /joint_states, /motor_power, /imu, /tf, /cmd_vel_rc100, /sound, /odom, /reset, /diagnostics, /cmd_vel, /sensor_state, /magnetic_field] Setup TF on MagneticField [mag_link]
1683101502.571753978 INFO [SerialClient.py:687(handleLoggingRequest) [topics: /firmware_version, /rosout, /battery_state, /joint_states, /motor_power, /imu, /tf, /cmd_vel_rc100, /sound, /odom, /reset, /diagnostics, /cmd_vel, /sensor_state, /magnetic_field] Setup TF on JointState [base_link]
1683101502.591471910 INFO [SerialClient.py:687(handleLoggingRequest) [topics: /firmware_version, /rosout, /battery_state, /joint_states, /motor_power, /imu, /tf, /cmd_vel_rc100, /sound, /odom, /reset, /diagnostics, /cmd_vel, /sensor_state, /magnetic_field] --------------------------
1683101502.595624923 INFO [SerialClient.py:687(handleLoggingRequest) [topics: /firmware_version, /rosout, /battery_state, /joint_states, /motor_power, /imu, /tf, /cmd_vel_rc100, /sound, /odom, /reset, /diagnostics, /cmd_vel, /sensor_state, /magnetic_field] Connected to OpenCR board!
1683101502.599752902 INFO [SerialClient.py:687(handleLoggingRequest) [topics: /firmware_version, /rosout, /battery_state, /joint_states, /motor_power, /imu, /tf, /cmd_vel_rc100, /sound, /odom, /reset, /diagnostics, /cmd_vel, /sensor_state, /magnetic_field] This core(v1.2.2) is compatible with TB3 Burger
1683101502.603965997 INFO [SerialClient.py:687(handleLoggingRequest) [topics: /firmware_version, /rosout, /battery_state, /joint_states, /motor_power, /imu, /tf, /cmd_vel_rc100, /sound, /odom, /reset, /diagnostics, /cmd_vel, /sensor_state, /magnetic_field] --------------------------
1683101502.608079910 INFO [SerialClient.py:687(handleLoggingRequest) [topics: /firmware_version, /rosout, /battery_state, /joint_states, /motor_power, /imu, /tf, /cmd_vel_rc100, /sound, /odom, /reset, /diagnostics, /cmd_vel, /sensor_state, /magnetic_field] Start Calibration of Gyro
1683101502.612379074 INFO [SerialClient.py:687(handleLoggingRequest) [topics: /firmware_version, /rosout, /battery_state, /joint_states, /motor_power, /imu, /tf, /cmd_vel_rc100, /sound, /odom, /reset, /diagnostics, /cmd_vel, /sensor_state, /magnetic_field] Calibration End
1683101600.254800081 INFO [SerialClient.py:409(txStopRequest) [topics: /firmware_version, /rosout, /battery_state, /joint_states, /motor_power, /imu, /tf, /cmd_vel_rc100, /sound, /odom, /reset, /diagnostics, /cmd_vel, /sensor_state, /magnetic_field] Send tx stop request
