[rospy.client][INFO] 2023-04-27 20:53:57,928: init_node, name[/turtlebot3_core], pid[2067]
[xmlrpc][INFO] 2023-04-27 20:53:57,930: XML-RPC server binding to 127.0.0.1:0
[xmlrpc][INFO] 2023-04-27 20:53:57,931: Started XML-RPC server [http://localhost:41265/]
[rospy.init][INFO] 2023-04-27 20:53:57,932: ROS Slave URI: [http://localhost:41265/]
[rospy.impl.masterslave][INFO] 2023-04-27 20:53:57,932: _ready: http://localhost:41265/
[rospy.registration][INFO] 2023-04-27 20:53:57,935: Registering with master node http://localhost:11311
[xmlrpc][INFO] 2023-04-27 20:53:57,936: xml rpc node: starting XML-RPC server
[rospy.init][INFO] 2023-04-27 20:53:58,033: registered with master
[rospy.rosout][INFO] 2023-04-27 20:53:58,034: initializing /rosout core topic
[rospy.rosout][INFO] 2023-04-27 20:53:58,045: connected to core topic /rosout
[rospy.simtime][INFO] 2023-04-27 20:53:58,051: /use_sim_time is not set, will not subscribe to simulated time [/clock] topic
[rosout][INFO] 2023-04-27 20:53:58,066: ROS Serial Python Node
[rosout][INFO] 2023-04-27 20:53:58,097: Connecting to /dev/ttyACM0 at 115200 baud
[rospy.internal][INFO] 2023-04-27 20:53:58,306: topic[/rosout] adding connection to [/rosout], count 0
[rosout][INFO] 2023-04-27 20:54:00,248: Note: publish buffer size is 1024 bytes
[rosout][INFO] 2023-04-27 20:54:00,252: Setup publisher on sensor_state [turtlebot3_msgs/SensorState]
[rosout][INFO] 2023-04-27 20:54:00,271: Setup publisher on firmware_version [turtlebot3_msgs/VersionInfo]
[rosout][INFO] 2023-04-27 20:54:00,730: Setup publisher on imu [sensor_msgs/Imu]
[rosout][INFO] 2023-04-27 20:54:00,752: Setup publisher on cmd_vel_rc100 [geometry_msgs/Twist]
[rosout][INFO] 2023-04-27 20:54:00,923: Setup publisher on odom [nav_msgs/Odometry]
[rosout][INFO] 2023-04-27 20:54:00,943: Setup publisher on joint_states [sensor_msgs/JointState]
[rosout][INFO] 2023-04-27 20:54:00,965: Setup publisher on battery_state [sensor_msgs/BatteryState]
[rosout][INFO] 2023-04-27 20:54:00,985: Setup publisher on magnetic_field [sensor_msgs/MagneticField]
[rosout][INFO] 2023-04-27 20:54:07,548: Setup publisher on /tf [tf/tfMessage]
[rosout][INFO] 2023-04-27 20:54:07,564: Note: subscribe buffer size is 1024 bytes
[rosout][INFO] 2023-04-27 20:54:07,567: Setup subscriber on cmd_vel [geometry_msgs/Twist]
[rosout][INFO] 2023-04-27 20:54:07,584: Setup subscriber on sound [turtlebot3_msgs/Sound]
[rosout][INFO] 2023-04-27 20:54:07,600: Setup subscriber on motor_power [std_msgs/Bool]
[rosout][INFO] 2023-04-27 20:54:07,617: Setup subscriber on reset [std_msgs/Empty]
[rosout][WARNING] 2023-04-27 20:54:07,631: Failed to get param: timeout expired
[rosout][INFO] 2023-04-27 20:54:07,635: Setup TF on Odometry [odom]
[rosout][INFO] 2023-04-27 20:54:07,639: Setup TF on IMU [imu_link]
[rosout][INFO] 2023-04-27 20:54:07,642: Setup TF on MagneticField [mag_link]
[rosout][INFO] 2023-04-27 20:54:07,646: Setup TF on JointState [base_link]
[rosout][INFO] 2023-04-27 20:54:07,654: --------------------------
[rosout][INFO] 2023-04-27 20:54:07,658: Connected to OpenCR board!
[rosout][INFO] 2023-04-27 20:54:07,661: This core(v1.2.2) is compatible with TB3 Burger
[rosout][INFO] 2023-04-27 20:54:07,665: --------------------------
[rosout][INFO] 2023-04-27 20:54:07,669: Start Calibration of Gyro
[rosout][INFO] 2023-04-27 20:54:07,673: Calibration End
[rospy.internal][INFO] 2023-04-27 21:06:33,641: topic[/battery_state] adding connection to [/rostopic_2300_1682600793264], count 0
[rosout][WARNING] 2023-04-27 21:06:34,238: Inbound TCP/IP connection failed: connection from sender terminated before handshake header received. 0 bytes were received. Please check sender for additional details.
[rospy.internal][ERROR] 2023-04-27 21:06:34,246: Inbound TCP/IP connection failed:
Traceback (most recent call last):
  File "/opt/ros/kinetic/lib/python2.7/dist-packages/rospy/impl/tcpros_base.py", line 321, in _tcp_server_callback
    header = read_ros_handshake_header(sock, StringIO(), buff_size)
  File "/opt/ros/kinetic/lib/python2.7/dist-packages/rosgraph/network.py", line 364, in read_ros_handshake_header
    raise ROSHandshakeException("connection from sender terminated before handshake header received. %s bytes were received. Please check sender for additional details."%b.tell())
ROSHandshakeException: connection from sender terminated before handshake header received. 0 bytes were received. Please check sender for additional details.

[rospy.internal][INFO] 2023-04-27 21:06:34,297: topic[/battery_state] removing connection to /rostopic_2300_1682600793264
[rospy.internal][INFO] 2023-04-27 21:08:04,734: topic[/imu] adding connection to [/rostopic_2366_1682600884332], count 0
[rospy.internal][INFO] 2023-04-27 21:08:05,963: topic[/imu] removing connection to /rostopic_2366_1682600884332
[rosout][INFO] 2023-04-27 22:04:56,169: Send tx stop request
[rospy.core][INFO] 2023-04-27 22:04:56,172: signal_shutdown [atexit]
[rospy.internal][INFO] 2023-04-27 22:04:56,209: topic[/rosout] removing connection to /rosout
[rospy.impl.masterslave][INFO] 2023-04-27 22:04:56,211: atexit
