[rospy.client][INFO] 2023-04-24 15:12:38,715: init_node, name[/op_receiver], pid[1769]
[xmlrpc][INFO] 2023-04-24 15:12:38,717: XML-RPC server binding to 127.0.0.1:0
[xmlrpc][INFO] 2023-04-24 15:12:38,718: Started XML-RPC server [http://localhost:43381/]
[rospy.init][INFO] 2023-04-24 15:12:38,718: ROS Slave URI: [http://localhost:43381/]
[rospy.impl.masterslave][INFO] 2023-04-24 15:12:38,719: _ready: http://localhost:43381/
[rospy.registration][INFO] 2023-04-24 15:12:38,722: Registering with master node http://localhost:11311
[xmlrpc][INFO] 2023-04-24 15:12:38,722: xml rpc node: starting XML-RPC server
[rospy.init][INFO] 2023-04-24 15:12:38,819: registered with master
[rospy.rosout][INFO] 2023-04-24 15:12:38,820: initializing /rosout core topic
[rospy.rosout][INFO] 2023-04-24 15:12:38,831: connected to core topic /rosout
[rospy.simtime][INFO] 2023-04-24 15:12:38,837: /use_sim_time is not set, will not subscribe to simulated time [/clock] topic
[rospy.internal][INFO] 2023-04-24 15:12:39,095: topic[/rosout] adding connection to [/rosout], count 0
[rospy.internal][INFO] 2023-04-24 15:13:15,370: topic[/cmd_vel] adding connection to [/turtlebot3_core], count 0
[rospy.core][INFO] 2023-04-24 15:13:21,615: signal_shutdown [atexit]
[rospy.internal][INFO] 2023-04-24 15:13:21,628: topic[/rosout] removing connection to /rosout
[rospy.internal][INFO] 2023-04-24 15:13:21,630: topic[/cmd_vel] removing connection to /turtlebot3_core
[rospy.impl.masterslave][INFO] 2023-04-24 15:13:21,631: atexit
[rospy.client][INFO] 2023-04-24 15:13:46,342: init_node, name[/op_receiver], pid[1860]
[xmlrpc][INFO] 2023-04-24 15:13:46,343: XML-RPC server binding to 127.0.0.1:0
[xmlrpc][INFO] 2023-04-24 15:13:46,345: Started XML-RPC server [http://localhost:38911/]
[rospy.init][INFO] 2023-04-24 15:13:46,345: ROS Slave URI: [http://localhost:38911/]
[rospy.impl.masterslave][INFO] 2023-04-24 15:13:46,346: _ready: http://localhost:38911/
[rospy.registration][INFO] 2023-04-24 15:13:46,349: Registering with master node http://localhost:11311
[xmlrpc][INFO] 2023-04-24 15:13:46,349: xml rpc node: starting XML-RPC server
[rospy.init][INFO] 2023-04-24 15:13:46,447: registered with master
[rospy.rosout][INFO] 2023-04-24 15:13:46,448: initializing /rosout core topic
[rospy.rosout][INFO] 2023-04-24 15:13:46,461: connected to core topic /rosout
[rospy.simtime][INFO] 2023-04-24 15:13:46,468: /use_sim_time is not set, will not subscribe to simulated time [/clock] topic
[rospy.internal][INFO] 2023-04-24 15:13:46,718: topic[/rosout] adding connection to [/rosout], count 0
[rospy.internal][INFO] 2023-04-24 15:19:37,219: topic[/cmd_vel] adding connection to [/turtlebot3_core], count 0
[rospy.core][INFO] 2023-04-24 15:19:44,278: signal_shutdown [atexit]
[rospy.internal][INFO] 2023-04-24 15:19:44,292: topic[/rosout] removing connection to /rosout
[rospy.internal][INFO] 2023-04-24 15:19:44,293: topic[/cmd_vel] removing connection to /turtlebot3_core
[rospy.impl.masterslave][INFO] 2023-04-24 15:19:44,294: atexit
[rospy.client][INFO] 2023-04-24 15:20:20,430: init_node, name[/op_receiver], pid[1967]
[xmlrpc][INFO] 2023-04-24 15:20:20,431: XML-RPC server binding to 127.0.0.1:0
[xmlrpc][INFO] 2023-04-24 15:20:20,433: Started XML-RPC server [http://localhost:44635/]
[rospy.init][INFO] 2023-04-24 15:20:20,433: ROS Slave URI: [http://localhost:44635/]
[rospy.impl.masterslave][INFO] 2023-04-24 15:20:20,434: _ready: http://localhost:44635/
[rospy.registration][INFO] 2023-04-24 15:20:20,436: Registering with master node http://localhost:11311
[xmlrpc][INFO] 2023-04-24 15:20:20,437: xml rpc node: starting XML-RPC server
[rospy.init][INFO] 2023-04-24 15:20:20,535: registered with master
[rospy.rosout][INFO] 2023-04-24 15:20:20,535: initializing /rosout core topic
[rospy.rosout][INFO] 2023-04-24 15:20:20,550: connected to core topic /rosout
[rospy.simtime][INFO] 2023-04-24 15:20:20,558: /use_sim_time is not set, will not subscribe to simulated time [/clock] topic
[rospy.internal][INFO] 2023-04-24 15:20:20,813: topic[/rosout] adding connection to [/rosout], count 0
[rospy.internal][INFO] 2023-04-24 15:20:38,478: topic[/cmd_vel] adding connection to [/turtlebot3_core], count 0
[rospy.core][INFO] 2023-04-24 15:20:46,377: signal_shutdown [atexit]
[rospy.internal][INFO] 2023-04-24 15:20:46,390: topic[/rosout] removing connection to /rosout
[rospy.internal][INFO] 2023-04-24 15:20:46,392: topic[/cmd_vel] removing connection to /turtlebot3_core
[rospy.impl.masterslave][INFO] 2023-04-24 15:20:46,393: atexit
[rospy.client][INFO] 2023-04-24 15:21:29,265: init_node, name[/op_receiver], pid[2055]
[xmlrpc][INFO] 2023-04-24 15:21:29,267: XML-RPC server binding to 127.0.0.1:0
[xmlrpc][INFO] 2023-04-24 15:21:29,268: Started XML-RPC server [http://localhost:34349/]
[rospy.impl.masterslave][INFO] 2023-04-24 15:21:29,269: _ready: http://localhost:34349/
[rospy.init][INFO] 2023-04-24 15:21:29,269: ROS Slave URI: [http://localhost:34349/]
[xmlrpc][INFO] 2023-04-24 15:21:29,273: xml rpc node: starting XML-RPC server
[rospy.registration][INFO] 2023-04-24 15:21:29,272: Registering with master node http://localhost:11311
[rospy.init][INFO] 2023-04-24 15:21:29,373: registered with master
[rospy.rosout][INFO] 2023-04-24 15:21:29,374: initializing /rosout core topic
[rospy.rosout][INFO] 2023-04-24 15:21:29,386: connected to core topic /rosout
[rospy.simtime][INFO] 2023-04-24 15:21:29,392: /use_sim_time is not set, will not subscribe to simulated time [/clock] topic
[rospy.internal][INFO] 2023-04-24 15:21:29,640: topic[/rosout] adding connection to [/rosout], count 0
[rospy.internal][INFO] 2023-04-24 15:21:35,514: topic[/cmd_vel] adding connection to [/turtlebot3_core], count 0
[rospy.core][INFO] 2023-04-24 15:21:41,561: signal_shutdown [atexit]
[rospy.internal][INFO] 2023-04-24 15:21:41,574: topic[/rosout] removing connection to /rosout
[rospy.internal][INFO] 2023-04-24 15:21:41,575: topic[/cmd_vel] removing connection to /turtlebot3_core
[rospy.impl.masterslave][INFO] 2023-04-24 15:21:41,576: atexit
[rospy.client][INFO] 2023-04-24 15:21:58,677: init_node, name[/op_receiver], pid[2141]
[xmlrpc][INFO] 2023-04-24 15:21:58,678: XML-RPC server binding to 127.0.0.1:0
[xmlrpc][INFO] 2023-04-24 15:21:58,680: Started XML-RPC server [http://localhost:39359/]
[rospy.init][INFO] 2023-04-24 15:21:58,680: ROS Slave URI: [http://localhost:39359/]
[rospy.impl.masterslave][INFO] 2023-04-24 15:21:58,681: _ready: http://localhost:39359/
[rospy.registration][INFO] 2023-04-24 15:21:58,683: Registering with master node http://localhost:11311
[xmlrpc][INFO] 2023-04-24 15:21:58,684: xml rpc node: starting XML-RPC server
[rospy.init][INFO] 2023-04-24 15:21:58,781: registered with master
[rospy.rosout][INFO] 2023-04-24 15:21:58,782: initializing /rosout core topic
[rospy.rosout][INFO] 2023-04-24 15:21:58,793: connected to core topic /rosout
[rospy.simtime][INFO] 2023-04-24 15:21:58,801: /use_sim_time is not set, will not subscribe to simulated time [/clock] topic
[rospy.internal][INFO] 2023-04-24 15:21:59,010: topic[/rosout] adding connection to [/rosout], count 0
[rospy.internal][INFO] 2023-04-24 15:23:42,514: topic[/cmd_vel] adding connection to [/turtlebot3_core], count 0
[rospy.core][INFO] 2023-04-24 15:23:43,539: signal_shutdown [atexit]
[rospy.internal][INFO] 2023-04-24 15:23:43,553: topic[/rosout] removing connection to /rosout
[rospy.internal][INFO] 2023-04-24 15:23:43,554: topic[/cmd_vel] removing connection to /turtlebot3_core
[rospy.impl.masterslave][INFO] 2023-04-24 15:23:43,555: atexit
[rospy.client][INFO] 2023-04-24 15:25:09,812: init_node, name[/op_receiver], pid[2233]
[xmlrpc][INFO] 2023-04-24 15:25:09,813: XML-RPC server binding to 127.0.0.1:0
[xmlrpc][INFO] 2023-04-24 15:25:09,815: Started XML-RPC server [http://localhost:41341/]
[rospy.init][INFO] 2023-04-24 15:25:09,815: ROS Slave URI: [http://localhost:41341/]
[rospy.impl.masterslave][INFO] 2023-04-24 15:25:09,816: _ready: http://localhost:41341/
[rospy.registration][INFO] 2023-04-24 15:25:09,819: Registering with master node http://localhost:11311
[xmlrpc][INFO] 2023-04-24 15:25:09,819: xml rpc node: starting XML-RPC server
[rospy.init][INFO] 2023-04-24 15:25:09,916: registered with master
[rospy.rosout][INFO] 2023-04-24 15:25:09,917: initializing /rosout core topic
[rospy.rosout][INFO] 2023-04-24 15:25:09,936: connected to core topic /rosout
[rospy.simtime][INFO] 2023-04-24 15:25:09,943: /use_sim_time is not set, will not subscribe to simulated time [/clock] topic
[rospy.internal][INFO] 2023-04-24 15:25:10,145: topic[/rosout] adding connection to [/rosout], count 0
[rospy.internal][INFO] 2023-04-24 15:25:21,893: topic[/cmd_vel] adding connection to [/turtlebot3_core], count 0
[rospy.core][INFO] 2023-04-24 15:25:22,944: signal_shutdown [atexit]
[rospy.internal][INFO] 2023-04-24 15:25:22,962: topic[/rosout] removing connection to /rosout
[rospy.internal][INFO] 2023-04-24 15:25:22,964: topic[/cmd_vel] removing connection to /turtlebot3_core
[rospy.impl.masterslave][INFO] 2023-04-24 15:25:22,965: atexit
[rospy.client][INFO] 2023-04-24 15:26:39,529: init_node, name[/op_receiver], pid[2321]
[xmlrpc][INFO] 2023-04-24 15:26:39,531: XML-RPC server binding to 127.0.0.1:0
[xmlrpc][INFO] 2023-04-24 15:26:39,532: Started XML-RPC server [http://localhost:45751/]
[rospy.init][INFO] 2023-04-24 15:26:39,532: ROS Slave URI: [http://localhost:45751/]
[rospy.impl.masterslave][INFO] 2023-04-24 15:26:39,533: _ready: http://localhost:45751/
[rospy.registration][INFO] 2023-04-24 15:26:39,536: Registering with master node http://localhost:11311
[xmlrpc][INFO] 2023-04-24 15:26:39,536: xml rpc node: starting XML-RPC server
[rospy.init][INFO] 2023-04-24 15:26:39,634: registered with master
[rospy.rosout][INFO] 2023-04-24 15:26:39,634: initializing /rosout core topic
[rospy.rosout][INFO] 2023-04-24 15:26:39,644: connected to core topic /rosout
[rospy.simtime][INFO] 2023-04-24 15:26:39,650: /use_sim_time is not set, will not subscribe to simulated time [/clock] topic
[rospy.internal][INFO] 2023-04-24 15:26:39,893: topic[/rosout] adding connection to [/rosout], count 0
[rospy.internal][INFO] 2023-04-24 15:27:21,090: topic[/cmd_vel] adding connection to [/turtlebot3_core], count 0
[rospy.core][INFO] 2023-04-24 15:27:22,120: signal_shutdown [atexit]
[rospy.internal][INFO] 2023-04-24 15:27:22,133: topic[/rosout] removing connection to /rosout
[rospy.internal][INFO] 2023-04-24 15:27:22,134: topic[/cmd_vel] removing connection to /turtlebot3_core
[rospy.impl.masterslave][INFO] 2023-04-24 15:27:22,135: atexit
[rospy.client][INFO] 2023-04-24 15:27:48,500: init_node, name[/op_receiver], pid[2409]
[xmlrpc][INFO] 2023-04-24 15:27:48,502: XML-RPC server binding to 127.0.0.1:0
[xmlrpc][INFO] 2023-04-24 15:27:48,503: Started XML-RPC server [http://localhost:46233/]
[rospy.init][INFO] 2023-04-24 15:27:48,504: ROS Slave URI: [http://localhost:46233/]
[rospy.impl.masterslave][INFO] 2023-04-24 15:27:48,504: _ready: http://localhost:46233/
[rospy.registration][INFO] 2023-04-24 15:27:48,507: Registering with master node http://localhost:11311
[xmlrpc][INFO] 2023-04-24 15:27:48,508: xml rpc node: starting XML-RPC server
[rospy.init][INFO] 2023-04-24 15:27:48,605: registered with master
[rospy.rosout][INFO] 2023-04-24 15:27:48,606: initializing /rosout core topic
[rospy.rosout][INFO] 2023-04-24 15:27:48,616: connected to core topic /rosout
[rospy.simtime][INFO] 2023-04-24 15:27:48,631: /use_sim_time is not set, will not subscribe to simulated time [/clock] topic
[rospy.internal][INFO] 2023-04-24 15:27:48,832: topic[/rosout] adding connection to [/rosout], count 0
[rospy.internal][INFO] 2023-04-24 15:27:58,992: topic[/cmd_vel] adding connection to [/turtlebot3_core], count 0
[rospy.core][INFO] 2023-04-24 15:28:00,002: signal_shutdown [atexit]
[rospy.internal][INFO] 2023-04-24 15:28:00,015: topic[/rosout] removing connection to /rosout
[rospy.internal][INFO] 2023-04-24 15:28:00,016: topic[/cmd_vel] removing connection to /turtlebot3_core
[rospy.impl.masterslave][INFO] 2023-04-24 15:28:00,019: atexit
[rospy.client][INFO] 2023-04-24 15:28:18,703: init_node, name[/op_receiver], pid[2496]
[xmlrpc][INFO] 2023-04-24 15:28:18,705: XML-RPC server binding to 127.0.0.1:0
[xmlrpc][INFO] 2023-04-24 15:28:18,706: Started XML-RPC server [http://localhost:33351/]
[rospy.init][INFO] 2023-04-24 15:28:18,707: ROS Slave URI: [http://localhost:33351/]
[rospy.impl.masterslave][INFO] 2023-04-24 15:28:18,707: _ready: http://localhost:33351/
[rospy.registration][INFO] 2023-04-24 15:28:18,710: Registering with master node http://localhost:11311
[xmlrpc][INFO] 2023-04-24 15:28:18,711: xml rpc node: starting XML-RPC server
[rospy.init][INFO] 2023-04-24 15:28:18,810: registered with master
[rospy.rosout][INFO] 2023-04-24 15:28:18,811: initializing /rosout core topic
[rospy.rosout][INFO] 2023-04-24 15:28:18,821: connected to core topic /rosout
[rospy.simtime][INFO] 2023-04-24 15:28:18,831: /use_sim_time is not set, will not subscribe to simulated time [/clock] topic
[rospy.internal][INFO] 2023-04-24 15:28:19,096: topic[/rosout] adding connection to [/rosout], count 0
[rospy.internal][INFO] 2023-04-24 15:29:26,832: topic[/cmd_vel] adding connection to [/turtlebot3_core], count 0
[rospy.core][INFO] 2023-04-24 15:29:27,780: signal_shutdown [atexit]
[rospy.internal][INFO] 2023-04-24 15:29:27,794: topic[/rosout] removing connection to /rosout
[rospy.internal][INFO] 2023-04-24 15:29:27,795: topic[/cmd_vel] removing connection to /turtlebot3_core
[rospy.impl.masterslave][INFO] 2023-04-24 15:29:27,796: atexit
[rospy.client][INFO] 2023-04-24 15:30:05,233: init_node, name[/op_receiver], pid[2583]
[xmlrpc][INFO] 2023-04-24 15:30:05,234: XML-RPC server binding to 127.0.0.1:0
[xmlrpc][INFO] 2023-04-24 15:30:05,235: Started XML-RPC server [http://localhost:43191/]
[rospy.init][INFO] 2023-04-24 15:30:05,236: ROS Slave URI: [http://localhost:43191/]
[rospy.impl.masterslave][INFO] 2023-04-24 15:30:05,236: _ready: http://localhost:43191/
[rospy.registration][INFO] 2023-04-24 15:30:05,239: Registering with master node http://localhost:11311
[xmlrpc][INFO] 2023-04-24 15:30:05,240: xml rpc node: starting XML-RPC server
[rospy.init][INFO] 2023-04-24 15:30:05,337: registered with master
[rospy.rosout][INFO] 2023-04-24 15:30:05,338: initializing /rosout core topic
[rospy.rosout][INFO] 2023-04-24 15:30:05,350: connected to core topic /rosout
[rospy.simtime][INFO] 2023-04-24 15:30:05,356: /use_sim_time is not set, will not subscribe to simulated time [/clock] topic
[rospy.internal][INFO] 2023-04-24 15:30:05,594: topic[/rosout] adding connection to [/rosout], count 0
[rospy.internal][INFO] 2023-04-24 15:30:20,044: topic[/cmd_vel] adding connection to [/turtlebot3_core], count 0
[rospy.core][INFO] 2023-04-24 15:31:19,824: signal_shutdown [atexit]
[rospy.internal][INFO] 2023-04-24 15:31:19,837: topic[/rosout] removing connection to /rosout
[rospy.internal][INFO] 2023-04-24 15:31:19,838: topic[/cmd_vel] removing connection to /turtlebot3_core
[rospy.impl.masterslave][INFO] 2023-04-24 15:31:19,839: atexit
[rospy.client][INFO] 2023-04-24 15:31:31,016: init_node, name[/op_receiver], pid[2669]
[xmlrpc][INFO] 2023-04-24 15:31:31,018: XML-RPC server binding to 127.0.0.1:0
[xmlrpc][INFO] 2023-04-24 15:31:31,019: Started XML-RPC server [http://localhost:34961/]
[rospy.init][INFO] 2023-04-24 15:31:31,019: ROS Slave URI: [http://localhost:34961/]
[rospy.impl.masterslave][INFO] 2023-04-24 15:31:31,020: _ready: http://localhost:34961/
[rospy.registration][INFO] 2023-04-24 15:31:31,023: Registering with master node http://localhost:11311
[xmlrpc][INFO] 2023-04-24 15:31:31,023: xml rpc node: starting XML-RPC server
[rospy.init][INFO] 2023-04-24 15:31:31,121: registered with master
[rospy.rosout][INFO] 2023-04-24 15:31:31,124: initializing /rosout core topic
[rospy.rosout][INFO] 2023-04-24 15:31:31,135: connected to core topic /rosout
[rospy.simtime][INFO] 2023-04-24 15:31:31,148: /use_sim_time is not set, will not subscribe to simulated time [/clock] topic
[rospy.internal][INFO] 2023-04-24 15:31:31,348: topic[/rosout] adding connection to [/rosout], count 0
[rospy.internal][INFO] 2023-04-24 15:31:41,989: topic[/cmd_vel] adding connection to [/turtlebot3_core], count 0
[rospy.core][INFO] 2023-04-24 15:32:22,489: signal_shutdown [atexit]
[rospy.internal][INFO] 2023-04-24 15:32:22,502: topic[/rosout] removing connection to /rosout
[rospy.internal][INFO] 2023-04-24 15:32:22,504: topic[/cmd_vel] removing connection to /turtlebot3_core
[rospy.impl.masterslave][INFO] 2023-04-24 15:32:22,505: atexit
[rospy.client][INFO] 2023-04-24 15:33:06,413: init_node, name[/op_receiver], pid[2757]
[xmlrpc][INFO] 2023-04-24 15:33:06,415: XML-RPC server binding to 127.0.0.1:0
[xmlrpc][INFO] 2023-04-24 15:33:06,416: Started XML-RPC server [http://localhost:44081/]
[rospy.init][INFO] 2023-04-24 15:33:06,417: ROS Slave URI: [http://localhost:44081/]
[rospy.impl.masterslave][INFO] 2023-04-24 15:33:06,417: _ready: http://localhost:44081/
[rospy.registration][INFO] 2023-04-24 15:33:06,420: Registering with master node http://localhost:11311
[xmlrpc][INFO] 2023-04-24 15:33:06,420: xml rpc node: starting XML-RPC server
[rospy.init][INFO] 2023-04-24 15:33:06,518: registered with master
[rospy.rosout][INFO] 2023-04-24 15:33:06,519: initializing /rosout core topic
[rospy.rosout][INFO] 2023-04-24 15:33:06,528: connected to core topic /rosout
[rospy.simtime][INFO] 2023-04-24 15:33:06,535: /use_sim_time is not set, will not subscribe to simulated time [/clock] topic
[rospy.internal][INFO] 2023-04-24 15:33:06,815: topic[/rosout] adding connection to [/rosout], count 0
[rospy.internal][INFO] 2023-04-24 15:33:20,192: topic[/cmd_vel] adding connection to [/turtlebot3_core], count 0
[rospy.core][INFO] 2023-04-24 15:33:21,128: signal_shutdown [atexit]
[rospy.internal][INFO] 2023-04-24 15:33:21,147: topic[/rosout] removing connection to /rosout
[rospy.internal][INFO] 2023-04-24 15:33:21,148: topic[/cmd_vel] removing connection to /turtlebot3_core
[rospy.impl.masterslave][INFO] 2023-04-24 15:33:21,149: atexit
[rospy.client][INFO] 2023-04-24 15:33:56,950: init_node, name[/op_receiver], pid[2844]
[xmlrpc][INFO] 2023-04-24 15:33:56,951: XML-RPC server binding to 127.0.0.1:0
[xmlrpc][INFO] 2023-04-24 15:33:56,952: Started XML-RPC server [http://localhost:37731/]
[rospy.init][INFO] 2023-04-24 15:33:56,953: ROS Slave URI: [http://localhost:37731/]
[rospy.impl.masterslave][INFO] 2023-04-24 15:33:56,954: _ready: http://localhost:37731/
[rospy.registration][INFO] 2023-04-24 15:33:56,956: Registering with master node http://localhost:11311
[xmlrpc][INFO] 2023-04-24 15:33:56,957: xml rpc node: starting XML-RPC server
[rospy.init][INFO] 2023-04-24 15:33:57,054: registered with master
[rospy.rosout][INFO] 2023-04-24 15:33:57,055: initializing /rosout core topic
[rospy.rosout][INFO] 2023-04-24 15:33:57,066: connected to core topic /rosout
[rospy.simtime][INFO] 2023-04-24 15:33:57,074: /use_sim_time is not set, will not subscribe to simulated time [/clock] topic
[rospy.internal][INFO] 2023-04-24 15:33:57,214: topic[/rosout] adding connection to [/rosout], count 0
[rospy.internal][INFO] 2023-04-24 15:34:12,156: topic[/cmd_vel] adding connection to [/turtlebot3_core], count 0
[rospy.core][INFO] 2023-04-24 15:34:49,029: signal_shutdown [atexit]
[rospy.internal][INFO] 2023-04-24 15:34:49,042: topic[/rosout] removing connection to /rosout
[rospy.internal][INFO] 2023-04-24 15:34:49,043: topic[/cmd_vel] removing connection to /turtlebot3_core
[rospy.impl.masterslave][INFO] 2023-04-24 15:34:49,045: atexit
[rospy.client][INFO] 2023-04-24 15:35:04,587: init_node, name[/op_receiver], pid[2942]
[xmlrpc][INFO] 2023-04-24 15:35:04,588: XML-RPC server binding to 127.0.0.1:0
[xmlrpc][INFO] 2023-04-24 15:35:04,590: Started XML-RPC server [http://localhost:34837/]
[rospy.init][INFO] 2023-04-24 15:35:04,590: ROS Slave URI: [http://localhost:34837/]
[rospy.impl.masterslave][INFO] 2023-04-24 15:35:04,591: _ready: http://localhost:34837/
[rospy.registration][INFO] 2023-04-24 15:35:04,594: Registering with master node http://localhost:11311
[xmlrpc][INFO] 2023-04-24 15:35:04,594: xml rpc node: starting XML-RPC server
[rospy.init][INFO] 2023-04-24 15:35:04,691: registered with master
[rospy.rosout][INFO] 2023-04-24 15:35:04,692: initializing /rosout core topic
[rospy.rosout][INFO] 2023-04-24 15:35:04,706: connected to core topic /rosout
[rospy.simtime][INFO] 2023-04-24 15:35:04,715: /use_sim_time is not set, will not subscribe to simulated time [/clock] topic
[rospy.internal][INFO] 2023-04-24 15:35:04,949: topic[/rosout] adding connection to [/rosout], count 0
[rospy.internal][INFO] 2023-04-24 15:41:50,435: topic[/cmd_vel] adding connection to [/turtlebot3_core], count 0
[rospy.core][INFO] 2023-04-24 15:42:35,178: signal_shutdown [atexit]
[rospy.internal][INFO] 2023-04-24 15:42:35,196: topic[/rosout] removing connection to /rosout
[rospy.internal][INFO] 2023-04-24 15:42:35,198: topic[/cmd_vel] removing connection to /turtlebot3_core
[rospy.impl.masterslave][INFO] 2023-04-24 15:42:35,199: atexit
[rospy.client][INFO] 2023-04-24 15:42:45,728: init_node, name[/op_receiver], pid[3033]
[xmlrpc][INFO] 2023-04-24 15:42:45,729: XML-RPC server binding to 127.0.0.1:0
[xmlrpc][INFO] 2023-04-24 15:42:45,731: Started XML-RPC server [http://localhost:34713/]
[rospy.init][INFO] 2023-04-24 15:42:45,731: ROS Slave URI: [http://localhost:34713/]
[rospy.impl.masterslave][INFO] 2023-04-24 15:42:45,732: _ready: http://localhost:34713/
[rospy.registration][INFO] 2023-04-24 15:42:45,735: Registering with master node http://localhost:11311
[xmlrpc][INFO] 2023-04-24 15:42:45,735: xml rpc node: starting XML-RPC server
[rospy.init][INFO] 2023-04-24 15:42:45,832: registered with master
[rospy.rosout][INFO] 2023-04-24 15:42:45,833: initializing /rosout core topic
[rospy.rosout][INFO] 2023-04-24 15:42:45,846: connected to core topic /rosout
[rospy.simtime][INFO] 2023-04-24 15:42:45,852: /use_sim_time is not set, will not subscribe to simulated time [/clock] topic
[rospy.internal][INFO] 2023-04-24 15:42:46,117: topic[/rosout] adding connection to [/rosout], count 0
[rospy.internal][INFO] 2023-04-24 15:43:17,791: topic[/cmd_vel] adding connection to [/turtlebot3_core], count 0
[rospy.core][INFO] 2023-04-24 15:43:20,439: signal_shutdown [atexit]
[rospy.internal][INFO] 2023-04-24 15:43:20,452: topic[/rosout] removing connection to /rosout
[rospy.internal][INFO] 2023-04-24 15:43:20,453: topic[/cmd_vel] removing connection to /turtlebot3_core
[rospy.impl.masterslave][INFO] 2023-04-24 15:43:20,454: atexit
[rospy.client][INFO] 2023-04-24 15:43:59,448: init_node, name[/op_receiver], pid[3122]
[xmlrpc][INFO] 2023-04-24 15:43:59,450: XML-RPC server binding to 127.0.0.1:0
[xmlrpc][INFO] 2023-04-24 15:43:59,451: Started XML-RPC server [http://localhost:45541/]
[rospy.init][INFO] 2023-04-24 15:43:59,452: ROS Slave URI: [http://localhost:45541/]
[rospy.impl.masterslave][INFO] 2023-04-24 15:43:59,452: _ready: http://localhost:45541/
[rospy.registration][INFO] 2023-04-24 15:43:59,455: Registering with master node http://localhost:11311
[xmlrpc][INFO] 2023-04-24 15:43:59,456: xml rpc node: starting XML-RPC server
[rospy.init][INFO] 2023-04-24 15:43:59,554: registered with master
[rospy.rosout][INFO] 2023-04-24 15:43:59,555: initializing /rosout core topic
[rospy.rosout][INFO] 2023-04-24 15:43:59,570: connected to core topic /rosout
[rospy.simtime][INFO] 2023-04-24 15:43:59,576: /use_sim_time is not set, will not subscribe to simulated time [/clock] topic
[rospy.internal][INFO] 2023-04-24 15:43:59,752: topic[/rosout] adding connection to [/rosout], count 0
[rospy.internal][INFO] 2023-04-24 15:44:16,536: topic[/cmd_vel] adding connection to [/turtlebot3_core], count 0
[rospy.core][INFO] 2023-04-24 15:44:19,066: signal_shutdown [atexit]
[rospy.internal][INFO] 2023-04-24 15:44:19,080: topic[/rosout] removing connection to /rosout
[rospy.internal][INFO] 2023-04-24 15:44:19,081: topic[/cmd_vel] removing connection to /turtlebot3_core
[rospy.impl.masterslave][INFO] 2023-04-24 15:44:19,082: atexit
[rospy.client][INFO] 2023-04-24 15:44:30,066: init_node, name[/op_receiver], pid[3208]
[xmlrpc][INFO] 2023-04-24 15:44:30,067: XML-RPC server binding to 127.0.0.1:0
[xmlrpc][INFO] 2023-04-24 15:44:30,069: Started XML-RPC server [http://localhost:45913/]
[rospy.init][INFO] 2023-04-24 15:44:30,069: ROS Slave URI: [http://localhost:45913/]
[rospy.impl.masterslave][INFO] 2023-04-24 15:44:30,070: _ready: http://localhost:45913/
[rospy.registration][INFO] 2023-04-24 15:44:30,073: Registering with master node http://localhost:11311
[xmlrpc][INFO] 2023-04-24 15:44:30,074: xml rpc node: starting XML-RPC server
[rospy.init][INFO] 2023-04-24 15:44:30,171: registered with master
[rospy.rosout][INFO] 2023-04-24 15:44:30,171: initializing /rosout core topic
[rospy.rosout][INFO] 2023-04-24 15:44:30,183: connected to core topic /rosout
[rospy.simtime][INFO] 2023-04-24 15:44:30,191: /use_sim_time is not set, will not subscribe to simulated time [/clock] topic
[rospy.internal][INFO] 2023-04-24 15:44:30,434: topic[/rosout] adding connection to [/rosout], count 0
[rospy.internal][INFO] 2023-04-24 15:45:04,535: topic[/cmd_vel] adding connection to [/turtlebot3_core], count 0
[rospy.core][INFO] 2023-04-24 15:48:01,721: signal_shutdown [signal-2]
[rospy.internal][INFO] 2023-04-24 15:48:01,734: topic[/rosout] removing connection to /rosout
[rospy.internal][INFO] 2023-04-24 15:48:01,736: topic[/cmd_vel] removing connection to /turtlebot3_core
[rospy.impl.masterslave][INFO] 2023-04-24 15:48:01,737: signal-2
[rospy.core][INFO] 2023-04-24 15:48:02,356: signal_shutdown [atexit]
[rospy.client][INFO] 2023-04-24 15:48:10,801: init_node, name[/op_receiver], pid[3296]
[xmlrpc][INFO] 2023-04-24 15:48:10,802: XML-RPC server binding to 127.0.0.1:0
[xmlrpc][INFO] 2023-04-24 15:48:10,804: Started XML-RPC server [http://localhost:44511/]
[rospy.init][INFO] 2023-04-24 15:48:10,804: ROS Slave URI: [http://localhost:44511/]
[rospy.impl.masterslave][INFO] 2023-04-24 15:48:10,805: _ready: http://localhost:44511/
[rospy.registration][INFO] 2023-04-24 15:48:10,808: Registering with master node http://localhost:11311
[xmlrpc][INFO] 2023-04-24 15:48:10,808: xml rpc node: starting XML-RPC server
[rospy.init][INFO] 2023-04-24 15:48:10,906: registered with master
[rospy.rosout][INFO] 2023-04-24 15:48:10,906: initializing /rosout core topic
[rospy.rosout][INFO] 2023-04-24 15:48:10,916: connected to core topic /rosout
[rospy.simtime][INFO] 2023-04-24 15:48:10,923: /use_sim_time is not set, will not subscribe to simulated time [/clock] topic
[rospy.core][INFO] 2023-04-24 15:48:10,943: signal_shutdown [atexit]
[rospy.impl.masterslave][INFO] 2023-04-24 15:48:10,961: atexit
[rospy.client][INFO] 2023-04-24 15:48:24,302: init_node, name[/op_receiver], pid[3362]
[xmlrpc][INFO] 2023-04-24 15:48:24,304: XML-RPC server binding to 127.0.0.1:0
[xmlrpc][INFO] 2023-04-24 15:48:24,306: Started XML-RPC server [http://localhost:40019/]
[rospy.init][INFO] 2023-04-24 15:48:24,306: ROS Slave URI: [http://localhost:40019/]
[rospy.impl.masterslave][INFO] 2023-04-24 15:48:24,307: _ready: http://localhost:40019/
[rospy.registration][INFO] 2023-04-24 15:48:24,310: Registering with master node http://localhost:11311
[xmlrpc][INFO] 2023-04-24 15:48:24,311: xml rpc node: starting XML-RPC server
[rospy.init][INFO] 2023-04-24 15:48:24,408: registered with master
[rospy.rosout][INFO] 2023-04-24 15:48:24,408: initializing /rosout core topic
[rospy.rosout][INFO] 2023-04-24 15:48:24,418: connected to core topic /rosout
[rospy.simtime][INFO] 2023-04-24 15:48:24,424: /use_sim_time is not set, will not subscribe to simulated time [/clock] topic
[rospy.core][INFO] 2023-04-24 15:48:24,532: signal_shutdown [atexit]
[rospy.impl.masterslave][INFO] 2023-04-24 15:48:24,544: atexit
[rospy.client][INFO] 2023-04-24 15:48:58,606: init_node, name[/op_receiver], pid[3453]
[xmlrpc][INFO] 2023-04-24 15:48:58,607: XML-RPC server binding to 127.0.0.1:0
[xmlrpc][INFO] 2023-04-24 15:48:58,609: Started XML-RPC server [http://localhost:45393/]
[rospy.init][INFO] 2023-04-24 15:48:58,609: ROS Slave URI: [http://localhost:45393/]
[rospy.impl.masterslave][INFO] 2023-04-24 15:48:58,609: _ready: http://localhost:45393/
[rospy.registration][INFO] 2023-04-24 15:48:58,612: Registering with master node http://localhost:11311
[xmlrpc][INFO] 2023-04-24 15:48:58,613: xml rpc node: starting XML-RPC server
[rospy.init][INFO] 2023-04-24 15:48:58,713: registered with master
[rospy.rosout][INFO] 2023-04-24 15:48:58,713: initializing /rosout core topic
[rospy.rosout][INFO] 2023-04-24 15:48:58,726: connected to core topic /rosout
[rospy.simtime][INFO] 2023-04-24 15:48:58,732: /use_sim_time is not set, will not subscribe to simulated time [/clock] topic
[rospy.core][INFO] 2023-04-24 15:48:58,751: signal_shutdown [atexit]
[rospy.impl.masterslave][INFO] 2023-04-24 15:48:58,765: atexit
[rospy.client][INFO] 2023-04-24 15:49:56,648: init_node, name[/op_receiver], pid[3553]
[xmlrpc][INFO] 2023-04-24 15:49:56,649: XML-RPC server binding to 127.0.0.1:0
[xmlrpc][INFO] 2023-04-24 15:49:56,651: Started XML-RPC server [http://localhost:44411/]
[rospy.impl.masterslave][INFO] 2023-04-24 15:49:56,652: _ready: http://localhost:44411/
[rospy.init][INFO] 2023-04-24 15:49:56,652: ROS Slave URI: [http://localhost:44411/]
[rospy.registration][INFO] 2023-04-24 15:49:56,655: Registering with master node http://localhost:11311
[xmlrpc][INFO] 2023-04-24 15:49:56,655: xml rpc node: starting XML-RPC server
[rospy.init][INFO] 2023-04-24 15:49:56,756: registered with master
[rospy.rosout][INFO] 2023-04-24 15:49:56,756: initializing /rosout core topic
[rospy.rosout][INFO] 2023-04-24 15:49:56,769: connected to core topic /rosout
[rospy.simtime][INFO] 2023-04-24 15:49:56,774: /use_sim_time is not set, will not subscribe to simulated time [/clock] topic
[rospy.internal][INFO] 2023-04-24 15:49:57,017: topic[/rosout] adding connection to [/rosout], count 0
[rospy.internal][INFO] 2023-04-24 15:50:12,657: topic[/cmd_vel] adding connection to [/turtlebot3_core], count 0
[rospy.core][INFO] 2023-04-24 15:50:18,748: signal_shutdown [atexit]
[rospy.internal][INFO] 2023-04-24 15:50:18,761: topic[/rosout] removing connection to /rosout
[rospy.internal][INFO] 2023-04-24 15:50:18,762: topic[/cmd_vel] removing connection to /turtlebot3_core
[rospy.impl.masterslave][INFO] 2023-04-24 15:50:18,763: atexit
[rospy.client][INFO] 2023-04-24 16:02:23,125: init_node, name[/op_receiver], pid[3647]
[xmlrpc][INFO] 2023-04-24 16:02:23,127: XML-RPC server binding to 127.0.0.1:0
[xmlrpc][INFO] 2023-04-24 16:02:23,128: Started XML-RPC server [http://localhost:44797/]
[rospy.init][INFO] 2023-04-24 16:02:23,129: ROS Slave URI: [http://localhost:44797/]
[rospy.impl.masterslave][INFO] 2023-04-24 16:02:23,129: _ready: http://localhost:44797/
[rospy.registration][INFO] 2023-04-24 16:02:23,132: Registering with master node http://localhost:11311
[xmlrpc][INFO] 2023-04-24 16:02:23,132: xml rpc node: starting XML-RPC server
[rospy.init][INFO] 2023-04-24 16:02:23,230: registered with master
[rospy.rosout][INFO] 2023-04-24 16:02:23,231: initializing /rosout core topic
[rospy.rosout][INFO] 2023-04-24 16:02:23,244: connected to core topic /rosout
[rospy.simtime][INFO] 2023-04-24 16:02:23,250: /use_sim_time is not set, will not subscribe to simulated time [/clock] topic
[rospy.internal][INFO] 2023-04-24 16:02:23,482: topic[/rosout] adding connection to [/rosout], count 0
[rospy.internal][INFO] 2023-04-24 16:02:33,739: topic[/cmd_vel] adding connection to [/turtlebot3_core], count 0
[rospy.core][INFO] 2023-04-24 16:02:56,885: signal_shutdown [atexit]
[rospy.internal][INFO] 2023-04-24 16:02:56,899: topic[/rosout] removing connection to /rosout
[rospy.internal][INFO] 2023-04-24 16:02:56,901: topic[/cmd_vel] removing connection to /turtlebot3_core
[rospy.impl.masterslave][INFO] 2023-04-24 16:02:56,904: atexit
[rospy.client][INFO] 2023-04-24 16:03:48,470: init_node, name[/op_receiver], pid[3734]
[xmlrpc][INFO] 2023-04-24 16:03:48,471: XML-RPC server binding to 127.0.0.1:0
[xmlrpc][INFO] 2023-04-24 16:03:48,473: Started XML-RPC server [http://localhost:44255/]
[rospy.init][INFO] 2023-04-24 16:03:48,473: ROS Slave URI: [http://localhost:44255/]
[rospy.impl.masterslave][INFO] 2023-04-24 16:03:48,474: _ready: http://localhost:44255/
[rospy.registration][INFO] 2023-04-24 16:03:48,477: Registering with master node http://localhost:11311
[xmlrpc][INFO] 2023-04-24 16:03:48,477: xml rpc node: starting XML-RPC server
[rospy.init][INFO] 2023-04-24 16:03:48,575: registered with master
[rospy.rosout][INFO] 2023-04-24 16:03:48,575: initializing /rosout core topic
[rospy.rosout][INFO] 2023-04-24 16:03:48,586: connected to core topic /rosout
[rospy.simtime][INFO] 2023-04-24 16:03:48,594: /use_sim_time is not set, will not subscribe to simulated time [/clock] topic
[rospy.internal][INFO] 2023-04-24 16:03:48,838: topic[/rosout] adding connection to [/rosout], count 0
[rospy.internal][INFO] 2023-04-24 16:09:04,782: topic[/cmd_vel] adding connection to [/turtlebot3_core], count 0
[rospy.core][INFO] 2023-04-24 16:09:57,124: signal_shutdown [atexit]
[rospy.internal][INFO] 2023-04-24 16:09:57,137: topic[/rosout] removing connection to /rosout
[rospy.internal][INFO] 2023-04-24 16:09:57,139: topic[/cmd_vel] removing connection to /turtlebot3_core
[rospy.impl.masterslave][INFO] 2023-04-24 16:09:57,140: atexit
[rospy.client][INFO] 2023-04-24 16:10:12,471: init_node, name[/op_receiver], pid[3827]
[xmlrpc][INFO] 2023-04-24 16:10:12,473: XML-RPC server binding to 127.0.0.1:0
[xmlrpc][INFO] 2023-04-24 16:10:12,474: Started XML-RPC server [http://localhost:33291/]
[rospy.init][INFO] 2023-04-24 16:10:12,475: ROS Slave URI: [http://localhost:33291/]
[rospy.impl.masterslave][INFO] 2023-04-24 16:10:12,475: _ready: http://localhost:33291/
[rospy.registration][INFO] 2023-04-24 16:10:12,478: Registering with master node http://localhost:11311
[xmlrpc][INFO] 2023-04-24 16:10:12,478: xml rpc node: starting XML-RPC server
[rospy.init][INFO] 2023-04-24 16:10:12,576: registered with master
[rospy.rosout][INFO] 2023-04-24 16:10:12,577: initializing /rosout core topic
[rospy.rosout][INFO] 2023-04-24 16:10:12,590: connected to core topic /rosout
[rospy.simtime][INFO] 2023-04-24 16:10:12,597: /use_sim_time is not set, will not subscribe to simulated time [/clock] topic
[rospy.internal][INFO] 2023-04-24 16:10:12,887: topic[/rosout] adding connection to [/rosout], count 0
[rospy.internal][INFO] 2023-04-24 16:17:46,592: topic[/cmd_vel] adding connection to [/turtlebot3_core], count 0
[rospy.core][INFO] 2023-04-24 16:18:16,880: signal_shutdown [atexit]
[rospy.internal][INFO] 2023-04-24 16:18:16,894: topic[/rosout] removing connection to /rosout
[rospy.internal][INFO] 2023-04-24 16:18:16,895: topic[/cmd_vel] removing connection to /turtlebot3_core
[rospy.impl.masterslave][INFO] 2023-04-24 16:18:16,896: atexit
[rospy.client][INFO] 2023-04-24 16:18:27,342: init_node, name[/op_receiver], pid[3932]
[xmlrpc][INFO] 2023-04-24 16:18:27,344: XML-RPC server binding to 127.0.0.1:0
[xmlrpc][INFO] 2023-04-24 16:18:27,345: Started XML-RPC server [http://localhost:43895/]
[rospy.init][INFO] 2023-04-24 16:18:27,346: ROS Slave URI: [http://localhost:43895/]
[rospy.impl.masterslave][INFO] 2023-04-24 16:18:27,346: _ready: http://localhost:43895/
[rospy.registration][INFO] 2023-04-24 16:18:27,349: Registering with master node http://localhost:11311
[xmlrpc][INFO] 2023-04-24 16:18:27,349: xml rpc node: starting XML-RPC server
[rospy.init][INFO] 2023-04-24 16:18:27,447: registered with master
[rospy.rosout][INFO] 2023-04-24 16:18:27,448: initializing /rosout core topic
[rospy.rosout][INFO] 2023-04-24 16:18:27,460: connected to core topic /rosout
[rospy.simtime][INFO] 2023-04-24 16:18:27,467: /use_sim_time is not set, will not subscribe to simulated time [/clock] topic
[rospy.internal][INFO] 2023-04-24 16:18:27,748: topic[/rosout] adding connection to [/rosout], count 0
[rospy.internal][INFO] 2023-04-24 16:18:41,634: topic[/cmd_vel] adding connection to [/turtlebot3_core], count 0
[rospy.core][INFO] 2023-04-24 16:19:23,980: signal_shutdown [atexit]
[rospy.internal][INFO] 2023-04-24 16:19:23,993: topic[/rosout] removing connection to /rosout
[rospy.internal][INFO] 2023-04-24 16:19:23,995: topic[/cmd_vel] removing connection to /turtlebot3_core
[rospy.impl.masterslave][INFO] 2023-04-24 16:19:23,996: atexit
[rospy.client][INFO] 2023-04-24 16:20:07,980: init_node, name[/op_receiver], pid[4019]
[xmlrpc][INFO] 2023-04-24 16:20:07,982: XML-RPC server binding to 127.0.0.1:0
[xmlrpc][INFO] 2023-04-24 16:20:07,983: Started XML-RPC server [http://localhost:38295/]
[rospy.init][INFO] 2023-04-24 16:20:07,984: ROS Slave URI: [http://localhost:38295/]
[rospy.impl.masterslave][INFO] 2023-04-24 16:20:07,984: _ready: http://localhost:38295/
[rospy.registration][INFO] 2023-04-24 16:20:07,987: Registering with master node http://localhost:11311
[xmlrpc][INFO] 2023-04-24 16:20:07,988: xml rpc node: starting XML-RPC server
[rospy.init][INFO] 2023-04-24 16:20:08,085: registered with master
[rospy.rosout][INFO] 2023-04-24 16:20:08,087: initializing /rosout core topic
[rospy.rosout][INFO] 2023-04-24 16:20:08,098: connected to core topic /rosout
[rospy.simtime][INFO] 2023-04-24 16:20:08,105: /use_sim_time is not set, will not subscribe to simulated time [/clock] topic
[rospy.internal][INFO] 2023-04-24 16:20:08,328: topic[/rosout] adding connection to [/rosout], count 0
[rospy.internal][INFO] 2023-04-24 16:22:15,388: topic[/cmd_vel] adding connection to [/turtlebot3_core], count 0
[rospy.core][INFO] 2023-04-24 16:23:08,763: signal_shutdown [atexit]
[rospy.internal][INFO] 2023-04-24 16:23:08,777: topic[/rosout] removing connection to /rosout
[rospy.internal][INFO] 2023-04-24 16:23:08,778: topic[/cmd_vel] removing connection to /turtlebot3_core
[rospy.impl.masterslave][INFO] 2023-04-24 16:23:08,779: atexit
[rospy.client][INFO] 2023-04-24 16:25:32,437: init_node, name[/op_receiver], pid[4109]
[xmlrpc][INFO] 2023-04-24 16:25:32,439: XML-RPC server binding to 127.0.0.1:0
[xmlrpc][INFO] 2023-04-24 16:25:32,440: Started XML-RPC server [http://localhost:36089/]
[rospy.init][INFO] 2023-04-24 16:25:32,441: ROS Slave URI: [http://localhost:36089/]
[rospy.impl.masterslave][INFO] 2023-04-24 16:25:32,441: _ready: http://localhost:36089/
[rospy.registration][INFO] 2023-04-24 16:25:32,446: Registering with master node http://localhost:11311
[xmlrpc][INFO] 2023-04-24 16:25:32,446: xml rpc node: starting XML-RPC server
[rospy.init][INFO] 2023-04-24 16:25:32,542: registered with master
[rospy.rosout][INFO] 2023-04-24 16:25:32,543: initializing /rosout core topic
[rospy.rosout][INFO] 2023-04-24 16:25:32,555: connected to core topic /rosout
[rospy.simtime][INFO] 2023-04-24 16:25:32,565: /use_sim_time is not set, will not subscribe to simulated time [/clock] topic
[rospy.internal][INFO] 2023-04-24 16:25:32,773: topic[/rosout] adding connection to [/rosout], count 0
[rospy.internal][INFO] 2023-04-24 16:25:43,625: topic[/cmd_vel] adding connection to [/turtlebot3_core], count 0
[rospy.core][INFO] 2023-04-24 16:26:03,548: signal_shutdown [atexit]
[rospy.internal][INFO] 2023-04-24 16:26:03,561: topic[/rosout] removing connection to /rosout
[rospy.internal][INFO] 2023-04-24 16:26:03,562: topic[/cmd_vel] removing connection to /turtlebot3_core
[rospy.impl.masterslave][INFO] 2023-04-24 16:26:03,563: atexit
[rospy.client][INFO] 2023-04-24 16:26:48,658: init_node, name[/op_receiver], pid[4198]
[xmlrpc][INFO] 2023-04-24 16:26:48,659: XML-RPC server binding to 127.0.0.1:0
[xmlrpc][INFO] 2023-04-24 16:26:48,661: Started XML-RPC server [http://localhost:41091/]
[rospy.impl.masterslave][INFO] 2023-04-24 16:26:48,661: _ready: http://localhost:41091/
[rospy.init][INFO] 2023-04-24 16:26:48,662: ROS Slave URI: [http://localhost:41091/]
[xmlrpc][INFO] 2023-04-24 16:26:48,663: xml rpc node: starting XML-RPC server
[rospy.registration][INFO] 2023-04-24 16:26:48,665: Registering with master node http://localhost:11311
[rospy.init][INFO] 2023-04-24 16:26:48,766: registered with master
[rospy.rosout][INFO] 2023-04-24 16:26:48,767: initializing /rosout core topic
[rospy.rosout][INFO] 2023-04-24 16:26:48,778: connected to core topic /rosout
[rospy.simtime][INFO] 2023-04-24 16:26:48,785: /use_sim_time is not set, will not subscribe to simulated time [/clock] topic
[rospy.internal][INFO] 2023-04-24 16:26:49,016: topic[/rosout] adding connection to [/rosout], count 0
[rospy.internal][INFO] 2023-04-24 16:27:00,088: topic[/cmd_vel] adding connection to [/turtlebot3_core], count 0
[rospy.core][INFO] 2023-04-24 16:29:12,325: signal_shutdown [atexit]
[rospy.internal][INFO] 2023-04-24 16:29:12,345: topic[/rosout] removing connection to /rosout
[rospy.internal][INFO] 2023-04-24 16:29:12,346: topic[/cmd_vel] removing connection to /turtlebot3_core
[rospy.impl.masterslave][INFO] 2023-04-24 16:29:12,347: atexit
[rospy.core][INFO] 2023-04-24 16:29:12,382: signal_shutdown [signal-2]
[rospy.client][INFO] 2023-04-24 16:32:25,941: init_node, name[/op_receiver], pid[4382]
[xmlrpc][INFO] 2023-04-24 16:32:25,943: XML-RPC server binding to 127.0.0.1:0
[xmlrpc][INFO] 2023-04-24 16:32:25,944: Started XML-RPC server [http://localhost:36481/]
[rospy.init][INFO] 2023-04-24 16:32:25,945: ROS Slave URI: [http://localhost:36481/]
[rospy.impl.masterslave][INFO] 2023-04-24 16:32:25,945: _ready: http://localhost:36481/
[rospy.registration][INFO] 2023-04-24 16:32:25,948: Registering with master node http://localhost:11311
[xmlrpc][INFO] 2023-04-24 16:32:25,948: xml rpc node: starting XML-RPC server
[rospy.init][INFO] 2023-04-24 16:32:26,046: registered with master
[rospy.rosout][INFO] 2023-04-24 16:32:26,047: initializing /rosout core topic
[rospy.rosout][INFO] 2023-04-24 16:32:26,059: connected to core topic /rosout
[rospy.simtime][INFO] 2023-04-24 16:32:26,067: /use_sim_time is not set, will not subscribe to simulated time [/clock] topic
[rospy.internal][INFO] 2023-04-24 16:32:26,295: topic[/rosout] adding connection to [/rosout], count 0
[rospy.internal][INFO] 2023-04-24 16:36:21,847: topic[/cmd_vel] adding connection to [/turtlebot3_core], count 0
[rospy.core][INFO] 2023-04-24 16:36:27,165: signal_shutdown [atexit]
[rospy.internal][INFO] 2023-04-24 16:36:27,179: topic[/rosout] removing connection to /rosout
[rospy.internal][INFO] 2023-04-24 16:36:27,180: topic[/cmd_vel] removing connection to /turtlebot3_core
[rospy.impl.masterslave][INFO] 2023-04-24 16:36:27,181: atexit
[rospy.client][INFO] 2023-04-24 16:36:58,097: init_node, name[/op_receiver], pid[4472]
[xmlrpc][INFO] 2023-04-24 16:36:58,098: XML-RPC server binding to 127.0.0.1:0
[xmlrpc][INFO] 2023-04-24 16:36:58,099: Started XML-RPC server [http://localhost:38917/]
[rospy.init][INFO] 2023-04-24 16:36:58,100: ROS Slave URI: [http://localhost:38917/]
[rospy.impl.masterslave][INFO] 2023-04-24 16:36:58,100: _ready: http://localhost:38917/
[rospy.registration][INFO] 2023-04-24 16:36:58,103: Registering with master node http://localhost:11311
[xmlrpc][INFO] 2023-04-24 16:36:58,104: xml rpc node: starting XML-RPC server
[rospy.init][INFO] 2023-04-24 16:36:58,201: registered with master
[rospy.rosout][INFO] 2023-04-24 16:36:58,202: initializing /rosout core topic
[rospy.rosout][INFO] 2023-04-24 16:36:58,214: connected to core topic /rosout
[rospy.simtime][INFO] 2023-04-24 16:36:58,221: /use_sim_time is not set, will not subscribe to simulated time [/clock] topic
[rospy.internal][INFO] 2023-04-24 16:36:58,359: topic[/rosout] adding connection to [/rosout], count 0
[rospy.internal][INFO] 2023-04-24 16:37:14,503: topic[/cmd_vel] adding connection to [/turtlebot3_core], count 0
[rospy.core][INFO] 2023-04-24 16:37:57,538: signal_shutdown [atexit]
[rospy.internal][INFO] 2023-04-24 16:37:57,552: topic[/rosout] removing connection to /rosout
[rospy.internal][INFO] 2023-04-24 16:37:57,553: topic[/cmd_vel] removing connection to /turtlebot3_core
[rospy.impl.masterslave][INFO] 2023-04-24 16:37:57,554: atexit
[rospy.client][INFO] 2023-04-24 16:38:32,374: init_node, name[/op_receiver], pid[4560]
[xmlrpc][INFO] 2023-04-24 16:38:32,375: XML-RPC server binding to 127.0.0.1:0
[xmlrpc][INFO] 2023-04-24 16:38:32,377: Started XML-RPC server [http://localhost:35249/]
[rospy.init][INFO] 2023-04-24 16:38:32,377: ROS Slave URI: [http://localhost:35249/]
[rospy.impl.masterslave][INFO] 2023-04-24 16:38:32,378: _ready: http://localhost:35249/
[rospy.registration][INFO] 2023-04-24 16:38:32,380: Registering with master node http://localhost:11311
[xmlrpc][INFO] 2023-04-24 16:38:32,381: xml rpc node: starting XML-RPC server
[rospy.init][INFO] 2023-04-24 16:38:32,478: registered with master
[rospy.rosout][INFO] 2023-04-24 16:38:32,479: initializing /rosout core topic
[rospy.rosout][INFO] 2023-04-24 16:38:32,489: connected to core topic /rosout
[rospy.simtime][INFO] 2023-04-24 16:38:32,495: /use_sim_time is not set, will not subscribe to simulated time [/clock] topic
[rospy.internal][INFO] 2023-04-24 16:38:32,732: topic[/rosout] adding connection to [/rosout], count 0
[rospy.internal][INFO] 2023-04-24 16:38:48,417: topic[/cmd_vel] adding connection to [/turtlebot3_core], count 0
[rospy.core][INFO] 2023-04-24 16:41:22,821: signal_shutdown [atexit]
[rospy.internal][INFO] 2023-04-24 16:41:22,834: topic[/rosout] removing connection to /rosout
[rospy.internal][INFO] 2023-04-24 16:41:22,835: topic[/cmd_vel] removing connection to /turtlebot3_core
[rospy.impl.masterslave][INFO] 2023-04-24 16:41:22,836: atexit
[rospy.client][INFO] 2023-04-24 16:42:02,603: init_node, name[/op_receiver], pid[4650]
[xmlrpc][INFO] 2023-04-24 16:42:02,604: XML-RPC server binding to 127.0.0.1:0
[xmlrpc][INFO] 2023-04-24 16:42:02,606: Started XML-RPC server [http://localhost:35375/]
[rospy.init][INFO] 2023-04-24 16:42:02,606: ROS Slave URI: [http://localhost:35375/]
[rospy.impl.masterslave][INFO] 2023-04-24 16:42:02,607: _ready: http://localhost:35375/
[rospy.registration][INFO] 2023-04-24 16:42:02,610: Registering with master node http://localhost:11311
[xmlrpc][INFO] 2023-04-24 16:42:02,610: xml rpc node: starting XML-RPC server
[rospy.init][INFO] 2023-04-24 16:42:02,707: registered with master
[rospy.rosout][INFO] 2023-04-24 16:42:02,708: initializing /rosout core topic
[rospy.rosout][INFO] 2023-04-24 16:42:02,719: connected to core topic /rosout
[rospy.simtime][INFO] 2023-04-24 16:42:02,730: /use_sim_time is not set, will not subscribe to simulated time [/clock] topic
[rospy.internal][INFO] 2023-04-24 16:42:02,995: topic[/rosout] adding connection to [/rosout], count 0
[rospy.internal][INFO] 2023-04-24 16:44:47,409: topic[/cmd_vel] adding connection to [/turtlebot3_core], count 0
[rospy.core][INFO] 2023-04-24 16:58:53,823: signal_shutdown [atexit]
[rospy.internal][INFO] 2023-04-24 16:58:53,836: topic[/rosout] removing connection to /rosout
[rospy.internal][INFO] 2023-04-24 16:58:53,838: topic[/cmd_vel] removing connection to /turtlebot3_core
[rospy.impl.masterslave][INFO] 2023-04-24 16:58:53,839: atexit
[rospy.client][INFO] 2023-04-24 17:09:55,012: init_node, name[/op_receiver], pid[4849]
[xmlrpc][INFO] 2023-04-24 17:09:55,014: XML-RPC server binding to 127.0.0.1:0
[xmlrpc][INFO] 2023-04-24 17:09:55,015: Started XML-RPC server [http://localhost:43697/]
[rospy.init][INFO] 2023-04-24 17:09:55,016: ROS Slave URI: [http://localhost:43697/]
[rospy.impl.masterslave][INFO] 2023-04-24 17:09:55,016: _ready: http://localhost:43697/
[rospy.registration][INFO] 2023-04-24 17:09:55,019: Registering with master node http://localhost:11311
[xmlrpc][INFO] 2023-04-24 17:09:55,020: xml rpc node: starting XML-RPC server
[rospy.init][INFO] 2023-04-24 17:09:55,117: registered with master
[rospy.rosout][INFO] 2023-04-24 17:09:55,118: initializing /rosout core topic
[rospy.rosout][INFO] 2023-04-24 17:09:55,129: connected to core topic /rosout
[rospy.simtime][INFO] 2023-04-24 17:09:55,137: /use_sim_time is not set, will not subscribe to simulated time [/clock] topic
[rospy.internal][INFO] 2023-04-24 17:09:55,370: topic[/rosout] adding connection to [/rosout], count 0
[rospy.internal][INFO] 2023-04-24 17:10:39,879: topic[/cmd_vel] adding connection to [/turtlebot3_core], count 0
[rospy.core][INFO] 2023-04-24 17:25:48,485: signal_shutdown [atexit]
[rospy.internal][INFO] 2023-04-24 17:25:48,498: topic[/rosout] removing connection to /rosout
[rospy.internal][INFO] 2023-04-24 17:25:48,501: topic[/cmd_vel] removing connection to /turtlebot3_core
[rospy.impl.masterslave][INFO] 2023-04-24 17:25:48,506: atexit
[rospy.client][INFO] 2023-04-24 17:26:07,205: init_node, name[/op_receiver], pid[4962]
[xmlrpc][INFO] 2023-04-24 17:26:07,206: XML-RPC server binding to 127.0.0.1:0
[xmlrpc][INFO] 2023-04-24 17:26:07,208: Started XML-RPC server [http://localhost:32843/]
[rospy.init][INFO] 2023-04-24 17:26:07,208: ROS Slave URI: [http://localhost:32843/]
[rospy.impl.masterslave][INFO] 2023-04-24 17:26:07,209: _ready: http://localhost:32843/
[rospy.registration][INFO] 2023-04-24 17:26:07,211: Registering with master node http://localhost:11311
[xmlrpc][INFO] 2023-04-24 17:26:07,212: xml rpc node: starting XML-RPC server
[rospy.init][INFO] 2023-04-24 17:26:07,309: registered with master
[rospy.rosout][INFO] 2023-04-24 17:26:07,310: initializing /rosout core topic
[rospy.rosout][INFO] 2023-04-24 17:26:07,321: connected to core topic /rosout
[rospy.simtime][INFO] 2023-04-24 17:26:07,327: /use_sim_time is not set, will not subscribe to simulated time [/clock] topic
[rospy.internal][INFO] 2023-04-24 17:26:07,569: topic[/rosout] adding connection to [/rosout], count 0
[rospy.internal][INFO] 2023-04-24 17:26:28,034: topic[/cmd_vel] adding connection to [/turtlebot3_core], count 0
[rospy.core][INFO] 2023-04-24 17:26:56,151: signal_shutdown [atexit]
[rospy.internal][INFO] 2023-04-24 17:26:56,164: topic[/rosout] removing connection to /rosout
[rospy.internal][INFO] 2023-04-24 17:26:56,165: topic[/cmd_vel] removing connection to /turtlebot3_core
[rospy.impl.masterslave][INFO] 2023-04-24 17:26:56,167: atexit
[rospy.client][INFO] 2023-04-24 17:27:08,844: init_node, name[/op_receiver], pid[5050]
[xmlrpc][INFO] 2023-04-24 17:27:08,845: XML-RPC server binding to 127.0.0.1:0
[xmlrpc][INFO] 2023-04-24 17:27:08,847: Started XML-RPC server [http://localhost:33541/]
[rospy.init][INFO] 2023-04-24 17:27:08,847: ROS Slave URI: [http://localhost:33541/]
[rospy.impl.masterslave][INFO] 2023-04-24 17:27:08,847: _ready: http://localhost:33541/
[rospy.registration][INFO] 2023-04-24 17:27:08,850: Registering with master node http://localhost:11311
[xmlrpc][INFO] 2023-04-24 17:27:08,851: xml rpc node: starting XML-RPC server
[rospy.init][INFO] 2023-04-24 17:27:08,948: registered with master
[rospy.rosout][INFO] 2023-04-24 17:27:08,949: initializing /rosout core topic
[rospy.rosout][INFO] 2023-04-24 17:27:08,961: connected to core topic /rosout
[rospy.simtime][INFO] 2023-04-24 17:27:08,970: /use_sim_time is not set, will not subscribe to simulated time [/clock] topic
[rospy.internal][INFO] 2023-04-24 17:27:09,187: topic[/rosout] adding connection to [/rosout], count 0
[rospy.internal][INFO] 2023-04-24 17:27:20,554: topic[/cmd_vel] adding connection to [/turtlebot3_core], count 0
[rospy.core][INFO] 2023-04-24 17:28:49,056: signal_shutdown [atexit]
[rospy.internal][INFO] 2023-04-24 17:28:49,082: topic[/rosout] removing connection to /rosout
[rospy.internal][INFO] 2023-04-24 17:28:49,083: topic[/cmd_vel] removing connection to /turtlebot3_core
[rospy.impl.masterslave][INFO] 2023-04-24 17:28:49,084: atexit
[rospy.client][INFO] 2023-04-24 17:28:59,844: init_node, name[/op_receiver], pid[5139]
[xmlrpc][INFO] 2023-04-24 17:28:59,845: XML-RPC server binding to 127.0.0.1:0
[xmlrpc][INFO] 2023-04-24 17:28:59,847: Started XML-RPC server [http://localhost:44403/]
[rospy.init][INFO] 2023-04-24 17:28:59,847: ROS Slave URI: [http://localhost:44403/]
[rospy.impl.masterslave][INFO] 2023-04-24 17:28:59,848: _ready: http://localhost:44403/
[rospy.registration][INFO] 2023-04-24 17:28:59,850: Registering with master node http://localhost:11311
[xmlrpc][INFO] 2023-04-24 17:28:59,851: xml rpc node: starting XML-RPC server
[rospy.init][INFO] 2023-04-24 17:28:59,949: registered with master
[rospy.rosout][INFO] 2023-04-24 17:28:59,950: initializing /rosout core topic
[rospy.rosout][INFO] 2023-04-24 17:28:59,961: connected to core topic /rosout
[rospy.simtime][INFO] 2023-04-24 17:28:59,970: /use_sim_time is not set, will not subscribe to simulated time [/clock] topic
[rospy.internal][INFO] 2023-04-24 17:29:00,182: topic[/rosout] adding connection to [/rosout], count 0
[rospy.internal][INFO] 2023-04-24 17:29:53,299: topic[/cmd_vel] adding connection to [/turtlebot3_core], count 0
[rospy.core][INFO] 2023-04-24 17:30:19,927: signal_shutdown [atexit]
[rospy.internal][INFO] 2023-04-24 17:30:19,941: topic[/rosout] removing connection to /rosout
[rospy.internal][INFO] 2023-04-24 17:30:19,942: topic[/cmd_vel] removing connection to /turtlebot3_core
[rospy.impl.masterslave][INFO] 2023-04-24 17:30:19,943: atexit
[rospy.client][INFO] 2023-04-24 17:30:38,093: init_node, name[/op_receiver], pid[5237]
[xmlrpc][INFO] 2023-04-24 17:30:38,094: XML-RPC server binding to 127.0.0.1:0
[xmlrpc][INFO] 2023-04-24 17:30:38,096: Started XML-RPC server [http://localhost:42405/]
[rospy.init][INFO] 2023-04-24 17:30:38,096: ROS Slave URI: [http://localhost:42405/]
[rospy.impl.masterslave][INFO] 2023-04-24 17:30:38,097: _ready: http://localhost:42405/
[rospy.registration][INFO] 2023-04-24 17:30:38,100: Registering with master node http://localhost:11311
[xmlrpc][INFO] 2023-04-24 17:30:38,100: xml rpc node: starting XML-RPC server
[rospy.init][INFO] 2023-04-24 17:30:38,198: registered with master
[rospy.rosout][INFO] 2023-04-24 17:30:38,198: initializing /rosout core topic
[rospy.rosout][INFO] 2023-04-24 17:30:38,211: connected to core topic /rosout
[rospy.simtime][INFO] 2023-04-24 17:30:38,217: /use_sim_time is not set, will not subscribe to simulated time [/clock] topic
[rospy.internal][INFO] 2023-04-24 17:30:38,456: topic[/rosout] adding connection to [/rosout], count 0
[rospy.internal][INFO] 2023-04-24 17:30:50,454: topic[/cmd_vel] adding connection to [/turtlebot3_core], count 0
[rospy.core][INFO] 2023-04-24 17:33:07,441: signal_shutdown [atexit]
[rospy.internal][INFO] 2023-04-24 17:33:07,454: topic[/rosout] removing connection to /rosout
[rospy.internal][INFO] 2023-04-24 17:33:07,455: topic[/cmd_vel] removing connection to /turtlebot3_core
[rospy.impl.masterslave][INFO] 2023-04-24 17:33:07,456: atexit
[rospy.client][INFO] 2023-04-24 17:33:19,039: init_node, name[/op_receiver], pid[5324]
[xmlrpc][INFO] 2023-04-24 17:33:19,041: XML-RPC server binding to 127.0.0.1:0
[xmlrpc][INFO] 2023-04-24 17:33:19,042: Started XML-RPC server [http://localhost:42043/]
[rospy.init][INFO] 2023-04-24 17:33:19,043: ROS Slave URI: [http://localhost:42043/]
[rospy.impl.masterslave][INFO] 2023-04-24 17:33:19,043: _ready: http://localhost:42043/
[rospy.registration][INFO] 2023-04-24 17:33:19,046: Registering with master node http://localhost:11311
[xmlrpc][INFO] 2023-04-24 17:33:19,046: xml rpc node: starting XML-RPC server
[rospy.init][INFO] 2023-04-24 17:33:19,144: registered with master
[rospy.rosout][INFO] 2023-04-24 17:33:19,145: initializing /rosout core topic
[rospy.rosout][INFO] 2023-04-24 17:33:19,156: connected to core topic /rosout
[rospy.simtime][INFO] 2023-04-24 17:33:19,162: /use_sim_time is not set, will not subscribe to simulated time [/clock] topic
[rospy.internal][INFO] 2023-04-24 17:33:19,439: topic[/rosout] adding connection to [/rosout], count 0
[rospy.internal][INFO] 2023-04-24 17:33:38,201: topic[/cmd_vel] adding connection to [/turtlebot3_core], count 0
[rospy.core][INFO] 2023-04-24 17:34:14,124: signal_shutdown [atexit]
[rospy.internal][INFO] 2023-04-24 17:34:14,141: topic[/rosout] removing connection to /rosout
[rospy.internal][INFO] 2023-04-24 17:34:14,142: topic[/cmd_vel] removing connection to /turtlebot3_core
[rospy.impl.masterslave][INFO] 2023-04-24 17:34:14,144: atexit
[rospy.client][INFO] 2023-04-24 17:34:24,623: init_node, name[/op_receiver], pid[5412]
[xmlrpc][INFO] 2023-04-24 17:34:24,624: XML-RPC server binding to 127.0.0.1:0
[xmlrpc][INFO] 2023-04-24 17:34:24,626: Started XML-RPC server [http://localhost:40629/]
[rospy.init][INFO] 2023-04-24 17:34:24,626: ROS Slave URI: [http://localhost:40629/]
[rospy.impl.masterslave][INFO] 2023-04-24 17:34:24,627: _ready: http://localhost:40629/
[rospy.registration][INFO] 2023-04-24 17:34:24,629: Registering with master node http://localhost:11311
[xmlrpc][INFO] 2023-04-24 17:34:24,630: xml rpc node: starting XML-RPC server
[rospy.init][INFO] 2023-04-24 17:34:24,727: registered with master
[rospy.rosout][INFO] 2023-04-24 17:34:24,728: initializing /rosout core topic
[rospy.rosout][INFO] 2023-04-24 17:34:24,739: connected to core topic /rosout
[rospy.simtime][INFO] 2023-04-24 17:34:24,745: /use_sim_time is not set, will not subscribe to simulated time [/clock] topic
[rospy.internal][INFO] 2023-04-24 17:34:24,966: topic[/rosout] adding connection to [/rosout], count 0
[rospy.internal][INFO] 2023-04-24 17:34:39,142: topic[/cmd_vel] adding connection to [/turtlebot3_core], count 0
[rospy.core][INFO] 2023-04-24 17:37:00,834: signal_shutdown [atexit]
[rospy.internal][INFO] 2023-04-24 17:37:00,847: topic[/rosout] removing connection to /rosout
[rospy.internal][INFO] 2023-04-24 17:37:00,848: topic[/cmd_vel] removing connection to /turtlebot3_core
[rospy.impl.masterslave][INFO] 2023-04-24 17:37:00,850: atexit
[rospy.client][INFO] 2023-04-24 17:37:11,802: init_node, name[/op_receiver], pid[5501]
[xmlrpc][INFO] 2023-04-24 17:37:11,806: XML-RPC server binding to 127.0.0.1:0
[xmlrpc][INFO] 2023-04-24 17:37:11,808: Started XML-RPC server [http://localhost:39283/]
[rospy.init][INFO] 2023-04-24 17:37:11,808: ROS Slave URI: [http://localhost:39283/]
[rospy.impl.masterslave][INFO] 2023-04-24 17:37:11,809: _ready: http://localhost:39283/
[xmlrpc][INFO] 2023-04-24 17:37:11,812: xml rpc node: starting XML-RPC server
[rospy.registration][INFO] 2023-04-24 17:37:11,812: Registering with master node http://localhost:11311
[rospy.init][INFO] 2023-04-24 17:37:11,912: registered with master
[rospy.rosout][INFO] 2023-04-24 17:37:11,913: initializing /rosout core topic
[rospy.rosout][INFO] 2023-04-24 17:37:11,926: connected to core topic /rosout
[rospy.simtime][INFO] 2023-04-24 17:37:11,932: /use_sim_time is not set, will not subscribe to simulated time [/clock] topic
[rospy.internal][INFO] 2023-04-24 17:37:12,161: topic[/rosout] adding connection to [/rosout], count 0
[rospy.internal][INFO] 2023-04-24 17:37:22,697: topic[/cmd_vel] adding connection to [/turtlebot3_core], count 0
[rospy.core][INFO] 2023-04-24 17:47:54,383: signal_shutdown [atexit]
[rospy.internal][INFO] 2023-04-24 17:47:54,397: topic[/rosout] removing connection to /rosout
[rospy.internal][INFO] 2023-04-24 17:47:54,400: topic[/cmd_vel] removing connection to /turtlebot3_core
[rospy.impl.masterslave][INFO] 2023-04-24 17:47:54,402: atexit
[rospy.client][INFO] 2023-04-24 17:58:51,809: init_node, name[/op_receiver], pid[5693]
[xmlrpc][INFO] 2023-04-24 17:58:51,810: XML-RPC server binding to 127.0.0.1:0
[xmlrpc][INFO] 2023-04-24 17:58:51,812: Started XML-RPC server [http://localhost:34711/]
[rospy.init][INFO] 2023-04-24 17:58:51,812: ROS Slave URI: [http://localhost:34711/]
[rospy.impl.masterslave][INFO] 2023-04-24 17:58:51,813: _ready: http://localhost:34711/
[rospy.registration][INFO] 2023-04-24 17:58:51,816: Registering with master node http://localhost:11311
[xmlrpc][INFO] 2023-04-24 17:58:51,816: xml rpc node: starting XML-RPC server
[rospy.init][INFO] 2023-04-24 17:58:51,913: registered with master
[rospy.rosout][INFO] 2023-04-24 17:58:51,914: initializing /rosout core topic
[rospy.rosout][INFO] 2023-04-24 17:58:51,924: connected to core topic /rosout
[rospy.simtime][INFO] 2023-04-24 17:58:51,931: /use_sim_time is not set, will not subscribe to simulated time [/clock] topic
[rospy.internal][INFO] 2023-04-24 17:58:52,155: topic[/rosout] adding connection to [/rosout], count 0
[rospy.internal][INFO] 2023-04-24 17:59:16,324: topic[/cmd_vel] adding connection to [/turtlebot3_core], count 0
[rospy.core][INFO] 2023-04-24 18:00:10,737: signal_shutdown [atexit]
[rospy.internal][INFO] 2023-04-24 18:00:10,750: topic[/rosout] removing connection to /rosout
[rospy.internal][INFO] 2023-04-24 18:00:10,751: topic[/cmd_vel] removing connection to /turtlebot3_core
[rospy.impl.masterslave][INFO] 2023-04-24 18:00:10,752: atexit
[rospy.client][INFO] 2023-04-24 18:00:53,186: init_node, name[/op_receiver], pid[5783]
[xmlrpc][INFO] 2023-04-24 18:00:53,188: XML-RPC server binding to 127.0.0.1:0
[xmlrpc][INFO] 2023-04-24 18:00:53,189: Started XML-RPC server [http://localhost:33813/]
[rospy.init][INFO] 2023-04-24 18:00:53,190: ROS Slave URI: [http://localhost:33813/]
[rospy.impl.masterslave][INFO] 2023-04-24 18:00:53,190: _ready: http://localhost:33813/
[rospy.registration][INFO] 2023-04-24 18:00:53,193: Registering with master node http://localhost:11311
[xmlrpc][INFO] 2023-04-24 18:00:53,194: xml rpc node: starting XML-RPC server
[rospy.init][INFO] 2023-04-24 18:00:53,291: registered with master
[rospy.rosout][INFO] 2023-04-24 18:00:53,292: initializing /rosout core topic
[rospy.rosout][INFO] 2023-04-24 18:00:53,302: connected to core topic /rosout
[rospy.simtime][INFO] 2023-04-24 18:00:53,308: /use_sim_time is not set, will not subscribe to simulated time [/clock] topic
[rospy.internal][INFO] 2023-04-24 18:00:53,579: topic[/rosout] adding connection to [/rosout], count 0
[rospy.internal][INFO] 2023-04-24 18:01:05,133: topic[/cmd_vel] adding connection to [/turtlebot3_core], count 0
[rospy.core][INFO] 2023-04-24 18:01:36,126: signal_shutdown [atexit]
[rospy.internal][INFO] 2023-04-24 18:01:36,140: topic[/rosout] removing connection to /rosout
[rospy.internal][INFO] 2023-04-24 18:01:36,141: topic[/cmd_vel] removing connection to /turtlebot3_core
[rospy.impl.masterslave][INFO] 2023-04-24 18:01:36,143: atexit
[rospy.client][INFO] 2023-04-24 18:02:33,832: init_node, name[/op_receiver], pid[5869]
[xmlrpc][INFO] 2023-04-24 18:02:33,834: XML-RPC server binding to 127.0.0.1:0
[xmlrpc][INFO] 2023-04-24 18:02:33,835: Started XML-RPC server [http://localhost:34261/]
[rospy.init][INFO] 2023-04-24 18:02:33,836: ROS Slave URI: [http://localhost:34261/]
[rospy.impl.masterslave][INFO] 2023-04-24 18:02:33,836: _ready: http://localhost:34261/
[rospy.registration][INFO] 2023-04-24 18:02:33,839: Registering with master node http://localhost:11311
[xmlrpc][INFO] 2023-04-24 18:02:33,840: xml rpc node: starting XML-RPC server
[rospy.init][INFO] 2023-04-24 18:02:33,937: registered with master
[rospy.rosout][INFO] 2023-04-24 18:02:33,938: initializing /rosout core topic
[rospy.rosout][INFO] 2023-04-24 18:02:33,954: connected to core topic /rosout
[rospy.simtime][INFO] 2023-04-24 18:02:33,962: /use_sim_time is not set, will not subscribe to simulated time [/clock] topic
[rospy.internal][INFO] 2023-04-24 18:02:34,253: topic[/rosout] adding connection to [/rosout], count 0
[rospy.internal][INFO] 2023-04-24 18:03:19,909: topic[/cmd_vel] adding connection to [/turtlebot3_core], count 0
[rospy.core][INFO] 2023-04-24 18:03:54,554: signal_shutdown [atexit]
[rospy.internal][INFO] 2023-04-24 18:03:54,580: topic[/rosout] removing connection to /rosout
[rospy.internal][INFO] 2023-04-24 18:03:54,583: topic[/cmd_vel] removing connection to /turtlebot3_core
[rospy.impl.masterslave][INFO] 2023-04-24 18:03:54,589: atexit
[rospy.client][INFO] 2023-04-24 18:11:25,581: init_node, name[/op_receiver], pid[5961]
[xmlrpc][INFO] 2023-04-24 18:11:25,582: XML-RPC server binding to 127.0.0.1:0
[xmlrpc][INFO] 2023-04-24 18:11:25,584: Started XML-RPC server [http://localhost:42009/]
[rospy.init][INFO] 2023-04-24 18:11:25,584: ROS Slave URI: [http://localhost:42009/]
[rospy.impl.masterslave][INFO] 2023-04-24 18:11:25,585: _ready: http://localhost:42009/
[rospy.registration][INFO] 2023-04-24 18:11:25,587: Registering with master node http://localhost:11311
[xmlrpc][INFO] 2023-04-24 18:11:25,588: xml rpc node: starting XML-RPC server
[rospy.init][INFO] 2023-04-24 18:11:25,685: registered with master
[rospy.rosout][INFO] 2023-04-24 18:11:25,686: initializing /rosout core topic
[rospy.rosout][INFO] 2023-04-24 18:11:25,696: connected to core topic /rosout
[rospy.simtime][INFO] 2023-04-24 18:11:25,705: /use_sim_time is not set, will not subscribe to simulated time [/clock] topic
[rospy.internal][INFO] 2023-04-24 18:11:25,927: topic[/rosout] adding connection to [/rosout], count 0
[rospy.internal][INFO] 2023-04-24 18:11:39,596: topic[/cmd_vel] adding connection to [/turtlebot3_core], count 0
[rospy.core][INFO] 2023-04-24 18:12:03,718: signal_shutdown [atexit]
[rospy.internal][INFO] 2023-04-24 18:12:03,731: topic[/rosout] removing connection to /rosout
[rospy.internal][INFO] 2023-04-24 18:12:03,732: topic[/cmd_vel] removing connection to /turtlebot3_core
[rospy.impl.masterslave][INFO] 2023-04-24 18:12:03,738: atexit
[rospy.client][INFO] 2023-04-24 18:12:14,772: init_node, name[/op_receiver], pid[6048]
[xmlrpc][INFO] 2023-04-24 18:12:14,773: XML-RPC server binding to 127.0.0.1:0
[xmlrpc][INFO] 2023-04-24 18:12:14,775: Started XML-RPC server [http://localhost:39961/]
[rospy.init][INFO] 2023-04-24 18:12:14,775: ROS Slave URI: [http://localhost:39961/]
[rospy.impl.masterslave][INFO] 2023-04-24 18:12:14,776: _ready: http://localhost:39961/
[rospy.registration][INFO] 2023-04-24 18:12:14,778: Registering with master node http://localhost:11311
[xmlrpc][INFO] 2023-04-24 18:12:14,779: xml rpc node: starting XML-RPC server
[rospy.init][INFO] 2023-04-24 18:12:14,876: registered with master
[rospy.rosout][INFO] 2023-04-24 18:12:14,877: initializing /rosout core topic
[rospy.rosout][INFO] 2023-04-24 18:12:14,890: connected to core topic /rosout
[rospy.simtime][INFO] 2023-04-24 18:12:14,899: /use_sim_time is not set, will not subscribe to simulated time [/clock] topic
[rospy.internal][INFO] 2023-04-24 18:12:15,123: topic[/rosout] adding connection to [/rosout], count 0
[rospy.internal][INFO] 2023-04-24 18:13:05,318: topic[/cmd_vel] adding connection to [/turtlebot3_core], count 0
[rospy.core][INFO] 2023-04-24 18:14:04,893: signal_shutdown [atexit]
[rospy.internal][INFO] 2023-04-24 18:14:04,922: topic[/rosout] removing connection to /rosout
[rospy.internal][INFO] 2023-04-24 18:14:04,924: topic[/cmd_vel] removing connection to /turtlebot3_core
[rospy.impl.masterslave][INFO] 2023-04-24 18:14:04,926: atexit
[rospy.client][INFO] 2023-04-24 18:14:16,880: init_node, name[/op_receiver], pid[6136]
[xmlrpc][INFO] 2023-04-24 18:14:16,881: XML-RPC server binding to 127.0.0.1:0
[xmlrpc][INFO] 2023-04-24 18:14:16,883: Started XML-RPC server [http://localhost:41219/]
[rospy.init][INFO] 2023-04-24 18:14:16,883: ROS Slave URI: [http://localhost:41219/]
[rospy.impl.masterslave][INFO] 2023-04-24 18:14:16,884: _ready: http://localhost:41219/
[rospy.registration][INFO] 2023-04-24 18:14:16,887: Registering with master node http://localhost:11311
[xmlrpc][INFO] 2023-04-24 18:14:16,887: xml rpc node: starting XML-RPC server
[rospy.init][INFO] 2023-04-24 18:14:16,985: registered with master
[rospy.rosout][INFO] 2023-04-24 18:14:16,985: initializing /rosout core topic
[rospy.rosout][INFO] 2023-04-24 18:14:16,996: connected to core topic /rosout
[rospy.simtime][INFO] 2023-04-24 18:14:17,005: /use_sim_time is not set, will not subscribe to simulated time [/clock] topic
[rospy.internal][INFO] 2023-04-24 18:14:17,226: topic[/rosout] adding connection to [/rosout], count 0
[rospy.internal][INFO] 2023-04-24 18:14:53,734: topic[/cmd_vel] adding connection to [/turtlebot3_core], count 0
[rospy.core][INFO] 2023-04-24 18:21:43,164: signal_shutdown [atexit]
[rospy.internal][INFO] 2023-04-24 18:21:43,177: topic[/rosout] removing connection to /rosout
[rospy.internal][INFO] 2023-04-24 18:21:43,178: topic[/cmd_vel] removing connection to /turtlebot3_core
[rospy.impl.masterslave][INFO] 2023-04-24 18:21:43,179: atexit
[rospy.client][INFO] 2023-04-24 18:21:55,061: init_node, name[/op_receiver], pid[6241]
[xmlrpc][INFO] 2023-04-24 18:21:55,062: XML-RPC server binding to 127.0.0.1:0
[xmlrpc][INFO] 2023-04-24 18:21:55,063: Started XML-RPC server [http://localhost:42423/]
[rospy.init][INFO] 2023-04-24 18:21:55,064: ROS Slave URI: [http://localhost:42423/]
[rospy.impl.masterslave][INFO] 2023-04-24 18:21:55,065: _ready: http://localhost:42423/
[rospy.registration][INFO] 2023-04-24 18:21:55,067: Registering with master node http://localhost:11311
[xmlrpc][INFO] 2023-04-24 18:21:55,068: xml rpc node: starting XML-RPC server
[rospy.init][INFO] 2023-04-24 18:21:55,165: registered with master
[rospy.rosout][INFO] 2023-04-24 18:21:55,166: initializing /rosout core topic
[rospy.rosout][INFO] 2023-04-24 18:21:55,179: connected to core topic /rosout
[rospy.simtime][INFO] 2023-04-24 18:21:55,185: /use_sim_time is not set, will not subscribe to simulated time [/clock] topic
[rospy.internal][INFO] 2023-04-24 18:21:55,463: topic[/rosout] adding connection to [/rosout], count 0
[rospy.internal][INFO] 2023-04-24 18:22:21,365: topic[/cmd_vel] adding connection to [/turtlebot3_core], count 0
[rospy.core][INFO] 2023-04-24 18:27:08,382: signal_shutdown [atexit]
[rospy.internal][INFO] 2023-04-24 18:27:08,395: topic[/rosout] removing connection to /rosout
[rospy.internal][INFO] 2023-04-24 18:27:08,396: topic[/cmd_vel] removing connection to /turtlebot3_core
[rospy.impl.masterslave][INFO] 2023-04-24 18:27:08,397: atexit
