

1682317879.711055679  Node Startup
1682317885.378319025 INFO [serial_node.py:86(<module>) [topics: /rosout] Connecting to /dev/ttyACM0 at 57600 baud
1682317887.524405956 INFO [SerialClient.py:520(setPublishSize) [topics: /diagnostics, /rosout, /sensor_state] Note: publish buffer size is 1024 bytes
1682317887.527775049 INFO [SerialClient.py:536(setupPublisher) [topics: /diagnostics, /rosout, /sensor_state] Setup publisher on sensor_state [turtlebot3_msgs/SensorState]
1682317887.546199083 INFO [SerialClient.py:536(setupPublisher) [topics: /firmware_version, /diagnostics, /rosout, /sensor_state] Setup publisher on firmware_version [turtlebot3_msgs/VersionInfo]
1682317887.811906099 INFO [SerialClient.py:536(setupPublisher) [topics: /firmware_version, /diagnostics, /imu, /rosout, /sensor_state] Setup publisher on imu [sensor_msgs/Imu]
1682317887.830543041 INFO [SerialClient.py:536(setupPublisher) [topics: /cmd_vel_rc100, /imu, /firmware_version, /diagnostics, /rosout, /sensor_state] Setup publisher on cmd_vel_rc100 [geometry_msgs/Twist]
1682317887.999324083 INFO [SerialClient.py:536(setupPublisher) [topics: /cmd_vel_rc100, /imu, /odom, /firmware_version, /diagnostics, /rosout, /sensor_state] Setup publisher on odom [nav_msgs/Odometry]
1682317888.018167018 INFO [SerialClient.py:536(setupPublisher) [topics: /firmware_version, /joint_states, /rosout, /cmd_vel_rc100, /imu, /odom, /diagnostics, /sensor_state] Setup publisher on joint_states [sensor_msgs/JointState]
1682317888.036777973 INFO [SerialClient.py:536(setupPublisher) [topics: /firmware_version, /battery_state, /joint_states, /rosout, /cmd_vel_rc100, /imu, /odom, /diagnostics, /sensor_state] Setup publisher on battery_state [sensor_msgs/BatteryState]
1682317888.055473089 INFO [SerialClient.py:536(setupPublisher) [topics: /firmware_version, /battery_state, /joint_states, /rosout, /cmd_vel_rc100, /imu, /odom, /diagnostics, /sensor_state, /magnetic_field] Setup publisher on magnetic_field [sensor_msgs/MagneticField]
1682317894.515803098 INFO [SerialClient.py:536(setupPublisher) [topics: /firmware_version, /battery_state, /joint_states, /rosout, /tf, /cmd_vel_rc100, /imu, /odom, /diagnostics, /sensor_state, /magnetic_field] Setup publisher on /tf [tf/tfMessage]
1682317894.530740022 INFO [SerialClient.py:525(setSubscribeSize) [topics: /firmware_version, /battery_state, /joint_states, /rosout, /tf, /cmd_vel_rc100, /imu, /odom, /diagnostics, /cmd_vel, /sensor_state, /magnetic_field] Note: subscribe buffer size is 1024 bytes
1682317894.532488107 INFO [SerialClient.py:549(setupSubscriber) [topics: /firmware_version, /battery_state, /joint_states, /rosout, /tf, /cmd_vel_rc100, /imu, /odom, /diagnostics, /cmd_vel, /sensor_state, /magnetic_field] Setup subscriber on cmd_vel [geometry_msgs/Twist]
1682317894.548532009 INFO [SerialClient.py:549(setupSubscriber) [topics: /firmware_version, /battery_state, /joint_states, /rosout, /imu, /tf, /cmd_vel_rc100, /sound, /odom, /diagnostics, /cmd_vel, /sensor_state, /magnetic_field] Setup subscriber on sound [turtlebot3_msgs/Sound]
1682317894.563250064 INFO [SerialClient.py:549(setupSubscriber) [topics: /firmware_version, /rosout, /battery_state, /joint_states, /motor_power, /imu, /tf, /cmd_vel_rc100, /sound, /odom, /diagnostics, /cmd_vel, /sensor_state, /magnetic_field] Setup subscriber on motor_power [std_msgs/Bool]
1682317894.579163074 INFO [SerialClient.py:549(setupSubscriber) [topics: /firmware_version, /rosout, /battery_state, /joint_states, /motor_power, /imu, /tf, /cmd_vel_rc100, /sound, /odom, /reset, /diagnostics, /cmd_vel, /sensor_state, /magnetic_field] Setup subscriber on reset [std_msgs/Empty]
1682317894.592117071 WARN [SerialClient.py:689(handleLoggingRequest) [topics: /firmware_version, /rosout, /battery_state, /joint_states, /motor_power, /imu, /tf, /cmd_vel_rc100, /sound, /odom, /reset, /diagnostics, /cmd_vel, /sensor_state, /magnetic_field] Failed to get param: timeout expired
1682317894.595932006 INFO [SerialClient.py:687(handleLoggingRequest) [topics: /firmware_version, /rosout, /battery_state, /joint_states, /motor_power, /imu, /tf, /cmd_vel_rc100, /sound, /odom, /reset, /diagnostics, /cmd_vel, /sensor_state, /magnetic_field] Setup TF on Odometry [odom]
1682317894.599721908 INFO [SerialClient.py:687(handleLoggingRequest) [topics: /firmware_version, /rosout, /battery_state, /joint_states, /motor_power, /imu, /tf, /cmd_vel_rc100, /sound, /odom, /reset, /diagnostics, /cmd_vel, /sensor_state, /magnetic_field] Setup TF on IMU [imu_link]
1682317894.603391885 INFO [SerialClient.py:687(handleLoggingRequest) [topics: /firmware_version, /rosout, /battery_state, /joint_states, /motor_power, /imu, /tf, /cmd_vel_rc100, /sound, /odom, /reset, /diagnostics, /cmd_vel, /sensor_state, /magnetic_field] Setup TF on MagneticField [mag_link]
1682317894.607256889 INFO [SerialClient.py:687(handleLoggingRequest) [topics: /firmware_version, /rosout, /battery_state, /joint_states, /motor_power, /imu, /tf, /cmd_vel_rc100, /sound, /odom, /reset, /diagnostics, /cmd_vel, /sensor_state, /magnetic_field] Setup TF on JointState [base_link]
1682317894.627016067 INFO [SerialClient.py:687(handleLoggingRequest) [topics: /firmware_version, /rosout, /battery_state, /joint_states, /motor_power, /imu, /tf, /cmd_vel_rc100, /sound, /odom, /reset, /diagnostics, /cmd_vel, /sensor_state, /magnetic_field] --------------------------
1682317894.630677938 INFO [SerialClient.py:687(handleLoggingRequest) [topics: /firmware_version, /rosout, /battery_state, /joint_states, /motor_power, /imu, /tf, /cmd_vel_rc100, /sound, /odom, /reset, /diagnostics, /cmd_vel, /sensor_state, /magnetic_field] Connected to OpenCR board!
1682317894.634318113 INFO [SerialClient.py:687(handleLoggingRequest) [topics: /firmware_version, /rosout, /battery_state, /joint_states, /motor_power, /imu, /tf, /cmd_vel_rc100, /sound, /odom, /reset, /diagnostics, /cmd_vel, /sensor_state, /magnetic_field] This core(v1.2.2) is compatible with TB3 Burger
1682317894.637944936 INFO [SerialClient.py:687(handleLoggingRequest) [topics: /firmware_version, /rosout, /battery_state, /joint_states, /motor_power, /imu, /tf, /cmd_vel_rc100, /sound, /odom, /reset, /diagnostics, /cmd_vel, /sensor_state, /magnetic_field] --------------------------
1682317894.641525983 INFO [SerialClient.py:687(handleLoggingRequest) [topics: /firmware_version, /rosout, /battery_state, /joint_states, /motor_power, /imu, /tf, /cmd_vel_rc100, /sound, /odom, /reset, /diagnostics, /cmd_vel, /sensor_state, /magnetic_field] Start Calibration of Gyro
1682317894.645140886 INFO [SerialClient.py:687(handleLoggingRequest) [topics: /firmware_version, /rosout, /battery_state, /joint_states, /motor_power, /imu, /tf, /cmd_vel_rc100, /sound, /odom, /reset, /diagnostics, /cmd_vel, /sensor_state, /magnetic_field] Calibration End
1682319815.641408920 INFO [SerialClient.py:409(txStopRequest) [topics: /firmware_version, /rosout, /battery_state, /joint_states, /motor_power, /imu, /tf, /cmd_vel_rc100, /sound, /odom, /reset, /diagnostics, /cmd_vel, /sensor_state, /magnetic_field] Send tx stop request
