[rosmaster.main][INFO] 2023-05-08 10:37:24,032: initialization complete, waiting for shutdown
[rosmaster.main][INFO] 2023-05-08 10:37:24,032: Starting ROS Master Node
[xmlrpc][INFO] 2023-05-08 10:37:24,035: XML-RPC server binding to 127.0.0.1:11311
[rosmaster.master][INFO] 2023-05-08 10:37:24,037: Master initialized: port[11311], uri[http://localhost:11311/]
[xmlrpc][INFO] 2023-05-08 10:37:24,036: Started XML-RPC server [http://localhost:11311/]
[xmlrpc][INFO] 2023-05-08 10:37:24,038: xml rpc node: starting XML-RPC server
[rosmaster.master][INFO] 2023-05-08 10:37:24,067: +PARAM [/run_id] by /roslaunch
[rosmaster.master][INFO] 2023-05-08 10:37:24,073: +PARAM [/roslaunch/uris/host_localhost__35791] by /roslaunch
[rosmaster.master][INFO] 2023-05-08 10:37:24,262: +PARAM [/rosversion] by /roslaunch
[rosmaster.master][INFO] 2023-05-08 10:37:24,263: +PARAM [/rosdistro] by /roslaunch
[rosmaster.master][INFO] 2023-05-08 10:37:24,565: +SERVICE [/rosout/get_loggers] /rosout http://localhost:41951/
[rosmaster.master][INFO] 2023-05-08 10:37:24,572: +SERVICE [/rosout/set_logger_level] /rosout http://localhost:41951/
[rosmaster.master][INFO] 2023-05-08 10:37:24,586: +PUB [/rosout_agg] /rosout http://localhost:41951/
[rosmaster.master][INFO] 2023-05-08 10:37:24,623: +SUB [/rosout] /rosout http://localhost:41951/
[rosmaster.master][INFO] 2023-05-08 10:40:38,746: +PARAM [/roslaunch/uris/host_localhost__37289] by /roslaunch
[rosmaster.master][INFO] 2023-05-08 10:40:38,763: +PARAM [/rosversion] by /roslaunch
[rosmaster.master][INFO] 2023-05-08 10:40:38,764: +PARAM [/rosdistro] by /roslaunch
[rosmaster.master][INFO] 2023-05-08 10:40:38,764: +PARAM [/turtlebot3_core/port] by /roslaunch
[rosmaster.master][INFO] 2023-05-08 10:40:38,765: +PARAM [/turtlebot3_core/tf_prefix] by /roslaunch
[rosmaster.master][INFO] 2023-05-08 10:40:40,239: +PUB [/rosout] /turtlebot3_core http://localhost:33333/
[rosmaster.master][INFO] 2023-05-08 10:40:40,252: +SERVICE [/turtlebot3_core/get_loggers] /turtlebot3_core http://localhost:33333/
[rosmaster.master][INFO] 2023-05-08 10:40:40,256: publisherUpdate[/rosout] -> http://localhost:41951/ ['http://localhost:33333/']
[rosmaster.master][INFO] 2023-05-08 10:40:40,261: +SERVICE [/turtlebot3_core/set_logger_level] /turtlebot3_core http://localhost:33333/
[rosmaster.master][INFO] 2023-05-08 10:40:40,267: publisherUpdate[/rosout] -> http://localhost:41951/ ['http://localhost:33333/']: sec=0.01, result=[1, '', 0]
[rosmaster.master][INFO] 2023-05-08 10:40:40,295: +PUB [/diagnostics] /turtlebot3_core http://localhost:33333/
[rosmaster.master][INFO] 2023-05-08 10:40:40,298: +PUB [/rosout] /op_receiver http://localhost:34829/
[rosmaster.master][INFO] 2023-05-08 10:40:40,313: +SERVICE [/op_receiver/get_loggers] /op_receiver http://localhost:34829/
[rosmaster.master][INFO] 2023-05-08 10:40:40,319: +SERVICE [/op_receiver/set_logger_level] /op_receiver http://localhost:34829/
[rosmaster.master][INFO] 2023-05-08 10:40:40,325: +PUB [/cmd_vel] /op_receiver http://localhost:34829/
[rosmaster.master][INFO] 2023-05-08 10:40:40,362: publisherUpdate[/rosout] -> http://localhost:41951/ ['http://localhost:33333/', 'http://localhost:34829/']
[rosmaster.master][INFO] 2023-05-08 10:40:40,367: publisherUpdate[/rosout] -> http://localhost:41951/ ['http://localhost:33333/', 'http://localhost:34829/']: sec=0.00, result=[1, '', 0]
[rosmaster.master][INFO] 2023-05-08 10:40:42,489: +PUB [/sensor_state] /turtlebot3_core http://localhost:33333/
[rosmaster.master][INFO] 2023-05-08 10:40:42,510: +PUB [/firmware_version] /turtlebot3_core http://localhost:33333/
[rosmaster.master][INFO] 2023-05-08 10:40:42,775: +PUB [/imu] /turtlebot3_core http://localhost:33333/
[rosmaster.master][INFO] 2023-05-08 10:40:42,794: +PUB [/cmd_vel_rc100] /turtlebot3_core http://localhost:33333/
[rosmaster.master][INFO] 2023-05-08 10:40:42,958: +PUB [/odom] /turtlebot3_core http://localhost:33333/
[rosmaster.master][INFO] 2023-05-08 10:40:42,977: +PUB [/joint_states] /turtlebot3_core http://localhost:33333/
[rosmaster.master][INFO] 2023-05-08 10:40:42,995: +PUB [/battery_state] /turtlebot3_core http://localhost:33333/
[rosmaster.master][INFO] 2023-05-08 10:40:43,013: +PUB [/magnetic_field] /turtlebot3_core http://localhost:33333/
[rosmaster.master][INFO] 2023-05-08 10:40:47,618: +PUB [/tf] /turtlebot3_core http://localhost:33333/
[rosmaster.master][INFO] 2023-05-08 10:40:47,632: +SUB [/cmd_vel] /turtlebot3_core http://localhost:33333/
[rosmaster.master][INFO] 2023-05-08 10:40:47,650: +SUB [/sound] /turtlebot3_core http://localhost:33333/
[rosmaster.master][INFO] 2023-05-08 10:40:47,673: +SUB [/motor_power] /turtlebot3_core http://localhost:33333/
[rosmaster.master][INFO] 2023-05-08 10:40:47,689: +SUB [/reset] /turtlebot3_core http://localhost:33333/
[rosmaster.master][INFO] 2023-05-08 11:15:07,031: +PUB [/rosout] /rostopic_1834_1683515706823 http://localhost:44307/
[rosmaster.master][INFO] 2023-05-08 11:15:07,046: +SERVICE [/rostopic_1834_1683515706823/get_loggers] /rostopic_1834_1683515706823 http://localhost:44307/
[rosmaster.master][INFO] 2023-05-08 11:15:07,052: +SERVICE [/rostopic_1834_1683515706823/set_logger_level] /rostopic_1834_1683515706823 http://localhost:44307/
[rosmaster.master][INFO] 2023-05-08 11:15:07,064: publisherUpdate[/rosout] -> http://localhost:41951/ ['http://localhost:33333/', 'http://localhost:34829/', 'http://localhost:44307/']
[rosmaster.master][INFO] 2023-05-08 11:15:07,067: publisherUpdate[/rosout] -> http://localhost:41951/ ['http://localhost:33333/', 'http://localhost:34829/', 'http://localhost:44307/']: sec=0.00, result=[1, '', 0]
[rosmaster.master][INFO] 2023-05-08 11:15:07,106: +SUB [/cmd_vel] /rostopic_1834_1683515706823 http://localhost:44307/
[rosmaster.master][INFO] 2023-05-08 11:15:24,651: -SUB [/cmd_vel] /rostopic_1834_1683515706823 http://localhost:44307/
[rosmaster.master][INFO] 2023-05-08 11:15:24,652: -PUB [/rosout] /rostopic_1834_1683515706823 http://localhost:44307/
[rosmaster.master][INFO] 2023-05-08 11:15:24,653: -SERVICE [/rostopic_1834_1683515706823/set_logger_level] /rostopic_1834_1683515706823 rosrpc://localhost:45101
[rosmaster.master][INFO] 2023-05-08 11:15:24,653: -SERVICE [/rostopic_1834_1683515706823/get_loggers] /rostopic_1834_1683515706823 rosrpc://localhost:45101
[rosmaster.master][INFO] 2023-05-08 11:15:24,706: publisherUpdate[/rosout] -> http://localhost:41951/ ['http://localhost:33333/', 'http://localhost:34829/']
[rosmaster.master][INFO] 2023-05-08 11:15:24,709: publisherUpdate[/rosout] -> http://localhost:41951/ ['http://localhost:33333/', 'http://localhost:34829/']: sec=0.00, result=[1, '', 0]
[rosmaster.master][INFO] 2023-05-08 11:18:46,960: -SUB [/sound] /turtlebot3_core http://localhost:33333/
[rosmaster.master][INFO] 2023-05-08 11:18:46,965: -PUB [/rosout] /op_receiver http://localhost:34829/
[rosmaster.master][INFO] 2023-05-08 11:18:46,966: -PUB [/cmd_vel] /op_receiver http://localhost:34829/
[rosmaster.master][INFO] 2023-05-08 11:18:46,967: -SUB [/motor_power] /turtlebot3_core http://localhost:33333/
[rosmaster.master][INFO] 2023-05-08 11:18:46,967: -SERVICE [/op_receiver/set_logger_level] /op_receiver rosrpc://localhost:38893
[rosmaster.master][INFO] 2023-05-08 11:18:46,968: -SUB [/cmd_vel] /turtlebot3_core http://localhost:33333/
[rosmaster.master][INFO] 2023-05-08 11:18:46,969: -SERVICE [/op_receiver/get_loggers] /op_receiver rosrpc://localhost:38893
[rosmaster.master][INFO] 2023-05-08 11:18:46,970: -SUB [/reset] /turtlebot3_core http://localhost:33333/
[rosmaster.master][INFO] 2023-05-08 11:18:46,972: -PUB [/firmware_version] /turtlebot3_core http://localhost:33333/
[rosmaster.master][INFO] 2023-05-08 11:18:46,973: -PUB [/battery_state] /turtlebot3_core http://localhost:33333/
[rosmaster.master][INFO] 2023-05-08 11:18:46,975: -PUB [/joint_states] /turtlebot3_core http://localhost:33333/
[rosmaster.master][INFO] 2023-05-08 11:18:46,977: -PUB [/rosout] /turtlebot3_core http://localhost:33333/
[rosmaster.master][INFO] 2023-05-08 11:18:46,978: -PUB [/tf] /turtlebot3_core http://localhost:33333/
[rosmaster.master][INFO] 2023-05-08 11:18:46,980: -PUB [/cmd_vel_rc100] /turtlebot3_core http://localhost:33333/
[rosmaster.master][INFO] 2023-05-08 11:18:46,980: -PUB [/imu] /turtlebot3_core http://localhost:33333/
[rosmaster.master][INFO] 2023-05-08 11:18:46,983: -PUB [/odom] /turtlebot3_core http://localhost:33333/
[rosmaster.master][INFO] 2023-05-08 11:18:46,984: -PUB [/diagnostics] /turtlebot3_core http://localhost:33333/
[rosmaster.master][INFO] 2023-05-08 11:18:46,985: -PUB [/sensor_state] /turtlebot3_core http://localhost:33333/
[rosmaster.master][INFO] 2023-05-08 11:18:46,986: -PUB [/magnetic_field] /turtlebot3_core http://localhost:33333/
[rosmaster.master][INFO] 2023-05-08 11:18:46,987: -SERVICE [/turtlebot3_core/set_logger_level] /turtlebot3_core rosrpc://localhost:39681
[rosmaster.master][INFO] 2023-05-08 11:18:46,987: -SERVICE [/turtlebot3_core/get_loggers] /turtlebot3_core rosrpc://localhost:39681
[rosmaster.master][INFO] 2023-05-08 11:18:47,008: publisherUpdate[/rosout] -> http://localhost:41951/ ['http://localhost:33333/']
[rosmaster.master][INFO] 2023-05-08 11:18:47,013: publisherUpdate[/rosout] -> http://localhost:41951/ ['http://localhost:33333/']: sec=0.00, result=[1, '', 0]
[rosmaster.master][INFO] 2023-05-08 11:18:47,014: publisherUpdate[/cmd_vel] -> http://localhost:33333/ []
[rosmaster.master][INFO] 2023-05-08 11:18:47,046: publisherUpdate[/rosout] -> http://localhost:41951/ []
[rosmaster.master][INFO] 2023-05-08 11:18:47,049: publisherUpdate[/rosout] -> http://localhost:41951/ []: sec=0.00, result=[1, '', 0]
[rosmaster.master][INFO] 2023-05-08 11:18:47,333: publisherUpdate[/cmd_vel] -> http://localhost:33333/ []: sec=0.32, exception=[Errno 111] Connection refused
[rosmaster.threadpool][ERROR] 2023-05-08 11:18:47,428: Traceback (most recent call last):
  File "/opt/ros/kinetic/lib/python2.7/dist-packages/rosmaster/threadpool.py", line 218, in run
    result = cmd(*args)
  File "/opt/ros/kinetic/lib/python2.7/dist-packages/rosmaster/master_api.py", line 210, in publisher_update_task
    ret = xmlrpcapi(api).publisherUpdate('/master', topic, pub_uris)
  File "/usr/lib/python2.7/xmlrpclib.py", line 1243, in __call__
    return self.__send(self.__name, args)
  File "/usr/lib/python2.7/xmlrpclib.py", line 1602, in __request
    verbose=self.__verbose
  File "/usr/lib/python2.7/xmlrpclib.py", line 1283, in request
    return self.single_request(host, handler, request_body, verbose)
  File "/usr/lib/python2.7/xmlrpclib.py", line 1311, in single_request
    self.send_content(h, request_body)
  File "/usr/lib/python2.7/xmlrpclib.py", line 1459, in send_content
    connection.endheaders(request_body)
  File "/usr/lib/python2.7/httplib.py", line 1054, in endheaders
    self._send_output(message_body)
  File "/usr/lib/python2.7/httplib.py", line 892, in _send_output
    self.send(msg)
  File "/usr/lib/python2.7/httplib.py", line 854, in send
    self.connect()
  File "/usr/lib/python2.7/httplib.py", line 831, in connect
    self.timeout, self.source_address)
  File "/usr/lib/python2.7/socket.py", line 575, in create_connection
    raise err
error: [Errno 111] Connection refused

[rosmaster.master][INFO] 2023-05-08 11:19:08,730: +PARAM [/roslaunch/uris/host_localhost__37311] by /roslaunch
[rosmaster.master][INFO] 2023-05-08 11:19:08,743: +PARAM [/rosversion] by /roslaunch
[rosmaster.master][INFO] 2023-05-08 11:19:08,744: +PARAM [/rosdistro] by /roslaunch
[rosmaster.master][INFO] 2023-05-08 11:19:08,744: +PARAM [/turtlebot3_core/port] by /roslaunch
[rosmaster.master][INFO] 2023-05-08 11:19:08,745: +PARAM [/turtlebot3_core/tf_prefix] by /roslaunch
[rosmaster.master][INFO] 2023-05-08 11:19:10,022: +PUB [/rosout] /turtlebot3_core http://localhost:40489/
[rosmaster.master][INFO] 2023-05-08 11:19:10,037: +SERVICE [/turtlebot3_core/get_loggers] /turtlebot3_core http://localhost:40489/
[rosmaster.master][INFO] 2023-05-08 11:19:10,045: +SERVICE [/turtlebot3_core/set_logger_level] /turtlebot3_core http://localhost:40489/
[rosmaster.master][INFO] 2023-05-08 11:19:10,048: +PUB [/rosout] /op_receiver http://localhost:34759/
[rosmaster.master][INFO] 2023-05-08 11:19:10,070: +SERVICE [/op_receiver/get_loggers] /op_receiver http://localhost:34759/
[rosmaster.master][INFO] 2023-05-08 11:19:10,080: publisherUpdate[/rosout] -> http://localhost:41951/ ['http://localhost:40489/']
[rosmaster.master][INFO] 2023-05-08 11:19:10,085: publisherUpdate[/rosout] -> http://localhost:41951/ ['http://localhost:40489/']: sec=0.00, result=[1, '', 0]
[rosmaster.master][INFO] 2023-05-08 11:19:10,088: +SERVICE [/op_receiver/set_logger_level] /op_receiver http://localhost:34759/
[rosmaster.master][INFO] 2023-05-08 11:19:10,090: publisherUpdate[/rosout] -> http://localhost:41951/ ['http://localhost:40489/', 'http://localhost:34759/']
[rosmaster.master][INFO] 2023-05-08 11:19:10,095: +PUB [/diagnostics] /turtlebot3_core http://localhost:40489/
[rosmaster.master][INFO] 2023-05-08 11:19:10,099: publisherUpdate[/rosout] -> http://localhost:41951/ ['http://localhost:40489/', 'http://localhost:34759/']: sec=0.00, result=[1, '', 0]
[rosmaster.master][INFO] 2023-05-08 11:19:10,102: +PUB [/cmd_vel] /op_receiver http://localhost:34759/
[rosmaster.master][INFO] 2023-05-08 11:19:12,217: +PUB [/sensor_state] /turtlebot3_core http://localhost:40489/
[rosmaster.master][INFO] 2023-05-08 11:19:12,228: +PUB [/firmware_version] /turtlebot3_core http://localhost:40489/
[rosmaster.master][INFO] 2023-05-08 11:19:12,270: +PUB [/imu] /turtlebot3_core http://localhost:40489/
[rosmaster.master][INFO] 2023-05-08 11:19:12,280: +PUB [/cmd_vel_rc100] /turtlebot3_core http://localhost:40489/
[rosmaster.master][INFO] 2023-05-08 11:19:12,300: +PUB [/odom] /turtlebot3_core http://localhost:40489/
[rosmaster.master][INFO] 2023-05-08 11:19:12,312: +PUB [/joint_states] /turtlebot3_core http://localhost:40489/
[rosmaster.master][INFO] 2023-05-08 11:19:12,323: +PUB [/battery_state] /turtlebot3_core http://localhost:40489/
[rosmaster.master][INFO] 2023-05-08 11:19:12,333: +PUB [/magnetic_field] /turtlebot3_core http://localhost:40489/
[rosmaster.master][INFO] 2023-05-08 11:19:15,056: +PUB [/tf] /turtlebot3_core http://localhost:40489/
[rosmaster.master][INFO] 2023-05-08 11:19:15,072: +SUB [/cmd_vel] /turtlebot3_core http://localhost:40489/
[rosmaster.master][INFO] 2023-05-08 11:19:15,096: +SUB [/sound] /turtlebot3_core http://localhost:40489/
[rosmaster.master][INFO] 2023-05-08 11:19:15,118: +SUB [/motor_power] /turtlebot3_core http://localhost:40489/
[rosmaster.master][INFO] 2023-05-08 11:19:15,134: +SUB [/reset] /turtlebot3_core http://localhost:40489/
[rosmaster.master][INFO] 2023-05-08 11:19:23,242: -PUB [/rosout] /op_receiver http://localhost:34759/
[rosmaster.master][INFO] 2023-05-08 11:19:23,243: -PUB [/cmd_vel] /op_receiver http://localhost:34759/
[rosmaster.master][INFO] 2023-05-08 11:19:23,244: -SERVICE [/op_receiver/set_logger_level] /op_receiver rosrpc://localhost:34265
[rosmaster.master][INFO] 2023-05-08 11:19:23,245: -SERVICE [/op_receiver/get_loggers] /op_receiver rosrpc://localhost:34265
[rosmaster.master][INFO] 2023-05-08 11:19:23,265: -SUB [/sound] /turtlebot3_core http://localhost:40489/
[rosmaster.master][INFO] 2023-05-08 11:19:23,266: -SUB [/motor_power] /turtlebot3_core http://localhost:40489/
[rosmaster.master][INFO] 2023-05-08 11:19:23,267: -SUB [/cmd_vel] /turtlebot3_core http://localhost:40489/
[rosmaster.master][INFO] 2023-05-08 11:19:23,267: -SUB [/reset] /turtlebot3_core http://localhost:40489/
[rosmaster.master][INFO] 2023-05-08 11:19:23,268: -PUB [/firmware_version] /turtlebot3_core http://localhost:40489/
[rosmaster.master][INFO] 2023-05-08 11:19:23,268: -PUB [/battery_state] /turtlebot3_core http://localhost:40489/
[rosmaster.master][INFO] 2023-05-08 11:19:23,269: -PUB [/joint_states] /turtlebot3_core http://localhost:40489/
[rosmaster.master][INFO] 2023-05-08 11:19:23,269: -PUB [/rosout] /turtlebot3_core http://localhost:40489/
[rosmaster.master][INFO] 2023-05-08 11:19:23,270: -PUB [/tf] /turtlebot3_core http://localhost:40489/
[rosmaster.master][INFO] 2023-05-08 11:19:23,270: -PUB [/cmd_vel_rc100] /turtlebot3_core http://localhost:40489/
[rosmaster.master][INFO] 2023-05-08 11:19:23,271: -PUB [/imu] /turtlebot3_core http://localhost:40489/
[rosmaster.master][INFO] 2023-05-08 11:19:23,272: -PUB [/odom] /turtlebot3_core http://localhost:40489/
[rosmaster.master][INFO] 2023-05-08 11:19:23,273: -PUB [/diagnostics] /turtlebot3_core http://localhost:40489/
[rosmaster.master][INFO] 2023-05-08 11:19:23,273: -PUB [/sensor_state] /turtlebot3_core http://localhost:40489/
[rosmaster.master][INFO] 2023-05-08 11:19:23,274: -PUB [/magnetic_field] /turtlebot3_core http://localhost:40489/
[rosmaster.master][INFO] 2023-05-08 11:19:23,274: -SERVICE [/turtlebot3_core/set_logger_level] /turtlebot3_core rosrpc://localhost:39507
[rosmaster.master][INFO] 2023-05-08 11:19:23,275: -SERVICE [/turtlebot3_core/get_loggers] /turtlebot3_core rosrpc://localhost:39507
[rosmaster.master][INFO] 2023-05-08 11:19:23,329: publisherUpdate[/cmd_vel] -> http://localhost:40489/ []
[rosmaster.master][INFO] 2023-05-08 11:19:23,329: publisherUpdate[/rosout] -> http://localhost:41951/ ['http://localhost:40489/']
[rosmaster.master][INFO] 2023-05-08 11:19:23,333: publisherUpdate[/rosout] -> http://localhost:41951/ ['http://localhost:40489/']: sec=0.00, result=[1, '', 0]
[rosmaster.master][INFO] 2023-05-08 11:19:23,334: publisherUpdate[/rosout] -> http://localhost:41951/ []
[rosmaster.master][INFO] 2023-05-08 11:19:23,337: publisherUpdate[/rosout] -> http://localhost:41951/ []: sec=0.00, result=[1, '', 0]
[rosmaster.master][INFO] 2023-05-08 11:19:23,460: publisherUpdate[/cmd_vel] -> http://localhost:40489/ []: sec=0.13, exception=[Errno 111] Connection refused
[rosmaster.threadpool][ERROR] 2023-05-08 11:19:23,462: Traceback (most recent call last):
  File "/opt/ros/kinetic/lib/python2.7/dist-packages/rosmaster/threadpool.py", line 218, in run
    result = cmd(*args)
  File "/opt/ros/kinetic/lib/python2.7/dist-packages/rosmaster/master_api.py", line 210, in publisher_update_task
    ret = xmlrpcapi(api).publisherUpdate('/master', topic, pub_uris)
  File "/usr/lib/python2.7/xmlrpclib.py", line 1243, in __call__
    return self.__send(self.__name, args)
  File "/usr/lib/python2.7/xmlrpclib.py", line 1602, in __request
    verbose=self.__verbose
  File "/usr/lib/python2.7/xmlrpclib.py", line 1283, in request
    return self.single_request(host, handler, request_body, verbose)
  File "/usr/lib/python2.7/xmlrpclib.py", line 1311, in single_request
    self.send_content(h, request_body)
  File "/usr/lib/python2.7/xmlrpclib.py", line 1459, in send_content
    connection.endheaders(request_body)
  File "/usr/lib/python2.7/httplib.py", line 1054, in endheaders
    self._send_output(message_body)
  File "/usr/lib/python2.7/httplib.py", line 892, in _send_output
    self.send(msg)
  File "/usr/lib/python2.7/httplib.py", line 854, in send
    self.connect()
  File "/usr/lib/python2.7/httplib.py", line 831, in connect
    self.timeout, self.source_address)
  File "/usr/lib/python2.7/socket.py", line 575, in create_connection
    raise err
error: [Errno 111] Connection refused

[rosmaster.master][INFO] 2023-05-08 11:19:27,152: -PUB [/rosout_agg] /rosout http://localhost:41951/
[rosmaster.master][INFO] 2023-05-08 11:19:27,156: -SUB [/rosout] /rosout http://localhost:41951/
[rosmaster.master][INFO] 2023-05-08 11:19:27,160: -SERVICE [/rosout/get_loggers] /rosout rosrpc://localhost:58813
[rosmaster.master][INFO] 2023-05-08 11:19:27,164: -SERVICE [/rosout/set_logger_level] /rosout rosrpc://localhost:58813
[rosmaster.main][INFO] 2023-05-08 11:19:27,339: keyboard interrupt, will exit
[rosmaster.main][INFO] 2023-05-08 11:19:27,340: stopping master...
[rospy.core][INFO] 2023-05-08 11:19:27,340: signal_shutdown [atexit]
