

1683513444.580709480  Node Startup
1683513640.290451049 INFO [serial_node.py:86(<module>) [topics: /rosout] Connecting to /dev/ttyACM0 at 57600 baud
1683513642.495136022 INFO [SerialClient.py:520(setPublishSize) [topics: /diagnostics, /rosout, /sensor_state] Note: publish buffer size is 1024 bytes
1683513642.498311996 INFO [SerialClient.py:536(setupPublisher) [topics: /diagnostics, /rosout, /sensor_state] Setup publisher on sensor_state [turtlebot3_msgs/SensorState]
1683513642.516765117 INFO [SerialClient.py:536(setupPublisher) [topics: /firmware_version, /diagnostics, /rosout, /sensor_state] Setup publisher on firmware_version [turtlebot3_msgs/VersionInfo]
1683513642.781764984 INFO [SerialClient.py:536(setupPublisher) [topics: /firmware_version, /diagnostics, /imu, /rosout, /sensor_state] Setup publisher on imu [sensor_msgs/Imu]
1683513642.800004005 INFO [SerialClient.py:536(setupPublisher) [topics: /cmd_vel_rc100, /imu, /firmware_version, /diagnostics, /rosout, /sensor_state] Setup publisher on cmd_vel_rc100 [geometry_msgs/Twist]
1683513642.963942050 INFO [SerialClient.py:536(setupPublisher) [topics: /cmd_vel_rc100, /imu, /odom, /firmware_version, /diagnostics, /rosout, /sensor_state] Setup publisher on odom [nav_msgs/Odometry]
1683513642.982902050 INFO [SerialClient.py:536(setupPublisher) [topics: /firmware_version, /joint_states, /rosout, /cmd_vel_rc100, /imu, /odom, /diagnostics, /sensor_state] Setup publisher on joint_states [sensor_msgs/JointState]
1683513643.001291036 INFO [SerialClient.py:536(setupPublisher) [topics: /firmware_version, /battery_state, /joint_states, /rosout, /cmd_vel_rc100, /imu, /odom, /diagnostics, /sensor_state] Setup publisher on battery_state [sensor_msgs/BatteryState]
1683513643.019701004 INFO [SerialClient.py:536(setupPublisher) [topics: /firmware_version, /battery_state, /joint_states, /rosout, /cmd_vel_rc100, /imu, /odom, /diagnostics, /sensor_state, /magnetic_field] Setup publisher on magnetic_field [sensor_msgs/MagneticField]
1683513647.620948076 INFO [SerialClient.py:536(setupPublisher) [topics: /firmware_version, /battery_state, /joint_states, /rosout, /tf, /cmd_vel_rc100, /imu, /odom, /diagnostics, /sensor_state, /magnetic_field] Setup publisher on /tf [tf/tfMessage]
1683513647.635971069 INFO [SerialClient.py:525(setSubscribeSize) [topics: /firmware_version, /battery_state, /joint_states, /rosout, /tf, /cmd_vel_rc100, /imu, /odom, /diagnostics, /cmd_vel, /sensor_state, /magnetic_field] Note: subscribe buffer size is 1024 bytes
1683513647.637862920 INFO [SerialClient.py:549(setupSubscriber) [topics: /firmware_version, /battery_state, /joint_states, /rosout, /tf, /cmd_vel_rc100, /imu, /odom, /diagnostics, /cmd_vel, /sensor_state, /magnetic_field] Setup subscriber on cmd_vel [geometry_msgs/Twist]
1683513647.653729915 INFO [SerialClient.py:549(setupSubscriber) [topics: /firmware_version, /battery_state, /joint_states, /rosout, /imu, /tf, /cmd_vel_rc100, /sound, /odom, /diagnostics, /cmd_vel, /sensor_state, /magnetic_field] Setup subscriber on sound [turtlebot3_msgs/Sound]
1683513647.677417039 INFO [SerialClient.py:549(setupSubscriber) [topics: /firmware_version, /rosout, /battery_state, /joint_states, /motor_power, /imu, /tf, /cmd_vel_rc100, /sound, /odom, /diagnostics, /cmd_vel, /sensor_state, /magnetic_field] Setup subscriber on motor_power [std_msgs/Bool]
1683513647.692367076 INFO [SerialClient.py:549(setupSubscriber) [topics: /firmware_version, /rosout, /battery_state, /joint_states, /motor_power, /imu, /tf, /cmd_vel_rc100, /sound, /odom, /reset, /diagnostics, /cmd_vel, /sensor_state, /magnetic_field] Setup subscriber on reset [std_msgs/Empty]
1683513647.705358028 WARN [SerialClient.py:689(handleLoggingRequest) [topics: /firmware_version, /rosout, /battery_state, /joint_states, /motor_power, /imu, /tf, /cmd_vel_rc100, /sound, /odom, /reset, /diagnostics, /cmd_vel, /sensor_state, /magnetic_field] Failed to get param: timeout expired
1683513647.709049940 INFO [SerialClient.py:687(handleLoggingRequest) [topics: /firmware_version, /rosout, /battery_state, /joint_states, /motor_power, /imu, /tf, /cmd_vel_rc100, /sound, /odom, /reset, /diagnostics, /cmd_vel, /sensor_state, /magnetic_field] Setup TF on Odometry [odom]
1683513647.712784051 INFO [SerialClient.py:687(handleLoggingRequest) [topics: /firmware_version, /rosout, /battery_state, /joint_states, /motor_power, /imu, /tf, /cmd_vel_rc100, /sound, /odom, /reset, /diagnostics, /cmd_vel, /sensor_state, /magnetic_field] Setup TF on IMU [imu_link]
1683513647.716511011 INFO [SerialClient.py:687(handleLoggingRequest) [topics: /firmware_version, /rosout, /battery_state, /joint_states, /motor_power, /imu, /tf, /cmd_vel_rc100, /sound, /odom, /reset, /diagnostics, /cmd_vel, /sensor_state, /magnetic_field] Setup TF on MagneticField [mag_link]
1683513647.720163106 INFO [SerialClient.py:687(handleLoggingRequest) [topics: /firmware_version, /rosout, /battery_state, /joint_states, /motor_power, /imu, /tf, /cmd_vel_rc100, /sound, /odom, /reset, /diagnostics, /cmd_vel, /sensor_state, /magnetic_field] Setup TF on JointState [base_link]
1683513647.727929115 INFO [SerialClient.py:687(handleLoggingRequest) [topics: /firmware_version, /rosout, /battery_state, /joint_states, /motor_power, /imu, /tf, /cmd_vel_rc100, /sound, /odom, /reset, /diagnostics, /cmd_vel, /sensor_state, /magnetic_field] --------------------------
1683513647.731709957 INFO [SerialClient.py:687(handleLoggingRequest) [topics: /firmware_version, /rosout, /battery_state, /joint_states, /motor_power, /imu, /tf, /cmd_vel_rc100, /sound, /odom, /reset, /diagnostics, /cmd_vel, /sensor_state, /magnetic_field] Connected to OpenCR board!
1683513647.735414981 INFO [SerialClient.py:687(handleLoggingRequest) [topics: /firmware_version, /rosout, /battery_state, /joint_states, /motor_power, /imu, /tf, /cmd_vel_rc100, /sound, /odom, /reset, /diagnostics, /cmd_vel, /sensor_state, /magnetic_field] This core(v1.2.2) is compatible with TB3 Burger
1683513647.739082098 INFO [SerialClient.py:687(handleLoggingRequest) [topics: /firmware_version, /rosout, /battery_state, /joint_states, /motor_power, /imu, /tf, /cmd_vel_rc100, /sound, /odom, /reset, /diagnostics, /cmd_vel, /sensor_state, /magnetic_field] --------------------------
1683513647.742813110 INFO [SerialClient.py:687(handleLoggingRequest) [topics: /firmware_version, /rosout, /battery_state, /joint_states, /motor_power, /imu, /tf, /cmd_vel_rc100, /sound, /odom, /reset, /diagnostics, /cmd_vel, /sensor_state, /magnetic_field] Start Calibration of Gyro
1683513649.053453922 INFO [SerialClient.py:687(handleLoggingRequest) [topics: /firmware_version, /rosout, /battery_state, /joint_states, /motor_power, /imu, /tf, /cmd_vel_rc100, /sound, /odom, /reset, /diagnostics, /cmd_vel, /sensor_state, /magnetic_field] Calibration End
1683515926.940207958 INFO [SerialClient.py:409(txStopRequest) [topics: /firmware_version, /rosout, /battery_state, /joint_states, /motor_power, /imu, /tf, /cmd_vel_rc100, /sound, /odom, /reset, /diagnostics, /cmd_vel, /sensor_state, /magnetic_field] Send tx stop request
1683515950.089112043 INFO [serial_node.py:86(<module>) [topics: /rosout] Connecting to /dev/ttyACM0 at 57600 baud
1683515952.219898939 INFO [SerialClient.py:520(setPublishSize) [topics: /diagnostics, /rosout, /sensor_state] Note: publish buffer size is 1024 bytes
1683515952.221971988 INFO [SerialClient.py:536(setupPublisher) [topics: /diagnostics, /rosout, /sensor_state] Setup publisher on sensor_state [turtlebot3_msgs/SensorState]
1683515952.231794118 INFO [SerialClient.py:536(setupPublisher) [topics: /firmware_version, /diagnostics, /rosout, /sensor_state] Setup publisher on firmware_version [turtlebot3_msgs/VersionInfo]
1683515952.273175954 INFO [SerialClient.py:536(setupPublisher) [topics: /firmware_version, /diagnostics, /imu, /rosout, /sensor_state] Setup publisher on imu [sensor_msgs/Imu]
1683515952.283801078 INFO [SerialClient.py:536(setupPublisher) [topics: /cmd_vel_rc100, /imu, /firmware_version, /diagnostics, /rosout, /sensor_state] Setup publisher on cmd_vel_rc100 [geometry_msgs/Twist]
1683515952.303786039 INFO [SerialClient.py:536(setupPublisher) [topics: /cmd_vel_rc100, /imu, /odom, /firmware_version, /diagnostics, /rosout, /sensor_state] Setup publisher on odom [nav_msgs/Odometry]
1683515952.316421985 INFO [SerialClient.py:536(setupPublisher) [topics: /firmware_version, /joint_states, /rosout, /cmd_vel_rc100, /imu, /odom, /diagnostics, /sensor_state] Setup publisher on joint_states [sensor_msgs/JointState]
1683515952.326113939 INFO [SerialClient.py:536(setupPublisher) [topics: /firmware_version, /battery_state, /joint_states, /rosout, /cmd_vel_rc100, /imu, /odom, /diagnostics, /sensor_state] Setup publisher on battery_state [sensor_msgs/BatteryState]
1683515952.336138010 INFO [SerialClient.py:536(setupPublisher) [topics: /firmware_version, /battery_state, /joint_states, /rosout, /cmd_vel_rc100, /imu, /odom, /diagnostics, /sensor_state, /magnetic_field] Setup publisher on magnetic_field [sensor_msgs/MagneticField]
1683515955.059767007 INFO [SerialClient.py:536(setupPublisher) [topics: /firmware_version, /battery_state, /joint_states, /rosout, /tf, /cmd_vel_rc100, /imu, /odom, /diagnostics, /sensor_state, /magnetic_field] Setup publisher on /tf [tf/tfMessage]
1683515955.075167894 INFO [SerialClient.py:525(setSubscribeSize) [topics: /firmware_version, /battery_state, /joint_states, /rosout, /tf, /cmd_vel_rc100, /imu, /odom, /diagnostics, /cmd_vel, /sensor_state, /magnetic_field] Note: subscribe buffer size is 1024 bytes
1683515955.079955101 INFO [SerialClient.py:549(setupSubscriber) [topics: /firmware_version, /battery_state, /joint_states, /rosout, /tf, /cmd_vel_rc100, /imu, /odom, /diagnostics, /cmd_vel, /sensor_state, /magnetic_field] Setup subscriber on cmd_vel [geometry_msgs/Twist]
1683515955.100402116 INFO [SerialClient.py:549(setupSubscriber) [topics: /firmware_version, /battery_state, /joint_states, /rosout, /imu, /tf, /cmd_vel_rc100, /sound, /odom, /diagnostics, /cmd_vel, /sensor_state, /magnetic_field] Setup subscriber on sound [turtlebot3_msgs/Sound]
1683515955.122606992 INFO [SerialClient.py:549(setupSubscriber) [topics: /firmware_version, /rosout, /battery_state, /joint_states, /motor_power, /imu, /tf, /cmd_vel_rc100, /sound, /odom, /diagnostics, /cmd_vel, /sensor_state, /magnetic_field] Setup subscriber on motor_power [std_msgs/Bool]
1683515955.137835979 INFO [SerialClient.py:549(setupSubscriber) [topics: /firmware_version, /rosout, /battery_state, /joint_states, /motor_power, /imu, /tf, /cmd_vel_rc100, /sound, /odom, /reset, /diagnostics, /cmd_vel, /sensor_state, /magnetic_field] Setup subscriber on reset [std_msgs/Empty]
1683515955.296185016 INFO [SerialClient.py:687(handleLoggingRequest) [topics: /firmware_version, /rosout, /battery_state, /joint_states, /motor_power, /imu, /tf, /cmd_vel_rc100, /sound, /odom, /reset, /diagnostics, /cmd_vel, /sensor_state, /magnetic_field] Setup TF on Odometry [odom]
1683515955.301899909 INFO [SerialClient.py:687(handleLoggingRequest) [topics: /firmware_version, /rosout, /battery_state, /joint_states, /motor_power, /imu, /tf, /cmd_vel_rc100, /sound, /odom, /reset, /diagnostics, /cmd_vel, /sensor_state, /magnetic_field] Setup TF on IMU [imu_link]
1683515955.305960893 INFO [SerialClient.py:687(handleLoggingRequest) [topics: /firmware_version, /rosout, /battery_state, /joint_states, /motor_power, /imu, /tf, /cmd_vel_rc100, /sound, /odom, /reset, /diagnostics, /cmd_vel, /sensor_state, /magnetic_field] Setup TF on MagneticField [mag_link]
1683515955.309664011 INFO [SerialClient.py:687(handleLoggingRequest) [topics: /firmware_version, /rosout, /battery_state, /joint_states, /motor_power, /imu, /tf, /cmd_vel_rc100, /sound, /odom, /reset, /diagnostics, /cmd_vel, /sensor_state, /magnetic_field] Setup TF on JointState [base_link]
1683515955.317392110 INFO [SerialClient.py:687(handleLoggingRequest) [topics: /firmware_version, /rosout, /battery_state, /joint_states, /motor_power, /imu, /tf, /cmd_vel_rc100, /sound, /odom, /reset, /diagnostics, /cmd_vel, /sensor_state, /magnetic_field] --------------------------
1683515955.320992946 INFO [SerialClient.py:687(handleLoggingRequest) [topics: /firmware_version, /rosout, /battery_state, /joint_states, /motor_power, /imu, /tf, /cmd_vel_rc100, /sound, /odom, /reset, /diagnostics, /cmd_vel, /sensor_state, /magnetic_field] Connected to OpenCR board!
1683515955.324640989 INFO [SerialClient.py:687(handleLoggingRequest) [topics: /firmware_version, /rosout, /battery_state, /joint_states, /motor_power, /imu, /tf, /cmd_vel_rc100, /sound, /odom, /reset, /diagnostics, /cmd_vel, /sensor_state, /magnetic_field] This core(v1.2.2) is compatible with TB3 Burger
1683515955.328310966 INFO [SerialClient.py:687(handleLoggingRequest) [topics: /firmware_version, /rosout, /battery_state, /joint_states, /motor_power, /imu, /tf, /cmd_vel_rc100, /sound, /odom, /reset, /diagnostics, /cmd_vel, /sensor_state, /magnetic_field] --------------------------
1683515955.331964015 INFO [SerialClient.py:687(handleLoggingRequest) [topics: /firmware_version, /rosout, /battery_state, /joint_states, /motor_power, /imu, /tf, /cmd_vel_rc100, /sound, /odom, /reset, /diagnostics, /cmd_vel, /sensor_state, /magnetic_field] Start Calibration of Gyro
1683515957.856200933 INFO [SerialClient.py:687(handleLoggingRequest) [topics: /firmware_version, /rosout, /battery_state, /joint_states, /motor_power, /imu, /tf, /cmd_vel_rc100, /sound, /odom, /reset, /diagnostics, /cmd_vel, /sensor_state, /magnetic_field] Calibration End
1683515963.239620923 INFO [SerialClient.py:409(txStopRequest) [topics: /firmware_version, /rosout, /battery_state, /joint_states, /motor_power, /imu, /tf, /cmd_vel_rc100, /sound, /odom, /reset, /diagnostics, /cmd_vel, /sensor_state, /magnetic_field] Send tx stop request
