

1682658291.427561574  Node Startup
1682658375.536598920 INFO [serial_node.py:86(<module>) [topics: /rosout] Connecting to /dev/ttyACM0 at 57600 baud
1682658377.693407058 INFO [SerialClient.py:520(setPublishSize) [topics: /diagnostics, /rosout, /sensor_state] Note: publish buffer size is 1024 bytes
1682658377.698807954 INFO [SerialClient.py:536(setupPublisher) [topics: /diagnostics, /rosout, /sensor_state] Setup publisher on sensor_state [turtlebot3_msgs/SensorState]
1682658377.717566967 INFO [SerialClient.py:536(setupPublisher) [topics: /firmware_version, /diagnostics, /rosout, /sensor_state] Setup publisher on firmware_version [turtlebot3_msgs/VersionInfo]
1682658377.815052986 INFO [SerialClient.py:536(setupPublisher) [topics: /firmware_version, /diagnostics, /imu, /rosout, /sensor_state] Setup publisher on imu [sensor_msgs/Imu]
1682658377.825356960 INFO [SerialClient.py:536(setupPublisher) [topics: /cmd_vel_rc100, /imu, /firmware_version, /diagnostics, /rosout, /sensor_state] Setup publisher on cmd_vel_rc100 [geometry_msgs/Twist]
1682658377.875431060 INFO [SerialClient.py:536(setupPublisher) [topics: /cmd_vel_rc100, /imu, /odom, /firmware_version, /diagnostics, /rosout, /sensor_state] Setup publisher on odom [nav_msgs/Odometry]
1682658377.887016057 INFO [SerialClient.py:536(setupPublisher) [topics: /firmware_version, /joint_states, /rosout, /cmd_vel_rc100, /imu, /odom, /diagnostics, /sensor_state] Setup publisher on joint_states [sensor_msgs/JointState]
1682658377.897260904 INFO [SerialClient.py:536(setupPublisher) [topics: /firmware_version, /battery_state, /joint_states, /rosout, /cmd_vel_rc100, /imu, /odom, /diagnostics, /sensor_state] Setup publisher on battery_state [sensor_msgs/BatteryState]
1682658377.907691955 INFO [SerialClient.py:536(setupPublisher) [topics: /firmware_version, /battery_state, /joint_states, /rosout, /cmd_vel_rc100, /imu, /odom, /diagnostics, /sensor_state, /magnetic_field] Setup publisher on magnetic_field [sensor_msgs/MagneticField]
1682658381.218278884 INFO [SerialClient.py:536(setupPublisher) [topics: /firmware_version, /battery_state, /joint_states, /rosout, /tf, /cmd_vel_rc100, /imu, /odom, /diagnostics, /sensor_state, /magnetic_field] Setup publisher on /tf [tf/tfMessage]
1682658381.237297058 INFO [SerialClient.py:525(setSubscribeSize) [topics: /firmware_version, /battery_state, /joint_states, /rosout, /tf, /cmd_vel_rc100, /imu, /odom, /diagnostics, /cmd_vel, /sensor_state, /magnetic_field] Note: subscribe buffer size is 1024 bytes
1682658381.239279985 INFO [SerialClient.py:549(setupSubscriber) [topics: /firmware_version, /battery_state, /joint_states, /rosout, /tf, /cmd_vel_rc100, /imu, /odom, /diagnostics, /cmd_vel, /sensor_state, /magnetic_field] Setup subscriber on cmd_vel [geometry_msgs/Twist]
1682658381.256258010 INFO [SerialClient.py:549(setupSubscriber) [topics: /firmware_version, /battery_state, /joint_states, /rosout, /imu, /tf, /cmd_vel_rc100, /sound, /odom, /diagnostics, /cmd_vel, /sensor_state, /magnetic_field] Setup subscriber on sound [turtlebot3_msgs/Sound]
1682658381.271596908 INFO [SerialClient.py:549(setupSubscriber) [topics: /firmware_version, /rosout, /battery_state, /joint_states, /motor_power, /imu, /tf, /cmd_vel_rc100, /sound, /odom, /diagnostics, /cmd_vel, /sensor_state, /magnetic_field] Setup subscriber on motor_power [std_msgs/Bool]
1682658381.286802053 INFO [SerialClient.py:549(setupSubscriber) [topics: /firmware_version, /rosout, /battery_state, /joint_states, /motor_power, /imu, /tf, /cmd_vel_rc100, /sound, /odom, /reset, /diagnostics, /cmd_vel, /sensor_state, /magnetic_field] Setup subscriber on reset [std_msgs/Empty]
1682658381.302475929 INFO [SerialClient.py:687(handleLoggingRequest) [topics: /firmware_version, /rosout, /battery_state, /joint_states, /motor_power, /imu, /tf, /cmd_vel_rc100, /sound, /odom, /reset, /diagnostics, /cmd_vel, /sensor_state, /magnetic_field] Setup TF on Odometry [odom]
1682658381.310571908 INFO [SerialClient.py:687(handleLoggingRequest) [topics: /firmware_version, /rosout, /battery_state, /joint_states, /motor_power, /imu, /tf, /cmd_vel_rc100, /sound, /odom, /reset, /diagnostics, /cmd_vel, /sensor_state, /magnetic_field] Setup TF on IMU [imu_link]
1682658381.316984891 INFO [SerialClient.py:687(handleLoggingRequest) [topics: /firmware_version, /rosout, /battery_state, /joint_states, /motor_power, /imu, /tf, /cmd_vel_rc100, /sound, /odom, /reset, /diagnostics, /cmd_vel, /sensor_state, /magnetic_field] Setup TF on MagneticField [mag_link]
1682658381.323471069 INFO [SerialClient.py:687(handleLoggingRequest) [topics: /firmware_version, /rosout, /battery_state, /joint_states, /motor_power, /imu, /tf, /cmd_vel_rc100, /sound, /odom, /reset, /diagnostics, /cmd_vel, /sensor_state, /magnetic_field] Setup TF on JointState [base_link]
1682658381.336549997 INFO [SerialClient.py:687(handleLoggingRequest) [topics: /firmware_version, /rosout, /battery_state, /joint_states, /motor_power, /imu, /tf, /cmd_vel_rc100, /sound, /odom, /reset, /diagnostics, /cmd_vel, /sensor_state, /magnetic_field] --------------------------
1682658381.342962026 INFO [SerialClient.py:687(handleLoggingRequest) [topics: /firmware_version, /rosout, /battery_state, /joint_states, /motor_power, /imu, /tf, /cmd_vel_rc100, /sound, /odom, /reset, /diagnostics, /cmd_vel, /sensor_state, /magnetic_field] Connected to OpenCR board!
1682658381.349874973 INFO [SerialClient.py:687(handleLoggingRequest) [topics: /firmware_version, /rosout, /battery_state, /joint_states, /motor_power, /imu, /tf, /cmd_vel_rc100, /sound, /odom, /reset, /diagnostics, /cmd_vel, /sensor_state, /magnetic_field] This core(v1.2.2) is compatible with TB3 Burger
1682658381.356317996 INFO [SerialClient.py:687(handleLoggingRequest) [topics: /firmware_version, /rosout, /battery_state, /joint_states, /motor_power, /imu, /tf, /cmd_vel_rc100, /sound, /odom, /reset, /diagnostics, /cmd_vel, /sensor_state, /magnetic_field] --------------------------
1682658381.363065958 INFO [SerialClient.py:687(handleLoggingRequest) [topics: /firmware_version, /rosout, /battery_state, /joint_states, /motor_power, /imu, /tf, /cmd_vel_rc100, /sound, /odom, /reset, /diagnostics, /cmd_vel, /sensor_state, /magnetic_field] Start Calibration of Gyro
1682658383.861696958 INFO [SerialClient.py:687(handleLoggingRequest) [topics: /firmware_version, /rosout, /battery_state, /joint_states, /motor_power, /imu, /tf, /cmd_vel_rc100, /sound, /odom, /reset, /diagnostics, /cmd_vel, /sensor_state, /magnetic_field] Calibration End
1682658384.191756963 INFO [SerialClient.py:409(txStopRequest) [topics: /firmware_version, /rosout, /battery_state, /joint_states, /motor_power, /imu, /tf, /cmd_vel_rc100, /sound, /odom, /reset, /diagnostics, /cmd_vel, /sensor_state, /magnetic_field] Send tx stop request
1682658425.188183069 INFO [serial_node.py:86(<module>) [topics: /rosout] Connecting to /dev/ttyACM0 at 57600 baud
1682658427.324269056 INFO [SerialClient.py:520(setPublishSize) [topics: /diagnostics, /rosout, /sensor_state] Note: publish buffer size is 1024 bytes
1682658427.327838897 INFO [SerialClient.py:536(setupPublisher) [topics: /diagnostics, /rosout, /sensor_state] Setup publisher on sensor_state [turtlebot3_msgs/SensorState]
1682658427.346317052 INFO [SerialClient.py:536(setupPublisher) [topics: /firmware_version, /diagnostics, /rosout, /sensor_state] Setup publisher on firmware_version [turtlebot3_msgs/VersionInfo]
1682658427.425785064 INFO [SerialClient.py:536(setupPublisher) [topics: /firmware_version, /diagnostics, /imu, /rosout, /sensor_state] Setup publisher on imu [sensor_msgs/Imu]
1682658427.439815998 INFO [SerialClient.py:536(setupPublisher) [topics: /cmd_vel_rc100, /imu, /firmware_version, /diagnostics, /rosout, /sensor_state] Setup publisher on cmd_vel_rc100 [geometry_msgs/Twist]
1682658427.458635091 INFO [SerialClient.py:536(setupPublisher) [topics: /cmd_vel_rc100, /imu, /odom, /firmware_version, /diagnostics, /rosout, /sensor_state] Setup publisher on odom [nav_msgs/Odometry]
1682658427.468878030 INFO [SerialClient.py:536(setupPublisher) [topics: /firmware_version, /joint_states, /rosout, /cmd_vel_rc100, /imu, /odom, /diagnostics, /sensor_state] Setup publisher on joint_states [sensor_msgs/JointState]
1682658427.478823900 INFO [SerialClient.py:536(setupPublisher) [topics: /firmware_version, /battery_state, /joint_states, /rosout, /cmd_vel_rc100, /imu, /odom, /diagnostics, /sensor_state] Setup publisher on battery_state [sensor_msgs/BatteryState]
1682658427.488735914 INFO [SerialClient.py:536(setupPublisher) [topics: /firmware_version, /battery_state, /joint_states, /rosout, /cmd_vel_rc100, /imu, /odom, /diagnostics, /sensor_state, /magnetic_field] Setup publisher on magnetic_field [sensor_msgs/MagneticField]
1682658430.023993968 INFO [SerialClient.py:536(setupPublisher) [topics: /firmware_version, /battery_state, /joint_states, /rosout, /tf, /cmd_vel_rc100, /imu, /odom, /diagnostics, /sensor_state, /magnetic_field] Setup publisher on /tf [tf/tfMessage]
1682658430.039217948 INFO [SerialClient.py:525(setSubscribeSize) [topics: /firmware_version, /battery_state, /joint_states, /rosout, /tf, /cmd_vel_rc100, /imu, /odom, /diagnostics, /cmd_vel, /sensor_state, /magnetic_field] Note: subscribe buffer size is 1024 bytes
1682658430.040913105 INFO [SerialClient.py:549(setupSubscriber) [topics: /firmware_version, /battery_state, /joint_states, /rosout, /tf, /cmd_vel_rc100, /imu, /odom, /diagnostics, /cmd_vel, /sensor_state, /magnetic_field] Setup subscriber on cmd_vel [geometry_msgs/Twist]
1682658430.056212902 INFO [SerialClient.py:549(setupSubscriber) [topics: /firmware_version, /battery_state, /joint_states, /rosout, /imu, /tf, /cmd_vel_rc100, /sound, /odom, /diagnostics, /cmd_vel, /sensor_state, /magnetic_field] Setup subscriber on sound [turtlebot3_msgs/Sound]
1682658430.072596073 INFO [SerialClient.py:549(setupSubscriber) [topics: /firmware_version, /rosout, /battery_state, /joint_states, /motor_power, /imu, /tf, /cmd_vel_rc100, /sound, /odom, /diagnostics, /cmd_vel, /sensor_state, /magnetic_field] Setup subscriber on motor_power [std_msgs/Bool]
1682658430.087186098 INFO [SerialClient.py:549(setupSubscriber) [topics: /firmware_version, /rosout, /battery_state, /joint_states, /motor_power, /imu, /tf, /cmd_vel_rc100, /sound, /odom, /reset, /diagnostics, /cmd_vel, /sensor_state, /magnetic_field] Setup subscriber on reset [std_msgs/Empty]
1682658430.388165950 INFO [SerialClient.py:687(handleLoggingRequest) [topics: /firmware_version, /rosout, /battery_state, /joint_states, /motor_power, /imu, /tf, /cmd_vel_rc100, /sound, /odom, /reset, /diagnostics, /cmd_vel, /sensor_state, /magnetic_field] Setup TF on Odometry [odom]
1682658430.391566991 INFO [SerialClient.py:687(handleLoggingRequest) [topics: /firmware_version, /rosout, /battery_state, /joint_states, /motor_power, /imu, /tf, /cmd_vel_rc100, /sound, /odom, /reset, /diagnostics, /cmd_vel, /sensor_state, /magnetic_field] Setup TF on IMU [imu_link]
1682658430.395071029 INFO [SerialClient.py:687(handleLoggingRequest) [topics: /firmware_version, /rosout, /battery_state, /joint_states, /motor_power, /imu, /tf, /cmd_vel_rc100, /sound, /odom, /reset, /diagnostics, /cmd_vel, /sensor_state, /magnetic_field] Setup TF on MagneticField [mag_link]
1682658430.398718118 INFO [SerialClient.py:687(handleLoggingRequest) [topics: /firmware_version, /rosout, /battery_state, /joint_states, /motor_power, /imu, /tf, /cmd_vel_rc100, /sound, /odom, /reset, /diagnostics, /cmd_vel, /sensor_state, /magnetic_field] Setup TF on JointState [base_link]
1682658430.406245946 INFO [SerialClient.py:687(handleLoggingRequest) [topics: /firmware_version, /rosout, /battery_state, /joint_states, /motor_power, /imu, /tf, /cmd_vel_rc100, /sound, /odom, /reset, /diagnostics, /cmd_vel, /sensor_state, /magnetic_field] --------------------------
1682658430.409749984 INFO [SerialClient.py:687(handleLoggingRequest) [topics: /firmware_version, /rosout, /battery_state, /joint_states, /motor_power, /imu, /tf, /cmd_vel_rc100, /sound, /odom, /reset, /diagnostics, /cmd_vel, /sensor_state, /magnetic_field] Connected to OpenCR board!
1682658430.413214921 INFO [SerialClient.py:687(handleLoggingRequest) [topics: /firmware_version, /rosout, /battery_state, /joint_states, /motor_power, /imu, /tf, /cmd_vel_rc100, /sound, /odom, /reset, /diagnostics, /cmd_vel, /sensor_state, /magnetic_field] This core(v1.2.2) is compatible with TB3 Burger
1682658430.416897058 INFO [SerialClient.py:687(handleLoggingRequest) [topics: /firmware_version, /rosout, /battery_state, /joint_states, /motor_power, /imu, /tf, /cmd_vel_rc100, /sound, /odom, /reset, /diagnostics, /cmd_vel, /sensor_state, /magnetic_field] --------------------------
1682658430.420334100 INFO [SerialClient.py:687(handleLoggingRequest) [topics: /firmware_version, /rosout, /battery_state, /joint_states, /motor_power, /imu, /tf, /cmd_vel_rc100, /sound, /odom, /reset, /diagnostics, /cmd_vel, /sensor_state, /magnetic_field] Start Calibration of Gyro
1682658432.951491117 INFO [SerialClient.py:687(handleLoggingRequest) [topics: /firmware_version, /rosout, /battery_state, /joint_states, /motor_power, /imu, /tf, /cmd_vel_rc100, /sound, /odom, /reset, /diagnostics, /cmd_vel, /sensor_state, /magnetic_field] Calibration End
1682658459.977426052 INFO [SerialClient.py:409(txStopRequest) [topics: /firmware_version, /rosout, /battery_state, /joint_states, /motor_power, /imu, /tf, /cmd_vel_rc100, /sound, /odom, /reset, /diagnostics, /cmd_vel, /sensor_state, /magnetic_field] Send tx stop request
1682660009.372869968 INFO [serial_node.py:86(<module>) [topics: /rosout] Connecting to /dev/ttyACM0 at 57600 baud
1682660011.511313915 INFO [SerialClient.py:520(setPublishSize) [topics: /diagnostics, /rosout, /sensor_state] Note: publish buffer size is 1024 bytes
1682660011.514585018 INFO [SerialClient.py:536(setupPublisher) [topics: /diagnostics, /rosout, /sensor_state] Setup publisher on sensor_state [turtlebot3_msgs/SensorState]
1682660011.534501075 INFO [SerialClient.py:536(setupPublisher) [topics: /firmware_version, /diagnostics, /rosout, /sensor_state] Setup publisher on firmware_version [turtlebot3_msgs/VersionInfo]
1682660011.616893053 INFO [SerialClient.py:536(setupPublisher) [topics: /firmware_version, /diagnostics, /imu, /rosout, /sensor_state] Setup publisher on imu [sensor_msgs/Imu]
1682660011.637592077 INFO [SerialClient.py:536(setupPublisher) [topics: /cmd_vel_rc100, /imu, /firmware_version, /diagnostics, /rosout, /sensor_state] Setup publisher on cmd_vel_rc100 [geometry_msgs/Twist]
1682660011.660736083 INFO [SerialClient.py:536(setupPublisher) [topics: /cmd_vel_rc100, /imu, /odom, /firmware_version, /diagnostics, /rosout, /sensor_state] Setup publisher on odom [nav_msgs/Odometry]
1682660011.671654939 INFO [SerialClient.py:536(setupPublisher) [topics: /firmware_version, /joint_states, /rosout, /cmd_vel_rc100, /imu, /odom, /diagnostics, /sensor_state] Setup publisher on joint_states [sensor_msgs/JointState]
1682660011.682195901 INFO [SerialClient.py:536(setupPublisher) [topics: /firmware_version, /battery_state, /joint_states, /rosout, /cmd_vel_rc100, /imu, /odom, /diagnostics, /sensor_state] Setup publisher on battery_state [sensor_msgs/BatteryState]
1682660011.691828012 INFO [SerialClient.py:536(setupPublisher) [topics: /firmware_version, /battery_state, /joint_states, /rosout, /cmd_vel_rc100, /imu, /odom, /diagnostics, /sensor_state, /magnetic_field] Setup publisher on magnetic_field [sensor_msgs/MagneticField]
1682660014.178746938 INFO [SerialClient.py:536(setupPublisher) [topics: /firmware_version, /battery_state, /joint_states, /rosout, /tf, /cmd_vel_rc100, /imu, /odom, /diagnostics, /sensor_state, /magnetic_field] Setup publisher on /tf [tf/tfMessage]
1682660014.197776079 INFO [SerialClient.py:525(setSubscribeSize) [topics: /firmware_version, /battery_state, /joint_states, /rosout, /tf, /cmd_vel_rc100, /imu, /odom, /diagnostics, /cmd_vel, /sensor_state, /magnetic_field] Note: subscribe buffer size is 1024 bytes
1682660014.200613021 INFO [SerialClient.py:549(setupSubscriber) [topics: /firmware_version, /battery_state, /joint_states, /rosout, /tf, /cmd_vel_rc100, /imu, /odom, /diagnostics, /cmd_vel, /sensor_state, /magnetic_field] Setup subscriber on cmd_vel [geometry_msgs/Twist]
1682660014.216495990 INFO [SerialClient.py:549(setupSubscriber) [topics: /firmware_version, /battery_state, /joint_states, /rosout, /imu, /tf, /cmd_vel_rc100, /sound, /odom, /diagnostics, /cmd_vel, /sensor_state, /magnetic_field] Setup subscriber on sound [turtlebot3_msgs/Sound]
1682660014.243436098 INFO [SerialClient.py:549(setupSubscriber) [topics: /firmware_version, /rosout, /battery_state, /joint_states, /motor_power, /imu, /tf, /cmd_vel_rc100, /sound, /odom, /diagnostics, /cmd_vel, /sensor_state, /magnetic_field] Setup subscriber on motor_power [std_msgs/Bool]
1682660014.260162115 INFO [SerialClient.py:549(setupSubscriber) [topics: /firmware_version, /rosout, /battery_state, /joint_states, /motor_power, /imu, /tf, /cmd_vel_rc100, /sound, /odom, /reset, /diagnostics, /cmd_vel, /sensor_state, /magnetic_field] Setup subscriber on reset [std_msgs/Empty]
1682660014.575248956 INFO [SerialClient.py:687(handleLoggingRequest) [topics: /firmware_version, /rosout, /battery_state, /joint_states, /motor_power, /imu, /tf, /cmd_vel_rc100, /sound, /odom, /reset, /diagnostics, /cmd_vel, /sensor_state, /magnetic_field] Setup TF on Odometry [odom]
1682660014.579814910 INFO [SerialClient.py:687(handleLoggingRequest) [topics: /firmware_version, /rosout, /battery_state, /joint_states, /motor_power, /imu, /tf, /cmd_vel_rc100, /sound, /odom, /reset, /diagnostics, /cmd_vel, /sensor_state, /magnetic_field] Setup TF on IMU [imu_link]
1682660014.585098981 INFO [SerialClient.py:687(handleLoggingRequest) [topics: /firmware_version, /rosout, /battery_state, /joint_states, /motor_power, /imu, /tf, /cmd_vel_rc100, /sound, /odom, /reset, /diagnostics, /cmd_vel, /sensor_state, /magnetic_field] Setup TF on MagneticField [mag_link]
1682660014.589976072 INFO [SerialClient.py:687(handleLoggingRequest) [topics: /firmware_version, /rosout, /battery_state, /joint_states, /motor_power, /imu, /tf, /cmd_vel_rc100, /sound, /odom, /reset, /diagnostics, /cmd_vel, /sensor_state, /magnetic_field] Setup TF on JointState [base_link]
1682660014.610145092 INFO [SerialClient.py:687(handleLoggingRequest) [topics: /firmware_version, /rosout, /battery_state, /joint_states, /motor_power, /imu, /tf, /cmd_vel_rc100, /sound, /odom, /reset, /diagnostics, /cmd_vel, /sensor_state, /magnetic_field] --------------------------
1682660014.614963054 INFO [SerialClient.py:687(handleLoggingRequest) [topics: /firmware_version, /rosout, /battery_state, /joint_states, /motor_power, /imu, /tf, /cmd_vel_rc100, /sound, /odom, /reset, /diagnostics, /cmd_vel, /sensor_state, /magnetic_field] Connected to OpenCR board!
1682660014.619816064 INFO [SerialClient.py:687(handleLoggingRequest) [topics: /firmware_version, /rosout, /battery_state, /joint_states, /motor_power, /imu, /tf, /cmd_vel_rc100, /sound, /odom, /reset, /diagnostics, /cmd_vel, /sensor_state, /magnetic_field] This core(v1.2.2) is compatible with TB3 Burger
1682660014.624681949 INFO [SerialClient.py:687(handleLoggingRequest) [topics: /firmware_version, /rosout, /battery_state, /joint_states, /motor_power, /imu, /tf, /cmd_vel_rc100, /sound, /odom, /reset, /diagnostics, /cmd_vel, /sensor_state, /magnetic_field] --------------------------
1682660014.629448890 INFO [SerialClient.py:687(handleLoggingRequest) [topics: /firmware_version, /rosout, /battery_state, /joint_states, /motor_power, /imu, /tf, /cmd_vel_rc100, /sound, /odom, /reset, /diagnostics, /cmd_vel, /sensor_state, /magnetic_field] Start Calibration of Gyro
1682660017.140907049 INFO [SerialClient.py:687(handleLoggingRequest) [topics: /firmware_version, /rosout, /battery_state, /joint_states, /motor_power, /imu, /tf, /cmd_vel_rc100, /sound, /odom, /reset, /diagnostics, /cmd_vel, /sensor_state, /magnetic_field] Calibration End
1682660021.812066078 INFO [SerialClient.py:409(txStopRequest) [topics: /firmware_version, /rosout, /battery_state, /joint_states, /motor_power, /imu, /tf, /cmd_vel_rc100, /sound, /odom, /reset, /diagnostics, /cmd_vel, /sensor_state, /magnetic_field] Send tx stop request
1682660366.745368957 INFO [serial_node.py:86(<module>) [topics: /rosout] Connecting to /dev/ttyACM0 at 57600 baud
1682660368.885099887 INFO [SerialClient.py:520(setPublishSize) [topics: /diagnostics, /rosout, /sensor_state] Note: publish buffer size is 1024 bytes
1682660368.888751029 INFO [SerialClient.py:536(setupPublisher) [topics: /diagnostics, /rosout, /sensor_state] Setup publisher on sensor_state [turtlebot3_msgs/SensorState]
1682660368.907978057 INFO [SerialClient.py:536(setupPublisher) [topics: /firmware_version, /diagnostics, /rosout, /sensor_state] Setup publisher on firmware_version [turtlebot3_msgs/VersionInfo]
1682660368.983103990 INFO [SerialClient.py:536(setupPublisher) [topics: /firmware_version, /diagnostics, /imu, /rosout, /sensor_state] Setup publisher on imu [sensor_msgs/Imu]
1682660368.993235111 INFO [SerialClient.py:536(setupPublisher) [topics: /cmd_vel_rc100, /imu, /firmware_version, /diagnostics, /rosout, /sensor_state] Setup publisher on cmd_vel_rc100 [geometry_msgs/Twist]
1682660369.012861013 INFO [SerialClient.py:536(setupPublisher) [topics: /cmd_vel_rc100, /imu, /odom, /firmware_version, /diagnostics, /rosout, /sensor_state] Setup publisher on odom [nav_msgs/Odometry]
1682660369.023132085 INFO [SerialClient.py:536(setupPublisher) [topics: /firmware_version, /joint_states, /rosout, /cmd_vel_rc100, /imu, /odom, /diagnostics, /sensor_state] Setup publisher on joint_states [sensor_msgs/JointState]
1682660369.039060115 INFO [SerialClient.py:536(setupPublisher) [topics: /firmware_version, /battery_state, /joint_states, /rosout, /cmd_vel_rc100, /imu, /odom, /diagnostics, /sensor_state] Setup publisher on battery_state [sensor_msgs/BatteryState]
1682660369.049025058 INFO [SerialClient.py:536(setupPublisher) [topics: /firmware_version, /battery_state, /joint_states, /rosout, /cmd_vel_rc100, /imu, /odom, /diagnostics, /sensor_state, /magnetic_field] Setup publisher on magnetic_field [sensor_msgs/MagneticField]
1682660371.611213922 INFO [SerialClient.py:536(setupPublisher) [topics: /firmware_version, /battery_state, /joint_states, /rosout, /tf, /cmd_vel_rc100, /imu, /odom, /diagnostics, /sensor_state, /magnetic_field] Setup publisher on /tf [tf/tfMessage]
1682660371.629115104 INFO [SerialClient.py:525(setSubscribeSize) [topics: /firmware_version, /battery_state, /joint_states, /rosout, /tf, /cmd_vel_rc100, /imu, /odom, /diagnostics, /cmd_vel, /sensor_state, /magnetic_field] Note: subscribe buffer size is 1024 bytes
1682660371.631274938 INFO [SerialClient.py:549(setupSubscriber) [topics: /firmware_version, /battery_state, /joint_states, /rosout, /tf, /cmd_vel_rc100, /imu, /odom, /diagnostics, /cmd_vel, /sensor_state, /magnetic_field] Setup subscriber on cmd_vel [geometry_msgs/Twist]
1682660371.654813051 INFO [SerialClient.py:549(setupSubscriber) [topics: /firmware_version, /battery_state, /joint_states, /rosout, /imu, /tf, /cmd_vel_rc100, /sound, /odom, /diagnostics, /cmd_vel, /sensor_state, /magnetic_field] Setup subscriber on sound [turtlebot3_msgs/Sound]
1682660371.670631885 INFO [SerialClient.py:549(setupSubscriber) [topics: /firmware_version, /rosout, /battery_state, /joint_states, /motor_power, /imu, /tf, /cmd_vel_rc100, /sound, /odom, /diagnostics, /cmd_vel, /sensor_state, /magnetic_field] Setup subscriber on motor_power [std_msgs/Bool]
1682660371.685981035 INFO [SerialClient.py:549(setupSubscriber) [topics: /firmware_version, /rosout, /battery_state, /joint_states, /motor_power, /imu, /tf, /cmd_vel_rc100, /sound, /odom, /reset, /diagnostics, /cmd_vel, /sensor_state, /magnetic_field] Setup subscriber on reset [std_msgs/Empty]
1682660371.949518918 INFO [SerialClient.py:687(handleLoggingRequest) [topics: /firmware_version, /rosout, /battery_state, /joint_states, /motor_power, /imu, /tf, /cmd_vel_rc100, /sound, /odom, /reset, /diagnostics, /cmd_vel, /sensor_state, /magnetic_field] Setup TF on Odometry [odom]
1682660371.953089952 INFO [SerialClient.py:687(handleLoggingRequest) [topics: /firmware_version, /rosout, /battery_state, /joint_states, /motor_power, /imu, /tf, /cmd_vel_rc100, /sound, /odom, /reset, /diagnostics, /cmd_vel, /sensor_state, /magnetic_field] Setup TF on IMU [imu_link]
1682660371.956882953 INFO [SerialClient.py:687(handleLoggingRequest) [topics: /firmware_version, /rosout, /battery_state, /joint_states, /motor_power, /imu, /tf, /cmd_vel_rc100, /sound, /odom, /reset, /diagnostics, /cmd_vel, /sensor_state, /magnetic_field] Setup TF on MagneticField [mag_link]
1682660371.960302114 INFO [SerialClient.py:687(handleLoggingRequest) [topics: /firmware_version, /rosout, /battery_state, /joint_states, /motor_power, /imu, /tf, /cmd_vel_rc100, /sound, /odom, /reset, /diagnostics, /cmd_vel, /sensor_state, /magnetic_field] Setup TF on JointState [base_link]
1682660371.967971086 INFO [SerialClient.py:687(handleLoggingRequest) [topics: /firmware_version, /rosout, /battery_state, /joint_states, /motor_power, /imu, /tf, /cmd_vel_rc100, /sound, /odom, /reset, /diagnostics, /cmd_vel, /sensor_state, /magnetic_field] --------------------------
1682660371.971257925 INFO [SerialClient.py:687(handleLoggingRequest) [topics: /firmware_version, /rosout, /battery_state, /joint_states, /motor_power, /imu, /tf, /cmd_vel_rc100, /sound, /odom, /reset, /diagnostics, /cmd_vel, /sensor_state, /magnetic_field] Connected to OpenCR board!
1682660371.974700927 INFO [SerialClient.py:687(handleLoggingRequest) [topics: /firmware_version, /rosout, /battery_state, /joint_states, /motor_power, /imu, /tf, /cmd_vel_rc100, /sound, /odom, /reset, /diagnostics, /cmd_vel, /sensor_state, /magnetic_field] This core(v1.2.2) is compatible with TB3 Burger
1682660371.978166103 INFO [SerialClient.py:687(handleLoggingRequest) [topics: /firmware_version, /rosout, /battery_state, /joint_states, /motor_power, /imu, /tf, /cmd_vel_rc100, /sound, /odom, /reset, /diagnostics, /cmd_vel, /sensor_state, /magnetic_field] --------------------------
1682660371.981467008 INFO [SerialClient.py:687(handleLoggingRequest) [topics: /firmware_version, /rosout, /battery_state, /joint_states, /motor_power, /imu, /tf, /cmd_vel_rc100, /sound, /odom, /reset, /diagnostics, /cmd_vel, /sensor_state, /magnetic_field] Start Calibration of Gyro
1682660374.512253046 INFO [SerialClient.py:687(handleLoggingRequest) [topics: /firmware_version, /rosout, /battery_state, /joint_states, /motor_power, /imu, /tf, /cmd_vel_rc100, /sound, /odom, /reset, /diagnostics, /cmd_vel, /sensor_state, /magnetic_field] Calibration End
1682660379.255633115 INFO [SerialClient.py:409(txStopRequest) [topics: /firmware_version, /rosout, /battery_state, /joint_states, /motor_power, /imu, /tf, /cmd_vel_rc100, /sound, /odom, /reset, /diagnostics, /cmd_vel, /sensor_state, /magnetic_field] Send tx stop request
1682660399.402942895 INFO [serial_node.py:86(<module>) [topics: /rosout] Connecting to /dev/ttyACM0 at 57600 baud
1682660401.536848068 INFO [SerialClient.py:520(setPublishSize) [topics: /diagnostics, /rosout, /sensor_state] Note: publish buffer size is 1024 bytes
1682660401.540139913 INFO [SerialClient.py:536(setupPublisher) [topics: /diagnostics, /rosout, /sensor_state] Setup publisher on sensor_state [turtlebot3_msgs/SensorState]
1682660401.558716058 INFO [SerialClient.py:536(setupPublisher) [topics: /firmware_version, /diagnostics, /rosout, /sensor_state] Setup publisher on firmware_version [turtlebot3_msgs/VersionInfo]
1682660401.619146108 INFO [SerialClient.py:536(setupPublisher) [topics: /firmware_version, /diagnostics, /imu, /rosout, /sensor_state] Setup publisher on imu [sensor_msgs/Imu]
1682660401.629061937 INFO [SerialClient.py:536(setupPublisher) [topics: /cmd_vel_rc100, /imu, /firmware_version, /diagnostics, /rosout, /sensor_state] Setup publisher on cmd_vel_rc100 [geometry_msgs/Twist]
1682660401.647850990 INFO [SerialClient.py:536(setupPublisher) [topics: /cmd_vel_rc100, /imu, /odom, /firmware_version, /diagnostics, /rosout, /sensor_state] Setup publisher on odom [nav_msgs/Odometry]
1682660401.657716989 INFO [SerialClient.py:536(setupPublisher) [topics: /firmware_version, /joint_states, /rosout, /cmd_vel_rc100, /imu, /odom, /diagnostics, /sensor_state] Setup publisher on joint_states [sensor_msgs/JointState]
1682660401.667541980 INFO [SerialClient.py:536(setupPublisher) [topics: /firmware_version, /battery_state, /joint_states, /rosout, /cmd_vel_rc100, /imu, /odom, /diagnostics, /sensor_state] Setup publisher on battery_state [sensor_msgs/BatteryState]
1682660401.677443027 INFO [SerialClient.py:536(setupPublisher) [topics: /firmware_version, /battery_state, /joint_states, /rosout, /cmd_vel_rc100, /imu, /odom, /diagnostics, /sensor_state, /magnetic_field] Setup publisher on magnetic_field [sensor_msgs/MagneticField]
1682660404.189644098 INFO [SerialClient.py:536(setupPublisher) [topics: /firmware_version, /battery_state, /joint_states, /rosout, /tf, /cmd_vel_rc100, /imu, /odom, /diagnostics, /sensor_state, /magnetic_field] Setup publisher on /tf [tf/tfMessage]
1682660404.204334974 INFO [SerialClient.py:525(setSubscribeSize) [topics: /firmware_version, /battery_state, /joint_states, /rosout, /tf, /cmd_vel_rc100, /imu, /odom, /diagnostics, /cmd_vel, /sensor_state, /magnetic_field] Note: subscribe buffer size is 1024 bytes
1682660404.206021070 INFO [SerialClient.py:549(setupSubscriber) [topics: /firmware_version, /battery_state, /joint_states, /rosout, /tf, /cmd_vel_rc100, /imu, /odom, /diagnostics, /cmd_vel, /sensor_state, /magnetic_field] Setup subscriber on cmd_vel [geometry_msgs/Twist]
1682660404.221245050 INFO [SerialClient.py:549(setupSubscriber) [topics: /firmware_version, /battery_state, /joint_states, /rosout, /imu, /tf, /cmd_vel_rc100, /sound, /odom, /diagnostics, /cmd_vel, /sensor_state, /magnetic_field] Setup subscriber on sound [turtlebot3_msgs/Sound]
1682660404.235726118 INFO [SerialClient.py:549(setupSubscriber) [topics: /firmware_version, /rosout, /battery_state, /joint_states, /motor_power, /imu, /tf, /cmd_vel_rc100, /sound, /odom, /diagnostics, /cmd_vel, /sensor_state, /magnetic_field] Setup subscriber on motor_power [std_msgs/Bool]
1682660404.250196933 INFO [SerialClient.py:549(setupSubscriber) [topics: /firmware_version, /rosout, /battery_state, /joint_states, /motor_power, /imu, /tf, /cmd_vel_rc100, /sound, /odom, /reset, /diagnostics, /cmd_vel, /sensor_state, /magnetic_field] Setup subscriber on reset [std_msgs/Empty]
1682660404.601008892 INFO [SerialClient.py:687(handleLoggingRequest) [topics: /firmware_version, /rosout, /battery_state, /joint_states, /motor_power, /imu, /tf, /cmd_vel_rc100, /sound, /odom, /reset, /diagnostics, /cmd_vel, /sensor_state, /magnetic_field] Setup TF on Odometry [odom]
1682660404.604546070 INFO [SerialClient.py:687(handleLoggingRequest) [topics: /firmware_version, /rosout, /battery_state, /joint_states, /motor_power, /imu, /tf, /cmd_vel_rc100, /sound, /odom, /reset, /diagnostics, /cmd_vel, /sensor_state, /magnetic_field] Setup TF on IMU [imu_link]
1682660404.607948064 INFO [SerialClient.py:687(handleLoggingRequest) [topics: /firmware_version, /rosout, /battery_state, /joint_states, /motor_power, /imu, /tf, /cmd_vel_rc100, /sound, /odom, /reset, /diagnostics, /cmd_vel, /sensor_state, /magnetic_field] Setup TF on MagneticField [mag_link]
1682660404.611448049 INFO [SerialClient.py:687(handleLoggingRequest) [topics: /firmware_version, /rosout, /battery_state, /joint_states, /motor_power, /imu, /tf, /cmd_vel_rc100, /sound, /odom, /reset, /diagnostics, /cmd_vel, /sensor_state, /magnetic_field] Setup TF on JointState [base_link]
1682660404.618727922 INFO [SerialClient.py:687(handleLoggingRequest) [topics: /firmware_version, /rosout, /battery_state, /joint_states, /motor_power, /imu, /tf, /cmd_vel_rc100, /sound, /odom, /reset, /diagnostics, /cmd_vel, /sensor_state, /magnetic_field] --------------------------
1682660404.622169971 INFO [SerialClient.py:687(handleLoggingRequest) [topics: /firmware_version, /rosout, /battery_state, /joint_states, /motor_power, /imu, /tf, /cmd_vel_rc100, /sound, /odom, /reset, /diagnostics, /cmd_vel, /sensor_state, /magnetic_field] Connected to OpenCR board!
1682660404.625644922 INFO [SerialClient.py:687(handleLoggingRequest) [topics: /firmware_version, /rosout, /battery_state, /joint_states, /motor_power, /imu, /tf, /cmd_vel_rc100, /sound, /odom, /reset, /diagnostics, /cmd_vel, /sensor_state, /magnetic_field] This core(v1.2.2) is compatible with TB3 Burger
1682660404.629275083 INFO [SerialClient.py:687(handleLoggingRequest) [topics: /firmware_version, /rosout, /battery_state, /joint_states, /motor_power, /imu, /tf, /cmd_vel_rc100, /sound, /odom, /reset, /diagnostics, /cmd_vel, /sensor_state, /magnetic_field] --------------------------
1682660404.632685899 INFO [SerialClient.py:687(handleLoggingRequest) [topics: /firmware_version, /rosout, /battery_state, /joint_states, /motor_power, /imu, /tf, /cmd_vel_rc100, /sound, /odom, /reset, /diagnostics, /cmd_vel, /sensor_state, /magnetic_field] Start Calibration of Gyro
1682660407.163846015 INFO [SerialClient.py:687(handleLoggingRequest) [topics: /firmware_version, /rosout, /battery_state, /joint_states, /motor_power, /imu, /tf, /cmd_vel_rc100, /sound, /odom, /reset, /diagnostics, /cmd_vel, /sensor_state, /magnetic_field] Calibration End
1682660408.314558982 INFO [SerialClient.py:409(txStopRequest) [topics: /firmware_version, /rosout, /battery_state, /joint_states, /motor_power, /imu, /tf, /cmd_vel_rc100, /sound, /odom, /reset, /diagnostics, /cmd_vel, /sensor_state, /magnetic_field] Send tx stop request
1682660417.588104009 INFO [serial_node.py:86(<module>) [topics: /rosout] Connecting to /dev/ttyACM0 at 57600 baud
1682660419.726918935 INFO [SerialClient.py:520(setPublishSize) [topics: /diagnostics, /rosout, /sensor_state] Note: publish buffer size is 1024 bytes
1682660419.730353116 INFO [SerialClient.py:536(setupPublisher) [topics: /diagnostics, /rosout, /sensor_state] Setup publisher on sensor_state [turtlebot3_msgs/SensorState]
1682660419.749268054 INFO [SerialClient.py:536(setupPublisher) [topics: /firmware_version, /diagnostics, /rosout, /sensor_state] Setup publisher on firmware_version [turtlebot3_msgs/VersionInfo]
1682660419.797180891 INFO [SerialClient.py:536(setupPublisher) [topics: /firmware_version, /diagnostics, /imu, /rosout, /sensor_state] Setup publisher on imu [sensor_msgs/Imu]
1682660419.807665109 INFO [SerialClient.py:536(setupPublisher) [topics: /cmd_vel_rc100, /imu, /firmware_version, /diagnostics, /rosout, /sensor_state] Setup publisher on cmd_vel_rc100 [geometry_msgs/Twist]
1682660419.827142000 INFO [SerialClient.py:536(setupPublisher) [topics: /cmd_vel_rc100, /imu, /odom, /firmware_version, /diagnostics, /rosout, /sensor_state] Setup publisher on odom [nav_msgs/Odometry]
1682660419.837105989 INFO [SerialClient.py:536(setupPublisher) [topics: /firmware_version, /joint_states, /rosout, /cmd_vel_rc100, /imu, /odom, /diagnostics, /sensor_state] Setup publisher on joint_states [sensor_msgs/JointState]
1682660419.847311973 INFO [SerialClient.py:536(setupPublisher) [topics: /firmware_version, /battery_state, /joint_states, /rosout, /cmd_vel_rc100, /imu, /odom, /diagnostics, /sensor_state] Setup publisher on battery_state [sensor_msgs/BatteryState]
1682660419.857213973 INFO [SerialClient.py:536(setupPublisher) [topics: /firmware_version, /battery_state, /joint_states, /rosout, /cmd_vel_rc100, /imu, /odom, /diagnostics, /sensor_state, /magnetic_field] Setup publisher on magnetic_field [sensor_msgs/MagneticField]
1682660422.436001062 INFO [SerialClient.py:536(setupPublisher) [topics: /firmware_version, /battery_state, /joint_states, /rosout, /tf, /cmd_vel_rc100, /imu, /odom, /diagnostics, /sensor_state, /magnetic_field] Setup publisher on /tf [tf/tfMessage]
1682660422.455319881 INFO [SerialClient.py:525(setSubscribeSize) [topics: /firmware_version, /battery_state, /joint_states, /rosout, /tf, /cmd_vel_rc100, /imu, /odom, /diagnostics, /cmd_vel, /sensor_state, /magnetic_field] Note: subscribe buffer size is 1024 bytes
1682660422.457082986 INFO [SerialClient.py:549(setupSubscriber) [topics: /firmware_version, /battery_state, /joint_states, /rosout, /tf, /cmd_vel_rc100, /imu, /odom, /diagnostics, /cmd_vel, /sensor_state, /magnetic_field] Setup subscriber on cmd_vel [geometry_msgs/Twist]
1682660422.472600936 INFO [SerialClient.py:549(setupSubscriber) [topics: /firmware_version, /battery_state, /joint_states, /rosout, /imu, /tf, /cmd_vel_rc100, /sound, /odom, /diagnostics, /cmd_vel, /sensor_state, /magnetic_field] Setup subscriber on sound [turtlebot3_msgs/Sound]
1682660422.488246917 INFO [SerialClient.py:549(setupSubscriber) [topics: /firmware_version, /rosout, /battery_state, /joint_states, /motor_power, /imu, /tf, /cmd_vel_rc100, /sound, /odom, /diagnostics, /cmd_vel, /sensor_state, /magnetic_field] Setup subscriber on motor_power [std_msgs/Bool]
1682660422.511723995 INFO [SerialClient.py:549(setupSubscriber) [topics: /firmware_version, /rosout, /battery_state, /joint_states, /motor_power, /imu, /tf, /cmd_vel_rc100, /sound, /odom, /reset, /diagnostics, /cmd_vel, /sensor_state, /magnetic_field] Setup subscriber on reset [std_msgs/Empty]
1682660422.790560007 INFO [SerialClient.py:687(handleLoggingRequest) [topics: /firmware_version, /rosout, /battery_state, /joint_states, /motor_power, /imu, /tf, /cmd_vel_rc100, /sound, /odom, /reset, /diagnostics, /cmd_vel, /sensor_state, /magnetic_field] Setup TF on Odometry [odom]
1682660422.794250011 INFO [SerialClient.py:687(handleLoggingRequest) [topics: /firmware_version, /rosout, /battery_state, /joint_states, /motor_power, /imu, /tf, /cmd_vel_rc100, /sound, /odom, /reset, /diagnostics, /cmd_vel, /sensor_state, /magnetic_field] Setup TF on IMU [imu_link]
1682660422.797800064 INFO [SerialClient.py:687(handleLoggingRequest) [topics: /firmware_version, /rosout, /battery_state, /joint_states, /motor_power, /imu, /tf, /cmd_vel_rc100, /sound, /odom, /reset, /diagnostics, /cmd_vel, /sensor_state, /magnetic_field] Setup TF on MagneticField [mag_link]
1682660422.801486968 INFO [SerialClient.py:687(handleLoggingRequest) [topics: /firmware_version, /rosout, /battery_state, /joint_states, /motor_power, /imu, /tf, /cmd_vel_rc100, /sound, /odom, /reset, /diagnostics, /cmd_vel, /sensor_state, /magnetic_field] Setup TF on JointState [base_link]
1682660422.809007883 INFO [SerialClient.py:687(handleLoggingRequest) [topics: /firmware_version, /rosout, /battery_state, /joint_states, /motor_power, /imu, /tf, /cmd_vel_rc100, /sound, /odom, /reset, /diagnostics, /cmd_vel, /sensor_state, /magnetic_field] --------------------------
1682660422.812540054 INFO [SerialClient.py:687(handleLoggingRequest) [topics: /firmware_version, /rosout, /battery_state, /joint_states, /motor_power, /imu, /tf, /cmd_vel_rc100, /sound, /odom, /reset, /diagnostics, /cmd_vel, /sensor_state, /magnetic_field] Connected to OpenCR board!
1682660422.816235065 INFO [SerialClient.py:687(handleLoggingRequest) [topics: /firmware_version, /rosout, /battery_state, /joint_states, /motor_power, /imu, /tf, /cmd_vel_rc100, /sound, /odom, /reset, /diagnostics, /cmd_vel, /sensor_state, /magnetic_field] This core(v1.2.2) is compatible with TB3 Burger
1682660422.820112943 INFO [SerialClient.py:687(handleLoggingRequest) [topics: /firmware_version, /rosout, /battery_state, /joint_states, /motor_power, /imu, /tf, /cmd_vel_rc100, /sound, /odom, /reset, /diagnostics, /cmd_vel, /sensor_state, /magnetic_field] --------------------------
1682660422.823782920 INFO [SerialClient.py:687(handleLoggingRequest) [topics: /firmware_version, /rosout, /battery_state, /joint_states, /motor_power, /imu, /tf, /cmd_vel_rc100, /sound, /odom, /reset, /diagnostics, /cmd_vel, /sensor_state, /magnetic_field] Start Calibration of Gyro
1682660425.354990959 INFO [SerialClient.py:687(handleLoggingRequest) [topics: /firmware_version, /rosout, /battery_state, /joint_states, /motor_power, /imu, /tf, /cmd_vel_rc100, /sound, /odom, /reset, /diagnostics, /cmd_vel, /sensor_state, /magnetic_field] Calibration End
1682660429.563370943 INFO [SerialClient.py:409(txStopRequest) [topics: /firmware_version, /rosout, /battery_state, /joint_states, /motor_power, /imu, /tf, /cmd_vel_rc100, /sound, /odom, /reset, /diagnostics, /cmd_vel, /sensor_state, /magnetic_field] Send tx stop request
