

1683548630.041869528  Node Startup
1683548638.886981964 INFO [serial_node.py:86(<module>) [topics: /rosout] Connecting to /dev/ttyACM0 at 57600 baud
1683548641.047322034 INFO [SerialClient.py:520(setPublishSize) [topics: /diagnostics, /rosout, /sensor_state] Note: publish buffer size is 1024 bytes
1683548641.052149057 INFO [SerialClient.py:536(setupPublisher) [topics: /diagnostics, /rosout, /sensor_state] Setup publisher on sensor_state [turtlebot3_msgs/SensorState]
1683548641.072602987 INFO [SerialClient.py:536(setupPublisher) [topics: /firmware_version, /diagnostics, /rosout, /sensor_state] Setup publisher on firmware_version [turtlebot3_msgs/VersionInfo]
1683548641.175781965 INFO [SerialClient.py:536(setupPublisher) [topics: /firmware_version, /diagnostics, /imu, /rosout, /sensor_state] Setup publisher on imu [sensor_msgs/Imu]
1683548641.186664104 INFO [SerialClient.py:536(setupPublisher) [topics: /cmd_vel_rc100, /imu, /firmware_version, /diagnostics, /rosout, /sensor_state] Setup publisher on cmd_vel_rc100 [geometry_msgs/Twist]
1683548641.236166000 INFO [SerialClient.py:536(setupPublisher) [topics: /cmd_vel_rc100, /imu, /odom, /firmware_version, /diagnostics, /rosout, /sensor_state] Setup publisher on odom [nav_msgs/Odometry]
1683548641.246952056 INFO [SerialClient.py:536(setupPublisher) [topics: /firmware_version, /joint_states, /rosout, /cmd_vel_rc100, /imu, /odom, /diagnostics, /sensor_state] Setup publisher on joint_states [sensor_msgs/JointState]
1683548641.259222030 INFO [SerialClient.py:536(setupPublisher) [topics: /firmware_version, /battery_state, /joint_states, /rosout, /cmd_vel_rc100, /imu, /odom, /diagnostics, /sensor_state] Setup publisher on battery_state [sensor_msgs/BatteryState]
1683548641.270800113 INFO [SerialClient.py:536(setupPublisher) [topics: /firmware_version, /battery_state, /joint_states, /rosout, /cmd_vel_rc100, /imu, /odom, /diagnostics, /sensor_state, /magnetic_field] Setup publisher on magnetic_field [sensor_msgs/MagneticField]
1683548644.571651935 INFO [SerialClient.py:536(setupPublisher) [topics: /firmware_version, /battery_state, /joint_states, /rosout, /tf, /cmd_vel_rc100, /imu, /odom, /diagnostics, /sensor_state, /magnetic_field] Setup publisher on /tf [tf/tfMessage]
1683548644.586687088 INFO [SerialClient.py:525(setSubscribeSize) [topics: /firmware_version, /battery_state, /joint_states, /rosout, /tf, /cmd_vel_rc100, /imu, /odom, /diagnostics, /cmd_vel, /sensor_state, /magnetic_field] Note: subscribe buffer size is 1024 bytes
1683548644.588535070 INFO [SerialClient.py:549(setupSubscriber) [topics: /firmware_version, /battery_state, /joint_states, /rosout, /tf, /cmd_vel_rc100, /imu, /odom, /diagnostics, /cmd_vel, /sensor_state, /magnetic_field] Setup subscriber on cmd_vel [geometry_msgs/Twist]
1683548644.607835054 INFO [SerialClient.py:549(setupSubscriber) [topics: /firmware_version, /battery_state, /joint_states, /rosout, /imu, /tf, /cmd_vel_rc100, /sound, /odom, /diagnostics, /cmd_vel, /sensor_state, /magnetic_field] Setup subscriber on sound [turtlebot3_msgs/Sound]
1683548644.633927106 INFO [SerialClient.py:549(setupSubscriber) [topics: /firmware_version, /rosout, /battery_state, /joint_states, /motor_power, /imu, /tf, /cmd_vel_rc100, /sound, /odom, /diagnostics, /cmd_vel, /sensor_state, /magnetic_field] Setup subscriber on motor_power [std_msgs/Bool]
1683548644.650387048 INFO [SerialClient.py:549(setupSubscriber) [topics: /firmware_version, /rosout, /battery_state, /joint_states, /motor_power, /imu, /tf, /cmd_vel_rc100, /sound, /odom, /reset, /diagnostics, /cmd_vel, /sensor_state, /magnetic_field] Setup subscriber on reset [std_msgs/Empty]
1683548644.666121006 INFO [SerialClient.py:687(handleLoggingRequest) [topics: /firmware_version, /rosout, /battery_state, /joint_states, /motor_power, /imu, /tf, /cmd_vel_rc100, /sound, /odom, /reset, /diagnostics, /cmd_vel, /sensor_state, /magnetic_field] Setup TF on Odometry [odom]
1683548644.672142982 INFO [SerialClient.py:687(handleLoggingRequest) [topics: /firmware_version, /rosout, /battery_state, /joint_states, /motor_power, /imu, /tf, /cmd_vel_rc100, /sound, /odom, /reset, /diagnostics, /cmd_vel, /sensor_state, /magnetic_field] Setup TF on IMU [imu_link]
1683548644.678396940 INFO [SerialClient.py:687(handleLoggingRequest) [topics: /firmware_version, /rosout, /battery_state, /joint_states, /motor_power, /imu, /tf, /cmd_vel_rc100, /sound, /odom, /reset, /diagnostics, /cmd_vel, /sensor_state, /magnetic_field] Setup TF on MagneticField [mag_link]
1683548644.684107065 INFO [SerialClient.py:687(handleLoggingRequest) [topics: /firmware_version, /rosout, /battery_state, /joint_states, /motor_power, /imu, /tf, /cmd_vel_rc100, /sound, /odom, /reset, /diagnostics, /cmd_vel, /sensor_state, /magnetic_field] Setup TF on JointState [base_link]
1683548644.698734998 INFO [SerialClient.py:687(handleLoggingRequest) [topics: /firmware_version, /rosout, /battery_state, /joint_states, /motor_power, /imu, /tf, /cmd_vel_rc100, /sound, /odom, /reset, /diagnostics, /cmd_vel, /sensor_state, /magnetic_field] --------------------------
1683548644.707350969 INFO [SerialClient.py:687(handleLoggingRequest) [topics: /firmware_version, /rosout, /battery_state, /joint_states, /motor_power, /imu, /tf, /cmd_vel_rc100, /sound, /odom, /reset, /diagnostics, /cmd_vel, /sensor_state, /magnetic_field] Connected to OpenCR board!
1683548644.714349985 INFO [SerialClient.py:687(handleLoggingRequest) [topics: /firmware_version, /rosout, /battery_state, /joint_states, /motor_power, /imu, /tf, /cmd_vel_rc100, /sound, /odom, /reset, /diagnostics, /cmd_vel, /sensor_state, /magnetic_field] This core(v1.2.2) is compatible with TB3 Burger
1683548644.720927000 INFO [SerialClient.py:687(handleLoggingRequest) [topics: /firmware_version, /rosout, /battery_state, /joint_states, /motor_power, /imu, /tf, /cmd_vel_rc100, /sound, /odom, /reset, /diagnostics, /cmd_vel, /sensor_state, /magnetic_field] --------------------------
1683548644.727966070 INFO [SerialClient.py:687(handleLoggingRequest) [topics: /firmware_version, /rosout, /battery_state, /joint_states, /motor_power, /imu, /tf, /cmd_vel_rc100, /sound, /odom, /reset, /diagnostics, /cmd_vel, /sensor_state, /magnetic_field] Start Calibration of Gyro
1683548647.227092027 INFO [SerialClient.py:687(handleLoggingRequest) [topics: /firmware_version, /rosout, /battery_state, /joint_states, /motor_power, /imu, /tf, /cmd_vel_rc100, /sound, /odom, /reset, /diagnostics, /cmd_vel, /sensor_state, /magnetic_field] Calibration End
