[rosmaster.main][INFO] 2023-04-22 07:42:50,544: initialization complete, waiting for shutdown
[rosmaster.main][INFO] 2023-04-22 07:42:50,545: Starting ROS Master Node
[xmlrpc][INFO] 2023-04-22 07:42:50,547: XML-RPC server binding to 127.0.0.1:11311
[rosmaster.master][INFO] 2023-04-22 07:42:50,549: Master initialized: port[11311], uri[http://localhost:11311/]
[xmlrpc][INFO] 2023-04-22 07:42:50,549: Started XML-RPC server [http://localhost:11311/]
[xmlrpc][INFO] 2023-04-22 07:42:50,550: xml rpc node: starting XML-RPC server
[rosmaster.master][INFO] 2023-04-22 07:42:50,602: +PARAM [/run_id] by /roslaunch
[rosmaster.master][INFO] 2023-04-22 07:42:50,608: +PARAM [/roslaunch/uris/host_localhost__39983] by /roslaunch
[rosmaster.master][INFO] 2023-04-22 07:42:50,795: +PARAM [/rosversion] by /roslaunch
[rosmaster.master][INFO] 2023-04-22 07:42:50,796: +PARAM [/rosdistro] by /roslaunch
[rosmaster.master][INFO] 2023-04-22 07:42:51,094: +SERVICE [/rosout/get_loggers] /rosout http://localhost:37597/
[rosmaster.master][INFO] 2023-04-22 07:42:51,101: +SERVICE [/rosout/set_logger_level] /rosout http://localhost:37597/
[rosmaster.master][INFO] 2023-04-22 07:42:51,115: +PUB [/rosout_agg] /rosout http://localhost:37597/
[rosmaster.master][INFO] 2023-04-22 07:42:51,151: +SUB [/rosout] /rosout http://localhost:37597/
[rosmaster.master][INFO] 2023-04-22 07:45:14,674: +PUB [/rosout] /serial_node http://localhost:38009/
[rosmaster.master][INFO] 2023-04-22 07:45:14,687: +SERVICE [/serial_node/get_loggers] /serial_node http://localhost:38009/
[rosmaster.master][INFO] 2023-04-22 07:45:14,688: publisherUpdate[/rosout] -> http://localhost:37597/ ['http://localhost:38009/']
[rosmaster.master][INFO] 2023-04-22 07:45:14,695: publisherUpdate[/rosout] -> http://localhost:37597/ ['http://localhost:38009/']: sec=0.01, result=[1, '', 0]
[rosmaster.master][INFO] 2023-04-22 07:45:14,700: +SERVICE [/serial_node/set_logger_level] /serial_node http://localhost:38009/
[rosmaster.master][INFO] 2023-04-22 07:45:14,732: +PUB [/diagnostics] /serial_node http://localhost:38009/
[rosmaster.master][INFO] 2023-04-22 07:46:04,705: -PUB [/diagnostics] /serial_node http://localhost:38009/
[rosmaster.master][INFO] 2023-04-22 07:46:04,706: -PUB [/rosout] /serial_node http://localhost:38009/
[rosmaster.master][INFO] 2023-04-22 07:46:04,708: -SERVICE [/serial_node/get_loggers] /serial_node rosrpc://localhost:45975
[rosmaster.master][INFO] 2023-04-22 07:46:04,709: -SERVICE [/serial_node/set_logger_level] /serial_node rosrpc://localhost:45975
[rosmaster.master][INFO] 2023-04-22 07:46:04,792: publisherUpdate[/rosout] -> http://localhost:37597/ []
[rosmaster.master][INFO] 2023-04-22 07:46:04,797: publisherUpdate[/rosout] -> http://localhost:37597/ []: sec=0.00, result=[1, '', 0]
[rosmaster.master][INFO] 2023-04-22 07:46:28,823: +PUB [/rosout] /serial_node http://localhost:43995/
[rosmaster.master][INFO] 2023-04-22 07:46:28,837: +SERVICE [/serial_node/get_loggers] /serial_node http://localhost:43995/
[rosmaster.master][INFO] 2023-04-22 07:46:28,838: publisherUpdate[/rosout] -> http://localhost:37597/ ['http://localhost:43995/']
[rosmaster.master][INFO] 2023-04-22 07:46:28,841: publisherUpdate[/rosout] -> http://localhost:37597/ ['http://localhost:43995/']: sec=0.00, result=[1, '', 0]
[rosmaster.master][INFO] 2023-04-22 07:46:28,844: +SERVICE [/serial_node/set_logger_level] /serial_node http://localhost:43995/
[rosmaster.master][INFO] 2023-04-22 07:46:28,876: +PUB [/diagnostics] /serial_node http://localhost:43995/
[rosmaster.master][INFO] 2023-04-22 07:46:47,799: -PUB [/diagnostics] /serial_node http://localhost:43995/
[rosmaster.master][INFO] 2023-04-22 07:46:47,800: -PUB [/rosout] /serial_node http://localhost:43995/
[rosmaster.master][INFO] 2023-04-22 07:46:47,802: -SERVICE [/serial_node/get_loggers] /serial_node rosrpc://localhost:38801
[rosmaster.master][INFO] 2023-04-22 07:46:47,803: -SERVICE [/serial_node/set_logger_level] /serial_node rosrpc://localhost:38801
[rosmaster.master][INFO] 2023-04-22 07:46:47,875: publisherUpdate[/rosout] -> http://localhost:37597/ []
[rosmaster.master][INFO] 2023-04-22 07:46:47,881: publisherUpdate[/rosout] -> http://localhost:37597/ []: sec=0.00, result=[1, '', 0]
[rosmaster.master][INFO] 2023-04-22 07:47:21,973: +PARAM [/roslaunch/uris/host_localhost__36067] by /roslaunch
[rosmaster.master][INFO] 2023-04-22 07:47:21,987: +PARAM [/rosversion] by /roslaunch
[rosmaster.master][INFO] 2023-04-22 07:47:21,987: +PARAM [/rosdistro] by /roslaunch
[rosmaster.master][INFO] 2023-04-22 07:47:21,988: +PARAM [/turtlebot3_core/baud] by /roslaunch
[rosmaster.master][INFO] 2023-04-22 07:47:21,988: +PARAM [/turtlebot3_core/port] by /roslaunch
[rosmaster.master][INFO] 2023-04-22 07:47:21,989: +PARAM [/turtlebot3_core/tf_prefix] by /roslaunch
[rosmaster.master][INFO] 2023-04-22 07:47:23,139: +PUB [/rosout] /turtlebot3_core http://localhost:44773/
[rosmaster.master][INFO] 2023-04-22 07:47:23,145: publisherUpdate[/rosout] -> http://localhost:37597/ ['http://localhost:44773/']
[rosmaster.master][INFO] 2023-04-22 07:47:23,148: publisherUpdate[/rosout] -> http://localhost:37597/ ['http://localhost:44773/']: sec=0.00, result=[1, '', 0]
[rosmaster.master][INFO] 2023-04-22 07:47:23,156: +SERVICE [/turtlebot3_core/get_loggers] /turtlebot3_core http://localhost:44773/
[rosmaster.master][INFO] 2023-04-22 07:47:23,162: +SERVICE [/turtlebot3_core/set_logger_level] /turtlebot3_core http://localhost:44773/
[rosmaster.master][INFO] 2023-04-22 07:47:23,195: +PUB [/diagnostics] /turtlebot3_core http://localhost:44773/
[rosmaster.master][INFO] 2023-04-22 07:47:25,330: +PUB [/sensor_state] /turtlebot3_core http://localhost:44773/
[rosmaster.master][INFO] 2023-04-22 07:47:25,352: +PUB [/firmware_version] /turtlebot3_core http://localhost:44773/
[rosmaster.master][INFO] 2023-04-22 07:47:25,494: +PUB [/imu] /turtlebot3_core http://localhost:44773/
[rosmaster.master][INFO] 2023-04-22 07:47:25,504: +PUB [/cmd_vel_rc100] /turtlebot3_core http://localhost:44773/
[rosmaster.master][INFO] 2023-04-22 07:47:25,553: +PUB [/odom] /turtlebot3_core http://localhost:44773/
[rosmaster.master][INFO] 2023-04-22 07:47:25,564: +PUB [/joint_states] /turtlebot3_core http://localhost:44773/
[rosmaster.master][INFO] 2023-04-22 07:47:25,574: +PUB [/battery_state] /turtlebot3_core http://localhost:44773/
[rosmaster.master][INFO] 2023-04-22 07:47:25,584: +PUB [/magnetic_field] /turtlebot3_core http://localhost:44773/
[rosmaster.master][INFO] 2023-04-22 07:47:28,863: +PUB [/tf] /turtlebot3_core http://localhost:44773/
[rosmaster.master][INFO] 2023-04-22 07:47:28,879: +SUB [/cmd_vel] /turtlebot3_core http://localhost:44773/
[rosmaster.master][INFO] 2023-04-22 07:47:28,897: +SUB [/sound] /turtlebot3_core http://localhost:44773/
[rosmaster.master][INFO] 2023-04-22 07:47:28,912: +SUB [/motor_power] /turtlebot3_core http://localhost:44773/
[rosmaster.master][INFO] 2023-04-22 07:47:28,927: +SUB [/reset] /turtlebot3_core http://localhost:44773/
[rosmaster.master][INFO] 2023-04-22 07:54:34,086: +SERVICE [/rostopic_1612_1682121273889/get_loggers] /rostopic_1612_1682121273889 http://localhost:35339/
[rosmaster.master][INFO] 2023-04-22 07:54:34,093: +SERVICE [/rostopic_1612_1682121273889/set_logger_level] /rostopic_1612_1682121273889 http://localhost:35339/
[rosmaster.master][INFO] 2023-04-22 07:54:34,100: +PUB [/cmd_vel_rc100] /rostopic_1612_1682121273889 http://localhost:35339/
[rosmaster.master][INFO] 2023-04-22 07:54:37,114: -PUB [/cmd_vel_rc100] /rostopic_1612_1682121273889 http://localhost:35339/
[rosmaster.master][INFO] 2023-04-22 07:54:37,115: -SERVICE [/rostopic_1612_1682121273889/get_loggers] /rostopic_1612_1682121273889 rosrpc://localhost:35071
[rosmaster.master][INFO] 2023-04-22 07:54:37,116: -SERVICE [/rostopic_1612_1682121273889/set_logger_level] /rostopic_1612_1682121273889 rosrpc://localhost:35071
[rosmaster.master][INFO] 2023-04-22 07:54:48,433: +SERVICE [/rostopic_1623_1682121288235/get_loggers] /rostopic_1623_1682121288235 http://localhost:44163/
[rosmaster.master][INFO] 2023-04-22 07:54:48,440: +SERVICE [/rostopic_1623_1682121288235/set_logger_level] /rostopic_1623_1682121288235 http://localhost:44163/
[rosmaster.master][INFO] 2023-04-22 07:54:48,446: +PUB [/cmd_vel] /rostopic_1623_1682121288235 http://localhost:44163/
[rosmaster.master][INFO] 2023-04-22 07:54:48,497: publisherUpdate[/cmd_vel] -> http://localhost:44773/ ['http://localhost:44163/']
[rosmaster.master][INFO] 2023-04-22 07:54:48,504: publisherUpdate[/cmd_vel] -> http://localhost:44773/ ['http://localhost:44163/']: sec=0.01, result=[1, '', 0]
[rosmaster.master][INFO] 2023-04-22 07:54:51,460: -PUB [/cmd_vel] /rostopic_1623_1682121288235 http://localhost:44163/
[rosmaster.master][INFO] 2023-04-22 07:54:51,461: -SERVICE [/rostopic_1623_1682121288235/set_logger_level] /rostopic_1623_1682121288235 rosrpc://localhost:34689
[rosmaster.master][INFO] 2023-04-22 07:54:51,462: -SERVICE [/rostopic_1623_1682121288235/get_loggers] /rostopic_1623_1682121288235 rosrpc://localhost:34689
[rosmaster.master][INFO] 2023-04-22 07:54:51,504: publisherUpdate[/cmd_vel] -> http://localhost:44773/ []
[rosmaster.master][INFO] 2023-04-22 07:54:51,512: publisherUpdate[/cmd_vel] -> http://localhost:44773/ []: sec=0.01, result=[1, '', 0]
[rosmaster.master][INFO] 2023-04-22 07:55:00,246: +SERVICE [/rostopic_1641_1682121300047/get_loggers] /rostopic_1641_1682121300047 http://localhost:46715/
[rosmaster.master][INFO] 2023-04-22 07:55:00,252: +SERVICE [/rostopic_1641_1682121300047/set_logger_level] /rostopic_1641_1682121300047 http://localhost:46715/
[rosmaster.master][INFO] 2023-04-22 07:55:00,258: +PUB [/cmd_vel] /rostopic_1641_1682121300047 http://localhost:46715/
[rosmaster.master][INFO] 2023-04-22 07:55:00,321: publisherUpdate[/cmd_vel] -> http://localhost:44773/ ['http://localhost:46715/']
[rosmaster.master][INFO] 2023-04-22 07:55:00,328: publisherUpdate[/cmd_vel] -> http://localhost:44773/ ['http://localhost:46715/']: sec=0.01, result=[1, '', 0]
[rosmaster.master][INFO] 2023-04-22 07:55:03,272: -PUB [/cmd_vel] /rostopic_1641_1682121300047 http://localhost:46715/
[rosmaster.master][INFO] 2023-04-22 07:55:03,273: -SERVICE [/rostopic_1641_1682121300047/set_logger_level] /rostopic_1641_1682121300047 rosrpc://localhost:38297
[rosmaster.master][INFO] 2023-04-22 07:55:03,274: -SERVICE [/rostopic_1641_1682121300047/get_loggers] /rostopic_1641_1682121300047 rosrpc://localhost:38297
[rosmaster.master][INFO] 2023-04-22 07:55:03,329: publisherUpdate[/cmd_vel] -> http://localhost:44773/ []
[rosmaster.master][INFO] 2023-04-22 07:55:03,334: publisherUpdate[/cmd_vel] -> http://localhost:44773/ []: sec=0.01, result=[1, '', 0]
[rosmaster.master][INFO] 2023-04-22 07:55:28,730: -SUB [/sound] /turtlebot3_core http://localhost:44773/
[rosmaster.master][INFO] 2023-04-22 07:55:28,731: -SUB [/motor_power] /turtlebot3_core http://localhost:44773/
[rosmaster.master][INFO] 2023-04-22 07:55:28,732: -SUB [/cmd_vel] /turtlebot3_core http://localhost:44773/
[rosmaster.master][INFO] 2023-04-22 07:55:28,732: -SUB [/reset] /turtlebot3_core http://localhost:44773/
[rosmaster.master][INFO] 2023-04-22 07:55:28,733: -PUB [/firmware_version] /turtlebot3_core http://localhost:44773/
[rosmaster.master][INFO] 2023-04-22 07:55:28,733: -PUB [/battery_state] /turtlebot3_core http://localhost:44773/
[rosmaster.master][INFO] 2023-04-22 07:55:28,734: -PUB [/joint_states] /turtlebot3_core http://localhost:44773/
[rosmaster.master][INFO] 2023-04-22 07:55:28,734: -PUB [/rosout] /turtlebot3_core http://localhost:44773/
[rosmaster.master][INFO] 2023-04-22 07:55:28,734: -PUB [/tf] /turtlebot3_core http://localhost:44773/
[rosmaster.master][INFO] 2023-04-22 07:55:28,735: -PUB [/cmd_vel_rc100] /turtlebot3_core http://localhost:44773/
[rosmaster.master][INFO] 2023-04-22 07:55:28,735: -PUB [/imu] /turtlebot3_core http://localhost:44773/
[rosmaster.master][INFO] 2023-04-22 07:55:28,736: -PUB [/odom] /turtlebot3_core http://localhost:44773/
[rosmaster.master][INFO] 2023-04-22 07:55:28,736: -PUB [/diagnostics] /turtlebot3_core http://localhost:44773/
[rosmaster.master][INFO] 2023-04-22 07:55:28,737: -PUB [/sensor_state] /turtlebot3_core http://localhost:44773/
[rosmaster.master][INFO] 2023-04-22 07:55:28,737: -PUB [/magnetic_field] /turtlebot3_core http://localhost:44773/
[rosmaster.master][INFO] 2023-04-22 07:55:28,738: -SERVICE [/turtlebot3_core/set_logger_level] /turtlebot3_core rosrpc://localhost:38715
[rosmaster.master][INFO] 2023-04-22 07:55:28,738: -SERVICE [/turtlebot3_core/get_loggers] /turtlebot3_core rosrpc://localhost:38715
[rosmaster.master][INFO] 2023-04-22 07:55:28,770: publisherUpdate[/rosout] -> http://localhost:37597/ []
[rosmaster.master][INFO] 2023-04-22 07:55:28,773: publisherUpdate[/rosout] -> http://localhost:37597/ []: sec=0.00, result=[1, '', 0]
[rosmaster.master][INFO] 2023-04-22 07:55:37,590: -PUB [/rosout_agg] /rosout http://localhost:37597/
[rosmaster.master][INFO] 2023-04-22 07:55:37,596: -SUB [/rosout] /rosout http://localhost:37597/
[rosmaster.master][INFO] 2023-04-22 07:55:37,599: -SERVICE [/rosout/get_loggers] /rosout rosrpc://localhost:40585
[rosmaster.master][INFO] 2023-04-22 07:55:37,603: -SERVICE [/rosout/set_logger_level] /rosout rosrpc://localhost:40585
[rosmaster.main][INFO] 2023-04-22 07:55:37,773: keyboard interrupt, will exit
[rosmaster.main][INFO] 2023-04-22 07:55:37,773: stopping master...
[rospy.core][INFO] 2023-04-22 07:55:37,774: signal_shutdown [atexit]
