[rospy.client][INFO] 2023-04-22 07:47:23,026: init_node, name[/turtlebot3_core], pid[1509]
[xmlrpc][INFO] 2023-04-22 07:47:23,028: XML-RPC server binding to 127.0.0.1:0
[xmlrpc][INFO] 2023-04-22 07:47:23,029: Started XML-RPC server [http://localhost:44773/]
[rospy.init][INFO] 2023-04-22 07:47:23,030: ROS Slave URI: [http://localhost:44773/]
[rospy.impl.masterslave][INFO] 2023-04-22 07:47:23,030: _ready: http://localhost:44773/
[rospy.registration][INFO] 2023-04-22 07:47:23,033: Registering with master node http://localhost:11311
[xmlrpc][INFO] 2023-04-22 07:47:23,033: xml rpc node: starting XML-RPC server
[rospy.init][INFO] 2023-04-22 07:47:23,131: registered with master
[rospy.rosout][INFO] 2023-04-22 07:47:23,131: initializing /rosout core topic
[rospy.rosout][INFO] 2023-04-22 07:47:23,141: connected to core topic /rosout
[rospy.simtime][INFO] 2023-04-22 07:47:23,151: /use_sim_time is not set, will not subscribe to simulated time [/clock] topic
[rosout][INFO] 2023-04-22 07:47:23,164: ROS Serial Python Node
[rosout][INFO] 2023-04-22 07:47:23,190: Connecting to /dev/ttyACM0 at 115200 baud
[rospy.internal][INFO] 2023-04-22 07:47:23,351: topic[/rosout] adding connection to [/rosout], count 0
[rosout][INFO] 2023-04-22 07:47:25,335: Note: publish buffer size is 1024 bytes
[rosout][INFO] 2023-04-22 07:47:25,337: Setup publisher on sensor_state [turtlebot3_msgs/SensorState]
[rosout][INFO] 2023-04-22 07:47:25,356: Setup publisher on firmware_version [turtlebot3_msgs/VersionInfo]
[rosout][INFO] 2023-04-22 07:47:25,496: Setup publisher on imu [sensor_msgs/Imu]
[rosout][INFO] 2023-04-22 07:47:25,506: Setup publisher on cmd_vel_rc100 [geometry_msgs/Twist]
[rosout][INFO] 2023-04-22 07:47:25,555: Setup publisher on odom [nav_msgs/Odometry]
[rosout][INFO] 2023-04-22 07:47:25,566: Setup publisher on joint_states [sensor_msgs/JointState]
[rosout][INFO] 2023-04-22 07:47:25,576: Setup publisher on battery_state [sensor_msgs/BatteryState]
[rosout][INFO] 2023-04-22 07:47:25,586: Setup publisher on magnetic_field [sensor_msgs/MagneticField]
[rosout][INFO] 2023-04-22 07:47:28,866: Setup publisher on /tf [tf/tfMessage]
[rosout][INFO] 2023-04-22 07:47:28,881: Note: subscribe buffer size is 1024 bytes
[rosout][INFO] 2023-04-22 07:47:28,883: Setup subscriber on cmd_vel [geometry_msgs/Twist]
[rosout][INFO] 2023-04-22 07:47:28,899: Setup subscriber on sound [turtlebot3_msgs/Sound]
[rosout][INFO] 2023-04-22 07:47:28,915: Setup subscriber on motor_power [std_msgs/Bool]
[rosout][INFO] 2023-04-22 07:47:28,930: Setup subscriber on reset [std_msgs/Empty]
[rosout][INFO] 2023-04-22 07:47:28,944: Setup TF on Odometry [odom]
[rosout][INFO] 2023-04-22 07:47:28,947: Setup TF on IMU [imu_link]
[rosout][INFO] 2023-04-22 07:47:28,951: Setup TF on MagneticField [mag_link]
[rosout][INFO] 2023-04-22 07:47:28,954: Setup TF on JointState [base_link]
[rosout][INFO] 2023-04-22 07:47:28,962: --------------------------
[rosout][INFO] 2023-04-22 07:47:28,965: Connected to OpenCR board!
[rosout][INFO] 2023-04-22 07:47:28,969: This core(v1.2.2) is compatible with TB3 Burger
[rosout][INFO] 2023-04-22 07:47:28,973: --------------------------
[rosout][INFO] 2023-04-22 07:47:28,978: Start Calibration of Gyro
[rosout][INFO] 2023-04-22 07:47:31,507: Calibration End
[rospy.internal][INFO] 2023-04-22 07:54:48,560: topic[/cmd_vel] adding connection to [http://localhost:44163/], count 0
[rospy.internal][WARNING] 2023-04-22 07:54:51,475: Unknown error initiating TCP/IP socket to localhost:34689 (http://localhost:44163/): Traceback (most recent call last):
  File "/opt/ros/kinetic/lib/python2.7/dist-packages/rospy/impl/tcpros_base.py", line 557, in connect
    self.read_header()
  File "/opt/ros/kinetic/lib/python2.7/dist-packages/rospy/impl/tcpros_base.py", line 650, in read_header
    self._validate_header(read_ros_handshake_header(sock, self.read_buff, self.protocol.buff_size))
  File "/opt/ros/kinetic/lib/python2.7/dist-packages/rosgraph/network.py", line 364, in read_ros_handshake_header
    raise ROSHandshakeException("connection from sender terminated before handshake header received. %s bytes were received. Please check sender for additional details."%b.tell())
ROSHandshakeException: connection from sender terminated before handshake header received. 0 bytes were received. Please check sender for additional details.

[rospy.internal][INFO] 2023-04-22 07:54:51,476: topic[/cmd_vel] removing connection to http://localhost:44163/
[rospy.internal][INFO] 2023-04-22 07:55:00,344: topic[/cmd_vel] adding connection to [http://localhost:46715/], count 0
[rospy.internal][WARNING] 2023-04-22 07:55:03,281: Unknown error initiating TCP/IP socket to localhost:38297 (http://localhost:46715/): Traceback (most recent call last):
  File "/opt/ros/kinetic/lib/python2.7/dist-packages/rospy/impl/tcpros_base.py", line 557, in connect
    self.read_header()
  File "/opt/ros/kinetic/lib/python2.7/dist-packages/rospy/impl/tcpros_base.py", line 650, in read_header
    self._validate_header(read_ros_handshake_header(sock, self.read_buff, self.protocol.buff_size))
  File "/opt/ros/kinetic/lib/python2.7/dist-packages/rosgraph/network.py", line 364, in read_ros_handshake_header
    raise ROSHandshakeException("connection from sender terminated before handshake header received. %s bytes were received. Please check sender for additional details."%b.tell())
ROSHandshakeException: connection from sender terminated before handshake header received. 0 bytes were received. Please check sender for additional details.

[rospy.internal][INFO] 2023-04-22 07:55:03,282: topic[/cmd_vel] removing connection to http://localhost:46715/
[rosout][INFO] 2023-04-22 07:55:28,713: Send tx stop request
[rospy.core][INFO] 2023-04-22 07:55:28,715: signal_shutdown [atexit]
[rospy.internal][INFO] 2023-04-22 07:55:28,748: topic[/rosout] removing connection to /rosout
[rospy.impl.masterslave][INFO] 2023-04-22 07:55:28,749: atexit
